62
22	0
190	304	0	0	0	278820765
191	304	0	0	0	278820772
191	304	0	0	0	278820780
192	304	0	0	0	278820787
192	304	0	0	0	278820795
194	303	0	0	0	278820802
194	302	0	0	0	278820810
195	301	0	0	0	278820817
196	300	0	0	0	278820825
196	299	0	0	0	278820832
197	297	0	0	0	278820840
198	296	0	0	0	278820847
199	294	0	0	0	278820855
199	292	0	0	0	278820862
200	290	0	0	0	278820870
201	288	0	0	0	278820877
202	286	0	0	0	278820885
203	284	0	0	0	278820892
203	283	0	0	0	278820900
204	282	0	0	0	278820907
204	281	0	0	0	278820915
204	281	0	0	0	278820922
26	0
204	280	0	0	0	278820930
204	280	0	0	0	278820938
204	280	0	0	0	278820945
205	281	0	0	0	278820953
206	282	0	0	0	278820960
206	283	0	0	0	278820968
206	285	0	0	0	278820975
207	287	0	0	0	278820983
207	288	0	0	0	278820990
208	290	0	0	0	278820998
208	292	0	0	0	278821005
209	294	0	0	0	278821013
210	296	0	0	0	278821020
210	298	0	0	0	278821028
211	299	0	0	0	278821035
212	301	0	0	0	278821043
213	302	0	0	0	278821050
213	303	0	0	0	278821058
213	303	0	0	0	278821065
215	304	0	0	0	278821073
215	304	0	0	0	278821080
215	304	0	0	0	278821088
215	304	0	0	0	278821095
215	304	0	0	0	278821103
215	303	0	0	0	278821110
215	303	0	0	0	278821118
13	0
197	301	0	0	0	278821246
199	300	0	0	0	278821253
199	300	0	0	0	278821261
201	300	0	0	0	278821268
203	300	0	0	0	278821276
205	299	0	0	0	278821283
207	299	0	0	0	278821291
209	298	0	0	0	278821298
211	298	0	0	0	278821306
213	298	0	0	0	278821313
215	298	0	0	0	278821321
216	298	0	0	0	278821328
218	298	0	0	0	278821336
21	3
200	324	0	0	0	278827233
200	324	0	0	0	278827240
200	324	0	0	0	278827248
200	325	0	0	0	278827255
201	326	0	0	0	278827263
201	327	0	0	0	278827270
201	329	0	0	0	278827278
202	331	0	0	0	278827285
202	333	0	0	0	278827293
203	335	0	0	0	278827300
203	337	0	0	0	278827308
203	339	0	0	0	278827315
204	341	0	0	0	278827323
204	342	0	0	0	278827330
205	343	0	0	0	278827338
205	343	0	0	0	278827345
206	344	0	0	0	278827353
206	344	0	0	0	278827360
206	344	0	0	0	278827368
206	344	0	0	0	278827375
207	343	0	0	0	278827383
49	3
203	325	0	0	0	278827507
204	324	0	0	0	278827515
205	323	0	0	0	278827522
207	323	0	0	0	278827530
209	323	0	0	0	278827537
211	323	0	0	0	278827545
213	323	0	0	0	278827552
215	323	0	0	0	278827560
217	323	0	0	0	278827567
218	323	0	0	0	278827575
219	324	0	0	0	278827582
219	324	0	0	0	278827590
220	325	0	0	0	278827597
220	326	0	0	0	278827605
220	327	0	0	0	278827612
218	328	0	0	0	278827620
217	329	0	0	0	278827627
216	330	0	0	0	278827635
214	331	0	0	0	278827642
213	332	0	0	0	278827650
212	333	0	0	0	278827657
211	333	0	0	0	278827665
211	333	0	0	0	278827672
211	333	0	0	0	278827680
211	333	0	0	0	278827688
213	334	0	0	0	278827695
214	334	0	0	0	278827703
216	335	0	0	0	278827710
217	335	0	0	0	278827718
219	336	0	0	0	278827725
220	336	0	0	0	278827733
222	338	0	0	0	278827740
223	339	0	0	0	278827748
223	340	0	0	0	278827755
223	342	0	0	0	278827763
222	343	0	0	0	278827770
220	344	0	0	0	278827778
219	346	0	0	0	278827785
217	347	0	0	0	278827793
214	348	0	0	0	278827800
212	348	0	0	0	278827808
210	349	0	0	0	278827815
209	349	0	0	0	278827823
208	348	0	0	0	278827830
208	348	0	0	0	278827838
208	347	0	0	0	278827845
210	346	0	0	0	278827853
211	346	0	0	0	278827860
213	345	0	0	0	278827868
23	5
199	423	0	0	0	278831349
199	424	0	0	0	278831357
199	424	0	0	0	278831364
199	424	0	0	0	278831372
199	424	0	0	0	278831379
199	424	0	0	0	278831387
200	422	0	0	0	278831394
201	421	0	0	0	278831402
201	420	0	0	0	278831409
201	419	0	0	0	278831417
202	417	0	0	0	278831424
202	416	0	0	0	278831432
203	414	0	0	0	278831439
203	412	0	0	0	278831447
204	409	0	0	0	278831454
205	407	0	0	0	278831462
205	405	0	0	0	278831469
206	403	0	0	0	278831477
207	402	0	0	0	278831484
207	400	0	0	0	278831492
208	399	0	0	0	278831500
208	398	0	0	0	278831507
208	398	0	0	0	278831515
22	5
209	397	0	0	0	278831522
209	397	0	0	0	278831530
209	397	0	0	0	278831537
210	399	0	0	0	278831545
211	400	0	0	0	278831552
211	402	0	0	0	278831560
212	404	0	0	0	278831567
212	407	0	0	0	278831575
213	409	0	0	0	278831582
214	412	0	0	0	278831590
215	414	0	0	0	278831597
215	416	0	0	0	278831605
216	418	0	0	0	278831612
216	419	0	0	0	278831620
217	420	0	0	0	278831627
217	420	0	0	0	278831635
217	421	0	0	0	278831642
217	421	0	0	0	278831650
217	421	0	0	0	278831657
217	421	0	0	0	278831665
216	420	0	0	0	278831672
215	419	0	0	0	278831680
13	5
199	417	0	0	0	278831793
199	417	0	0	0	278831800
201	416	0	0	0	278831808
202	415	0	0	0	278831815
204	415	0	0	0	278831823
206	414	0	0	0	278831830
208	414	0	0	0	278831838
211	414	0	0	0	278831845
213	414	0	0	0	278831853
215	413	0	0	0	278831860
216	413	0	0	0	278831868
218	413	0	0	0	278831875
218	413	0	0	0	278831883
5	5
223	414	0	0	0	278832259
223	414	0	0	0	278832266
223	414	0	0	0	278832274
224	414	0	0	0	278832281
225	414	0	0	0	278832289
24	9
198	437	0	0	0	278832570
198	437	0	0	0	278832578
198	438	0	0	0	278832585
198	439	0	0	0	278832593
198	440	0	0	0	278832600
199	443	0	0	0	278832608
199	444	0	0	0	278832615
199	447	0	0	0	278832623
200	449	0	0	0	278832630
200	452	0	0	0	278832638
200	454	0	0	0	278832645
201	457	0	0	0	278832653
201	458	0	0	0	278832660
202	460	0	0	0	278832668
202	461	0	0	0	278832675
202	461	0	0	0	278832683
202	461	0	0	0	278832690
203	461	0	0	0	278832698
203	461	0	0	0	278832705
203	460	0	0	0	278832713
203	459	0	0	0	278832720
203	458	0	0	0	278832728
203	457	0	0	0	278832735
203	456	0	0	0	278832743
51	9
200	438	0	0	0	278832851
200	438	0	0	0	278832859
200	436	0	0	0	278832866
201	435	0	0	0	278832874
202	434	0	0	0	278832881
204	433	0	0	0	278832889
206	432	0	0	0	278832896
208	432	0	0	0	278832904
211	431	0	0	0	278832911
213	431	0	0	0	278832919
214	432	0	0	0	278832926
216	432	0	0	0	278832934
217	433	0	0	0	278832941
218	434	0	0	0	278832949
218	435	0	0	0	278832956
217	436	0	0	0	278832964
216	438	0	0	0	278832971
215	440	0	0	0	278832979
213	441	0	0	0	278832986
211	442	0	0	0	278832994
209	444	0	0	0	278833001
208	445	0	0	0	278833009
206	446	0	0	0	278833016
205	447	0	0	0	278833024
205	447	0	0	0	278833031
205	447	0	0	0	278833039
206	447	0	0	0	278833047
207	447	0	0	0	278833054
209	447	0	0	0	278833062
211	446	0	0	0	278833069
214	446	0	0	0	278833077
216	446	0	0	0	278833084
218	447	0	0	0	278833092
219	447	0	0	0	278833099
221	448	0	0	0	278833107
221	450	0	0	0	278833114
221	451	0	0	0	278833122
221	453	0	0	0	278833129
220	454	0	0	0	278833137
218	456	0	0	0	278833144
216	457	0	0	0	278833152
215	458	0	0	0	278833159
213	459	0	0	0	278833167
211	460	0	0	0	278833174
210	460	0	0	0	278833182
208	460	0	0	0	278833189
208	460	0	0	0	278833197
208	459	0	0	0	278833204
208	459	0	0	0	278833212
209	458	0	0	0	278833219
210	458	0	0	0	278833227
4	9
224	457	0	0	0	278833563
224	457	0	0	0	278833571
224	457	0	0	0	278833578
225	457	0	0	0	278833586
22	12
200	572	0	0	0	278835545
200	572	0	0	0	278835552
200	572	0	0	0	278835560
200	572	0	0	0	278835567
201	571	0	0	0	278835575
201	570	0	0	0	278835582
202	569	0	0	0	278835590
202	568	0	0	0	278835597
203	566	0	0	0	278835605
203	564	0	0	0	278835612
203	562	0	0	0	278835620
204	560	0	0	0	278835627
204	558	0	0	0	278835635
205	556	0	0	0	278835642
206	553	0	0	0	278835650
206	552	0	0	0	278835657
206	550	0	0	0	278835665
207	549	0	0	0	278835672
207	548	0	0	0	278835680
207	548	0	0	0	278835688
208	547	0	0	0	278835695
208	547	0	0	0	278835703
22	12
209	548	0	0	0	278835710
210	549	0	0	0	278835718
211	551	0	0	0	278835725
211	553	0	0	0	278835733
212	555	0	0	0	278835740
213	557	0	0	0	278835748
214	559	0	0	0	278835755
214	562	0	0	0	278835763
215	564	0	0	0	278835770
216	567	0	0	0	278835778
216	568	0	0	0	278835785
217	570	0	0	0	278835793
218	572	0	0	0	278835800
218	573	0	0	0	278835808
219	573	0	0	0	278835815
219	573	0	0	0	278835823
219	574	0	0	0	278835830
219	574	0	0	0	278835838
219	574	0	0	0	278835845
219	574	0	0	0	278835853
218	573	0	0	0	278835860
217	572	0	0	0	278835868
13	12
195	566	0	0	0	278835996
196	566	0	0	0	278836003
198	566	0	0	0	278836011
199	565	0	0	0	278836018
201	565	0	0	0	278836026
204	565	0	0	0	278836033
206	565	0	0	0	278836041
209	565	0	0	0	278836048
211	564	0	0	0	278836056
213	564	0	0	0	278836063
214	564	0	0	0	278836071
216	564	0	0	0	278836078
216	564	0	0	0	278836086
50	15
225	565	0	0	0	278836406
225	565	0	0	0	278836413
225	565	0	0	0	278836421
225	565	0	0	0	278836428
227	564	0	0	0	278836436
227	564	0	0	0	278836443
228	564	0	0	0	278836451
229	564	0	0	0	278836458
230	564	0	0	0	278836466
230	564	0	0	0	278836473
231	565	0	0	0	278836481
231	565	0	0	0	278836488
231	566	0	0	0	278836496
231	567	0	0	0	278836503
231	568	0	0	0	278836511
230	570	0	0	0	278836518
229	571	0	0	0	278836526
228	572	0	0	0	278836533
227	573	0	0	0	278836541
226	573	0	0	0	278836548
226	574	0	0	0	278836556
226	574	0	0	0	278836563
226	574	0	0	0	278836571
226	574	0	0	0	278836578
226	574	0	0	0	278836586
227	573	0	0	0	278836594
228	573	0	0	0	278836601
229	572	0	0	0	278836609
231	572	0	0	0	278836616
232	572	0	0	0	278836624
234	572	0	0	0	278836631
235	573	0	0	0	278836639
235	574	0	0	0	278836646
236	575	0	0	0	278836654
236	577	0	0	0	278836661
235	578	0	0	0	278836669
235	580	0	0	0	278836676
234	581	0	0	0	278836684
233	582	0	0	0	278836691
232	583	0	0	0	278836699
231	583	0	0	0	278836706
230	583	0	0	0	278836714
230	583	0	0	0	278836721
229	583	0	0	0	278836729
229	583	0	0	0	278836736
230	582	0	0	0	278836744
230	582	0	0	0	278836751
231	580	0	0	0	278836759
231	580	0	0	0	278836766
233	579	0	0	0	278836774
21	16
199	603	0	0	0	278837436
199	602	0	0	0	278837443
199	602	0	0	0	278837451
199	602	0	0	0	278837458
199	603	0	0	0	278837466
199	604	0	0	0	278837473
200	606	0	0	0	278837481
200	608	0	0	0	278837488
200	610	0	0	0	278837496
200	613	0	0	0	278837503
201	615	0	0	0	278837511
201	618	0	0	0	278837518
202	620	0	0	0	278837526
203	622	0	0	0	278837533
203	623	0	0	0	278837541
205	624	0	0	0	278837548
205	624	0	0	0	278837556
205	624	0	0	0	278837563
206	623	0	0	0	278837571
206	622	0	0	0	278837578
206	620	0	0	0	278837586
48	16
198	600	0	0	0	278837671
198	600	0	0	0	278837678
199	598	0	0	0	278837686
200	598	0	0	0	278837693
202	597	0	0	0	278837701
205	597	0	0	0	278837708
207	596	0	0	0	278837716
210	596	0	0	0	278837723
213	595	0	0	0	278837731
216	596	0	0	0	278837738
218	596	0	0	0	278837746
219	597	0	0	0	278837753
220	598	0	0	0	278837761
219	600	0	0	0	278837768
218	601	0	0	0	278837776
217	603	0	0	0	278837783
215	605	0	0	0	278837791
212	606	0	0	0	278837798
210	607	0	0	0	278837806
208	609	0	0	0	278837813
206	609	0	0	0	278837821
204	610	0	0	0	278837828
204	610	0	0	0	278837836
204	610	0	0	0	278837844
204	610	0	0	0	278837851
206	609	0	0	0	278837859
208	608	0	0	0	278837866
210	608	0	0	0	278837874
213	608	0	0	0	278837881
215	608	0	0	0	278837889
218	609	0	0	0	278837896
219	609	0	0	0	278837904
221	611	0	0	0	278837911
221	612	0	0	0	278837919
221	614	0	0	0	278837926
220	616	0	0	0	278837934
219	617	0	0	0	278837941
217	619	0	0	0	278837949
214	620	0	0	0	278837956
212	621	0	0	0	278837964
210	622	0	0	0	278837971
208	622	0	0	0	278837979
207	621	0	0	0	278837986
207	621	0	0	0	278837994
207	620	0	0	0	278838001
208	618	0	0	0	278838009
210	617	0	0	0	278838016
212	616	0	0	0	278838024
48	18
230	612	0	0	0	278838155
230	612	0	0	0	278838162
229	612	0	0	0	278838170
229	612	0	0	0	278838177
229	610	0	0	0	278838185
229	610	0	0	0	278838192
231	610	0	0	0	278838200
232	609	0	0	0	278838207
234	609	0	0	0	278838215
236	609	0	0	0	278838222
238	609	0	0	0	278838230
239	609	0	0	0	278838237
240	610	0	0	0	278838245
241	610	0	0	0	278838252
241	611	0	0	0	278838260
240	613	0	0	0	278838267
239	614	0	0	0	278838275
238	615	0	0	0	278838282
237	616	0	0	0	278838290
235	617	0	0	0	278838297
233	618	0	0	0	278838305
232	619	0	0	0	278838312
231	619	0	0	0	278838320
231	619	0	0	0	278838328
231	619	0	0	0	278838335
231	619	0	0	0	278838343
232	618	0	0	0	278838350
233	618	0	0	0	278838358
235	617	0	0	0	278838365
237	617	0	0	0	278838373
238	616	0	0	0	278838380
240	616	0	0	0	278838388
241	617	0	0	0	278838395
242	617	0	0	0	278838403
242	618	0	0	0	278838410
242	620	0	0	0	278838418
241	621	0	0	0	278838425
240	623	0	0	0	278838433
238	625	0	0	0	278838440
236	627	0	0	0	278838448
235	628	0	0	0	278838455
233	629	0	0	0	278838463
232	629	0	0	0	278838470
232	629	0	0	0	278838478
231	628	0	0	0	278838485
231	628	0	0	0	278838493
232	625	0	0	0	278838500
233	624	0	0	0	278838508
20	20
261	299	0	0	0	278839709
262	299	0	0	0	278839717
269	299	0	0	0	278839724
275	299	0	0	0	278839732
282	299	0	0	0	278839739
289	299	0	0	0	278839747
296	299	0	0	0	278839754
302	299	0	0	0	278839762
307	299	0	0	0	278839769
311	299	0	0	0	278839777
315	300	0	0	0	278839784
317	300	0	0	0	278839792
319	300	0	0	0	278839799
320	300	0	0	0	278839807
320	300	0	0	0	278839814
320	300	0	0	0	278839822
320	300	0	0	0	278839829
320	300	0	0	0	278839837
320	300	0	0	0	278839844
319	301	0	0	0	278839852
16	20
261	327	0	0	0	278840145
265	327	0	0	0	278840153
272	327	0	0	0	278840160
279	327	0	0	0	278840168
286	326	0	0	0	278840175
294	326	0	0	0	278840183
300	326	0	0	0	278840190
307	326	0	0	0	278840198
312	327	0	0	0	278840205
316	327	0	0	0	278840213
319	327	0	0	0	278840220
321	327	0	0	0	278840228
322	328	0	0	0	278840235
323	328	0	0	0	278840243
323	328	0	0	0	278840250
323	328	0	0	0	278840258
23	22
265	421	0	0	0	278840796
266	421	0	0	0	278840803
269	421	0	0	0	278840811
272	421	0	0	0	278840818
277	420	0	0	0	278840826
283	420	0	0	0	278840833
289	419	0	0	0	278840841
295	419	0	0	0	278840848
302	419	0	0	0	278840856
308	419	0	0	0	278840863
314	419	0	0	0	278840871
319	419	0	0	0	278840878
323	419	0	0	0	278840886
325	419	0	0	0	278840893
327	419	0	0	0	278840901
328	419	0	0	0	278840908
328	419	0	0	0	278840916
328	419	0	0	0	278840923
329	420	0	0	0	278840931
329	420	0	0	0	278840938
328	421	0	0	0	278840946
328	421	0	0	0	278840953
327	421	0	0	0	278840961
20	22
265	450	0	0	0	278841271
268	450	0	0	0	278841279
274	449	0	0	0	278841286
279	449	0	0	0	278841294
286	449	0	0	0	278841301
292	449	0	0	0	278841309
298	448	0	0	0	278841316
304	448	0	0	0	278841324
310	449	0	0	0	278841331
316	449	0	0	0	278841339
320	449	0	0	0	278841346
324	449	0	0	0	278841354
327	449	0	0	0	278841361
329	449	0	0	0	278841369
331	450	0	0	0	278841376
331	450	0	0	0	278841384
332	450	0	0	0	278841391
332	450	0	0	0	278841399
332	450	0	0	0	278841406
332	450	0	0	0	278841414
27	24
291	575	0	0	0	278841890
290	575	0	0	0	278841898
290	575	0	0	0	278841906
291	575	0	0	0	278841913
292	575	0	0	0	278841921
294	574	0	0	0	278841928
297	574	0	0	0	278841936
301	574	0	0	0	278841943
304	574	0	0	0	278841951
309	573	0	0	0	278841958
314	573	0	0	0	278841966
319	573	0	0	0	278841973
325	573	0	0	0	278841981
330	573	0	0	0	278841988
334	573	0	0	0	278841996
338	573	0	0	0	278842003
342	573	0	0	0	278842011
344	574	0	0	0	278842018
346	574	0	0	0	278842026
347	574	0	0	0	278842033
348	574	0	0	0	278842041
348	574	0	0	0	278842048
348	574	0	0	0	278842056
348	574	0	0	0	278842063
348	574	0	0	0	278842071
348	574	0	0	0	278842078
348	574	0	0	0	278842086
33	24
291	598	0	0	0	278842470
292	598	0	0	0	278842478
294	598	0	0	0	278842485
297	597	0	0	0	278842493
300	597	0	0	0	278842500
304	597	0	0	0	278842508
309	596	0	0	0	278842515
313	596	0	0	0	278842523
318	596	0	0	0	278842531
323	596	0	0	0	278842538
328	596	0	0	0	278842546
331	596	0	0	0	278842553
335	596	0	0	0	278842561
337	596	0	0	0	278842568
339	597	0	0	0	278842576
340	597	0	0	0	278842583
341	597	0	0	0	278842591
341	597	0	0	0	278842598
341	597	0	0	0	278842606
341	597	0	0	0	278842613
341	597	0	0	0	278842621
341	597	0	0	0	278842628
341	597	0	0	0	278842636
341	597	0	0	0	278842643
341	597	0	0	0	278842651
341	597	0	0	0	278842658
341	597	0	0	0	278842666
341	597	0	0	0	278842673
342	597	0	0	0	278842681
342	597	0	0	0	278842688
342	597	0	0	0	278842696
343	596	0	0	0	278842703
343	596	0	0	0	278842711
34	20
311	285	0	0	0	278938323
311	285	0	0	0	278938330
311	285	0	0	0	278938338
311	285	0	0	0	278938345
311	285	0	0	0	278938353
311	285	0	0	0	278938360
312	285	0	0	0	278938368
313	285	0	0	0	278938375
314	286	0	0	0	278938383
316	286	0	0	0	278938391
318	288	0	0	0	278938398
320	290	0	0	0	278938406
322	293	0	0	0	278938413
324	296	0	0	0	278938421
325	301	0	0	0	278938428
326	305	0	0	0	278938436
327	311	0	0	0	278938443
327	316	0	0	0	278938451
326	321	0	0	0	278938458
326	326	0	0	0	278938466
324	331	0	0	0	278938473
323	335	0	0	0	278938481
321	339	0	0	0	278938488
319	341	0	0	0	278938496
318	344	0	0	0	278938503
316	345	0	0	0	278938511
315	346	0	0	0	278938518
314	347	0	0	0	278938526
314	347	0	0	0	278938533
316	346	0	0	0	278938541
317	345	0	0	0	278938548
319	344	0	0	0	278938556
320	342	0	0	0	278938563
323	339	0	0	0	278938571
33	34
331	286	0	0	0	278939033
331	286	0	0	0	278939041
331	285	0	0	0	278939048
331	285	0	0	0	278939056
332	284	0	0	0	278939063
333	285	0	0	0	278939071
336	285	0	0	0	278939078
338	286	0	0	0	278939086
340	287	0	0	0	278939094
343	289	0	0	0	278939101
345	291	0	0	0	278939109
347	294	0	0	0	278939116
349	298	0	0	0	278939124
350	302	0	0	0	278939131
350	307	0	0	0	278939139
350	312	0	0	0	278939146
349	318	0	0	0	278939154
348	323	0	0	0	278939161
347	328	0	0	0	278939169
345	332	0	0	0	278939176
344	336	0	0	0	278939184
342	339	0	0	0	278939191
341	341	0	0	0	278939199
340	343	0	0	0	278939206
339	344	0	0	0	278939214
339	344	0	0	0	278939221
339	344	0	0	0	278939229
339	343	0	0	0	278939236
340	341	0	0	0	278939244
341	340	0	0	0	278939251
342	338	0	0	0	278939259
343	336	0	0	0	278939266
344	334	0	0	0	278939274
28	34
339	284	0	0	0	278939508
339	284	0	0	0	278939515
340	283	0	0	0	278939523
342	282	0	0	0	278939531
344	282	0	0	0	278939538
348	281	0	0	0	278939546
352	281	0	0	0	278939553
357	281	0	0	0	278939561
363	282	0	0	0	278939568
369	282	0	0	0	278939576
375	284	0	0	0	278939583
381	286	0	0	0	278939591
386	289	0	0	0	278939598
392	292	0	0	0	278939606
396	295	0	0	0	278939613
401	298	0	0	0	278939621
404	301	0	0	0	278939628
407	303	0	0	0	278939636
410	306	0	0	0	278939643
411	307	0	0	0	278939651
413	308	0	0	0	278939658
413	309	0	0	0	278939666
413	309	0	0	0	278939673
413	309	0	0	0	278939681
412	308	0	0	0	278939688
411	307	0	0	0	278939696
410	306	0	0	0	278939703
409	306	0	0	0	278939711
31	34
343	338	0	0	0	278940001
343	338	0	0	0	278940009
344	339	0	0	0	278940016
345	340	0	0	0	278940024
346	341	0	0	0	278940031
347	342	0	0	0	278940039
350	342	0	0	0	278940047
353	342	0	0	0	278940054
357	342	0	0	0	278940062
362	342	0	0	0	278940069
367	340	0	0	0	278940077
373	339	0	0	0	278940084
379	336	0	0	0	278940092
385	333	0	0	0	278940099
391	330	0	0	0	278940107
396	327	0	0	0	278940114
400	323	0	0	0	278940122
404	320	0	0	0	278940129
406	316	0	0	0	278940137
408	314	0	0	0	278940144
409	311	0	0	0	278940152
409	309	0	0	0	278940159
409	307	0	0	0	278940167
409	306	0	0	0	278940174
409	306	0	0	0	278940182
409	305	0	0	0	278940189
409	305	0	0	0	278940197
409	305	0	0	0	278940204
409	306	0	0	0	278940212
409	306	0	0	0	278940219
410	307	0	0	0	278940227
33	22
319	403	0	0	0	278940767
318	403	0	0	0	278940775
318	402	0	0	0	278940782
318	402	0	0	0	278940790
318	402	0	0	0	278940797
319	402	0	0	0	278940805
320	403	0	0	0	278940812
321	404	0	0	0	278940820
323	405	0	0	0	278940828
325	407	0	0	0	278940835
327	410	0	0	0	278940843
329	414	0	0	0	278940850
330	418	0	0	0	278940858
332	423	0	0	0	278940865
332	428	0	0	0	278940873
333	434	0	0	0	278940880
332	439	0	0	0	278940888
331	445	0	0	0	278940895
330	450	0	0	0	278940903
328	454	0	0	0	278940910
326	458	0	0	0	278940918
324	462	0	0	0	278940925
322	464	0	0	0	278940933
321	466	0	0	0	278940940
320	467	0	0	0	278940948
320	467	0	0	0	278940955
320	467	0	0	0	278940963
320	467	0	0	0	278940970
321	465	0	0	0	278940978
322	464	0	0	0	278940985
323	462	0	0	0	278940993
325	460	0	0	0	278941000
327	458	0	0	0	278941008
31	34
341	402	0	0	0	278941235
341	402	0	0	0	278941243
341	402	0	0	0	278941250
341	401	0	0	0	278941258
342	401	0	0	0	278941265
344	401	0	0	0	278941273
346	402	0	0	0	278941281
348	404	0	0	0	278941288
351	406	0	0	0	278941296
353	409	0	0	0	278941303
355	413	0	0	0	278941311
357	418	0	0	0	278941318
357	423	0	0	0	278941326
357	429	0	0	0	278941333
357	434	0	0	0	278941341
356	440	0	0	0	278941348
355	446	0	0	0	278941356
353	451	0	0	0	278941363
351	456	0	0	0	278941371
350	459	0	0	0	278941378
349	462	0	0	0	278941386
347	464	0	0	0	278941393
347	466	0	0	0	278941401
347	466	0	0	0	278941408
347	466	0	0	0	278941416
347	464	0	0	0	278941423
347	463	0	0	0	278941431
348	461	0	0	0	278941438
349	458	0	0	0	278941446
350	456	0	0	0	278941453
351	453	0	0	0	278941461
29	34
346	404	0	0	0	278941766
346	404	0	0	0	278941774
346	404	0	0	0	278941781
348	402	0	0	0	278941789
350	402	0	0	0	278941797
353	402	0	0	0	278941804
356	401	0	0	0	278941812
361	401	0	0	0	278941819
366	402	0	0	0	278941827
371	403	0	0	0	278941834
376	404	0	0	0	278941842
380	405	0	0	0	278941849
385	407	0	0	0	278941857
389	410	0	0	0	278941864
393	412	0	0	0	278941872
396	415	0	0	0	278941879
398	418	0	0	0	278941887
400	420	0	0	0	278941894
402	422	0	0	0	278941902
403	423	0	0	0	278941909
404	424	0	0	0	278941917
404	424	0	0	0	278941924
404	424	0	0	0	278941932
404	424	0	0	0	278941939
404	424	0	0	0	278941947
404	423	0	0	0	278941954
404	423	0	0	0	278941962
402	422	0	0	0	278941969
402	422	0	0	0	278941977
28	34
335	469	0	0	0	278942227
335	471	0	0	0	278942234
336	471	0	0	0	278942242
338	472	0	0	0	278942250
341	472	0	0	0	278942257
345	471	0	0	0	278942265
349	471	0	0	0	278942272
354	469	0	0	0	278942280
360	467	0	0	0	278942287
366	465	0	0	0	278942295
372	462	0	0	0	278942302
378	458	0	0	0	278942310
383	455	0	0	0	278942317
388	451	0	0	0	278942325
393	446	0	0	0	278942332
396	442	0	0	0	278942340
398	438	0	0	0	278942347
400	434	0	0	0	278942355
402	431	0	0	0	278942362
403	428	0	0	0	278942370
404	426	0	0	0	278942377
404	425	0	0	0	278942385
404	424	0	0	0	278942392
404	424	0	0	0	278942400
404	424	0	0	0	278942407
404	424	0	0	0	278942415
403	425	0	0	0	278942422
403	426	0	0	0	278942430
30	24
329	556	0	0	0	278942868
329	556	0	0	0	278942875
330	556	0	0	0	278942883
331	556	0	0	0	278942890
333	557	0	0	0	278942898
336	557	0	0	0	278942906
338	558	0	0	0	278942913
341	560	0	0	0	278942921
344	562	0	0	0	278942928
346	565	0	0	0	278942936
348	569	0	0	0	278942943
350	573	0	0	0	278942951
350	578	0	0	0	278942958
351	583	0	0	0	278942966
350	589	0	0	0	278942973
349	594	0	0	0	278942981
347	599	0	0	0	278942988
346	603	0	0	0	278942996
345	606	0	0	0	278943003
344	609	0	0	0	278943011
343	611	0	0	0	278943018
342	612	0	0	0	278943026
342	612	0	0	0	278943033
342	612	0	0	0	278943041
342	612	0	0	0	278943048
343	610	0	0	0	278943056
343	609	0	0	0	278943063
344	607	0	0	0	278943071
345	605	0	0	0	278943078
346	603	0	0	0	278943086
30	34
352	552	0	0	0	278943353
352	552	0	0	0	278943360
352	552	0	0	0	278943368
353	552	0	0	0	278943375
354	553	0	0	0	278943383
356	553	0	0	0	278943391
359	555	0	0	0	278943398
362	557	0	0	0	278943406
364	559	0	0	0	278943413
367	563	0	0	0	278943421
370	567	0	0	0	278943428
372	572	0	0	0	278943436
373	577	0	0	0	278943443
374	582	0	0	0	278943451
374	588	0	0	0	278943458
374	593	0	0	0	278943466
373	598	0	0	0	278943473
372	602	0	0	0	278943481
371	605	0	0	0	278943488
370	608	0	0	0	278943496
369	609	0	0	0	278943503
369	611	0	0	0	278943511
369	611	0	0	0	278943518
369	611	0	0	0	278943526
369	611	0	0	0	278943533
369	609	0	0	0	278943541
369	608	0	0	0	278943548
370	606	0	0	0	278943556
371	604	0	0	0	278943563
372	601	0	0	0	278943571
28	34
361	554	0	0	0	278943805
361	553	0	0	0	278943812
361	553	0	0	0	278943820
363	552	0	0	0	278943828
366	551	0	0	0	278943835
369	551	0	0	0	278943843
373	549	0	0	0	278943850
378	549	0	0	0	278943858
383	549	0	0	0	278943865
388	549	0	0	0	278943873
394	549	0	0	0	278943880
398	551	0	0	0	278943888
403	552	0	0	0	278943895
406	555	0	0	0	278943903
409	557	0	0	0	278943910
410	560	0	0	0	278943918
412	562	0	0	0	278943925
413	564	0	0	0	278943933
414	566	0	0	0	278943940
414	567	0	0	0	278943948
414	567	0	0	0	278943955
415	568	0	0	0	278943963
415	568	0	0	0	278943970
415	567	0	0	0	278943978
416	566	0	0	0	278943985
415	565	0	0	0	278943993
415	564	0	0	0	278944000
415	564	0	0	0	278944008
32	34
366	612	0	0	0	278944244
366	612	0	0	0	278944251
367	614	0	0	0	278944259
368	614	0	0	0	278944266
370	614	0	0	0	278944274
373	615	0	0	0	278944281
376	614	0	0	0	278944289
380	613	0	0	0	278944297
385	612	0	0	0	278944304
389	610	0	0	0	278944312
393	607	0	0	0	278944319
398	604	0	0	0	278944327
402	600	0	0	0	278944334
405	596	0	0	0	278944342
408	592	0	0	0	278944349
411	587	0	0	0	278944357
413	583	0	0	0	278944364
414	580	0	0	0	278944372
416	576	0	0	0	278944379
417	573	0	0	0	278944387
417	571	0	0	0	278944394
418	569	0	0	0	278944402
418	567	0	0	0	278944409
418	566	0	0	0	278944417
418	565	0	0	0	278944424
418	565	0	0	0	278944432
418	565	0	0	0	278944439
418	564	0	0	0	278944447
418	564	0	0	0	278944454
417	565	0	0	0	278944462
417	565	0	0	0	278944469
417	566	0	0	0	278944477
34	34
407	423	0	0	0	278946666
406	422	0	0	0	278946673
406	422	0	0	0	278946681
406	422	0	0	0	278946688
406	422	0	0	0	278946696
407	422	0	0	0	278946703
408	423	0	0	0	278946711
410	423	0	0	0	278946718
412	423	0	0	0	278946726
416	423	0	0	0	278946734
420	423	0	0	0	278946741
425	422	0	0	0	278946749
432	422	0	0	0	278946756
439	422	0	0	0	278946764
447	422	0	0	0	278946771
455	422	0	0	0	278946779
463	422	0	0	0	278946786
471	422	0	0	0	278946794
479	422	0	0	0	278946801
486	422	0	0	0	278946809
492	422	0	0	0	278946816
497	423	0	0	0	278946824
501	423	0	0	0	278946831
504	423	0	0	0	278946839
507	424	0	0	0	278946846
508	424	0	0	0	278946854
509	424	0	0	0	278946861
509	424	0	0	0	278946869
511	423	0	0	0	278946876
511	423	0	0	0	278946884
511	423	0	0	0	278946891
510	422	0	0	0	278946899
509	421	0	0	0	278946906
509	420	0	0	0	278946914
43	34
417	567	0	0	0	278989925
417	567	0	0	0	278989933
417	567	0	0	0	278989940
417	567	0	0	0	278989948
417	567	0	0	0	278989955
417	567	0	0	0	278989963
418	568	0	0	0	278989970
419	569	0	0	0	278989978
420	569	0	0	0	278989985
422	570	0	0	0	278989993
424	570	0	0	0	278990000
426	571	0	0	0	278990008
428	571	0	0	0	278990015
431	572	0	0	0	278990023
434	572	0	0	0	278990031
438	573	0	0	0	278990038
441	573	0	0	0	278990046
445	573	0	0	0	278990053
450	573	0	0	0	278990061
454	573	0	0	0	278990068
458	572	0	0	0	278990076
463	572	0	0	0	278990083
468	571	0	0	0	278990091
472	571	0	0	0	278990098
477	570	0	0	0	278990106
482	569	0	0	0	278990113
486	569	0	0	0	278990121
490	568	0	0	0	278990128
494	568	0	0	0	278990136
498	568	0	0	0	278990143
501	567	0	0	0	278990151
504	567	0	0	0	278990158
507	567	0	0	0	278990166
509	567	0	0	0	278990173
511	568	0	0	0	278990181
513	568	0	0	0	278990188
514	568	0	0	0	278990196
516	568	0	0	0	278990203
517	568	0	0	0	278990211
518	568	0	0	0	278990218
519	568	0	0	0	278990226
519	568	0	0	0	278990234
520	568	0	0	0	278990241
23	34
520	568	0	0	0	278990249
520	568	0	0	0	278990256
520	567	0	0	0	278990264
520	566	0	0	0	278990271
520	565	0	0	0	278990279
520	564	0	0	0	278990286
520	562	0	0	0	278990294
520	560	0	0	0	278990301
520	558	0	0	0	278990309
520	556	0	0	0	278990316
519	553	0	0	0	278990324
519	549	0	0	0	278990331
519	546	0	0	0	278990339
519	542	0	0	0	278990346
518	538	0	0	0	278990354
518	534	0	0	0	278990361
517	530	0	0	0	278990369
517	526	0	0	0	278990376
516	522	0	0	0	278990384
515	518	0	0	0	278990391
514	513	0	0	0	278990399
514	509	0	0	0	278990406
513	506	0	0	0	278990414
23	34
504	426	0	0	0	278990749
503	425	0	0	0	278990756
503	425	0	0	0	278990764
504	425	0	0	0	278990771
505	424	0	0	0	278990779
507	424	0	0	0	278990786
509	424	0	0	0	278990794
512	423	0	0	0	278990801
515	422	0	0	0	278990809
519	422	0	0	0	278990816
524	421	0	0	0	278990824
528	420	0	0	0	278990831
532	420	0	0	0	278990839
536	419	0	0	0	278990846
540	419	0	0	0	278990854
544	419	0	0	0	278990861
547	419	0	0	0	278990869
549	419	0	0	0	278990876
551	419	0	0	0	278990884
552	419	0	0	0	278990891
552	419	0	0	0	278990899
553	418	0	0	0	278990906
553	418	0	0	0	278990914
21	34
414	309	0	0	0	278994921
415	309	0	0	0	278994928
417	308	0	0	0	278994936
421	308	0	0	0	278994943
424	307	0	0	0	278994951
429	306	0	0	0	278994958
434	305	0	0	0	278994966
440	304	0	0	0	278994973
446	303	0	0	0	278994981
452	302	0	0	0	278994988
458	302	0	0	0	278994996
465	301	0	0	0	278995003
471	301	0	0	0	278995011
476	301	0	0	0	278995018
481	301	0	0	0	278995026
485	301	0	0	0	278995033
488	302	0	0	0	278995041
491	302	0	0	0	278995048
494	303	0	0	0	278995056
495	303	0	0	0	278995063
496	304	0	0	0	278995071
28	34
497	305	0	0	0	278995078
498	306	0	0	0	278995086
498	307	0	0	0	278995094
499	308	0	0	0	278995101
499	310	0	0	0	278995109
500	313	0	0	0	278995116
500	316	0	0	0	278995124
500	319	0	0	0	278995131
501	323	0	0	0	278995139
501	328	0	0	0	278995146
502	333	0	0	0	278995154
502	339	0	0	0	278995161
503	344	0	0	0	278995169
503	350	0	0	0	278995176
504	356	0	0	0	278995184
505	362	0	0	0	278995191
505	367	0	0	0	278995199
506	372	0	0	0	278995206
507	376	0	0	0	278995214
508	380	0	0	0	278995221
509	383	0	0	0	278995229
510	385	0	0	0	278995236
511	387	0	0	0	278995244
512	389	0	0	0	278995251
513	390	0	0	0	278995259
513	390	0	0	0	278995266
514	391	0	0	0	278995274
514	391	0	0	0	278995281
26	34
514	391	0	0	0	278995289
514	391	0	0	0	278995297
514	391	0	0	0	278995304
515	391	0	0	0	278995312
515	391	0	0	0	278995319
516	391	0	0	0	278995327
517	390	0	0	0	278995334
519	390	0	0	0	278995342
521	390	0	0	0	278995349
525	390	0	0	0	278995357
529	390	0	0	0	278995364
534	390	0	0	0	278995372
539	390	0	0	0	278995379
544	390	0	0	0	278995387
550	390	0	0	0	278995394
556	390	0	0	0	278995402
561	390	0	0	0	278995409
565	390	0	0	0	278995417
569	390	0	0	0	278995424
571	390	0	0	0	278995432
573	390	0	0	0	278995439
574	391	0	0	0	278995447
574	392	0	0	0	278995454
573	392	0	0	0	278995462
572	392	0	0	0	278995469
570	392	0	0	0	278995477
47	34
547	423	0	0	0	279074584
547	423	0	0	0	279074592
547	423	0	0	0	279074599
547	423	0	0	0	279074607
547	423	0	0	0	279074614
548	423	0	0	0	279074622
548	423	0	0	0	279074629
549	423	0	0	0	279074637
549	423	0	0	0	279074644
550	423	0	0	0	279074652
551	423	0	0	0	279074659
551	423	0	0	0	279074667
553	423	0	0	0	279074674
553	423	0	0	0	279074682
554	423	0	0	0	279074689
555	423	0	0	0	279074697
556	423	0	0	0	279074704
557	423	0	0	0	279074712
558	423	0	0	0	279074719
559	423	0	0	0	279074727
560	423	0	0	0	279074734
561	423	0	0	0	279074742
562	422	0	0	0	279074750
563	422	0	0	0	279074757
564	422	0	0	0	279074765
565	422	0	0	0	279074772
566	422	0	0	0	279074780
568	422	0	0	0	279074787
569	422	0	0	0	279074795
570	422	0	0	0	279074802
572	422	0	0	0	279074810
573	422	0	0	0	279074817
574	422	0	0	0	279074825
575	422	0	0	0	279074832
576	422	0	0	0	279074840
576	422	0	0	0	279074847
577	422	0	0	0	279074855
577	422	0	0	0	279074862
577	422	0	0	0	279074870
578	422	0	0	0	279074877
578	422	0	0	0	279074885
578	422	0	0	0	279074892
579	422	0	0	0	279074900
579	422	0	0	0	279074907
579	422	0	0	0	279074915
579	422	0	0	0	279074922
579	422	0	0	0	279074930
2	34
577	449	0	0	0	279076344
577	449	0	0	0	279076352
32	34
573	380	0	0	0	279076119
573	380	0	0	0	279076126
573	379	0	0	0	279076134
573	379	0	0	0	279076141
573	377	0	0	0	279076149
573	377	0	0	0	279076156
573	377	0	0	0	279076164
573	377	0	0	0	279076172
573	377	0	0	0	279076179
573	377	0	0	0	279076187
573	379	0	0	0	279076194
573	380	0	0	0	279076202
573	382	0	0	0	279076209
573	384	0	0	0	279076217
573	387	0	0	0	279076224
573	389	0	0	0	279076232
573	392	0	0	0	279076239
573	395	0	0	0	279076247
573	399	0	0	0	279076254
573	402	0	0	0	279076262
573	406	0	0	0	279076269
573	410	0	0	0	279076277
573	414	0	0	0	279076284
573	418	0	0	0	279076292
573	422	0	0	0	279076299
573	426	0	0	0	279076307
574	430	0	0	0	279076314
574	434	0	0	0	279076322
575	438	0	0	0	279076329
576	442	0	0	0	279076337
576	446	0	0	0	279076344
576	447	0	0	0	279076352
44	34
572	377	0	0	0	279076701
572	377	0	0	0	279076708
572	377	0	0	0	279076716
572	377	0	0	0	279076723
573	377	0	0	0	279076731
573	377	0	0	0	279076738
574	377	0	0	0	279076746
576	378	0	0	0	279076753
578	379	0	0	0	279076761
580	380	0	0	0	279076768
583	381	0	0	0	279076776
587	383	0	0	0	279076783
590	385	0	0	0	279076791
594	387	0	0	0	279076798
598	389	0	0	0	279076806
601	391	0	0	0	279076813
605	393	0	0	0	279076821
608	396	0	0	0	279076828
611	398	0	0	0	279076836
613	401	0	0	0	279076844
615	404	0	0	0	279076851
616	407	0	0	0	279076859
618	410	0	0	0	279076866
619	413	0	0	0	279076874
619	416	0	0	0	279076881
619	419	0	0	0	279076889
619	422	0	0	0	279076896
619	425	0	0	0	279076904
618	429	0	0	0	279076911
617	432	0	0	0	279076919
615	435	0	0	0	279076926
613	438	0	0	0	279076934
611	442	0	0	0	279076941
608	445	0	0	0	279076949
606	448	0	0	0	279076956
603	451	0	0	0	279076964
600	454	0	0	0	279076971
597	456	0	0	0	279076979
593	459	0	0	0	279076986
590	462	0	0	0	279076994
587	464	0	0	0	279077001
584	466	0	0	0	279077009
582	467	0	0	0	279077016
581	468	0	0	0	279077024
29	34
623	416	0	0	0	279082250
623	416	0	0	0	279082258
623	416	0	0	0	279082265
623	416	0	0	0	279082273
623	416	0	0	0	279082281
623	415	0	0	0	279082288
623	415	0	0	0	279082296
625	415	0	0	0	279082303
625	415	0	0	0	279082311
627	415	0	0	0	279082318
629	415	0	0	0	279082326
632	415	0	0	0	279082333
635	415	0	0	0	279082341
638	415	0	0	0	279082348
641	415	0	0	0	279082356
645	415	0	0	0	279082363
648	415	0	0	0	279082371
652	415	0	0	0	279082378
654	415	0	0	0	279082386
656	415	0	0	0	279082393
658	415	0	0	0	279082401
660	416	0	0	0	279082408
661	416	0	0	0	279082416
661	416	0	0	0	279082423
661	416	0	0	0	279082431
661	416	0	0	0	279082438
661	416	0	0	0	279082446
661	416	0	0	0	279082453
660	416	0	0	0	279082461
25	49
687	392	0	0	0	279083469
686	391	0	0	0	279083476
686	391	0	0	0	279083484
686	391	0	0	0	279083491
686	391	0	0	0	279083499
686	391	0	0	0	279083506
688	392	0	0	0	279083514
689	394	0	0	0	279083521
690	395	0	0	0	279083529
692	397	0	0	0	279083536
694	399	0	0	0	279083544
695	402	0	0	0	279083551
698	404	0	0	0	279083559
700	406	0	0	0	279083566
701	408	0	0	0	279083574
703	409	0	0	0	279083581
704	410	0	0	0	279083589
705	411	0	0	0	279083596
705	411	0	0	0	279083604
707	411	0	0	0	279083611
708	410	0	0	0	279083619
708	410	0	0	0	279083626
709	408	0	0	0	279083634
710	407	0	0	0	279083641
712	405	0	0	0	279083649
15	49
724	398	0	0	0	279083738
723	398	0	0	0	279083746
721	399	0	0	0	279083753
719	400	0	0	0	279083761
717	401	0	0	0	279083768
715	403	0	0	0	279083776
713	404	0	0	0	279083783
710	406	0	0	0	279083791
709	407	0	0	0	279083798
707	408	0	0	0	279083806
706	408	0	0	0	279083813
705	409	0	0	0	279083821
705	409	0	0	0	279083828
704	410	0	0	0	279083836
704	410	0	0	0	279083843
26	49
704	410	0	0	0	279083851
704	410	0	0	0	279083859
704	411	0	0	0	279083866
704	411	0	0	0	279083874
705	412	0	0	0	279083881
706	413	0	0	0	279083889
706	414	0	0	0	279083896
707	416	0	0	0	279083904
707	418	0	0	0	279083911
707	420	0	0	0	279083919
707	423	0	0	0	279083926
707	426	0	0	0	279083934
707	430	0	0	0	279083941
706	433	0	0	0	279083949
706	436	0	0	0	279083956
706	439	0	0	0	279083964
706	441	0	0	0	279083971
706	442	0	0	0	279083979
706	443	0	0	0	279083986
706	443	0	0	0	279083994
706	443	0	0	0	279084001
706	442	0	0	0	279084009
706	442	0	0	0	279084016
707	440	0	0	0	279084024
707	439	0	0	0	279084031
708	437	0	0	0	279084039
36	34
577	443	0	0	0	279320958
577	443	0	0	0	279320966
577	443	0	0	0	279320973
577	443	0	0	0	279320981
577	443	0	0	0	279320988
577	443	0	0	0	279320996
577	443	0	0	0	279321003
577	442	0	0	0	279321011
577	442	0	0	0	279321018
577	442	0	0	0	279321026
577	442	0	0	0	279321033
577	442	0	0	0	279321041
576	443	0	0	0	279321048
576	443	0	0	0	279321056
576	444	0	0	0	279321063
576	444	0	0	0	279321071
576	445	0	0	0	279321078
576	446	0	0	0	279321086
576	446	0	0	0	279321094
576	447	0	0	0	279321101
576	449	0	0	0	279321109
576	450	0	0	0	279321116
576	452	0	0	0	279321124
576	453	0	0	0	279321131
576	455	0	0	0	279321139
576	457	0	0	0	279321146
576	459	0	0	0	279321154
576	460	0	0	0	279321161
576	462	0	0	0	279321169
576	463	0	0	0	279321176
576	465	0	0	0	279321184
576	466	0	0	0	279321191
576	466	0	0	0	279321199
576	466	0	0	0	279321206
577	467	0	0	0	279321214
577	467	0	0	0	279321221
34	34
577	467	0	0	0	279321229
577	467	0	0	0	279321236
577	467	0	0	0	279321244
577	467	0	0	0	279321251
577	467	0	0	0	279321259
577	467	0	0	0	279321266
577	467	0	0	0	279321274
577	467	0	0	0	279321281
577	467	0	0	0	279321289
577	467	0	0	0	279321297
577	467	0	0	0	279321304
577	467	0	0	0	279321312
577	467	0	0	0	279321319
577	467	0	0	0	279321327
577	467	0	0	0	279321334
577	467	0	0	0	279321342
577	467	0	0	0	279321349
577	467	0	0	0	279321357
577	467	0	0	0	279321364
577	468	0	0	0	279321372
577	468	0	0	0	279321379
578	468	0	0	0	279321387
579	468	0	0	0	279321394
580	467	0	0	0	279321402
582	467	0	0	0	279321409
583	466	0	0	0	279321417
585	465	0	0	0	279321424
587	464	0	0	0	279321432
589	463	0	0	0	279321439
591	461	0	0	0	279321447
593	460	0	0	0	279321454
595	458	0	0	0	279321462
596	456	0	0	0	279321469
597	454	0	0	0	279321477
52	34
588	453	0	0	0	279323517
588	453	0	0	0	279323525
588	453	0	0	0	279323532
588	453	0	0	0	279323540
588	453	0	0	0	279323547
587	454	0	0	0	279323555
587	454	0	0	0	279323562
586	454	0	0	0	279323570
585	455	0	0	0	279323578
583	455	0	0	0	279323585
582	456	0	0	0	279323593
581	456	0	0	0	279323600
579	457	0	0	0	279323608
576	458	0	0	0	279323615
574	459	0	0	0	279323623
571	460	0	0	0	279323630
568	461	0	0	0	279323638
565	462	0	0	0	279323645
561	464	0	0	0	279323653
558	465	0	0	0	279323660
555	466	0	0	0	279323668
551	467	0	0	0	279323675
548	467	0	0	0	279323683
546	468	0	0	0	279323690
543	468	0	0	0	279323698
541	469	0	0	0	279323705
539	469	0	0	0	279323713
536	469	0	0	0	279323720
534	469	0	0	0	279323728
533	470	0	0	0	279323735
531	470	0	0	0	279323743
529	471	0	0	0	279323750
527	471	0	0	0	279323758
526	472	0	0	0	279323765
524	473	0	0	0	279323773
523	473	0	0	0	279323781
521	474	0	0	0	279323788
520	475	0	0	0	279323796
519	475	0	0	0	279323803
517	476	0	0	0	279323811
516	476	0	0	0	279323818
514	477	0	0	0	279323826
513	477	0	0	0	279323833
512	477	0	0	0	279323841
511	478	0	0	0	279323848
511	478	0	0	0	279323856
511	478	0	0	0	279323863
511	478	0	0	0	279323871
510	478	0	0	0	279323878
510	478	0	0	0	279323886
510	478	0	0	0	279323893
510	478	0	0	0	279323901
35	34
510	478	0	0	0	279323908
510	478	0	0	0	279323916
510	478	0	0	0	279323923
510	478	0	0	0	279323931
510	478	0	0	0	279323938
509	479	0	0	0	279323946
509	479	0	0	0	279323953
509	480	0	0	0	279323961
509	481	0	0	0	279323968
509	482	0	0	0	279323976
509	484	0	0	0	279323984
509	486	0	0	0	279323991
509	488	0	0	0	279323999
509	490	0	0	0	279324006
509	493	0	0	0	279324014
510	495	0	0	0	279324021
510	498	0	0	0	279324029
510	501	0	0	0	279324036
511	504	0	0	0	279324044
511	507	0	0	0	279324051
512	510	0	0	0	279324059
512	512	0	0	0	279324066
512	515	0	0	0	279324074
513	517	0	0	0	279324081
513	519	0	0	0	279324089
513	521	0	0	0	279324096
513	523	0	0	0	279324104
514	524	0	0	0	279324111
514	524	0	0	0	279324119
514	524	0	0	0	279324126
514	524	0	0	0	279324134
514	523	0	0	0	279324141
515	522	0	0	0	279324149
515	521	0	0	0	279324156
516	519	0	0	0	279324164
30	56
229	295	0	0	0	279363009
228	295	0	0	0	279363016
228	295	0	0	0	279363024
228	295	0	0	0	279363031
228	295	0	0	0	279363039
228	296	0	0	0	279363047
227	297	0	0	0	279363054
227	297	0	0	0	279363062
228	299	0	0	0	279363069
228	300	0	0	0	279363077
228	301	0	0	0	279363084
228	301	0	0	0	279363092
230	302	0	0	0	279363099
231	302	0	0	0	279363107
232	302	0	0	0	279363114
233	301	0	0	0	279363122
234	301	0	0	0	279363129
235	300	0	0	0	279363137
235	298	0	0	0	279363144
236	297	0	0	0	279363152
235	296	0	0	0	279363159
235	295	0	0	0	279363167
234	294	0	0	0	279363174
233	294	0	0	0	279363182
232	293	0	0	0	279363189
232	293	0	0	0	279363197
231	293	0	0	0	279363204
231	293	0	0	0	279363212
231	295	0	0	0	279363219
231	296	0	0	0	279363227
32	57
240	336	0	0	0	279363556
240	334	0	0	0	279363563
240	334	0	0	0	279363571
239	334	0	0	0	279363578
239	334	0	0	0	279363586
237	334	0	0	0	279363593
237	334	0	0	0	279363601
235	336	0	0	0	279363609
234	337	0	0	0	279363616
234	338	0	0	0	279363624
233	340	0	0	0	279363631
232	341	0	0	0	279363639
232	343	0	0	0	279363646
233	345	0	0	0	279363654
233	346	0	0	0	279363661
234	347	0	0	0	279363669
236	348	0	0	0	279363676
237	348	0	0	0	279363684
238	347	0	0	0	279363691
240	346	0	0	0	279363699
241	345	0	0	0	279363706
242	344	0	0	0	279363714
242	342	0	0	0	279363721
242	340	0	0	0	279363729
242	339	0	0	0	279363736
242	337	0	0	0	279363744
241	336	0	0	0	279363751
240	335	0	0	0	279363759
240	335	0	0	0	279363766
239	335	0	0	0	279363774
239	335	0	0	0	279363781
238	337	0	0	0	279363789
19	58
234	417	0	0	0	279364217
233	417	0	0	0	279364224
233	417	0	0	0	279364232
232	417	0	0	0	279364239
232	417	0	0	0	279364247
231	418	0	0	0	279364254
231	418	0	0	0	279364262
230	420	0	0	0	279364269
230	421	0	0	0	279364277
230	423	0	0	0	279364284
230	424	0	0	0	279364292
231	426	0	0	0	279364299
230	427	0	0	0	279364307
231	428	0	0	0	279364314
232	429	0	0	0	279364322
231	430	0	0	0	279364329
231	430	0	0	0	279364337
231	431	0	0	0	279364344
231	431	0	0	0	279364352
15	59
234	453	0	0	0	279364700
234	453	0	0	0	279364707
234	455	0	0	0	279364715
234	456	0	0	0	279364722
235	457	0	0	0	279364730
234	459	0	0	0	279364737
235	461	0	0	0	279364745
235	464	0	0	0	279364752
235	466	0	0	0	279364760
235	468	0	0	0	279364767
235	470	0	0	0	279364775
235	472	0	0	0	279364782
235	473	0	0	0	279364790
234	474	0	0	0	279364797
234	474	0	0	0	279364805
19	60
243	564	0	0	0	279368576
243	564	0	0	0	279368583
243	564	0	0	0	279368591
243	564	0	0	0	279368598
243	564	0	0	0	279368606
243	566	0	0	0	279368613
243	567	0	0	0	279368621
244	568	0	0	0	279368628
244	569	0	0	0	279368636
244	571	0	0	0	279368643
245	572	0	0	0	279368651
245	573	0	0	0	279368658
245	575	0	0	0	279368666
245	576	0	0	0	279368673
245	577	0	0	0	279368681
245	577	0	0	0	279368688
246	579	0	0	0	279368696
246	579	0	0	0	279368703
247	581	0	0	0	279368711
17	61
253	608	0	0	0	279369154
253	608	0	0	0	279369161
253	610	0	0	0	279369169
253	611	0	0	0	279369176
253	612	0	0	0	279369184
253	614	0	0	0	279369191
254	616	0	0	0	279369199
254	618	0	0	0	279369206
254	619	0	0	0	279369214
255	621	0	0	0	279369221
255	623	0	0	0	279369229
255	624	0	0	0	279369236
256	625	0	0	0	279369244
256	625	0	0	0	279369251
256	625	0	0	0	279369259
256	626	0	0	0	279369266
256	626	0	0	0	279369274
