45
29	1
256	300	0	0	0	434265766
256	300	0	0	0	434265774
252	300	0	0	0	434265781
252	300	0	0	0	434265789
252	300	0	0	0	434265797
252	300	0	0	0	434265804
258	300	0	0	0	434265812
262	300	0	0	0	434265819
267	299	0	0	0	434265827
273	300	0	0	0	434265834
281	299	0	0	0	434265842
290	300	0	0	0	434265849
299	299	0	0	0	434265857
308	299	0	0	0	434265864
317	300	0	0	0	434265872
327	300	0	0	0	434265879
335	300	0	0	0	434265887
343	300	0	0	0	434265894
349	301	0	0	0	434265902
355	301	0	0	0	434265909
359	301	0	0	0	434265917
363	301	0	0	0	434265924
365	302	0	0	0	434265932
366	301	0	0	0	434265939
366	301	0	0	0	434265947
366	301	0	0	0	434265954
366	301	0	0	0	434265962
364	302	0	0	0	434265969
363	301	0	0	0	434265977
24	1
260	335	0	0	0	434266226
260	335	0	0	0	434266234
262	335	0	0	0	434266241
264	335	0	0	0	434266249
268	335	0	0	0	434266256
274	335	0	0	0	434266264
282	335	0	0	0	434266271
289	334	0	0	0	434266279
298	334	0	0	0	434266286
308	334	0	0	0	434266294
317	334	0	0	0	434266301
327	334	0	0	0	434266309
335	334	0	0	0	434266316
343	334	0	0	0	434266324
349	334	0	0	0	434266331
355	334	0	0	0	434266339
360	334	0	0	0	434266346
363	334	0	0	0	434266354
365	334	0	0	0	434266361
366	334	0	0	0	434266369
366	334	0	0	0	434266376
366	333	0	0	0	434266384
364	333	0	0	0	434266391
363	331	0	0	0	434266399
20	2
192	314	0	0	0	434266746
192	314	0	0	0	434266753
192	314	0	0	0	434266761
192	314	0	0	0	434266768
192	314	0	0	0	434266776
192	314	0	0	0	434266783
192	314	0	0	0	434266791
192	314	0	0	0	434266798
195	310	0	0	0	434266806
195	310	0	0	0	434266813
198	305	0	0	0	434266821
198	305	0	0	0	434266828
199	299	0	0	0	434266836
199	299	0	0	0	434266844
201	293	0	0	0	434266851
201	293	0	0	0	434266859
202	288	0	0	0	434266866
202	288	0	0	0	434266874
202	288	0	0	0	434266881
204	283	0	0	0	434266889
18	2
204	283	0	0	0	434266896
204	283	0	0	0	434266904
204	283	0	0	0	434266911
209	285	0	0	0	434266919
209	285	0	0	0	434266926
212	290	0	0	0	434266934
212	290	0	0	0	434266941
214	295	0	0	0	434266949
214	295	0	0	0	434266956
216	299	0	0	0	434266964
216	299	0	0	0	434266971
216	299	0	0	0	434266979
217	304	0	0	0	434266986
217	304	0	0	0	434266994
217	304	0	0	0	434267001
217	304	0	0	0	434267009
217	304	0	0	0	434267016
217	304	0	0	0	434267024
15	2
194	303	0	0	0	434267106
194	303	0	0	0	434267113
190	304	0	0	0	434267121
190	304	0	0	0	434267128
190	304	0	0	0	434267136
194	303	0	0	0	434267143
194	303	0	0	0	434267151
200	302	0	0	0	434267158
200	302	0	0	0	434267166
207	300	0	0	0	434267173
207	300	0	0	0	434267181
212	300	0	0	0	434267188
212	300	0	0	0	434267196
216	300	0	0	0	434267203
216	300	0	0	0	434267211
15	5
195	327	0	0	0	434267403
195	327	0	0	0	434267410
195	327	0	0	0	434267418
192	332	0	0	0	434267425
192	332	0	0	0	434267433
194	337	0	0	0	434267440
194	337	0	0	0	434267448
195	342	0	0	0	434267455
195	342	0	0	0	434267463
196	347	0	0	0	434267470
196	347	0	0	0	434267478
196	347	0	0	0	434267485
196	347	0	0	0	434267493
196	347	0	0	0	434267500
196	347	0	0	0	434267508
45	5
194	338	0	0	0	434267599
194	338	0	0	0	434267607
195	334	0	0	0	434267614
195	334	0	0	0	434267622
195	334	0	0	0	434267629
199	331	0	0	0	434267637
199	331	0	0	0	434267644
199	331	0	0	0	434267652
205	329	0	0	0	434267659
205	329	0	0	0	434267667
205	329	0	0	0	434267674
205	329	0	0	0	434267682
210	331	0	0	0	434267689
210	331	0	0	0	434267697
210	331	0	0	0	434267704
210	331	0	0	0	434267712
206	337	0	0	0	434267719
206	337	0	0	0	434267727
206	337	0	0	0	434267734
201	340	0	0	0	434267742
201	340	0	0	0	434267750
201	340	0	0	0	434267757
201	340	0	0	0	434267765
201	340	0	0	0	434267772
201	340	0	0	0	434267780
201	340	0	0	0	434267787
201	340	0	0	0	434267795
201	340	0	0	0	434267802
208	342	0	0	0	434267810
208	342	0	0	0	434267817
213	343	0	0	0	434267825
213	343	0	0	0	434267832
213	343	0	0	0	434267840
217	349	0	0	0	434267847
217	349	0	0	0	434267855
217	349	0	0	0	434267862
215	354	0	0	0	434267870
215	354	0	0	0	434267877
215	354	0	0	0	434267885
210	356	0	0	0	434267892
210	356	0	0	0	434267900
210	356	0	0	0	434267907
210	356	0	0	0	434267915
210	356	0	0	0	434267922
210	356	0	0	0	434267930
28	1
357	280	0	0	0	434268305
358	280	0	0	0	434268312
358	280	0	0	0	434268320
358	280	0	0	0	434268328
359	282	0	0	0	434268335
359	284	0	0	0	434268343
359	288	0	0	0	434268350
359	292	0	0	0	434268358
360	297	0	0	0	434268365
359	304	0	0	0	434268373
360	310	0	0	0	434268380
360	316	0	0	0	434268388
360	322	0	0	0	434268395
361	328	0	0	0	434268403
361	333	0	0	0	434268410
362	337	0	0	0	434268418
363	340	0	0	0	434268425
364	343	0	0	0	434268433
364	344	0	0	0	434268440
365	345	0	0	0	434268448
365	345	0	0	0	434268455
365	345	0	0	0	434268463
365	345	0	0	0	434268470
365	345	0	0	0	434268478
365	344	0	0	0	434268485
365	343	0	0	0	434268493
366	341	0	0	0	434268500
366	340	0	0	0	434268508
31	1
354	285	0	0	0	434268657
354	283	0	0	0	434268665
354	282	0	0	0	434268672
356	281	0	0	0	434268680
359	280	0	0	0	434268687
363	280	0	0	0	434268695
368	280	0	0	0	434268703
373	281	0	0	0	434268710
379	282	0	0	0	434268718
385	285	0	0	0	434268725
390	287	0	0	0	434268733
395	291	0	0	0	434268740
400	296	0	0	0	434268748
403	301	0	0	0	434268755
405	306	0	0	0	434268763
405	312	0	0	0	434268770
405	317	0	0	0	434268778
402	322	0	0	0	434268785
399	326	0	0	0	434268793
395	331	0	0	0	434268800
390	334	0	0	0	434268808
385	337	0	0	0	434268815
379	340	0	0	0	434268823
374	342	0	0	0	434268830
369	343	0	0	0	434268838
366	344	0	0	0	434268845
364	344	0	0	0	434268853
362	344	0	0	0	434268860
362	344	0	0	0	434268868
364	343	0	0	0	434268875
366	341	0	0	0	434268883
31	1
400	312	0	0	0	434269438
400	312	0	0	0	434269446
400	312	0	0	0	434269453
400	312	0	0	0	434269461
401	312	0	0	0	434269468
402	312	0	0	0	434269476
404	312	0	0	0	434269484
407	313	0	0	0	434269491
411	313	0	0	0	434269499
415	313	0	0	0	434269506
421	313	0	0	0	434269514
427	313	0	0	0	434269521
434	313	0	0	0	434269529
441	313	0	0	0	434269536
448	313	0	0	0	434269544
455	314	0	0	0	434269551
463	314	0	0	0	434269559
469	315	0	0	0	434269566
475	315	0	0	0	434269574
480	316	0	0	0	434269581
484	316	0	0	0	434269589
486	316	0	0	0	434269596
489	316	0	0	0	434269604
490	316	0	0	0	434269611
491	316	0	0	0	434269619
491	316	0	0	0	434269626
492	316	0	0	0	434269634
492	316	0	0	0	434269641
492	316	0	0	0	434269649
491	317	0	0	0	434269656
491	317	0	0	0	434269664
29	10
210	428	0	0	0	434270678
210	428	0	0	0	434270686
210	428	0	0	0	434270693
210	428	0	0	0	434270701
210	428	0	0	0	434270708
206	428	0	0	0	434270716
206	428	0	0	0	434270723
204	432	0	0	0	434270731
204	432	0	0	0	434270738
203	438	0	0	0	434270746
203	438	0	0	0	434270753
203	443	0	0	0	434270761
203	443	0	0	0	434270768
203	443	0	0	0	434270776
202	448	0	0	0	434270783
202	448	0	0	0	434270791
202	448	0	0	0	434270798
202	448	0	0	0	434270806
202	448	0	0	0	434270813
204	443	0	0	0	434270821
204	443	0	0	0	434270828
206	438	0	0	0	434270836
206	438	0	0	0	434270844
208	431	0	0	0	434270851
208	431	0	0	0	434270859
210	424	0	0	0	434270866
210	424	0	0	0	434270874
213	418	0	0	0	434270881
213	418	0	0	0	434270889
18	10
213	418	0	0	0	434270896
213	418	0	0	0	434270904
218	416	0	0	0	434270911
218	416	0	0	0	434270919
218	416	0	0	0	434270926
221	423	0	0	0	434270934
221	423	0	0	0	434270941
223	430	0	0	0	434270949
223	430	0	0	0	434270956
226	436	0	0	0	434270964
226	436	0	0	0	434270971
226	441	0	0	0	434270979
226	441	0	0	0	434270986
226	441	0	0	0	434270994
226	441	0	0	0	434271001
226	441	0	0	0	434271009
226	441	0	0	0	434271016
226	441	0	0	0	434271024
14	10
205	439	0	0	0	434271113
205	439	0	0	0	434271121
205	439	0	0	0	434271128
205	439	0	0	0	434271136
205	439	0	0	0	434271143
205	439	0	0	0	434271151
211	439	0	0	0	434271158
211	439	0	0	0	434271166
217	438	0	0	0	434271173
217	438	0	0	0	434271181
223	437	0	0	0	434271188
223	437	0	0	0	434271196
228	437	0	0	0	434271203
228	437	0	0	0	434271211
29	13
223	467	0	0	0	434271500
223	467	0	0	0	434271508
223	467	0	0	0	434271515
217	464	0	0	0	434271523
217	464	0	0	0	434271531
217	464	0	0	0	434271538
210	464	0	0	0	434271546
210	464	0	0	0	434271553
210	464	0	0	0	434271561
205	468	0	0	0	434271568
205	468	0	0	0	434271576
203	473	0	0	0	434271583
203	473	0	0	0	434271591
204	479	0	0	0	434271598
204	479	0	0	0	434271606
207	485	0	0	0	434271613
207	485	0	0	0	434271621
212	489	0	0	0	434271628
212	489	0	0	0	434271636
218	491	0	0	0	434271643
218	491	0	0	0	434271651
223	490	0	0	0	434271658
223	490	0	0	0	434271666
223	490	0	0	0	434271673
228	488	0	0	0	434271681
228	488	0	0	0	434271688
228	488	0	0	0	434271696
228	488	0	0	0	434271703
228	488	0	0	0	434271711
15	13
232	487	0	0	0	434271872
232	487	0	0	0	434271879
232	487	0	0	0	434271887
232	487	0	0	0	434271894
232	487	0	0	0	434271902
234	491	0	0	0	434271909
234	491	0	0	0	434271917
234	491	0	0	0	434271924
234	496	0	0	0	434271932
234	496	0	0	0	434271939
234	496	0	0	0	434271947
234	496	0	0	0	434271954
234	496	0	0	0	434271962
234	496	0	0	0	434271969
234	496	0	0	0	434271977
33	13
240	488	0	0	0	434272080
240	488	0	0	0	434272088
240	488	0	0	0	434272095
239	493	0	0	0	434272103
239	493	0	0	0	434272110
239	493	0	0	0	434272118
239	493	0	0	0	434272125
241	497	0	0	0	434272133
241	497	0	0	0	434272141
241	497	0	0	0	434272148
241	497	0	0	0	434272156
241	497	0	0	0	434272163
241	497	0	0	0	434272171
241	497	0	0	0	434272178
245	492	0	0	0	434272186
245	492	0	0	0	434272193
245	492	0	0	0	434272201
245	492	0	0	0	434272208
248	487	0	0	0	434272216
248	487	0	0	0	434272223
248	487	0	0	0	434272231
248	487	0	0	0	434272238
248	487	0	0	0	434272246
252	491	0	0	0	434272253
252	491	0	0	0	434272261
252	491	0	0	0	434272268
253	496	0	0	0	434272276
253	496	0	0	0	434272283
253	496	0	0	0	434272291
253	496	0	0	0	434272298
253	496	0	0	0	434272306
253	496	0	0	0	434272313
253	496	0	0	0	434272321
25	16
251	417	0	0	0	434272625
251	417	0	0	0	434272632
251	417	0	0	0	434272640
254	418	0	0	0	434272647
258	418	0	0	0	434272655
263	419	0	0	0	434272662
268	418	0	0	0	434272670
276	419	0	0	0	434272677
284	418	0	0	0	434272685
292	418	0	0	0	434272692
302	418	0	0	0	434272700
312	418	0	0	0	434272707
320	418	0	0	0	434272715
328	419	0	0	0	434272722
335	419	0	0	0	434272730
340	420	0	0	0	434272737
344	421	0	0	0	434272745
347	421	0	0	0	434272752
349	422	0	0	0	434272760
351	422	0	0	0	434272767
351	422	0	0	0	434272775
351	422	0	0	0	434272782
351	422	0	0	0	434272790
351	422	0	0	0	434272797
350	422	0	0	0	434272805
28	17
268	473	0	0	0	434273024
268	473	0	0	0	434273031
267	474	0	0	0	434273039
269	474	0	0	0	434273047
273	474	0	0	0	434273054
278	474	0	0	0	434273062
283	474	0	0	0	434273069
290	474	0	0	0	434273077
297	474	0	0	0	434273084
305	474	0	0	0	434273092
314	473	0	0	0	434273099
322	473	0	0	0	434273107
329	473	0	0	0	434273114
336	473	0	0	0	434273122
343	473	0	0	0	434273129
348	473	0	0	0	434273137
353	473	0	0	0	434273144
357	473	0	0	0	434273152
360	473	0	0	0	434273159
363	473	0	0	0	434273167
365	473	0	0	0	434273174
367	472	0	0	0	434273182
367	472	0	0	0	434273189
368	471	0	0	0	434273197
368	471	0	0	0	434273204
368	470	0	0	0	434273212
368	469	0	0	0	434273219
368	469	0	0	0	434273227
32	17
357	415	0	0	0	434273385
357	413	0	0	0	434273392
357	412	0	0	0	434273400
357	411	0	0	0	434273407
357	411	0	0	0	434273415
357	411	0	0	0	434273422
357	412	0	0	0	434273430
357	414	0	0	0	434273438
357	418	0	0	0	434273445
358	422	0	0	0	434273453
358	427	0	0	0	434273460
358	432	0	0	0	434273468
359	439	0	0	0	434273475
359	445	0	0	0	434273483
359	451	0	0	0	434273490
359	457	0	0	0	434273498
360	463	0	0	0	434273505
360	468	0	0	0	434273513
360	472	0	0	0	434273520
360	476	0	0	0	434273528
360	478	0	0	0	434273535
361	480	0	0	0	434273543
361	481	0	0	0	434273550
361	481	0	0	0	434273558
361	481	0	0	0	434273565
361	480	0	0	0	434273573
361	478	0	0	0	434273580
361	477	0	0	0	434273588
361	475	0	0	0	434273595
362	472	0	0	0	434273603
362	470	0	0	0	434273610
363	467	0	0	0	434273618
35	17
359	423	0	0	0	434273768
359	422	0	0	0	434273776
359	422	0	0	0	434273783
359	420	0	0	0	434273791
361	419	0	0	0	434273798
363	419	0	0	0	434273806
367	419	0	0	0	434273813
371	420	0	0	0	434273821
375	420	0	0	0	434273828
380	422	0	0	0	434273836
385	424	0	0	0	434273844
390	427	0	0	0	434273851
394	431	0	0	0	434273859
397	435	0	0	0	434273866
400	439	0	0	0	434273874
401	444	0	0	0	434273881
402	449	0	0	0	434273889
401	453	0	0	0	434273896
399	458	0	0	0	434273904
396	462	0	0	0	434273911
392	466	0	0	0	434273919
388	470	0	0	0	434273926
383	472	0	0	0	434273934
378	475	0	0	0	434273941
373	477	0	0	0	434273949
370	479	0	0	0	434273956
366	480	0	0	0	434273964
364	480	0	0	0	434273971
363	480	0	0	0	434273979
363	480	0	0	0	434273986
366	479	0	0	0	434273994
368	478	0	0	0	434274001
371	476	0	0	0	434274009
375	475	0	0	0	434274016
379	473	0	0	0	434274024
25	31
411	444	0	0	0	434274188
411	444	0	0	0	434274195
412	444	0	0	0	434274203
414	443	0	0	0	434274210
416	443	0	0	0	434274218
419	443	0	0	0	434274225
423	443	0	0	0	434274233
428	443	0	0	0	434274240
434	442	0	0	0	434274248
441	442	0	0	0	434274255
449	442	0	0	0	434274263
457	442	0	0	0	434274270
466	443	0	0	0	434274278
474	443	0	0	0	434274285
482	443	0	0	0	434274293
489	444	0	0	0	434274300
495	444	0	0	0	434274308
500	444	0	0	0	434274315
504	445	0	0	0	434274323
507	445	0	0	0	434274330
509	446	0	0	0	434274338
509	446	0	0	0	434274345
509	446	0	0	0	434274353
508	447	0	0	0	434274360
507	446	0	0	0	434274368
22	21
213	564	0	0	0	434275444
213	564	0	0	0	434275452
213	564	0	0	0	434275459
213	564	0	0	0	434275467
213	564	0	0	0	434275474
213	564	0	0	0	434275482
213	564	0	0	0	434275489
215	570	0	0	0	434275497
215	570	0	0	0	434275504
215	575	0	0	0	434275512
215	575	0	0	0	434275519
215	582	0	0	0	434275527
215	582	0	0	0	434275534
215	588	0	0	0	434275542
215	588	0	0	0	434275549
216	593	0	0	0	434275557
216	593	0	0	0	434275564
216	593	0	0	0	434275572
216	593	0	0	0	434275579
216	593	0	0	0	434275587
216	593	0	0	0	434275594
216	593	0	0	0	434275602
49	21
212	573	0	0	0	434275694
212	573	0	0	0	434275702
213	568	0	0	0	434275709
213	568	0	0	0	434275717
213	568	0	0	0	434275724
213	568	0	0	0	434275732
218	564	0	0	0	434275739
218	564	0	0	0	434275747
223	562	0	0	0	434275754
223	562	0	0	0	434275762
223	562	0	0	0	434275769
230	562	0	0	0	434275777
230	562	0	0	0	434275784
230	562	0	0	0	434275792
230	562	0	0	0	434275799
231	567	0	0	0	434275807
231	567	0	0	0	434275814
231	567	0	0	0	434275822
226	571	0	0	0	434275829
226	571	0	0	0	434275837
221	573	0	0	0	434275844
221	573	0	0	0	434275852
221	573	0	0	0	434275859
216	574	0	0	0	434275867
216	574	0	0	0	434275875
216	574	0	0	0	434275882
216	574	0	0	0	434275890
221	573	0	0	0	434275897
221	573	0	0	0	434275905
227	574	0	0	0	434275912
227	574	0	0	0	434275920
232	576	0	0	0	434275927
232	576	0	0	0	434275935
232	576	0	0	0	434275942
235	582	0	0	0	434275950
235	582	0	0	0	434275957
234	587	0	0	0	434275965
234	587	0	0	0	434275972
234	587	0	0	0	434275980
228	592	0	0	0	434275987
228	592	0	0	0	434275995
223	593	0	0	0	434276002
223	593	0	0	0	434276010
219	592	0	0	0	434276017
219	592	0	0	0	434276025
219	592	0	0	0	434276032
219	592	0	0	0	434276040
218	588	0	0	0	434276047
218	588	0	0	0	434276055
28	23
225	623	0	0	0	434276321
222	619	0	0	0	434276328
222	619	0	0	0	434276336
222	619	0	0	0	434276344
217	618	0	0	0	434276351
217	618	0	0	0	434276359
217	618	0	0	0	434276366
213	619	0	0	0	434276374
213	619	0	0	0	434276381
213	619	0	0	0	434276389
208	626	0	0	0	434276396
208	626	0	0	0	434276404
208	632	0	0	0	434276411
208	632	0	0	0	434276419
209	638	0	0	0	434276426
209	638	0	0	0	434276434
213	642	0	0	0	434276441
213	642	0	0	0	434276449
219	645	0	0	0	434276456
219	645	0	0	0	434276464
223	645	0	0	0	434276471
223	645	0	0	0	434276479
223	645	0	0	0	434276486
228	643	0	0	0	434276494
228	643	0	0	0	434276501
228	643	0	0	0	434276509
228	643	0	0	0	434276516
228	643	0	0	0	434276524
16	23
231	639	0	0	0	434276645
231	639	0	0	0	434276653
231	639	0	0	0	434276660
231	639	0	0	0	434276668
231	639	0	0	0	434276675
231	643	0	0	0	434276683
231	643	0	0	0	434276690
231	643	0	0	0	434276698
233	649	0	0	0	434276705
233	649	0	0	0	434276713
233	649	0	0	0	434276720
233	649	0	0	0	434276728
233	653	0	0	0	434276735
233	653	0	0	0	434276743
233	653	0	0	0	434276750
233	653	0	0	0	434276758
38	25
239	640	0	0	0	434276840
239	640	0	0	0	434276847
239	640	0	0	0	434276855
241	645	0	0	0	434276862
241	645	0	0	0	434276870
241	645	0	0	0	434276877
242	650	0	0	0	434276885
242	650	0	0	0	434276892
242	650	0	0	0	434276900
242	650	0	0	0	434276907
242	650	0	0	0	434276915
242	650	0	0	0	434276922
242	650	0	0	0	434276930
242	650	0	0	0	434276938
242	650	0	0	0	434276945
242	650	0	0	0	434276953
242	650	0	0	0	434276960
245	644	0	0	0	434276968
245	644	0	0	0	434276975
245	644	0	0	0	434276983
248	640	0	0	0	434276990
248	640	0	0	0	434276998
248	640	0	0	0	434277005
248	640	0	0	0	434277013
253	639	0	0	0	434277020
253	639	0	0	0	434277028
253	639	0	0	0	434277035
254	643	0	0	0	434277043
254	643	0	0	0	434277050
254	643	0	0	0	434277058
256	647	0	0	0	434277065
256	647	0	0	0	434277073
256	647	0	0	0	434277080
256	647	0	0	0	434277088
256	647	0	0	0	434277095
256	647	0	0	0	434277103
256	647	0	0	0	434277110
256	647	0	0	0	434277118
8	26
232	629	0	0	0	434277252
232	629	0	0	0	434277260
232	629	0	0	0	434277267
232	629	0	0	0	434277275
232	629	0	0	0	434277282
232	629	0	0	0	434277290
232	629	0	0	0	434277297
232	629	0	0	0	434277305
27	27
254	575	0	0	0	434277750
254	575	0	0	0	434277758
255	576	0	0	0	434277766
257	576	0	0	0	434277773
260	577	0	0	0	434277781
264	577	0	0	0	434277788
270	577	0	0	0	434277796
276	578	0	0	0	434277803
284	578	0	0	0	434277811
292	578	0	0	0	434277818
300	578	0	0	0	434277826
308	579	0	0	0	434277833
316	579	0	0	0	434277841
324	579	0	0	0	434277848
330	579	0	0	0	434277856
335	580	0	0	0	434277863
339	580	0	0	0	434277871
343	580	0	0	0	434277878
345	580	0	0	0	434277886
347	580	0	0	0	434277893
347	580	0	0	0	434277901
349	580	0	0	0	434277908
349	580	0	0	0	434277916
349	580	0	0	0	434277923
348	581	0	0	0	434277931
347	582	0	0	0	434277938
347	582	0	0	0	434277946
24	28
276	628	0	0	0	434278116
276	628	0	0	0	434278124
278	629	0	0	0	434278131
281	629	0	0	0	434278139
286	628	0	0	0	434278146
292	628	0	0	0	434278154
297	627	0	0	0	434278161
304	627	0	0	0	434278169
311	626	0	0	0	434278176
319	626	0	0	0	434278184
326	626	0	0	0	434278191
333	625	0	0	0	434278199
339	625	0	0	0	434278206
345	625	0	0	0	434278214
350	626	0	0	0	434278221
355	626	0	0	0	434278229
359	626	0	0	0	434278236
362	625	0	0	0	434278244
364	626	0	0	0	434278251
366	625	0	0	0	434278259
367	625	0	0	0	434278266
367	625	0	0	0	434278274
368	623	0	0	0	434278281
368	621	0	0	0	434278289
26	28
356	574	0	0	0	434278445
356	574	0	0	0	434278453
356	574	0	0	0	434278460
357	575	0	0	0	434278468
357	576	0	0	0	434278475
358	578	0	0	0	434278483
358	581	0	0	0	434278490
359	584	0	0	0	434278498
359	588	0	0	0	434278505
360	593	0	0	0	434278513
360	598	0	0	0	434278520
360	603	0	0	0	434278528
360	609	0	0	0	434278535
359	613	0	0	0	434278543
360	618	0	0	0	434278550
360	622	0	0	0	434278558
359	625	0	0	0	434278565
359	627	0	0	0	434278573
360	629	0	0	0	434278580
359	630	0	0	0	434278588
359	630	0	0	0	434278595
360	629	0	0	0	434278603
360	629	0	0	0	434278610
360	627	0	0	0	434278618
360	625	0	0	0	434278625
360	623	0	0	0	434278633
31	28
350	565	0	0	0	434278751
350	565	0	0	0	434278759
351	563	0	0	0	434278766
353	564	0	0	0	434278774
355	565	0	0	0	434278781
359	565	0	0	0	434278789
363	567	0	0	0	434278797
369	569	0	0	0	434278804
374	572	0	0	0	434278812
379	575	0	0	0	434278819
384	578	0	0	0	434278827
388	582	0	0	0	434278834
391	586	0	0	0	434278842
393	590	0	0	0	434278849
393	595	0	0	0	434278857
393	599	0	0	0	434278864
391	604	0	0	0	434278872
388	608	0	0	0	434278879
384	612	0	0	0	434278887
379	615	0	0	0	434278894
374	618	0	0	0	434278902
370	621	0	0	0	434278909
366	622	0	0	0	434278917
363	624	0	0	0	434278924
361	624	0	0	0	434278932
360	625	0	0	0	434278939
360	625	0	0	0	434278947
362	625	0	0	0	434278954
364	625	0	0	0	434278962
367	624	0	0	0	434278969
370	624	0	0	0	434278977
27	31
401	596	0	0	0	434279218
401	596	0	0	0	434279226
401	596	0	0	0	434279234
401	596	0	0	0	434279241
404	596	0	0	0	434279249
407	596	0	0	0	434279256
411	595	0	0	0	434279264
417	595	0	0	0	434279271
423	595	0	0	0	434279279
431	594	0	0	0	434279286
439	594	0	0	0	434279294
448	594	0	0	0	434279301
458	593	0	0	0	434279309
468	593	0	0	0	434279316
477	593	0	0	0	434279324
486	594	0	0	0	434279331
495	594	0	0	0	434279339
502	594	0	0	0	434279346
508	595	0	0	0	434279354
513	595	0	0	0	434279361
516	595	0	0	0	434279369
518	596	0	0	0	434279376
519	596	0	0	0	434279384
519	596	0	0	0	434279391
519	596	0	0	0	434279399
518	596	0	0	0	434279406
517	595	0	0	0	434279414
46	31
480	291	0	0	0	435662264
478	291	0	0	0	435662271
477	290	0	0	0	435662279
475	289	0	0	0	435662286
474	289	0	0	0	435662294
474	289	0	0	0	435662301
474	289	0	0	0	435662309
474	289	0	0	0	435662316
475	290	0	0	0	435662324
476	291	0	0	0	435662331
479	292	0	0	0	435662339
482	294	0	0	0	435662346
485	296	0	0	0	435662354
489	298	0	0	0	435662361
494	301	0	0	0	435662369
499	304	0	0	0	435662376
505	308	0	0	0	435662384
510	313	0	0	0	435662391
516	319	0	0	0	435662399
521	325	0	0	0	435662406
525	332	0	0	0	435662414
529	339	0	0	0	435662422
531	347	0	0	0	435662429
533	355	0	0	0	435662437
534	363	0	0	0	435662444
534	371	0	0	0	435662452
533	379	0	0	0	435662459
531	387	0	0	0	435662467
528	395	0	0	0	435662474
524	402	0	0	0	435662482
519	409	0	0	0	435662489
513	416	0	0	0	435662497
507	422	0	0	0	435662504
501	427	0	0	0	435662512
495	432	0	0	0	435662519
490	436	0	0	0	435662527
485	440	0	0	0	435662534
481	443	0	0	0	435662542
478	445	0	0	0	435662549
475	446	0	0	0	435662557
474	447	0	0	0	435662564
474	447	0	0	0	435662572
475	448	0	0	0	435662579
476	448	0	0	0	435662587
477	447	0	0	0	435662594
480	445	0	0	0	435662602
43	31
507	305	0	0	0	435662880
508	303	0	0	0	435662888
508	303	0	0	0	435662895
509	302	0	0	0	435662903
510	301	0	0	0	435662910
512	301	0	0	0	435662918
514	301	0	0	0	435662925
517	301	0	0	0	435662933
521	302	0	0	0	435662940
525	303	0	0	0	435662948
530	305	0	0	0	435662955
535	307	0	0	0	435662963
542	310	0	0	0	435662970
548	314	0	0	0	435662978
554	318	0	0	0	435662985
561	323	0	0	0	435662993
567	329	0	0	0	435663000
572	335	0	0	0	435663008
576	342	0	0	0	435663016
579	349	0	0	0	435663023
582	357	0	0	0	435663031
583	364	0	0	0	435663038
583	372	0	0	0	435663046
582	380	0	0	0	435663053
581	387	0	0	0	435663061
578	395	0	0	0	435663068
573	401	0	0	0	435663076
568	408	0	0	0	435663083
561	414	0	0	0	435663091
554	420	0	0	0	435663098
546	425	0	0	0	435663106
538	430	0	0	0	435663113
529	433	0	0	0	435663121
521	436	0	0	0	435663128
514	438	0	0	0	435663136
508	440	0	0	0	435663143
503	440	0	0	0	435663151
500	440	0	0	0	435663158
497	440	0	0	0	435663166
496	440	0	0	0	435663173
496	438	0	0	0	435663181
497	437	0	0	0	435663188
500	435	0	0	0	435663196
58	31
584	377	0	0	0	435663501
585	378	0	0	0	435663509
587	378	0	0	0	435663516
590	379	0	0	0	435663524
593	380	0	0	0	435663531
598	380	0	0	0	435663539
603	381	0	0	0	435663547
610	381	0	0	0	435663554
617	381	0	0	0	435663562
624	381	0	0	0	435663569
630	382	0	0	0	435663577
637	382	0	0	0	435663584
643	382	0	0	0	435663592
648	382	0	0	0	435663599
653	382	0	0	0	435663607
657	382	0	0	0	435663614
660	382	0	0	0	435663622
662	382	0	0	0	435663629
664	382	0	0	0	435663637
665	382	0	0	0	435663644
666	382	0	0	0	435663652
666	382	0	0	0	435663659
666	382	0	0	0	435663667
666	382	0	0	0	435663674
666	382	0	0	0	435663682
666	382	0	0	0	435663689
666	382	0	0	0	435663697
666	382	0	0	0	435663704
666	382	0	0	0	435663712
666	382	0	0	0	435663719
666	382	0	0	0	435663727
666	382	0	0	0	435663734
666	382	0	0	0	435663742
666	382	0	0	0	435663750
666	382	0	0	0	435663757
666	382	0	0	0	435663765
666	382	0	0	0	435663772
666	382	0	0	0	435663780
666	382	0	0	0	435663787
666	382	0	0	0	435663795
666	382	0	0	0	435663802
666	382	0	0	0	435663810
666	382	0	0	0	435663817
666	382	0	0	0	435663825
666	382	0	0	0	435663832
666	382	0	0	0	435663840
666	382	0	0	0	435663847
666	382	0	0	0	435663855
666	382	0	0	0	435663862
666	382	0	0	0	435663870
666	382	0	0	0	435663877
666	382	0	0	0	435663885
666	382	0	0	0	435663892
666	382	0	0	0	435663900
666	382	0	0	0	435663907
666	382	0	0	0	435663915
665	382	0	0	0	435663922
665	382	0	0	0	435663930
31	31
497	598	0	0	0	435664564
498	598	0	0	0	435664572
499	598	0	0	0	435664579
500	598	0	0	0	435664587
502	598	0	0	0	435664594
503	597	0	0	0	435664602
505	597	0	0	0	435664609
507	597	0	0	0	435664617
510	597	0	0	0	435664625
513	596	0	0	0	435664632
516	596	0	0	0	435664640
520	596	0	0	0	435664647
525	596	0	0	0	435664655
530	595	0	0	0	435664662
536	595	0	0	0	435664670
542	595	0	0	0	435664677
549	595	0	0	0	435664685
556	595	0	0	0	435664692
563	595	0	0	0	435664700
570	595	0	0	0	435664707
577	595	0	0	0	435664715
583	595	0	0	0	435664722
589	594	0	0	0	435664730
594	594	0	0	0	435664737
599	594	0	0	0	435664745
603	593	0	0	0	435664752
606	593	0	0	0	435664760
609	592	0	0	0	435664767
612	591	0	0	0	435664775
615	590	0	0	0	435664782
616	589	0	0	0	435664790
29	31
618	587	0	0	0	435664797
619	586	0	0	0	435664805
621	584	0	0	0	435664812
622	581	0	0	0	435664820
622	579	0	0	0	435664828
623	576	0	0	0	435664835
623	573	0	0	0	435664843
624	569	0	0	0	435664850
625	565	0	0	0	435664858
625	560	0	0	0	435664865
625	554	0	0	0	435664873
625	549	0	0	0	435664880
625	543	0	0	0	435664888
624	537	0	0	0	435664895
624	531	0	0	0	435664903
623	525	0	0	0	435664910
622	519	0	0	0	435664918
621	514	0	0	0	435664925
620	508	0	0	0	435664933
618	503	0	0	0	435664940
617	498	0	0	0	435664948
615	493	0	0	0	435664955
614	488	0	0	0	435664963
613	484	0	0	0	435664970
612	480	0	0	0	435664978
612	476	0	0	0	435664985
611	473	0	0	0	435664993
611	470	0	0	0	435665000
611	468	0	0	0	435665008
27	31
612	466	0	0	0	435665015
614	465	0	0	0	435665023
615	464	0	0	0	435665031
618	463	0	0	0	435665038
621	462	0	0	0	435665046
625	461	0	0	0	435665053
629	461	0	0	0	435665061
635	461	0	0	0	435665068
640	461	0	0	0	435665076
645	461	0	0	0	435665083
651	461	0	0	0	435665091
656	461	0	0	0	435665098
660	462	0	0	0	435665106
665	462	0	0	0	435665113
668	462	0	0	0	435665121
671	463	0	0	0	435665128
673	463	0	0	0	435665136
675	463	0	0	0	435665143
676	464	0	0	0	435665151
676	463	0	0	0	435665158
676	463	0	0	0	435665166
677	462	0	0	0	435665173
677	462	0	0	0	435665181
676	461	0	0	0	435665188
676	459	0	0	0	435665196
675	458	0	0	0	435665203
674	456	0	0	0	435665211
33	31
645	348	0	0	0	435665533
645	347	0	0	0	435665541
645	347	0	0	0	435665548
647	347	0	0	0	435665556
650	347	0	0	0	435665563
653	348	0	0	0	435665571
657	349	0	0	0	435665578
662	351	0	0	0	435665586
667	353	0	0	0	435665594
672	357	0	0	0	435665601
678	361	0	0	0	435665609
682	367	0	0	0	435665616
686	373	0	0	0	435665624
690	380	0	0	0	435665631
692	388	0	0	0	435665639
693	396	0	0	0	435665646
693	405	0	0	0	435665654
692	413	0	0	0	435665661
691	421	0	0	0	435665669
688	429	0	0	0	435665676
684	436	0	0	0	435665684
680	443	0	0	0	435665691
676	448	0	0	0	435665699
672	453	0	0	0	435665706
669	457	0	0	0	435665714
666	460	0	0	0	435665721
663	462	0	0	0	435665729
661	463	0	0	0	435665736
660	464	0	0	0	435665744
659	463	0	0	0	435665751
659	461	0	0	0	435665759
659	459	0	0	0	435665766
660	457	0	0	0	435665774
27	31
617	349	0	0	0	435665937
619	350	0	0	0	435665945
623	350	0	0	0	435665953
627	352	0	0	0	435665960
632	355	0	0	0	435665968
638	358	0	0	0	435665975
643	363	0	0	0	435665983
649	368	0	0	0	435665990
653	375	0	0	0	435665998
657	382	0	0	0	435666005
659	391	0	0	0	435666013
661	399	0	0	0	435666020
661	409	0	0	0	435666028
661	417	0	0	0	435666035
660	426	0	0	0	435666043
658	435	0	0	0	435666050
656	442	0	0	0	435666058
653	449	0	0	0	435666065
650	454	0	0	0	435666073
647	458	0	0	0	435666080
644	462	0	0	0	435666088
640	465	0	0	0	435666095
637	466	0	0	0	435666103
635	466	0	0	0	435666110
634	466	0	0	0	435666118
634	464	0	0	0	435666125
634	462	0	0	0	435666133
17	31
693	404	0	0	0	435675310
692	405	0	0	0	435675317
692	405	0	0	0	435675325
692	405	0	0	0	435675332
692	406	0	0	0	435675340
692	406	0	0	0	435675347
694	407	0	0	0	435675355
696	407	0	0	0	435675362
699	408	0	0	0	435675370
703	408	0	0	0	435675377
708	408	0	0	0	435675385
713	408	0	0	0	435675392
719	409	0	0	0	435675400
726	408	0	0	0	435675407
732	407	0	0	0	435675415
738	406	0	0	0	435675422
743	405	0	0	0	435675430
28	41
786	380	0	0	0	435677086
786	378	0	0	0	435677093
785	377	0	0	0	435677101
785	375	0	0	0	435677109
784	374	0	0	0	435677116
782	373	0	0	0	435677124
781	372	0	0	0	435677131
779	372	0	0	0	435677139
778	372	0	0	0	435677146
776	372	0	0	0	435677154
774	373	0	0	0	435677161
773	374	0	0	0	435677169
771	376	0	0	0	435677176
770	378	0	0	0	435677184
769	380	0	0	0	435677191
768	382	0	0	0	435677199
768	385	0	0	0	435677206
769	387	0	0	0	435677214
770	390	0	0	0	435677221
771	392	0	0	0	435677229
773	394	0	0	0	435677236
776	395	0	0	0	435677244
779	396	0	0	0	435677251
781	396	0	0	0	435677259
785	396	0	0	0	435677266
787	396	0	0	0	435677274
790	396	0	0	0	435677281
792	395	0	0	0	435677289
78	41
804	391	0	0	0	435677367
804	391	0	0	0	435677375
803	390	0	0	0	435677382
803	390	0	0	0	435677390
803	389	0	0	0	435677397
803	389	0	0	0	435677405
802	388	0	0	0	435677412
801	388	0	0	0	435677420
800	388	0	0	0	435677427
799	388	0	0	0	435677435
797	388	0	0	0	435677442
795	389	0	0	0	435677450
793	390	0	0	0	435677457
792	390	0	0	0	435677465
790	392	0	0	0	435677472
789	393	0	0	0	435677480
788	395	0	0	0	435677487
788	396	0	0	0	435677495
788	397	0	0	0	435677502
789	398	0	0	0	435677510
790	399	0	0	0	435677517
791	400	0	0	0	435677525
793	400	0	0	0	435677532
794	400	0	0	0	435677540
796	399	0	0	0	435677547
797	399	0	0	0	435677555
799	397	0	0	0	435677563
800	396	0	0	0	435677570
801	395	0	0	0	435677578
802	393	0	0	0	435677585
803	391	0	0	0	435677593
804	390	0	0	0	435677600
804	389	0	0	0	435677608
805	387	0	0	0	435677615
805	386	0	0	0	435677623
805	386	0	0	0	435677630
805	386	0	0	0	435677638
806	384	0	0	0	435677645
806	384	0	0	0	435677653
806	384	0	0	0	435677660
806	384	0	0	0	435677668
807	385	0	0	0	435677675
807	386	0	0	0	435677683
807	387	0	0	0	435677690
807	389	0	0	0	435677698
808	391	0	0	0	435677705
808	393	0	0	0	435677713
809	395	0	0	0	435677720
810	397	0	0	0	435677728
811	398	0	0	0	435677735
813	399	0	0	0	435677743
814	400	0	0	0	435677750
816	400	0	0	0	435677758
818	400	0	0	0	435677766
820	399	0	0	0	435677773
821	397	0	0	0	435677781
823	396	0	0	0	435677788
824	394	0	0	0	435677796
825	392	0	0	0	435677803
826	390	0	0	0	435677811
827	389	0	0	0	435677818
827	388	0	0	0	435677826
827	387	0	0	0	435677833
827	387	0	0	0	435677841
827	387	0	0	0	435677848
827	387	0	0	0	435677856
827	387	0	0	0	435677863
828	388	0	0	0	435677871
829	390	0	0	0	435677878
829	391	0	0	0	435677886
831	392	0	0	0	435677893
832	394	0	0	0	435677901
833	394	0	0	0	435677908
834	395	0	0	0	435677916
835	395	0	0	0	435677923
837	395	0	0	0	435677931
838	395	0	0	0	435677938
839	394	0	0	0	435677946
24	41
837	369	0	0	0	435678038
837	368	0	0	0	435678046
837	368	0	0	0	435678053
836	368	0	0	0	435678061
836	368	0	0	0	435678068
835	370	0	0	0	435678076
835	372	0	0	0	435678083
835	374	0	0	0	435678091
834	377	0	0	0	435678098
834	380	0	0	0	435678106
834	383	0	0	0	435678113
834	386	0	0	0	435678121
835	388	0	0	0	435678128
836	391	0	0	0	435678136
837	393	0	0	0	435678143
839	395	0	0	0	435678151
841	396	0	0	0	435678158
844	397	0	0	0	435678166
847	397	0	0	0	435678173
850	397	0	0	0	435678181
853	396	0	0	0	435678188
856	395	0	0	0	435678196
858	394	0	0	0	435678203
859	393	0	0	0	435678211
9	41
830	375	0	0	0	435678323
830	375	0	0	0	435678330
832	374	0	0	0	435678338
834	375	0	0	0	435678345
838	375	0	0	0	435678353
842	374	0	0	0	435678360
847	373	0	0	0	435678368
852	372	0	0	0	435678375
856	371	0	0	0	435678383
