39
28	0
198	316	0	0	0	511759961
198	316	0	0	0	511759969
197	317	0	0	0	511759976
197	317	0	0	0	511759984
197	317	0	0	0	511759991
197	317	0	0	0	511759999
197	317	0	0	0	511760006
197	318	0	0	0	511760014
197	318	0	0	0	511760021
197	318	0	0	0	511760029
197	318	0	0	0	511760036
198	317	0	0	0	511760044
198	316	0	0	0	511760051
198	314	0	0	0	511760059
199	313	0	0	0	511760066
199	311	0	0	0	511760074
200	309	0	0	0	511760081
201	306	0	0	0	511760089
202	303	0	0	0	511760096
203	301	0	0	0	511760104
204	298	0	0	0	511760111
205	296	0	0	0	511760119
206	294	0	0	0	511760126
207	292	0	0	0	511760134
207	291	0	0	0	511760141
208	290	0	0	0	511760149
208	290	0	0	0	511760156
210	289	0	0	0	511760164
25	0
210	289	0	0	0	511760172
210	289	0	0	0	511760179
210	289	0	0	0	511760187
211	291	0	0	0	511760194
212	292	0	0	0	511760202
212	294	0	0	0	511760209
213	296	0	0	0	511760217
214	298	0	0	0	511760224
215	300	0	0	0	511760232
216	302	0	0	0	511760239
216	304	0	0	0	511760247
217	307	0	0	0	511760254
218	309	0	0	0	511760262
218	310	0	0	0	511760269
219	312	0	0	0	511760277
220	313	0	0	0	511760284
220	314	0	0	0	511760292
220	314	0	0	0	511760299
221	314	0	0	0	511760307
221	314	0	0	0	511760314
221	313	0	0	0	511760322
221	313	0	0	0	511760329
221	312	0	0	0	511760337
221	312	0	0	0	511760344
220	311	0	0	0	511760352
19	0
205	309	0	0	0	511760483
203	310	0	0	0	511760490
203	310	0	0	0	511760498
203	310	0	0	0	511760505
203	310	0	0	0	511760513
205	310	0	0	0	511760520
206	310	0	0	0	511760528
208	310	0	0	0	511760535
211	310	0	0	0	511760543
213	310	0	0	0	511760550
216	310	0	0	0	511760558
218	310	0	0	0	511760565
220	310	0	0	0	511760573
222	310	0	0	0	511760580
224	311	0	0	0	511760588
225	312	0	0	0	511760595
225	312	0	0	0	511760603
227	312	0	0	0	511760610
227	312	0	0	0	511760618
27	3
207	340	0	0	0	511760968
207	340	0	0	0	511760976
206	339	0	0	0	511760984
206	339	0	0	0	511760991
206	339	0	0	0	511760999
206	338	0	0	0	511761006
206	338	0	0	0	511761014
206	338	0	0	0	511761021
206	340	0	0	0	511761029
206	341	0	0	0	511761036
206	343	0	0	0	511761044
206	345	0	0	0	511761051
206	347	0	0	0	511761059
206	350	0	0	0	511761066
205	353	0	0	0	511761074
205	355	0	0	0	511761081
205	357	0	0	0	511761089
205	359	0	0	0	511761096
205	361	0	0	0	511761104
205	362	0	0	0	511761111
205	362	0	0	0	511761119
206	363	0	0	0	511761126
206	363	0	0	0	511761134
207	362	0	0	0	511761141
208	361	0	0	0	511761149
208	360	0	0	0	511761156
209	359	0	0	0	511761164
52	3
205	343	0	0	0	511761250
205	343	0	0	0	511761257
204	342	0	0	0	511761265
204	342	0	0	0	511761272
205	341	0	0	0	511761280
206	340	0	0	0	511761287
207	340	0	0	0	511761295
208	339	0	0	0	511761302
210	339	0	0	0	511761310
211	338	0	0	0	511761317
213	338	0	0	0	511761325
214	338	0	0	0	511761332
215	339	0	0	0	511761340
216	340	0	0	0	511761347
217	341	0	0	0	511761355
217	342	0	0	0	511761362
217	344	0	0	0	511761370
216	346	0	0	0	511761377
216	347	0	0	0	511761385
215	349	0	0	0	511761392
214	350	0	0	0	511761400
213	352	0	0	0	511761407
211	353	0	0	0	511761415
210	353	0	0	0	511761422
209	354	0	0	0	511761430
209	354	0	0	0	511761437
209	354	0	0	0	511761445
209	354	0	0	0	511761453
209	354	0	0	0	511761460
209	354	0	0	0	511761468
210	354	0	0	0	511761475
212	354	0	0	0	511761483
213	354	0	0	0	511761490
215	354	0	0	0	511761498
216	355	0	0	0	511761505
218	355	0	0	0	511761513
219	356	0	0	0	511761520
220	358	0	0	0	511761528
221	360	0	0	0	511761535
221	362	0	0	0	511761543
221	364	0	0	0	511761550
220	366	0	0	0	511761558
219	368	0	0	0	511761565
217	370	0	0	0	511761573
215	371	0	0	0	511761580
213	372	0	0	0	511761588
211	372	0	0	0	511761595
210	372	0	0	0	511761603
208	372	0	0	0	511761610
208	370	0	0	0	511761618
208	369	0	0	0	511761625
208	366	0	0	0	511761633
24	6
236	303	0	0	0	511762898
236	303	0	0	0	511762906
236	303	0	0	0	511762913
236	303	0	0	0	511762921
237	302	0	0	0	511762928
239	302	0	0	0	511762936
241	302	0	0	0	511762943
243	302	0	0	0	511762951
245	302	0	0	0	511762958
248	302	0	0	0	511762966
252	302	0	0	0	511762973
255	302	0	0	0	511762981
259	302	0	0	0	511762988
263	302	0	0	0	511762996
267	302	0	0	0	511763003
271	302	0	0	0	511763011
274	301	0	0	0	511763018
277	301	0	0	0	511763026
280	301	0	0	0	511763033
283	301	0	0	0	511763041
285	302	0	0	0	511763048
287	302	0	0	0	511763056
288	302	0	0	0	511763063
288	302	0	0	0	511763071
23	6
243	353	0	0	0	511763421
243	354	0	0	0	511763428
243	354	0	0	0	511763436
243	354	0	0	0	511763443
244	354	0	0	0	511763451
245	354	0	0	0	511763458
247	355	0	0	0	511763466
249	355	0	0	0	511763473
252	356	0	0	0	511763481
255	356	0	0	0	511763488
258	357	0	0	0	511763496
262	357	0	0	0	511763503
266	357	0	0	0	511763511
269	357	0	0	0	511763518
273	357	0	0	0	511763526
276	357	0	0	0	511763533
279	356	0	0	0	511763541
282	356	0	0	0	511763548
285	355	0	0	0	511763556
286	354	0	0	0	511763563
288	353	0	0	0	511763571
288	352	0	0	0	511763578
288	350	0	0	0	511763586
38	6
283	286	0	0	0	511763886
283	284	0	0	0	511763893
283	284	0	0	0	511763901
282	283	0	0	0	511763908
282	283	0	0	0	511763916
282	283	0	0	0	511763923
282	283	0	0	0	511763931
282	284	0	0	0	511763938
282	285	0	0	0	511763946
282	287	0	0	0	511763953
282	290	0	0	0	511763961
283	293	0	0	0	511763968
283	297	0	0	0	511763976
283	302	0	0	0	511763984
283	307	0	0	0	511763991
284	312	0	0	0	511763999
284	318	0	0	0	511764006
285	323	0	0	0	511764014
285	329	0	0	0	511764021
285	334	0	0	0	511764029
286	338	0	0	0	511764036
286	343	0	0	0	511764044
286	347	0	0	0	511764051
287	350	0	0	0	511764059
287	353	0	0	0	511764066
287	356	0	0	0	511764074
287	358	0	0	0	511764081
287	360	0	0	0	511764089
287	362	0	0	0	511764096
287	363	0	0	0	511764104
287	363	0	0	0	511764111
287	363	0	0	0	511764119
288	364	0	0	0	511764126
289	363	0	0	0	511764134
289	361	0	0	0	511764141
290	359	0	0	0	511764149
290	356	0	0	0	511764156
291	354	0	0	0	511764164
138	6
284	284	0	0	0	511764447
284	284	0	0	0	511764454
284	284	0	0	0	511764462
284	284	0	0	0	511764469
284	284	0	0	0	511764477
284	283	0	0	0	511764485
284	283	0	0	0	511764492
285	283	0	0	0	511764500
286	283	0	0	0	511764507
287	282	0	0	0	511764515
289	282	0	0	0	511764522
291	281	0	0	0	511764530
294	281	0	0	0	511764537
297	281	0	0	0	511764545
300	281	0	0	0	511764552
302	281	0	0	0	511764560
306	281	0	0	0	511764567
308	281	0	0	0	511764575
312	281	0	0	0	511764582
314	281	0	0	0	511764590
318	281	0	0	0	511764597
321	281	0	0	0	511764605
324	281	0	0	0	511764612
327	281	0	0	0	511764620
330	280	0	0	0	511764627
334	280	0	0	0	511764635
337	280	0	0	0	511764642
340	280	0	0	0	511764650
343	280	0	0	0	511764657
346	280	0	0	0	511764665
349	280	0	0	0	511764672
351	280	0	0	0	511764680
353	280	0	0	0	511764688
355	281	0	0	0	511764695
356	281	0	0	0	511764703
358	282	0	0	0	511764710
359	283	0	0	0	511764718
360	284	0	0	0	511764725
361	285	0	0	0	511764733
362	287	0	0	0	511764740
364	289	0	0	0	511764748
365	290	0	0	0	511764755
366	292	0	0	0	511764763
367	293	0	0	0	511764770
368	295	0	0	0	511764778
369	297	0	0	0	511764785
371	299	0	0	0	511764793
372	300	0	0	0	511764800
373	302	0	0	0	511764808
374	304	0	0	0	511764815
375	306	0	0	0	511764823
376	308	0	0	0	511764830
377	309	0	0	0	511764838
377	311	0	0	0	511764845
378	313	0	0	0	511764853
378	314	0	0	0	511764860
379	316	0	0	0	511764868
379	317	0	0	0	511764875
380	318	0	0	0	511764883
380	320	0	0	0	511764891
380	321	0	0	0	511764898
380	323	0	0	0	511764906
380	324	0	0	0	511764913
380	325	0	0	0	511764921
381	327	0	0	0	511764928
381	328	0	0	0	511764936
381	330	0	0	0	511764943
381	331	0	0	0	511764951
381	332	0	0	0	511764958
381	333	0	0	0	511764966
380	335	0	0	0	511764973
380	336	0	0	0	511764981
380	337	0	0	0	511764988
380	338	0	0	0	511764996
379	339	0	0	0	511765003
379	340	0	0	0	511765011
378	341	0	0	0	511765018
378	343	0	0	0	511765026
377	344	0	0	0	511765033
376	345	0	0	0	511765041
376	346	0	0	0	511765048
375	347	0	0	0	511765056
374	348	0	0	0	511765063
373	349	0	0	0	511765071
372	350	0	0	0	511765078
371	351	0	0	0	511765086
370	351	0	0	0	511765094
369	352	0	0	0	511765101
367	353	0	0	0	511765109
366	354	0	0	0	511765116
364	355	0	0	0	511765124
363	356	0	0	0	511765131
362	356	0	0	0	511765139
360	357	0	0	0	511765146
358	357	0	0	0	511765154
357	358	0	0	0	511765161
355	359	0	0	0	511765169
354	359	0	0	0	511765176
352	360	0	0	0	511765184
350	360	0	0	0	511765191
348	361	0	0	0	511765199
346	362	0	0	0	511765206
344	362	0	0	0	511765214
343	363	0	0	0	511765221
341	363	0	0	0	511765229
339	363	0	0	0	511765236
337	363	0	0	0	511765244
336	364	0	0	0	511765251
334	364	0	0	0	511765259
333	364	0	0	0	511765266
331	365	0	0	0	511765274
329	365	0	0	0	511765281
327	366	0	0	0	511765289
325	366	0	0	0	511765297
323	367	0	0	0	511765304
322	367	0	0	0	511765312
320	367	0	0	0	511765319
318	368	0	0	0	511765327
316	368	0	0	0	511765334
314	368	0	0	0	511765342
312	367	0	0	0	511765349
310	367	0	0	0	511765357
308	367	0	0	0	511765364
306	367	0	0	0	511765372
304	367	0	0	0	511765379
302	367	0	0	0	511765387
300	367	0	0	0	511765394
298	367	0	0	0	511765402
296	367	0	0	0	511765409
294	367	0	0	0	511765417
293	367	0	0	0	511765424
291	367	0	0	0	511765432
290	366	0	0	0	511765439
289	365	0	0	0	511765447
289	365	0	0	0	511765454
288	365	0	0	0	511765462
288	364	0	0	0	511765469
288	363	0	0	0	511765477
64	9
395	315	0	0	0	511766690
395	314	0	0	0	511766698
395	314	0	0	0	511766705
395	313	0	0	0	511766713
395	312	0	0	0	511766720
395	312	0	0	0	511766728
395	310	0	0	0	511766735
395	310	0	0	0	511766743
395	309	0	0	0	511766750
395	309	0	0	0	511766758
395	308	0	0	0	511766765
395	308	0	0	0	511766773
395	308	0	0	0	511766781
394	308	0	0	0	511766788
394	308	0	0	0	511766796
393	309	0	0	0	511766803
393	309	0	0	0	511766811
392	311	0	0	0	511766818
391	313	0	0	0	511766826
390	314	0	0	0	511766833
390	316	0	0	0	511766841
389	318	0	0	0	511766848
389	320	0	0	0	511766856
389	323	0	0	0	511766863
389	325	0	0	0	511766871
389	328	0	0	0	511766878
389	330	0	0	0	511766886
390	333	0	0	0	511766893
391	335	0	0	0	511766901
392	337	0	0	0	511766908
393	339	0	0	0	511766916
395	341	0	0	0	511766923
397	342	0	0	0	511766931
399	343	0	0	0	511766938
401	344	0	0	0	511766946
403	344	0	0	0	511766953
406	344	0	0	0	511766961
408	344	0	0	0	511766968
410	343	0	0	0	511766976
412	342	0	0	0	511766984
414	341	0	0	0	511766991
416	339	0	0	0	511766999
417	337	0	0	0	511767006
418	336	0	0	0	511767014
419	334	0	0	0	511767021
419	332	0	0	0	511767029
419	330	0	0	0	511767036
419	328	0	0	0	511767044
418	326	0	0	0	511767051
417	324	0	0	0	511767059
416	322	0	0	0	511767066
414	320	0	0	0	511767074
412	318	0	0	0	511767081
409	316	0	0	0	511767089
406	315	0	0	0	511767096
404	314	0	0	0	511767104
402	312	0	0	0	511767111
400	311	0	0	0	511767119
399	311	0	0	0	511767126
398	310	0	0	0	511767134
398	310	0	0	0	511767141
398	310	0	0	0	511767149
398	309	0	0	0	511767156
400	309	0	0	0	511767164
56	9
422	322	0	0	0	511767453
420	322	0	0	0	511767460
420	322	0	0	0	511767468
420	322	0	0	0	511767475
420	322	0	0	0	511767483
420	322	0	0	0	511767490
420	322	0	0	0	511767498
420	322	0	0	0	511767505
421	321	0	0	0	511767513
423	322	0	0	0	511767520
425	321	0	0	0	511767528
428	321	0	0	0	511767535
431	321	0	0	0	511767543
435	321	0	0	0	511767550
438	321	0	0	0	511767558
442	320	0	0	0	511767565
446	320	0	0	0	511767573
450	320	0	0	0	511767580
454	320	0	0	0	511767588
457	320	0	0	0	511767595
460	319	0	0	0	511767603
462	319	0	0	0	511767610
464	319	0	0	0	511767618
466	319	0	0	0	511767625
467	319	0	0	0	511767633
468	319	0	0	0	511767641
468	319	0	0	0	511767648
468	319	0	0	0	511767656
468	319	0	0	0	511767663
468	319	0	0	0	511767671
468	319	0	0	0	511767678
469	318	0	0	0	511767686
469	318	0	0	0	511767693
469	318	0	0	0	511767701
469	317	0	0	0	511767708
469	317	0	0	0	511767716
469	317	0	0	0	511767723
469	317	0	0	0	511767731
469	317	0	0	0	511767738
469	317	0	0	0	511767746
469	317	0	0	0	511767753
469	317	0	0	0	511767761
469	317	0	0	0	511767768
469	317	0	0	0	511767776
470	316	0	0	0	511767783
470	316	0	0	0	511767791
470	316	0	0	0	511767798
471	316	0	0	0	511767806
471	316	0	0	0	511767813
472	316	0	0	0	511767821
472	316	0	0	0	511767829
473	316	0	0	0	511767836
473	316	0	0	0	511767844
473	316	0	0	0	511767851
473	316	0	0	0	511767859
473	316	0	0	0	511767866
88	9
473	316	0	0	0	511767874
473	316	0	0	0	511767881
473	316	0	0	0	511767889
473	316	0	0	0	511767896
474	316	0	0	0	511767904
474	316	0	0	0	511767911
474	316	0	0	0	511767919
474	316	0	0	0	511767926
474	316	0	0	0	511767934
473	316	0	0	0	511767941
473	316	0	0	0	511767949
473	316	0	0	0	511767956
473	316	0	0	0	511767964
473	315	0	0	0	511767971
473	315	0	0	0	511767979
473	315	0	0	0	511767986
473	314	0	0	0	511767994
473	314	0	0	0	511768001
473	314	0	0	0	511768009
473	314	0	0	0	511768016
473	314	0	0	0	511768024
473	314	0	0	0	511768032
473	313	0	0	0	511768039
473	313	0	0	0	511768047
473	313	0	0	0	511768054
473	313	0	0	0	511768062
473	313	0	0	0	511768069
473	313	0	0	0	511768077
473	313	0	0	0	511768084
473	313	0	0	0	511768092
473	313	0	0	0	511768099
473	313	0	0	0	511768107
473	313	0	0	0	511768114
473	313	0	0	0	511768122
473	313	0	0	0	511768129
473	313	0	0	0	511768137
473	313	0	0	0	511768144
473	313	0	0	0	511768152
473	313	0	0	0	511768159
473	313	0	0	0	511768167
473	313	0	0	0	511768174
473	313	0	0	0	511768182
473	313	0	0	0	511768189
473	313	0	0	0	511768197
473	313	0	0	0	511768204
473	313	0	0	0	511768212
473	313	0	0	0	511768219
473	313	0	0	0	511768227
473	313	0	0	0	511768235
473	313	0	0	0	511768242
473	313	0	0	0	511768250
473	313	0	0	0	511768257
473	313	0	0	0	511768265
473	313	0	0	0	511768272
473	313	0	0	0	511768280
473	313	0	0	0	511768287
473	313	0	0	0	511768295
473	313	0	0	0	511768302
473	313	0	0	0	511768310
473	314	0	0	0	511768317
473	314	0	0	0	511768325
473	315	0	0	0	511768332
473	316	0	0	0	511768340
474	317	0	0	0	511768347
474	318	0	0	0	511768355
474	320	0	0	0	511768362
474	323	0	0	0	511768370
474	325	0	0	0	511768377
474	329	0	0	0	511768385
474	332	0	0	0	511768392
474	336	0	0	0	511768400
474	339	0	0	0	511768407
474	343	0	0	0	511768415
474	346	0	0	0	511768422
474	349	0	0	0	511768430
474	352	0	0	0	511768438
474	355	0	0	0	511768445
474	357	0	0	0	511768453
474	359	0	0	0	511768460
475	360	0	0	0	511768468
475	361	0	0	0	511768475
475	362	0	0	0	511768483
475	362	0	0	0	511768490
475	363	0	0	0	511768498
475	363	0	0	0	511768505
475	363	0	0	0	511768513
475	363	0	0	0	511768520
475	363	0	0	0	511768528
39	9
475	363	0	0	0	511768535
475	363	0	0	0	511768543
475	363	0	0	0	511768550
475	363	0	0	0	511768558
475	362	0	0	0	511768565
475	362	0	0	0	511768573
475	362	0	0	0	511768580
476	361	0	0	0	511768588
476	361	0	0	0	511768595
478	360	0	0	0	511768603
479	360	0	0	0	511768610
481	359	0	0	0	511768618
483	359	0	0	0	511768625
484	358	0	0	0	511768633
487	358	0	0	0	511768641
489	358	0	0	0	511768648
492	357	0	0	0	511768656
495	357	0	0	0	511768663
498	356	0	0	0	511768671
502	356	0	0	0	511768678
505	356	0	0	0	511768686
509	355	0	0	0	511768693
513	355	0	0	0	511768701
516	355	0	0	0	511768708
520	355	0	0	0	511768716
522	355	0	0	0	511768723
525	355	0	0	0	511768731
527	355	0	0	0	511768738
529	355	0	0	0	511768746
530	355	0	0	0	511768753
531	355	0	0	0	511768761
531	355	0	0	0	511768768
531	355	0	0	0	511768776
531	355	0	0	0	511768783
531	355	0	0	0	511768791
531	355	0	0	0	511768798
531	355	0	0	0	511768806
530	354	0	0	0	511768813
530	354	0	0	0	511768821
44	9
533	338	0	0	0	511769295
533	338	0	0	0	511769302
533	338	0	0	0	511769310
533	338	0	0	0	511769317
533	338	0	0	0	511769325
533	338	0	0	0	511769332
533	338	0	0	0	511769340
533	339	0	0	0	511769347
533	341	0	0	0	511769355
534	343	0	0	0	511769362
534	345	0	0	0	511769370
534	347	0	0	0	511769377
534	350	0	0	0	511769385
535	354	0	0	0	511769392
535	357	0	0	0	511769400
535	361	0	0	0	511769407
535	365	0	0	0	511769415
535	369	0	0	0	511769422
535	373	0	0	0	511769430
535	377	0	0	0	511769438
534	382	0	0	0	511769445
534	386	0	0	0	511769453
534	390	0	0	0	511769460
534	395	0	0	0	511769468
534	399	0	0	0	511769475
534	404	0	0	0	511769483
533	408	0	0	0	511769490
533	412	0	0	0	511769498
533	416	0	0	0	511769505
533	420	0	0	0	511769513
533	424	0	0	0	511769520
532	428	0	0	0	511769528
532	431	0	0	0	511769535
532	434	0	0	0	511769543
532	437	0	0	0	511769550
532	439	0	0	0	511769558
532	440	0	0	0	511769565
532	440	0	0	0	511769573
532	441	0	0	0	511769580
533	440	0	0	0	511769588
533	438	0	0	0	511769595
533	436	0	0	0	511769603
533	433	0	0	0	511769610
534	430	0	0	0	511769618
132	9
531	345	0	0	0	511769867
530	344	0	0	0	511769875
530	344	0	0	0	511769882
530	344	0	0	0	511769890
530	344	0	0	0	511769897
530	344	0	0	0	511769905
532	343	0	0	0	511769912
533	343	0	0	0	511769920
534	342	0	0	0	511769927
535	342	0	0	0	511769935
537	342	0	0	0	511769942
539	341	0	0	0	511769950
541	341	0	0	0	511769957
543	341	0	0	0	511769965
545	340	0	0	0	511769972
548	340	0	0	0	511769980
550	340	0	0	0	511769987
553	340	0	0	0	511769995
555	340	0	0	0	511770002
558	340	0	0	0	511770010
560	340	0	0	0	511770017
563	340	0	0	0	511770025
565	340	0	0	0	511770032
567	341	0	0	0	511770040
569	341	0	0	0	511770047
571	341	0	0	0	511770055
574	341	0	0	0	511770063
576	342	0	0	0	511770070
578	342	0	0	0	511770078
580	342	0	0	0	511770085
582	343	0	0	0	511770093
584	343	0	0	0	511770100
587	343	0	0	0	511770108
589	343	0	0	0	511770115
592	343	0	0	0	511770123
594	343	0	0	0	511770130
596	344	0	0	0	511770138
599	344	0	0	0	511770145
601	344	0	0	0	511770153
604	345	0	0	0	511770160
606	345	0	0	0	511770168
609	345	0	0	0	511770175
611	346	0	0	0	511770183
614	347	0	0	0	511770190
616	347	0	0	0	511770198
618	348	0	0	0	511770205
621	349	0	0	0	511770213
623	350	0	0	0	511770220
625	351	0	0	0	511770228
627	353	0	0	0	511770235
629	354	0	0	0	511770243
631	355	0	0	0	511770250
633	356	0	0	0	511770258
634	358	0	0	0	511770266
636	359	0	0	0	511770273
637	361	0	0	0	511770281
638	363	0	0	0	511770288
639	364	0	0	0	511770296
641	366	0	0	0	511770303
642	368	0	0	0	511770311
642	370	0	0	0	511770318
643	373	0	0	0	511770326
644	375	0	0	0	511770333
644	376	0	0	0	511770341
645	378	0	0	0	511770348
645	380	0	0	0	511770356
645	382	0	0	0	511770363
645	383	0	0	0	511770371
645	385	0	0	0	511770378
645	386	0	0	0	511770386
645	388	0	0	0	511770393
644	389	0	0	0	511770401
644	390	0	0	0	511770408
643	392	0	0	0	511770416
642	393	0	0	0	511770423
641	395	0	0	0	511770431
640	396	0	0	0	511770438
639	398	0	0	0	511770446
638	399	0	0	0	511770453
637	401	0	0	0	511770461
636	403	0	0	0	511770469
635	404	0	0	0	511770476
634	406	0	0	0	511770484
633	408	0	0	0	511770491
632	409	0	0	0	511770499
631	411	0	0	0	511770506
629	412	0	0	0	511770514
627	414	0	0	0	511770521
626	416	0	0	0	511770529
624	417	0	0	0	511770536
623	419	0	0	0	511770544
621	421	0	0	0	511770551
619	422	0	0	0	511770559
618	423	0	0	0	511770566
616	425	0	0	0	511770574
615	426	0	0	0	511770581
613	427	0	0	0	511770589
612	428	0	0	0	511770596
610	429	0	0	0	511770604
608	429	0	0	0	511770611
606	430	0	0	0	511770619
604	431	0	0	0	511770626
602	432	0	0	0	511770634
600	432	0	0	0	511770641
598	433	0	0	0	511770649
596	434	0	0	0	511770656
593	435	0	0	0	511770664
591	435	0	0	0	511770672
588	436	0	0	0	511770679
585	437	0	0	0	511770687
582	438	0	0	0	511770694
579	439	0	0	0	511770702
576	440	0	0	0	511770709
573	441	0	0	0	511770717
570	442	0	0	0	511770724
567	442	0	0	0	511770732
564	443	0	0	0	511770739
561	443	0	0	0	511770747
558	443	0	0	0	511770754
555	442	0	0	0	511770762
553	442	0	0	0	511770769
551	441	0	0	0	511770777
549	441	0	0	0	511770784
548	440	0	0	0	511770792
546	440	0	0	0	511770799
545	439	0	0	0	511770807
545	439	0	0	0	511770814
544	439	0	0	0	511770822
544	439	0	0	0	511770829
545	437	0	0	0	511770837
545	436	0	0	0	511770844
546	435	0	0	0	511770852
209	9
655	374	0	0	0	511771272
655	374	0	0	0	511771280
656	373	0	0	0	511771287
656	373	0	0	0	511771295
656	372	0	0	0	511771302
656	372	0	0	0	511771310
655	371	0	0	0	511771317
655	371	0	0	0	511771325
655	371	0	0	0	511771332
654	370	0	0	0	511771340
653	370	0	0	0	511771347
652	371	0	0	0	511771355
651	371	0	0	0	511771362
650	372	0	0	0	511771370
648	372	0	0	0	511771377
647	373	0	0	0	511771385
646	374	0	0	0	511771392
645	375	0	0	0	511771400
644	377	0	0	0	511771407
644	378	0	0	0	511771415
643	379	0	0	0	511771422
643	380	0	0	0	511771430
643	381	0	0	0	511771437
643	382	0	0	0	511771445
643	383	0	0	0	511771453
643	384	0	0	0	511771460
643	385	0	0	0	511771468
643	385	0	0	0	511771475
643	386	0	0	0	511771483
643	386	0	0	0	511771490
643	386	0	0	0	511771498
644	387	0	0	0	511771505
644	387	0	0	0	511771513
644	387	0	0	0	511771520
644	387	0	0	0	511771528
644	387	0	0	0	511771535
644	387	0	0	0	511771543
644	387	0	0	0	511771550
644	387	0	0	0	511771558
644	387	0	0	0	511771565
644	387	0	0	0	511771573
644	387	0	0	0	511771580
644	387	0	0	0	511771588
644	387	0	0	0	511771595
644	387	0	0	0	511771603
644	387	0	0	0	511771610
644	387	0	0	0	511771618
644	387	0	0	0	511771625
644	387	0	0	0	511771633
644	387	0	0	0	511771640
644	387	0	0	0	511771648
644	387	0	0	0	511771656
644	387	0	0	0	511771663
644	387	0	0	0	511771671
644	387	0	0	0	511771678
644	387	0	0	0	511771686
644	387	0	0	0	511771693
644	387	0	0	0	511771701
644	387	0	0	0	511771708
644	387	0	0	0	511771716
644	387	0	0	0	511771723
644	387	0	0	0	511771731
644	387	0	0	0	511771738
644	387	0	0	0	511771746
644	387	0	0	0	511771753
644	387	0	0	0	511771761
644	387	0	0	0	511771768
644	387	0	0	0	511771776
644	387	0	0	0	511771783
644	387	0	0	0	511771791
644	387	0	0	0	511771798
644	387	0	0	0	511771806
644	387	0	0	0	511771813
644	387	0	0	0	511771821
644	387	0	0	0	511771828
644	387	0	0	0	511771836
644	387	0	0	0	511771844
644	387	0	0	0	511771851
644	387	0	0	0	511771859
644	387	0	0	0	511771866
644	387	0	0	0	511771874
644	387	0	0	0	511771881
644	387	0	0	0	511771889
644	387	0	0	0	511771896
644	387	0	0	0	511771904
644	387	0	0	0	511771911
644	387	0	0	0	511771919
644	387	0	0	0	511771926
644	387	0	0	0	511771934
644	387	0	0	0	511771941
644	387	0	0	0	511771949
644	387	0	0	0	511771956
644	387	0	0	0	511771964
644	387	0	0	0	511771971
644	387	0	0	0	511771979
644	387	0	0	0	511771986
644	387	0	0	0	511771994
644	387	0	0	0	511772001
644	387	0	0	0	511772009
644	387	0	0	0	511772016
644	387	0	0	0	511772024
644	387	0	0	0	511772031
644	387	0	0	0	511772039
644	387	0	0	0	511772047
644	387	0	0	0	511772054
644	387	0	0	0	511772062
644	387	0	0	0	511772069
644	387	0	0	0	511772077
644	387	0	0	0	511772084
644	387	0	0	0	511772092
644	387	0	0	0	511772099
644	387	0	0	0	511772107
644	387	0	0	0	511772114
644	387	0	0	0	511772122
644	387	0	0	0	511772129
644	387	0	0	0	511772137
644	387	0	0	0	511772144
644	387	0	0	0	511772152
644	387	0	0	0	511772159
644	387	0	0	0	511772167
644	387	0	0	0	511772174
644	387	0	0	0	511772182
644	387	0	0	0	511772189
644	387	0	0	0	511772197
644	388	0	0	0	511772204
644	388	0	0	0	511772212
644	388	0	0	0	511772219
644	388	0	0	0	511772227
644	388	0	0	0	511772234
644	389	0	0	0	511772242
644	389	0	0	0	511772250
644	389	0	0	0	511772257
645	389	0	0	0	511772265
645	389	0	0	0	511772272
645	390	0	0	0	511772280
645	390	0	0	0	511772287
645	391	0	0	0	511772295
645	391	0	0	0	511772302
645	391	0	0	0	511772310
645	392	0	0	0	511772317
645	392	0	0	0	511772325
645	392	0	0	0	511772332
646	393	0	0	0	511772340
646	393	0	0	0	511772347
646	393	0	0	0	511772355
647	394	0	0	0	511772362
647	394	0	0	0	511772370
648	395	0	0	0	511772377
648	395	0	0	0	511772385
649	396	0	0	0	511772392
649	396	0	0	0	511772400
650	397	0	0	0	511772407
651	397	0	0	0	511772415
652	398	0	0	0	511772422
652	398	0	0	0	511772430
653	398	0	0	0	511772437
654	398	0	0	0	511772445
655	398	0	0	0	511772453
656	398	0	0	0	511772460
657	398	0	0	0	511772468
658	397	0	0	0	511772475
660	397	0	0	0	511772483
661	397	0	0	0	511772490
662	396	0	0	0	511772498
663	396	0	0	0	511772505
664	395	0	0	0	511772513
665	395	0	0	0	511772520
666	394	0	0	0	511772528
667	394	0	0	0	511772535
668	393	0	0	0	511772543
669	393	0	0	0	511772550
670	393	0	0	0	511772558
671	392	0	0	0	511772565
672	391	0	0	0	511772573
673	391	0	0	0	511772580
675	390	0	0	0	511772588
676	389	0	0	0	511772595
676	388	0	0	0	511772603
677	387	0	0	0	511772610
677	386	0	0	0	511772618
678	385	0	0	0	511772625
678	385	0	0	0	511772633
678	384	0	0	0	511772640
678	383	0	0	0	511772648
678	382	0	0	0	511772656
678	382	0	0	0	511772663
677	381	0	0	0	511772671
677	380	0	0	0	511772678
677	379	0	0	0	511772686
676	378	0	0	0	511772693
676	377	0	0	0	511772701
675	377	0	0	0	511772708
674	376	0	0	0	511772716
673	375	0	0	0	511772723
673	374	0	0	0	511772731
672	373	0	0	0	511772738
671	372	0	0	0	511772746
669	371	0	0	0	511772753
668	371	0	0	0	511772761
666	370	0	0	0	511772768
665	370	0	0	0	511772776
663	370	0	0	0	511772783
662	369	0	0	0	511772791
660	369	0	0	0	511772798
659	369	0	0	0	511772806
658	369	0	0	0	511772813
657	369	0	0	0	511772821
656	368	0	0	0	511772828
656	368	0	0	0	511772836
42	9
532	400	0	0	0	511773514
532	400	0	0	0	511773521
532	400	0	0	0	511773529
532	400	0	0	0	511773536
531	399	0	0	0	511773544
531	399	0	0	0	511773551
531	399	0	0	0	511773559
530	399	0	0	0	511773566
530	399	0	0	0	511773574
528	399	0	0	0	511773581
527	399	0	0	0	511773589
525	399	0	0	0	511773596
523	399	0	0	0	511773604
521	399	0	0	0	511773611
518	400	0	0	0	511773619
514	400	0	0	0	511773626
511	400	0	0	0	511773634
507	400	0	0	0	511773641
503	400	0	0	0	511773649
499	400	0	0	0	511773657
495	400	0	0	0	511773664
492	400	0	0	0	511773672
488	400	0	0	0	511773679
485	400	0	0	0	511773687
482	400	0	0	0	511773694
479	400	0	0	0	511773702
477	400	0	0	0	511773709
476	399	0	0	0	511773717
475	399	0	0	0	511773724
475	399	0	0	0	511773732
475	399	0	0	0	511773739
475	399	0	0	0	511773747
476	398	0	0	0	511773754
476	398	0	0	0	511773762
477	398	0	0	0	511773769
477	398	0	0	0	511773777
478	397	0	0	0	511773784
478	397	0	0	0	511773792
478	397	0	0	0	511773799
479	397	0	0	0	511773807
479	397	0	0	0	511773814
479	397	0	0	0	511773822
44	9
479	397	0	0	0	511773829
479	397	0	0	0	511773837
479	397	0	0	0	511773844
479	397	0	0	0	511773852
479	397	0	0	0	511773860
479	398	0	0	0	511773867
479	399	0	0	0	511773875
479	400	0	0	0	511773882
479	401	0	0	0	511773890
480	403	0	0	0	511773897
480	404	0	0	0	511773905
480	407	0	0	0	511773912
480	409	0	0	0	511773920
480	412	0	0	0	511773927
480	416	0	0	0	511773935
480	419	0	0	0	511773942
480	422	0	0	0	511773950
480	425	0	0	0	511773957
480	428	0	0	0	511773965
480	431	0	0	0	511773972
480	433	0	0	0	511773980
480	435	0	0	0	511773987
480	437	0	0	0	511773995
480	438	0	0	0	511774002
480	439	0	0	0	511774010
480	440	0	0	0	511774017
480	440	0	0	0	511774025
480	441	0	0	0	511774032
480	441	0	0	0	511774040
480	441	0	0	0	511774047
480	442	0	0	0	511774055
480	442	0	0	0	511774063
480	442	0	0	0	511774070
480	442	0	0	0	511774078
480	442	0	0	0	511774085
480	442	0	0	0	511774093
481	441	0	0	0	511774100
481	441	0	0	0	511774108
481	441	0	0	0	511774115
481	440	0	0	0	511774123
481	440	0	0	0	511774130
481	440	0	0	0	511774138
481	439	0	0	0	511774145
481	439	0	0	0	511774153
172	9
481	439	0	0	0	511774160
481	439	0	0	0	511774168
481	439	0	0	0	511774175
481	439	0	0	0	511774183
481	439	0	0	0	511774190
481	439	0	0	0	511774198
481	439	0	0	0	511774205
481	439	0	0	0	511774213
481	439	0	0	0	511774220
481	439	0	0	0	511774228
481	439	0	0	0	511774235
481	439	0	0	0	511774243
481	439	0	0	0	511774250
481	439	0	0	0	511774258
481	439	0	0	0	511774266
481	439	0	0	0	511774273
481	439	0	0	0	511774281
481	439	0	0	0	511774288
481	439	0	0	0	511774296
481	439	0	0	0	511774303
481	439	0	0	0	511774311
481	439	0	0	0	511774318
481	439	0	0	0	511774326
481	439	0	0	0	511774333
481	439	0	0	0	511774341
481	439	0	0	0	511774348
481	439	0	0	0	511774356
481	439	0	0	0	511774363
481	439	0	0	0	511774371
481	439	0	0	0	511774378
481	439	0	0	0	511774386
481	439	0	0	0	511774393
481	439	0	0	0	511774401
481	439	0	0	0	511774408
481	439	0	0	0	511774416
481	439	0	0	0	511774423
481	439	0	0	0	511774431
481	439	0	0	0	511774438
481	439	0	0	0	511774446
481	439	0	0	0	511774454
481	439	0	0	0	511774461
481	439	0	0	0	511774469
481	439	0	0	0	511774476
481	439	0	0	0	511774484
481	439	0	0	0	511774491
481	439	0	0	0	511774499
481	439	0	0	0	511774506
481	439	0	0	0	511774514
481	439	0	0	0	511774521
481	439	0	0	0	511774529
481	439	0	0	0	511774536
481	439	0	0	0	511774544
481	439	0	0	0	511774551
481	439	0	0	0	511774559
481	439	0	0	0	511774566
481	439	0	0	0	511774574
481	439	0	0	0	511774581
481	439	0	0	0	511774589
481	439	0	0	0	511774596
481	439	0	0	0	511774604
481	439	0	0	0	511774611
481	439	0	0	0	511774619
481	439	0	0	0	511774626
481	439	0	0	0	511774634
481	439	0	0	0	511774641
481	439	0	0	0	511774649
481	439	0	0	0	511774657
481	439	0	0	0	511774664
481	439	0	0	0	511774672
481	439	0	0	0	511774679
481	439	0	0	0	511774687
481	439	0	0	0	511774694
481	439	0	0	0	511774702
481	439	0	0	0	511774709
481	439	0	0	0	511774717
481	439	0	0	0	511774724
481	439	0	0	0	511774732
481	439	0	0	0	511774739
481	439	0	0	0	511774747
481	439	0	0	0	511774754
481	439	0	0	0	511774762
481	439	0	0	0	511774769
481	439	0	0	0	511774777
481	439	0	0	0	511774784
481	439	0	0	0	511774792
481	439	0	0	0	511774799
481	439	0	0	0	511774807
481	439	0	0	0	511774814
481	439	0	0	0	511774822
481	439	0	0	0	511774829
481	439	0	0	0	511774837
481	439	0	0	0	511774844
481	439	0	0	0	511774852
481	439	0	0	0	511774860
481	439	0	0	0	511774867
481	439	0	0	0	511774875
481	439	0	0	0	511774882
481	439	0	0	0	511774890
481	439	0	0	0	511774897
481	439	0	0	0	511774905
481	439	0	0	0	511774912
481	439	0	0	0	511774920
481	439	0	0	0	511774927
481	439	0	0	0	511774935
481	439	0	0	0	511774942
481	439	0	0	0	511774950
481	439	0	0	0	511774957
481	439	0	0	0	511774965
481	439	0	0	0	511774972
481	439	0	0	0	511774980
481	439	0	0	0	511774987
481	439	0	0	0	511774995
481	439	0	0	0	511775002
481	439	0	0	0	511775010
481	439	0	0	0	511775017
481	439	0	0	0	511775025
481	439	0	0	0	511775032
481	439	0	0	0	511775040
481	439	0	0	0	511775047
481	439	0	0	0	511775055
480	439	0	0	0	511775063
480	439	0	0	0	511775070
480	439	0	0	0	511775078
480	439	0	0	0	511775085
479	439	0	0	0	511775093
479	439	0	0	0	511775100
479	439	0	0	0	511775108
478	439	0	0	0	511775115
478	439	0	0	0	511775123
477	439	0	0	0	511775130
477	439	0	0	0	511775138
476	439	0	0	0	511775145
476	439	0	0	0	511775153
475	439	0	0	0	511775160
474	439	0	0	0	511775168
473	439	0	0	0	511775175
472	439	0	0	0	511775183
471	439	0	0	0	511775190
469	439	0	0	0	511775198
468	439	0	0	0	511775205
466	439	0	0	0	511775213
464	439	0	0	0	511775220
462	439	0	0	0	511775228
460	439	0	0	0	511775235
457	440	0	0	0	511775243
454	440	0	0	0	511775250
451	440	0	0	0	511775258
448	440	0	0	0	511775266
444	440	0	0	0	511775273
440	441	0	0	0	511775281
436	441	0	0	0	511775288
431	442	0	0	0	511775296
427	443	0	0	0	511775303
422	444	0	0	0	511775311
416	445	0	0	0	511775318
411	446	0	0	0	511775326
406	446	0	0	0	511775333
401	447	0	0	0	511775341
396	448	0	0	0	511775348
392	449	0	0	0	511775356
388	449	0	0	0	511775363
385	449	0	0	0	511775371
383	449	0	0	0	511775378
382	449	0	0	0	511775386
382	449	0	0	0	511775393
382	449	0	0	0	511775401
383	448	0	0	0	511775408
384	447	0	0	0	511775416
385	446	0	0	0	511775423
387	445	0	0	0	511775431
388	444	0	0	0	511775438
389	443	0	0	0	511775446
77	9
399	430	0	0	0	511775843
399	429	0	0	0	511775850
399	429	0	0	0	511775858
400	428	0	0	0	511775865
400	428	0	0	0	511775873
400	427	0	0	0	511775880
400	427	0	0	0	511775888
399	426	0	0	0	511775895
399	426	0	0	0	511775903
399	426	0	0	0	511775910
397	425	0	0	0	511775918
396	425	0	0	0	511775925
394	425	0	0	0	511775933
393	425	0	0	0	511775940
391	425	0	0	0	511775948
389	425	0	0	0	511775955
388	426	0	0	0	511775963
386	426	0	0	0	511775970
385	427	0	0	0	511775978
383	428	0	0	0	511775985
382	429	0	0	0	511775993
382	430	0	0	0	511776000
381	431	0	0	0	511776008
380	432	0	0	0	511776015
380	433	0	0	0	511776023
379	435	0	0	0	511776031
379	436	0	0	0	511776038
379	438	0	0	0	511776046
378	440	0	0	0	511776053
378	442	0	0	0	511776061
378	444	0	0	0	511776068
378	446	0	0	0	511776076
378	448	0	0	0	511776083
378	449	0	0	0	511776091
378	451	0	0	0	511776098
379	453	0	0	0	511776106
380	455	0	0	0	511776113
381	456	0	0	0	511776121
382	457	0	0	0	511776128
383	458	0	0	0	511776136
384	459	0	0	0	511776143
386	460	0	0	0	511776151
387	461	0	0	0	511776158
389	461	0	0	0	511776166
391	461	0	0	0	511776173
392	461	0	0	0	511776181
394	461	0	0	0	511776188
396	461	0	0	0	511776196
398	460	0	0	0	511776203
400	459	0	0	0	511776211
403	458	0	0	0	511776218
405	457	0	0	0	511776226
407	456	0	0	0	511776234
409	454	0	0	0	511776241
411	452	0	0	0	511776249
412	450	0	0	0	511776256
414	448	0	0	0	511776264
414	446	0	0	0	511776271
415	443	0	0	0	511776279
415	441	0	0	0	511776286
414	439	0	0	0	511776294
414	437	0	0	0	511776301
412	434	0	0	0	511776309
411	432	0	0	0	511776316
408	431	0	0	0	511776324
406	429	0	0	0	511776331
404	428	0	0	0	511776339
401	427	0	0	0	511776346
398	426	0	0	0	511776354
396	425	0	0	0	511776361
394	425	0	0	0	511776369
392	424	0	0	0	511776376
390	424	0	0	0	511776384
390	424	0	0	0	511776391
389	423	0	0	0	511776399
389	423	0	0	0	511776406
390	421	0	0	0	511776414
38	9
287	411	0	0	0	511777261
287	410	0	0	0	511777268
287	410	0	0	0	511777276
287	410	0	0	0	511777283
287	410	0	0	0	511777291
287	410	0	0	0	511777298
287	410	0	0	0	511777306
287	410	0	0	0	511777313
287	410	0	0	0	511777321
287	412	0	0	0	511777328
288	413	0	0	0	511777336
288	414	0	0	0	511777343
288	416	0	0	0	511777351
289	418	0	0	0	511777359
289	421	0	0	0	511777366
290	424	0	0	0	511777374
291	427	0	0	0	511777381
292	431	0	0	0	511777389
293	435	0	0	0	511777396
294	440	0	0	0	511777404
295	444	0	0	0	511777411
296	448	0	0	0	511777419
297	453	0	0	0	511777426
298	457	0	0	0	511777434
299	460	0	0	0	511777441
300	464	0	0	0	511777449
301	466	0	0	0	511777456
302	469	0	0	0	511777464
302	470	0	0	0	511777471
302	472	0	0	0	511777479
303	473	0	0	0	511777486
303	473	0	0	0	511777494
303	473	0	0	0	511777501
303	473	0	0	0	511777509
303	472	0	0	0	511777516
303	471	0	0	0	511777524
303	469	0	0	0	511777531
303	466	0	0	0	511777539
117	9
282	407	0	0	0	511777828
282	407	0	0	0	511777836
282	407	0	0	0	511777844
283	407	0	0	0	511777851
284	407	0	0	0	511777859
285	407	0	0	0	511777866
287	407	0	0	0	511777874
288	407	0	0	0	511777881
291	408	0	0	0	511777889
293	407	0	0	0	511777896
296	408	0	0	0	511777904
300	408	0	0	0	511777911
303	408	0	0	0	511777919
307	408	0	0	0	511777926
310	408	0	0	0	511777934
314	408	0	0	0	511777941
318	408	0	0	0	511777949
321	408	0	0	0	511777956
324	409	0	0	0	511777964
328	409	0	0	0	511777971
331	410	0	0	0	511777979
334	410	0	0	0	511777986
337	410	0	0	0	511777994
340	411	0	0	0	511778001
343	411	0	0	0	511778009
346	412	0	0	0	511778016
349	412	0	0	0	511778024
352	413	0	0	0	511778031
355	413	0	0	0	511778039
357	414	0	0	0	511778047
360	414	0	0	0	511778054
362	415	0	0	0	511778062
364	416	0	0	0	511778069
366	417	0	0	0	511778077
368	418	0	0	0	511778084
369	419	0	0	0	511778092
371	421	0	0	0	511778099
372	422	0	0	0	511778107
373	423	0	0	0	511778114
375	424	0	0	0	511778122
376	425	0	0	0	511778129
377	426	0	0	0	511778137
378	427	0	0	0	511778144
379	428	0	0	0	511778152
380	429	0	0	0	511778159
381	430	0	0	0	511778167
382	431	0	0	0	511778174
382	433	0	0	0	511778182
383	434	0	0	0	511778189
383	436	0	0	0	511778197
384	438	0	0	0	511778204
384	439	0	0	0	511778212
384	441	0	0	0	511778219
384	443	0	0	0	511778227
384	444	0	0	0	511778234
385	446	0	0	0	511778242
385	447	0	0	0	511778250
384	448	0	0	0	511778257
384	450	0	0	0	511778265
384	451	0	0	0	511778272
384	453	0	0	0	511778280
383	454	0	0	0	511778287
383	456	0	0	0	511778295
382	457	0	0	0	511778302
382	458	0	0	0	511778310
381	460	0	0	0	511778317
380	461	0	0	0	511778325
379	462	0	0	0	511778332
378	464	0	0	0	511778340
377	465	0	0	0	511778347
376	465	0	0	0	511778355
374	466	0	0	0	511778362
373	467	0	0	0	511778370
371	468	0	0	0	511778377
370	469	0	0	0	511778385
368	470	0	0	0	511778392
366	471	0	0	0	511778400
364	472	0	0	0	511778407
362	473	0	0	0	511778415
360	474	0	0	0	511778422
358	475	0	0	0	511778430
355	475	0	0	0	511778437
353	476	0	0	0	511778445
350	477	0	0	0	511778453
347	477	0	0	0	511778460
345	478	0	0	0	511778468
342	479	0	0	0	511778475
339	479	0	0	0	511778483
337	479	0	0	0	511778490
334	479	0	0	0	511778498
332	480	0	0	0	511778505
329	480	0	0	0	511778513
327	480	0	0	0	511778520
325	480	0	0	0	511778528
322	480	0	0	0	511778535
320	480	0	0	0	511778543
318	480	0	0	0	511778550
316	480	0	0	0	511778558
314	480	0	0	0	511778565
312	480	0	0	0	511778573
310	481	0	0	0	511778580
309	481	0	0	0	511778588
308	481	0	0	0	511778595
307	481	0	0	0	511778603
307	481	0	0	0	511778610
306	481	0	0	0	511778618
306	481	0	0	0	511778625
306	481	0	0	0	511778633
305	481	0	0	0	511778640
305	481	0	0	0	511778648
305	481	0	0	0	511778656
305	481	0	0	0	511778663
305	481	0	0	0	511778671
305	481	0	0	0	511778678
305	481	0	0	0	511778686
305	481	0	0	0	511778693
305	481	0	0	0	511778701
18	9
304	480	0	0	0	511778708
304	480	0	0	0	511778716
304	480	0	0	0	511778723
304	479	0	0	0	511778731
304	479	0	0	0	511778738
304	478	0	0	0	511778746
303	477	0	0	0	511778753
303	476	0	0	0	511778761
303	475	0	0	0	511778768
303	474	0	0	0	511778776
303	472	0	0	0	511778783
302	471	0	0	0	511778791
302	469	0	0	0	511778798
302	468	0	0	0	511778806
302	466	0	0	0	511778813
302	464	0	0	0	511778821
301	462	0	0	0	511778828
301	460	0	0	0	511778836
29	9
296	432	0	0	0	511779313
296	432	0	0	0	511779321
296	432	0	0	0	511779328
296	432	0	0	0	511779336
296	431	0	0	0	511779344
296	431	0	0	0	511779351
294	430	0	0	0	511779359
293	431	0	0	0	511779366
291	430	0	0	0	511779374
289	431	0	0	0	511779381
286	431	0	0	0	511779389
283	432	0	0	0	511779396
278	433	0	0	0	511779404
273	433	0	0	0	511779411
268	434	0	0	0	511779419
263	435	0	0	0	511779426
257	436	0	0	0	511779434
252	437	0	0	0	511779441
246	438	0	0	0	511779449
242	439	0	0	0	511779456
238	440	0	0	0	511779464
235	441	0	0	0	511779471
233	441	0	0	0	511779479
232	441	0	0	0	511779486
232	441	0	0	0	511779494
234	440	0	0	0	511779501
235	439	0	0	0	511779509
238	439	0	0	0	511779516
240	439	0	0	0	511779524
27	9
304	459	0	0	0	511779812
304	459	0	0	0	511779820
304	459	0	0	0	511779828
304	459	0	0	0	511779835
303	459	0	0	0	511779843
303	459	0	0	0	511779850
303	459	0	0	0	511779858
302	459	0	0	0	511779865
301	459	0	0	0	511779873
300	460	0	0	0	511779880
298	461	0	0	0	511779888
295	461	0	0	0	511779895
291	462	0	0	0	511779903
286	464	0	0	0	511779910
281	465	0	0	0	511779918
275	466	0	0	0	511779925
270	467	0	0	0	511779933
264	468	0	0	0	511779940
258	469	0	0	0	511779948
254	469	0	0	0	511779955
250	469	0	0	0	511779963
247	468	0	0	0	511779970
245	467	0	0	0	511779978
245	465	0	0	0	511779985
244	464	0	0	0	511779993
244	463	0	0	0	511780000
245	461	0	0	0	511780008
34	25
198	425	0	0	0	511781401
198	425	0	0	0	511781408
198	425	0	0	0	511781416
198	425	0	0	0	511781423
198	425	0	0	0	511781431
197	424	0	0	0	511781438
197	424	0	0	0	511781446
195	425	0	0	0	511781453
194	426	0	0	0	511781461
193	427	0	0	0	511781469
192	429	0	0	0	511781476
191	430	0	0	0	511781484
190	432	0	0	0	511781491
190	434	0	0	0	511781499
190	437	0	0	0	511781506
190	439	0	0	0	511781514
192	441	0	0	0	511781521
193	443	0	0	0	511781529
195	444	0	0	0	511781536
197	445	0	0	0	511781544
199	446	0	0	0	511781551
201	446	0	0	0	511781559
204	446	0	0	0	511781566
205	446	0	0	0	511781574
207	445	0	0	0	511781581
208	445	0	0	0	511781589
210	445	0	0	0	511781596
211	445	0	0	0	511781604
211	445	0	0	0	511781611
212	444	0	0	0	511781619
213	445	0	0	0	511781626
213	445	0	0	0	511781634
215	446	0	0	0	511781641
215	446	0	0	0	511781649
21	26
196	469	0	0	0	511781889
196	469	0	0	0	511781896
196	469	0	0	0	511781904
195	471	0	0	0	511781911
195	472	0	0	0	511781919
195	473	0	0	0	511781926
195	475	0	0	0	511781934
195	477	0	0	0	511781941
195	480	0	0	0	511781949
195	482	0	0	0	511781956
196	485	0	0	0	511781964
196	487	0	0	0	511781971
196	489	0	0	0	511781979
197	491	0	0	0	511781986
197	492	0	0	0	511781994
198	493	0	0	0	511782001
198	493	0	0	0	511782009
198	493	0	0	0	511782016
199	493	0	0	0	511782024
199	492	0	0	0	511782031
200	491	0	0	0	511782039
27	26
196	467	0	0	0	511782156
196	466	0	0	0	511782164
197	466	0	0	0	511782172
199	466	0	0	0	511782179
200	465	0	0	0	511782187
203	465	0	0	0	511782194
205	464	0	0	0	511782202
208	465	0	0	0	511782209
210	465	0	0	0	511782217
213	466	0	0	0	511782224
214	467	0	0	0	511782232
216	468	0	0	0	511782239
217	470	0	0	0	511782247
218	472	0	0	0	511782254
218	475	0	0	0	511782262
217	478	0	0	0	511782269
216	481	0	0	0	511782277
215	484	0	0	0	511782284
214	486	0	0	0	511782292
212	489	0	0	0	511782299
210	490	0	0	0	511782307
208	491	0	0	0	511782314
207	491	0	0	0	511782322
207	491	0	0	0	511782329
205	490	0	0	0	511782337
205	489	0	0	0	511782344
205	487	0	0	0	511782352
184	28
219	534	0	0	0	511783138
219	534	0	0	0	511783145
219	534	0	0	0	511783153
219	534	0	0	0	511783160
220	534	0	0	0	511783168
220	534	0	0	0	511783175
221	534	0	0	0	511783183
222	534	0	0	0	511783190
223	534	0	0	0	511783198
225	534	0	0	0	511783205
227	533	0	0	0	511783213
229	533	0	0	0	511783220
232	533	0	0	0	511783228
235	533	0	0	0	511783235
238	532	0	0	0	511783243
242	532	0	0	0	511783250
246	531	0	0	0	511783258
251	530	0	0	0	511783266
256	529	0	0	0	511783273
261	528	0	0	0	511783281
267	527	0	0	0	511783288
273	526	0	0	0	511783296
279	525	0	0	0	511783303
285	524	0	0	0	511783311
291	523	0	0	0	511783318
296	522	0	0	0	511783326
302	522	0	0	0	511783333
308	522	0	0	0	511783341
314	521	0	0	0	511783348
319	521	0	0	0	511783356
324	521	0	0	0	511783363
330	521	0	0	0	511783371
335	521	0	0	0	511783378
339	521	0	0	0	511783386
344	521	0	0	0	511783393
349	521	0	0	0	511783401
353	521	0	0	0	511783408
358	521	0	0	0	511783416
362	521	0	0	0	511783423
366	521	0	0	0	511783431
370	521	0	0	0	511783438
374	521	0	0	0	511783446
378	521	0	0	0	511783453
382	521	0	0	0	511783461
386	521	0	0	0	511783469
389	521	0	0	0	511783476
393	520	0	0	0	511783484
396	520	0	0	0	511783491
400	520	0	0	0	511783499
403	520	0	0	0	511783506
406	520	0	0	0	511783514
410	519	0	0	0	511783521
413	519	0	0	0	511783529
416	519	0	0	0	511783536
419	519	0	0	0	511783544
421	519	0	0	0	511783551
424	519	0	0	0	511783559
427	518	0	0	0	511783566
429	518	0	0	0	511783574
432	519	0	0	0	511783581
434	519	0	0	0	511783589
437	519	0	0	0	511783596
440	519	0	0	0	511783604
442	519	0	0	0	511783611
445	519	0	0	0	511783619
447	519	0	0	0	511783626
450	519	0	0	0	511783634
452	519	0	0	0	511783641
455	519	0	0	0	511783649
458	519	0	0	0	511783656
460	519	0	0	0	511783664
463	519	0	0	0	511783672
465	519	0	0	0	511783679
468	519	0	0	0	511783687
470	519	0	0	0	511783694
473	519	0	0	0	511783702
476	519	0	0	0	511783709
478	519	0	0	0	511783717
481	518	0	0	0	511783724
484	518	0	0	0	511783732
486	518	0	0	0	511783739
489	518	0	0	0	511783747
492	517	0	0	0	511783754
495	517	0	0	0	511783762
498	517	0	0	0	511783769
501	517	0	0	0	511783777
505	517	0	0	0	511783784
508	517	0	0	0	511783792
512	517	0	0	0	511783799
515	517	0	0	0	511783807
518	517	0	0	0	511783814
521	517	0	0	0	511783822
524	517	0	0	0	511783829
527	516	0	0	0	511783837
530	516	0	0	0	511783844
533	516	0	0	0	511783852
536	516	0	0	0	511783859
539	516	0	0	0	511783867
542	516	0	0	0	511783875
545	516	0	0	0	511783882
549	516	0	0	0	511783890
552	516	0	0	0	511783897
555	516	0	0	0	511783905
559	516	0	0	0	511783912
563	516	0	0	0	511783920
567	516	0	0	0	511783927
571	515	0	0	0	511783935
575	515	0	0	0	511783942
578	514	0	0	0	511783950
583	514	0	0	0	511783957
587	514	0	0	0	511783965
590	514	0	0	0	511783972
594	513	0	0	0	511783980
597	513	0	0	0	511783987
600	514	0	0	0	511783995
603	514	0	0	0	511784002
606	514	0	0	0	511784010
609	514	0	0	0	511784017
611	515	0	0	0	511784025
613	515	0	0	0	511784032
615	516	0	0	0	511784040
618	516	0	0	0	511784047
620	516	0	0	0	511784055
622	516	0	0	0	511784063
624	517	0	0	0	511784070
626	517	0	0	0	511784078
628	517	0	0	0	511784085
630	517	0	0	0	511784093
632	518	0	0	0	511784100
634	518	0	0	0	511784108
636	518	0	0	0	511784115
638	517	0	0	0	511784123
639	517	0	0	0	511784130
641	517	0	0	0	511784138
644	517	0	0	0	511784145
646	516	0	0	0	511784153
648	516	0	0	0	511784160
651	515	0	0	0	511784168
653	515	0	0	0	511784175
656	514	0	0	0	511784183
659	514	0	0	0	511784190
662	513	0	0	0	511784198
665	512	0	0	0	511784205
668	512	0	0	0	511784213
671	511	0	0	0	511784220
674	511	0	0	0	511784228
677	511	0	0	0	511784235
679	511	0	0	0	511784243
682	510	0	0	0	511784250
684	510	0	0	0	511784258
686	510	0	0	0	511784266
688	510	0	0	0	511784273
690	510	0	0	0	511784281
691	510	0	0	0	511784288
692	510	0	0	0	511784296
693	509	0	0	0	511784303
694	510	0	0	0	511784311
695	509	0	0	0	511784318
696	509	0	0	0	511784326
696	509	0	0	0	511784333
697	509	0	0	0	511784341
697	509	0	0	0	511784348
698	508	0	0	0	511784356
698	508	0	0	0	511784363
699	508	0	0	0	511784371
699	508	0	0	0	511784378
699	508	0	0	0	511784386
700	507	0	0	0	511784393
700	507	0	0	0	511784401
700	507	0	0	0	511784408
701	507	0	0	0	511784416
701	507	0	0	0	511784423
702	507	0	0	0	511784431
702	507	0	0	0	511784438
703	506	0	0	0	511784446
703	506	0	0	0	511784453
704	506	0	0	0	511784461
704	506	0	0	0	511784469
705	505	0	0	0	511784476
705	505	0	0	0	511784484
706	505	0	0	0	511784491
706	505	0	0	0	511784499
706	505	0	0	0	511784506
706	505	0	0	0	511784514
33	28
707	504	0	0	0	511784521
707	504	0	0	0	511784529
707	504	0	0	0	511784536
707	503	0	0	0	511784544
707	503	0	0	0	511784551
708	501	0	0	0	511784559
708	500	0	0	0	511784566
708	498	0	0	0	511784574
709	496	0	0	0	511784581
709	494	0	0	0	511784589
709	491	0	0	0	511784596
710	488	0	0	0	511784604
710	485	0	0	0	511784611
711	482	0	0	0	511784619
711	479	0	0	0	511784626
711	475	0	0	0	511784634
711	472	0	0	0	511784641
711	468	0	0	0	511784649
711	464	0	0	0	511784656
711	461	0	0	0	511784664
710	457	0	0	0	511784672
710	454	0	0	0	511784679
709	451	0	0	0	511784687
709	448	0	0	0	511784694
708	446	0	0	0	511784702
708	443	0	0	0	511784709
708	441	0	0	0	511784717
707	439	0	0	0	511784724
706	437	0	0	0	511784732
706	436	0	0	0	511784739
706	435	0	0	0	511784747
705	434	0	0	0	511784754
705	434	0	0	0	511784762
7	28
705	433	0	0	0	511784769
705	433	0	0	0	511784777
705	433	0	0	0	511784784
705	433	0	0	0	511784792
705	433	0	0	0	511784799
705	433	0	0	0	511784807
705	433	0	0	0	511784814
32	28
706	432	0	0	0	511784822
706	432	0	0	0	511784829
707	433	0	0	0	511784837
708	433	0	0	0	511784844
709	433	0	0	0	511784852
710	433	0	0	0	511784859
712	433	0	0	0	511784867
714	433	0	0	0	511784875
716	433	0	0	0	511784882
718	433	0	0	0	511784890
721	432	0	0	0	511784897
724	432	0	0	0	511784905
727	431	0	0	0	511784912
731	431	0	0	0	511784920
735	430	0	0	0	511784927
739	430	0	0	0	511784935
743	429	0	0	0	511784942
747	428	0	0	0	511784950
751	427	0	0	0	511784957
754	427	0	0	0	511784965
757	426	0	0	0	511784972
760	426	0	0	0	511784980
761	425	0	0	0	511784987
763	425	0	0	0	511784995
764	425	0	0	0	511785002
764	425	0	0	0	511785010
764	424	0	0	0	511785017
764	424	0	0	0	511785025
763	422	0	0	0	511785032
763	421	0	0	0	511785040
762	420	0	0	0	511785047
761	419	0	0	0	511785055
42	9
679	385	0	0	0	511785481
679	385	0	0	0	511785488
679	385	0	0	0	511785496
679	385	0	0	0	511785503
679	385	0	0	0	511785511
679	385	0	0	0	511785518
679	385	0	0	0	511785526
680	384	0	0	0	511785533
682	384	0	0	0	511785541
684	384	0	0	0	511785548
687	384	0	0	0	511785556
690	384	0	0	0	511785563
694	383	0	0	0	511785571
697	383	0	0	0	511785578
702	383	0	0	0	511785586
706	382	0	0	0	511785593
710	382	0	0	0	511785601
714	381	0	0	0	511785609
718	381	0	0	0	511785616
722	381	0	0	0	511785624
726	381	0	0	0	511785631
729	381	0	0	0	511785639
732	381	0	0	0	511785646
735	381	0	0	0	511785654
737	382	0	0	0	511785661
738	382	0	0	0	511785669
740	382	0	0	0	511785676
741	382	0	0	0	511785684
742	382	0	0	0	511785691
743	382	0	0	0	511785699
744	382	0	0	0	511785706
744	382	0	0	0	511785714
745	382	0	0	0	511785721
745	382	0	0	0	511785729
745	382	0	0	0	511785736
746	382	0	0	0	511785744
746	382	0	0	0	511785751
746	382	0	0	0	511785759
746	382	0	0	0	511785766
746	381	0	0	0	511785774
746	381	0	0	0	511785781
747	380	0	0	0	511785789
58	28
748	348	0	0	0	511787704
748	348	0	0	0	511787712
748	348	0	0	0	511787719
748	348	0	0	0	511787727
749	348	0	0	0	511787734
749	348	0	0	0	511787742
749	349	0	0	0	511787750
749	349	0	0	0	511787757
750	350	0	0	0	511787765
750	351	0	0	0	511787772
751	353	0	0	0	511787780
751	354	0	0	0	511787787
752	356	0	0	0	511787795
752	358	0	0	0	511787802
753	361	0	0	0	511787810
753	364	0	0	0	511787817
754	367	0	0	0	511787825
754	370	0	0	0	511787832
755	373	0	0	0	511787840
756	377	0	0	0	511787847
756	381	0	0	0	511787855
757	386	0	0	0	511787862
757	390	0	0	0	511787870
758	395	0	0	0	511787877
759	400	0	0	0	511787885
759	404	0	0	0	511787892
760	409	0	0	0	511787900
761	414	0	0	0	511787907
762	418	0	0	0	511787915
762	422	0	0	0	511787922
763	426	0	0	0	511787930
764	429	0	0	0	511787937
764	433	0	0	0	511787945
765	435	0	0	0	511787953
766	438	0	0	0	511787960
766	440	0	0	0	511787968
767	441	0	0	0	511787975
767	443	0	0	0	511787983
768	444	0	0	0	511787990
768	444	0	0	0	511787998
768	445	0	0	0	511788005
768	445	0	0	0	511788013
768	445	0	0	0	511788020
768	445	0	0	0	511788028
768	445	0	0	0	511788035
768	445	0	0	0	511788043
768	445	0	0	0	511788050
768	445	0	0	0	511788058
768	445	0	0	0	511788065
768	445	0	0	0	511788073
769	446	0	0	0	511788080
769	446	0	0	0	511788088
769	446	0	0	0	511788095
770	445	0	0	0	511788103
770	445	0	0	0	511788110
770	444	0	0	0	511788118
770	444	0	0	0	511788125
771	442	0	0	0	511788133
98	28
752	353	0	0	0	511789201
753	352	0	0	0	511789208
753	352	0	0	0	511789216
754	351	0	0	0	511789223
755	351	0	0	0	511789231
757	350	0	0	0	511789238
758	350	0	0	0	511789246
760	349	0	0	0	511789253
762	348	0	0	0	511789261
765	348	0	0	0	511789268
768	347	0	0	0	511789276
772	347	0	0	0	511789283
775	346	0	0	0	511789291
780	345	0	0	0	511789298
784	345	0	0	0	511789306
789	345	0	0	0	511789313
794	345	0	0	0	511789321
799	345	0	0	0	511789328
803	346	0	0	0	511789336
808	346	0	0	0	511789344
813	347	0	0	0	511789351
818	348	0	0	0	511789359
822	348	0	0	0	511789366
827	349	0	0	0	511789374
832	350	0	0	0	511789381
836	351	0	0	0	511789389
840	352	0	0	0	511789396
845	354	0	0	0	511789404
849	355	0	0	0	511789411
852	357	0	0	0	511789419
856	359	0	0	0	511789426
859	361	0	0	0	511789434
862	363	0	0	0	511789441
864	366	0	0	0	511789449
867	368	0	0	0	511789456
869	371	0	0	0	511789464
871	373	0	0	0	511789471
873	376	0	0	0	511789479
875	378	0	0	0	511789486
876	381	0	0	0	511789494
878	383	0	0	0	511789501
879	385	0	0	0	511789509
880	388	0	0	0	511789516
881	390	0	0	0	511789524
881	393	0	0	0	511789531
882	395	0	0	0	511789539
882	397	0	0	0	511789547
882	400	0	0	0	511789554
882	402	0	0	0	511789562
882	404	0	0	0	511789569
881	406	0	0	0	511789577
881	408	0	0	0	511789584
880	410	0	0	0	511789592
879	412	0	0	0	511789599
879	414	0	0	0	511789607
878	416	0	0	0	511789614
876	418	0	0	0	511789622
875	420	0	0	0	511789629
873	422	0	0	0	511789637
872	423	0	0	0	511789644
870	425	0	0	0	511789652
868	427	0	0	0	511789659
866	429	0	0	0	511789667
864	430	0	0	0	511789674
862	431	0	0	0	511789682
860	433	0	0	0	511789689
858	435	0	0	0	511789697
855	436	0	0	0	511789704
852	438	0	0	0	511789712
849	439	0	0	0	511789719
846	441	0	0	0	511789727
843	442	0	0	0	511789734
840	444	0	0	0	511789742
836	445	0	0	0	511789750
833	446	0	0	0	511789757
830	446	0	0	0	511789765
826	447	0	0	0	511789772
823	448	0	0	0	511789780
819	448	0	0	0	511789787
816	449	0	0	0	511789795
812	449	0	0	0	511789802
808	450	0	0	0	511789810
804	450	0	0	0	511789817
800	450	0	0	0	511789825
796	450	0	0	0	511789832
792	450	0	0	0	511789840
788	449	0	0	0	511789847
785	449	0	0	0	511789855
782	448	0	0	0	511789862
779	448	0	0	0	511789870
777	447	0	0	0	511789877
776	446	0	0	0	511789885
776	446	0	0	0	511789892
775	445	0	0	0	511789900
776	444	0	0	0	511789907
777	442	0	0	0	511789915
779	440	0	0	0	511789922
781	438	0	0	0	511789930
57	28
899	383	0	0	0	511790415
899	383	0	0	0	511790422
899	382	0	0	0	511790430
899	382	0	0	0	511790437
899	382	0	0	0	511790445
898	381	0	0	0	511790453
898	381	0	0	0	511790460
897	381	0	0	0	511790468
897	381	0	0	0	511790475
897	381	0	0	0	511790483
895	381	0	0	0	511790490
894	382	0	0	0	511790498
893	382	0	0	0	511790505
892	382	0	0	0	511790513
890	383	0	0	0	511790520
889	384	0	0	0	511790528
888	385	0	0	0	511790535
887	386	0	0	0	511790543
886	387	0	0	0	511790550
885	388	0	0	0	511790558
884	390	0	0	0	511790565
884	391	0	0	0	511790573
883	393	0	0	0	511790580
883	395	0	0	0	511790588
883	397	0	0	0	511790595
883	398	0	0	0	511790603
884	400	0	0	0	511790610
885	402	0	0	0	511790618
887	403	0	0	0	511790625
889	404	0	0	0	511790633
891	405	0	0	0	511790640
893	406	0	0	0	511790648
896	406	0	0	0	511790656
899	406	0	0	0	511790663
902	405	0	0	0	511790671
905	405	0	0	0	511790678
908	404	0	0	0	511790686
910	403	0	0	0	511790693
913	402	0	0	0	511790701
914	400	0	0	0	511790708
916	399	0	0	0	511790716
917	398	0	0	0	511790723
918	396	0	0	0	511790731
918	395	0	0	0	511790738
918	393	0	0	0	511790746
917	391	0	0	0	511790753
917	390	0	0	0	511790761
916	388	0	0	0	511790768
915	387	0	0	0	511790776
913	385	0	0	0	511790783
912	384	0	0	0	511790791
911	383	0	0	0	511790798
910	382	0	0	0	511790806
910	382	0	0	0	511790813
908	382	0	0	0	511790821
908	382	0	0	0	511790828
908	382	0	0	0	511790836
38	36
927	393	0	0	0	511791105
927	393	0	0	0	511791112
926	393	0	0	0	511791120
926	393	0	0	0	511791127
926	393	0	0	0	511791135
926	393	0	0	0	511791142
926	393	0	0	0	511791150
926	393	0	0	0	511791157
928	393	0	0	0	511791165
930	392	0	0	0	511791172
932	392	0	0	0	511791180
934	392	0	0	0	511791187
938	391	0	0	0	511791195
942	391	0	0	0	511791203
946	391	0	0	0	511791210
951	390	0	0	0	511791218
957	389	0	0	0	511791225
963	389	0	0	0	511791233
970	388	0	0	0	511791240
976	388	0	0	0	511791248
983	387	0	0	0	511791255
989	386	0	0	0	511791263
994	386	0	0	0	511791270
999	386	0	0	0	511791278
1003	386	0	0	0	511791285
1006	386	0	0	0	511791293
1008	386	0	0	0	511791300
1009	386	0	0	0	511791308
1009	386	0	0	0	511791315
1010	387	0	0	0	511791323
1010	387	0	0	0	511791330
1009	388	0	0	0	511791338
1009	388	0	0	0	511791345
1007	387	0	0	0	511791353
1007	387	0	0	0	511791360
1008	386	0	0	0	511791368
1008	386	0	0	0	511791375
1009	384	0	0	0	511791383
25	37
1021	364	0	0	0	511791625
1020	363	0	0	0	511791632
1020	363	0	0	0	511791640
1020	364	0	0	0	511791647
1020	364	0	0	0	511791655
1022	366	0	0	0	511791662
1022	367	0	0	0	511791670
1023	370	0	0	0	511791677
1024	372	0	0	0	511791685
1025	374	0	0	0	511791692
1026	377	0	0	0	511791700
1028	380	0	0	0	511791707
1029	383	0	0	0	511791715
1031	385	0	0	0	511791722
1033	388	0	0	0	511791730
1035	390	0	0	0	511791737
1037	392	0	0	0	511791745
1038	394	0	0	0	511791752
1040	395	0	0	0	511791760
1041	395	0	0	0	511791767
1043	395	0	0	0	511791775
1045	394	0	0	0	511791782
1046	392	0	0	0	511791790
1047	391	0	0	0	511791797
1047	388	0	0	0	511791805
41	38
1067	369	0	0	0	511791910
1066	372	0	0	0	511791918
1064	373	0	0	0	511791925
1062	375	0	0	0	511791933
1059	377	0	0	0	511791940
1057	378	0	0	0	511791948
1054	380	0	0	0	511791955
1052	382	0	0	0	511791963
1050	384	0	0	0	511791970
1048	385	0	0	0	511791978
1047	386	0	0	0	511791985
1046	387	0	0	0	511791993
1045	388	0	0	0	511792000
1045	388	0	0	0	511792008
1044	389	0	0	0	511792015
1044	389	0	0	0	511792023
1043	391	0	0	0	511792031
1043	391	0	0	0	511792038
1043	392	0	0	0	511792046
1043	393	0	0	0	511792053
1043	394	0	0	0	511792061
1044	395	0	0	0	511792068
1044	397	0	0	0	511792076
1045	398	0	0	0	511792083
1046	400	0	0	0	511792091
1046	403	0	0	0	511792098
1047	406	0	0	0	511792106
1047	409	0	0	0	511792113
1047	412	0	0	0	511792121
1048	415	0	0	0	511792128
1048	418	0	0	0	511792136
1048	421	0	0	0	511792143
1048	423	0	0	0	511792151
1048	425	0	0	0	511792158
1048	426	0	0	0	511792166
1049	427	0	0	0	511792173
1049	427	0	0	0	511792181
1048	426	0	0	0	511792188
1049	425	0	0	0	511792196
1049	422	0	0	0	511792203
1050	420	0	0	0	511792211
