79
26	0
204	381	0	0	0	518568586
204	381	0	0	0	518568594
204	381	0	0	0	518568601
204	381	0	0	0	518568609
204	381	0	0	0	518568616
206	380	0	0	0	518568624
206	380	0	0	0	518568631
207	378	0	0	0	518568639
207	376	0	0	0	518568646
208	375	0	0	0	518568654
208	372	0	0	0	518568661
209	370	0	0	0	518568669
210	367	0	0	0	518568676
211	364	0	0	0	518568684
212	360	0	0	0	518568691
214	356	0	0	0	518568699
216	353	0	0	0	518568706
217	349	0	0	0	518568714
219	346	0	0	0	518568721
220	344	0	0	0	518568729
221	342	0	0	0	518568736
222	340	0	0	0	518568744
223	338	0	0	0	518568751
223	338	0	0	0	518568759
224	337	0	0	0	518568766
224	337	0	0	0	518568774
27	0
224	337	0	0	0	518568781
225	337	0	0	0	518568789
225	337	0	0	0	518568797
226	339	0	0	0	518568804
227	340	0	0	0	518568812
228	342	0	0	0	518568819
229	343	0	0	0	518568827
229	346	0	0	0	518568834
230	349	0	0	0	518568842
231	352	0	0	0	518568849
231	355	0	0	0	518568857
232	358	0	0	0	518568864
232	361	0	0	0	518568872
233	364	0	0	0	518568879
233	366	0	0	0	518568887
234	368	0	0	0	518568894
234	369	0	0	0	518568902
234	369	0	0	0	518568909
235	371	0	0	0	518568917
235	371	0	0	0	518568924
235	371	0	0	0	518568932
235	371	0	0	0	518568939
235	371	0	0	0	518568947
235	371	0	0	0	518568954
235	371	0	0	0	518568962
235	371	0	0	0	518568969
234	370	0	0	0	518568977
19	0
205	369	0	0	0	518569154
205	369	0	0	0	518569161
205	369	0	0	0	518569169
205	369	0	0	0	518569176
208	370	0	0	0	518569184
210	369	0	0	0	518569191
213	369	0	0	0	518569199
216	368	0	0	0	518569206
220	368	0	0	0	518569214
223	367	0	0	0	518569221
227	367	0	0	0	518569229
231	367	0	0	0	518569236
234	367	0	0	0	518569244
237	367	0	0	0	518569251
239	367	0	0	0	518569259
241	367	0	0	0	518569266
243	368	0	0	0	518569274
243	368	0	0	0	518569281
246	368	0	0	0	518569289
25	3
208	421	0	0	0	518569750
208	421	0	0	0	518569757
208	421	0	0	0	518569765
208	421	0	0	0	518569772
208	423	0	0	0	518569780
208	424	0	0	0	518569787
208	425	0	0	0	518569795
209	427	0	0	0	518569802
208	430	0	0	0	518569810
209	433	0	0	0	518569817
208	435	0	0	0	518569825
208	438	0	0	0	518569832
208	441	0	0	0	518569840
208	445	0	0	0	518569847
208	448	0	0	0	518569855
208	451	0	0	0	518569862
209	454	0	0	0	518569870
209	457	0	0	0	518569877
209	459	0	0	0	518569885
209	460	0	0	0	518569892
209	460	0	0	0	518569900
211	462	0	0	0	518569907
211	462	0	0	0	518569915
213	461	0	0	0	518569922
213	459	0	0	0	518569930
28	3
208	425	0	0	0	518570064
208	423	0	0	0	518570072
209	422	0	0	0	518570079
211	420	0	0	0	518570087
212	418	0	0	0	518570094
214	417	0	0	0	518570102
217	416	0	0	0	518570110
219	415	0	0	0	518570117
222	415	0	0	0	518570125
224	415	0	0	0	518570132
226	415	0	0	0	518570140
228	416	0	0	0	518570147
229	417	0	0	0	518570155
229	419	0	0	0	518570162
230	421	0	0	0	518570170
230	423	0	0	0	518570177
229	425	0	0	0	518570185
228	427	0	0	0	518570192
226	429	0	0	0	518570200
225	431	0	0	0	518570207
223	433	0	0	0	518570215
220	434	0	0	0	518570222
218	436	0	0	0	518570230
216	437	0	0	0	518570237
214	438	0	0	0	518570245
213	438	0	0	0	518570252
211	439	0	0	0	518570260
211	439	0	0	0	518570267
30	3
211	439	0	0	0	518570275
211	439	0	0	0	518570282
211	439	0	0	0	518570290
214	438	0	0	0	518570297
216	437	0	0	0	518570305
218	437	0	0	0	518570313
220	437	0	0	0	518570320
223	437	0	0	0	518570328
226	438	0	0	0	518570335
228	438	0	0	0	518570343
231	440	0	0	0	518570350
232	441	0	0	0	518570358
234	443	0	0	0	518570365
235	446	0	0	0	518570373
235	448	0	0	0	518570380
235	450	0	0	0	518570388
235	453	0	0	0	518570395
234	455	0	0	0	518570403
232	457	0	0	0	518570410
231	458	0	0	0	518570418
228	460	0	0	0	518570425
226	461	0	0	0	518570433
223	461	0	0	0	518570440
220	461	0	0	0	518570448
218	461	0	0	0	518570455
216	461	0	0	0	518570463
214	460	0	0	0	518570470
214	460	0	0	0	518570478
211	458	0	0	0	518570485
211	458	0	0	0	518570493
34	36
262	357	0	0	0	518587182
262	357	0	0	0	518587189
262	357	0	0	0	518587197
262	357	0	0	0	518587204
262	357	0	0	0	518587212
262	358	0	0	0	518587219
262	358	0	0	0	518587227
262	358	0	0	0	518587234
264	359	0	0	0	518587242
265	359	0	0	0	518587250
267	360	0	0	0	518587257
270	360	0	0	0	518587265
272	361	0	0	0	518587272
276	361	0	0	0	518587280
280	361	0	0	0	518587287
284	361	0	0	0	518587295
289	361	0	0	0	518587302
294	361	0	0	0	518587310
299	360	0	0	0	518587317
304	360	0	0	0	518587325
309	359	0	0	0	518587332
313	359	0	0	0	518587340
318	359	0	0	0	518587347
322	360	0	0	0	518587355
325	360	0	0	0	518587362
329	361	0	0	0	518587370
332	361	0	0	0	518587377
334	362	0	0	0	518587385
336	362	0	0	0	518587392
338	363	0	0	0	518587400
338	363	0	0	0	518587407
340	363	0	0	0	518587415
340	361	0	0	0	518587422
340	361	0	0	0	518587430
26	36
260	433	0	0	0	518587961
262	433	0	0	0	518587969
265	433	0	0	0	518587976
268	433	0	0	0	518587984
272	433	0	0	0	518587991
276	433	0	0	0	518587999
280	434	0	0	0	518588006
285	434	0	0	0	518588014
289	434	0	0	0	518588021
294	434	0	0	0	518588029
300	434	0	0	0	518588036
305	434	0	0	0	518588044
310	434	0	0	0	518588051
315	434	0	0	0	518588059
320	435	0	0	0	518588066
324	435	0	0	0	518588074
328	436	0	0	0	518588081
332	436	0	0	0	518588089
334	436	0	0	0	518588096
337	436	0	0	0	518588104
339	436	0	0	0	518588111
341	436	0	0	0	518588119
341	435	0	0	0	518588126
342	434	0	0	0	518588134
342	433	0	0	0	518588141
343	431	0	0	0	518588149
32	36
332	345	0	0	0	518588619
332	346	0	0	0	518588626
332	348	0	0	0	518588634
332	351	0	0	0	518588641
332	355	0	0	0	518588649
333	359	0	0	0	518588656
333	363	0	0	0	518588664
332	368	0	0	0	518588672
332	374	0	0	0	518588679
332	380	0	0	0	518588687
331	386	0	0	0	518588694
331	392	0	0	0	518588702
330	399	0	0	0	518588709
329	405	0	0	0	518588717
329	412	0	0	0	518588724
328	418	0	0	0	518588732
328	424	0	0	0	518588739
328	430	0	0	0	518588747
328	435	0	0	0	518588754
328	440	0	0	0	518588762
329	445	0	0	0	518588769
329	449	0	0	0	518588777
330	452	0	0	0	518588784
330	454	0	0	0	518588792
331	456	0	0	0	518588799
331	456	0	0	0	518588807
331	456	0	0	0	518588814
331	456	0	0	0	518588822
331	454	0	0	0	518588829
331	451	0	0	0	518588837
331	449	0	0	0	518588844
331	445	0	0	0	518588852
57	36
333	337	0	0	0	518589212
333	337	0	0	0	518589219
333	337	0	0	0	518589227
333	337	0	0	0	518589234
333	337	0	0	0	518589242
335	337	0	0	0	518589250
336	338	0	0	0	518589257
338	339	0	0	0	518589265
340	340	0	0	0	518589272
343	341	0	0	0	518589280
346	342	0	0	0	518589287
350	344	0	0	0	518589295
354	345	0	0	0	518589302
358	347	0	0	0	518589310
362	349	0	0	0	518589317
367	352	0	0	0	518589325
371	355	0	0	0	518589332
375	358	0	0	0	518589340
380	361	0	0	0	518589347
384	364	0	0	0	518589355
388	368	0	0	0	518589362
392	372	0	0	0	518589370
396	375	0	0	0	518589377
399	379	0	0	0	518589385
402	383	0	0	0	518589392
405	386	0	0	0	518589400
407	390	0	0	0	518589407
409	394	0	0	0	518589415
410	397	0	0	0	518589422
410	401	0	0	0	518589430
410	405	0	0	0	518589437
409	409	0	0	0	518589445
408	413	0	0	0	518589453
406	417	0	0	0	518589460
405	421	0	0	0	518589468
402	425	0	0	0	518589475
400	429	0	0	0	518589483
398	433	0	0	0	518589490
395	436	0	0	0	518589498
392	439	0	0	0	518589505
388	442	0	0	0	518589513
384	445	0	0	0	518589520
380	447	0	0	0	518589528
375	449	0	0	0	518589535
370	451	0	0	0	518589543
365	452	0	0	0	518589550
359	454	0	0	0	518589558
354	455	0	0	0	518589565
349	455	0	0	0	518589573
344	455	0	0	0	518589580
340	455	0	0	0	518589588
337	455	0	0	0	518589595
334	455	0	0	0	518589603
332	454	0	0	0	518589610
332	454	0	0	0	518589618
330	452	0	0	0	518589625
330	452	0	0	0	518589633
47	36
431	388	0	0	0	518589975
431	388	0	0	0	518589983
431	388	0	0	0	518589990
429	387	0	0	0	518589998
429	387	0	0	0	518590005
427	388	0	0	0	518590013
426	388	0	0	0	518590020
425	388	0	0	0	518590028
423	389	0	0	0	518590035
422	390	0	0	0	518590043
420	391	0	0	0	518590050
419	393	0	0	0	518590058
417	394	0	0	0	518590065
417	396	0	0	0	518590073
415	398	0	0	0	518590080
415	399	0	0	0	518590088
414	402	0	0	0	518590095
415	404	0	0	0	518590103
415	406	0	0	0	518590110
415	409	0	0	0	518590118
416	411	0	0	0	518590125
418	413	0	0	0	518590133
419	415	0	0	0	518590141
421	417	0	0	0	518590148
423	418	0	0	0	518590156
425	420	0	0	0	518590163
427	420	0	0	0	518590171
429	420	0	0	0	518590178
431	420	0	0	0	518590186
434	420	0	0	0	518590193
436	418	0	0	0	518590201
439	417	0	0	0	518590208
442	415	0	0	0	518590216
444	413	0	0	0	518590223
446	410	0	0	0	518590231
448	408	0	0	0	518590238
448	406	0	0	0	518590246
449	403	0	0	0	518590253
448	400	0	0	0	518590261
446	397	0	0	0	518590268
445	395	0	0	0	518590276
442	393	0	0	0	518590283
439	391	0	0	0	518590291
436	390	0	0	0	518590298
432	388	0	0	0	518590306
430	387	0	0	0	518590313
427	386	0	0	0	518590321
18	11
208	576	0	0	0	518735402
207	578	0	0	0	518735409
207	578	0	0	0	518735417
207	578	0	0	0	518735424
207	578	0	0	0	518735432
207	577	0	0	0	518735439
208	575	0	0	0	518735447
209	572	0	0	0	518735454
210	568	0	0	0	518735462
211	565	0	0	0	518735469
212	560	0	0	0	518735477
213	555	0	0	0	518735484
215	551	0	0	0	518735492
216	546	0	0	0	518735500
218	541	0	0	0	518735507
220	538	0	0	0	518735515
222	534	0	0	0	518735522
224	532	0	0	0	518735530
20	11
225	531	0	0	0	518735537
226	531	0	0	0	518735545
228	533	0	0	0	518735552
229	535	0	0	0	518735560
230	539	0	0	0	518735567
231	543	0	0	0	518735575
231	548	0	0	0	518735582
232	553	0	0	0	518735590
233	558	0	0	0	518735597
233	562	0	0	0	518735605
234	566	0	0	0	518735612
234	569	0	0	0	518735620
235	571	0	0	0	518735627
235	572	0	0	0	518735635
235	572	0	0	0	518735642
235	572	0	0	0	518735650
235	572	0	0	0	518735657
235	571	0	0	0	518735665
235	571	0	0	0	518735672
234	568	0	0	0	518735680
14	11
207	564	0	0	0	518735801
208	565	0	0	0	518735809
209	565	0	0	0	518735816
212	564	0	0	0	518735824
215	564	0	0	0	518735831
219	564	0	0	0	518735839
222	563	0	0	0	518735846
226	563	0	0	0	518735854
230	563	0	0	0	518735861
233	562	0	0	0	518735869
237	563	0	0	0	518735876
238	564	0	0	0	518735884
241	566	0	0	0	518735891
242	567	0	0	0	518735899
16	14
222	604	0	0	0	518736114
223	607	0	0	0	518736122
222	611	0	0	0	518736129
222	615	0	0	0	518736137
221	620	0	0	0	518736144
221	625	0	0	0	518736152
221	630	0	0	0	518736159
220	634	0	0	0	518736167
220	638	0	0	0	518736174
220	641	0	0	0	518736182
220	643	0	0	0	518736189
220	643	0	0	0	518736197
220	643	0	0	0	518736204
220	643	0	0	0	518736212
221	641	0	0	0	518736219
221	638	0	0	0	518736227
46	14
222	614	0	0	0	518736311
223	611	0	0	0	518736318
225	610	0	0	0	518736326
226	608	0	0	0	518736333
228	607	0	0	0	518736341
230	606	0	0	0	518736348
232	606	0	0	0	518736356
234	607	0	0	0	518736363
236	608	0	0	0	518736371
237	610	0	0	0	518736378
238	612	0	0	0	518736386
239	615	0	0	0	518736393
239	618	0	0	0	518736401
238	620	0	0	0	518736408
237	623	0	0	0	518736416
236	625	0	0	0	518736423
234	627	0	0	0	518736431
232	628	0	0	0	518736438
231	629	0	0	0	518736446
229	630	0	0	0	518736453
228	631	0	0	0	518736461
228	631	0	0	0	518736469
226	631	0	0	0	518736476
226	631	0	0	0	518736484
228	629	0	0	0	518736491
230	628	0	0	0	518736499
232	627	0	0	0	518736506
234	627	0	0	0	518736514
237	626	0	0	0	518736521
240	626	0	0	0	518736529
243	627	0	0	0	518736536
245	628	0	0	0	518736544
247	629	0	0	0	518736551
249	631	0	0	0	518736559
250	633	0	0	0	518736566
250	636	0	0	0	518736574
250	638	0	0	0	518736581
249	640	0	0	0	518736589
247	642	0	0	0	518736596
246	644	0	0	0	518736604
243	645	0	0	0	518736611
241	646	0	0	0	518736619
239	645	0	0	0	518736626
237	644	0	0	0	518736634
236	642	0	0	0	518736641
236	640	0	0	0	518736649
26	17
271	558	0	0	0	518736930
269	558	0	0	0	518736938
269	558	0	0	0	518736945
268	560	0	0	0	518736953
269	561	0	0	0	518736960
270	562	0	0	0	518736968
271	563	0	0	0	518736975
274	564	0	0	0	518736983
277	565	0	0	0	518736990
281	567	0	0	0	518736998
285	567	0	0	0	518737005
290	568	0	0	0	518737013
295	569	0	0	0	518737020
301	570	0	0	0	518737028
307	570	0	0	0	518737035
313	571	0	0	0	518737043
318	571	0	0	0	518737050
323	572	0	0	0	518737058
328	573	0	0	0	518737065
331	573	0	0	0	518737073
335	574	0	0	0	518737080
338	574	0	0	0	518737088
339	574	0	0	0	518737095
341	575	0	0	0	518737103
341	575	0	0	0	518737110
341	577	0	0	0	518737118
18	17
276	631	0	0	0	518737349
277	630	0	0	0	518737357
280	630	0	0	0	518737364
283	630	0	0	0	518737372
287	629	0	0	0	518737379
292	629	0	0	0	518737387
297	629	0	0	0	518737394
303	629	0	0	0	518737402
309	628	0	0	0	518737409
315	628	0	0	0	518737417
321	628	0	0	0	518737424
326	628	0	0	0	518737432
330	628	0	0	0	518737439
334	628	0	0	0	518737447
337	628	0	0	0	518737454
339	628	0	0	0	518737462
339	628	0	0	0	518737469
341	626	0	0	0	518737477
27	17
342	549	0	0	0	518737727
342	549	0	0	0	518737735
342	549	0	0	0	518737742
341	550	0	0	0	518737750
342	552	0	0	0	518737757
342	554	0	0	0	518737765
343	558	0	0	0	518737772
343	562	0	0	0	518737780
344	568	0	0	0	518737787
344	574	0	0	0	518737795
345	581	0	0	0	518737802
345	589	0	0	0	518737810
345	598	0	0	0	518737817
344	606	0	0	0	518737825
344	614	0	0	0	518737832
344	621	0	0	0	518737840
344	628	0	0	0	518737847
343	634	0	0	0	518737855
343	639	0	0	0	518737862
343	642	0	0	0	518737870
343	645	0	0	0	518737877
343	647	0	0	0	518737885
343	648	0	0	0	518737892
343	648	0	0	0	518737900
343	648	0	0	0	518737907
343	648	0	0	0	518737915
343	648	0	0	0	518737922
53	17
343	648	0	0	0	518737930
343	648	0	0	0	518737938
343	648	0	0	0	518737945
343	648	0	0	0	518737953
344	647	0	0	0	518737960
344	647	0	0	0	518737968
344	647	0	0	0	518737975
344	646	0	0	0	518737983
344	646	0	0	0	518737990
344	646	0	0	0	518737998
345	646	0	0	0	518738005
345	646	0	0	0	518738013
347	647	0	0	0	518738020
349	647	0	0	0	518738028
351	647	0	0	0	518738035
353	648	0	0	0	518738043
356	648	0	0	0	518738050
359	647	0	0	0	518738058
363	647	0	0	0	518738065
368	646	0	0	0	518738073
372	645	0	0	0	518738080
377	644	0	0	0	518738088
382	642	0	0	0	518738095
387	640	0	0	0	518738103
391	637	0	0	0	518738110
396	634	0	0	0	518738118
399	631	0	0	0	518738125
403	627	0	0	0	518738133
406	623	0	0	0	518738141
409	619	0	0	0	518738148
411	614	0	0	0	518738156
413	610	0	0	0	518738163
414	604	0	0	0	518738171
414	599	0	0	0	518738178
415	594	0	0	0	518738186
414	589	0	0	0	518738193
413	584	0	0	0	518738201
412	580	0	0	0	518738208
409	576	0	0	0	518738216
406	573	0	0	0	518738223
402	569	0	0	0	518738231
397	566	0	0	0	518738238
391	563	0	0	0	518738246
385	560	0	0	0	518738253
379	557	0	0	0	518738261
373	554	0	0	0	518738268
367	552	0	0	0	518738276
362	549	0	0	0	518738283
359	546	0	0	0	518738291
356	545	0	0	0	518738298
355	543	0	0	0	518738306
355	543	0	0	0	518738313
356	541	0	0	0	518738321
37	36
444	585	0	0	0	518738597
444	585	0	0	0	518738605
443	582	0	0	0	518738612
443	581	0	0	0	518738620
443	581	0	0	0	518738627
440	579	0	0	0	518738635
439	579	0	0	0	518738642
437	579	0	0	0	518738650
436	579	0	0	0	518738657
434	580	0	0	0	518738665
432	582	0	0	0	518738672
430	584	0	0	0	518738680
428	587	0	0	0	518738688
426	590	0	0	0	518738695
424	594	0	0	0	518738703
423	597	0	0	0	518738710
422	602	0	0	0	518738718
422	605	0	0	0	518738725
422	609	0	0	0	518738733
423	611	0	0	0	518738740
425	613	0	0	0	518738748
427	614	0	0	0	518738755
430	614	0	0	0	518738763
433	613	0	0	0	518738770
437	611	0	0	0	518738778
440	609	0	0	0	518738785
443	606	0	0	0	518738793
445	603	0	0	0	518738800
446	599	0	0	0	518738808
447	596	0	0	0	518738815
446	593	0	0	0	518738823
446	590	0	0	0	518738830
444	588	0	0	0	518738838
442	585	0	0	0	518738845
440	583	0	0	0	518738853
438	581	0	0	0	518738860
437	579	0	0	0	518738868
23	36
454	406	0	0	0	518739326
453	404	0	0	0	518739333
453	404	0	0	0	518739341
455	403	0	0	0	518739348
456	403	0	0	0	518739356
458	403	0	0	0	518739363
460	402	0	0	0	518739371
463	402	0	0	0	518739378
466	402	0	0	0	518739386
470	401	0	0	0	518739393
475	401	0	0	0	518739401
480	401	0	0	0	518739408
486	400	0	0	0	518739416
492	400	0	0	0	518739423
498	400	0	0	0	518739431
505	400	0	0	0	518739438
510	400	0	0	0	518739446
516	400	0	0	0	518739453
520	401	0	0	0	518739461
524	401	0	0	0	518739468
528	402	0	0	0	518739476
530	404	0	0	0	518739484
532	405	0	0	0	518739491
23	36
534	408	0	0	0	518739499
535	410	0	0	0	518739506
535	414	0	0	0	518739514
536	418	0	0	0	518739521
536	423	0	0	0	518739529
536	429	0	0	0	518739536
536	436	0	0	0	518739544
536	443	0	0	0	518739551
537	451	0	0	0	518739559
537	458	0	0	0	518739566
537	465	0	0	0	518739574
538	472	0	0	0	518739581
538	478	0	0	0	518739589
539	482	0	0	0	518739596
539	486	0	0	0	518739604
540	489	0	0	0	518739611
540	491	0	0	0	518739619
541	492	0	0	0	518739626
541	492	0	0	0	518739634
542	493	0	0	0	518739641
542	493	0	0	0	518739649
542	493	0	0	0	518739656
542	494	0	0	0	518739664
17	36
540	482	0	0	0	518740716
538	482	0	0	0	518740723
538	482	0	0	0	518740731
538	482	0	0	0	518740738
539	483	0	0	0	518740746
541	483	0	0	0	518740753
543	483	0	0	0	518740761
546	484	0	0	0	518740768
549	484	0	0	0	518740776
553	485	0	0	0	518740783
557	485	0	0	0	518740791
561	486	0	0	0	518740798
565	486	0	0	0	518740806
569	486	0	0	0	518740813
572	486	0	0	0	518740821
575	486	0	0	0	518740828
578	485	0	0	0	518740836
33	36
575	466	0	0	0	518741173
574	465	0	0	0	518741181
574	465	0	0	0	518741188
574	463	0	0	0	518741196
574	463	0	0	0	518741203
573	465	0	0	0	518741211
573	467	0	0	0	518741218
573	470	0	0	0	518741226
573	474	0	0	0	518741234
574	480	0	0	0	518741241
574	487	0	0	0	518741249
575	495	0	0	0	518741256
575	504	0	0	0	518741264
576	513	0	0	0	518741271
577	521	0	0	0	518741279
578	530	0	0	0	518741286
578	537	0	0	0	518741294
579	543	0	0	0	518741301
580	548	0	0	0	518741309
580	552	0	0	0	518741316
581	554	0	0	0	518741324
581	556	0	0	0	518741331
581	556	0	0	0	518741339
581	556	0	0	0	518741346
581	556	0	0	0	518741354
581	556	0	0	0	518741361
581	556	0	0	0	518741369
581	553	0	0	0	518741376
581	552	0	0	0	518741384
582	550	0	0	0	518741391
583	548	0	0	0	518741399
584	545	0	0	0	518741406
585	542	0	0	0	518741414
37	36
577	470	0	0	0	518741597
574	468	0	0	0	518741605
574	468	0	0	0	518741612
574	467	0	0	0	518741620
574	467	0	0	0	518741627
577	467	0	0	0	518741635
579	466	0	0	0	518741642
583	467	0	0	0	518741650
587	468	0	0	0	518741657
592	469	0	0	0	518741665
598	471	0	0	0	518741672
603	474	0	0	0	518741680
609	477	0	0	0	518741688
614	482	0	0	0	518741695
619	487	0	0	0	518741703
623	492	0	0	0	518741710
627	498	0	0	0	518741718
630	504	0	0	0	518741725
632	510	0	0	0	518741733
633	517	0	0	0	518741740
634	523	0	0	0	518741748
633	529	0	0	0	518741755
631	534	0	0	0	518741763
629	539	0	0	0	518741770
625	544	0	0	0	518741778
620	547	0	0	0	518741785
615	550	0	0	0	518741793
609	552	0	0	0	518741800
604	553	0	0	0	518741808
599	554	0	0	0	518741815
594	555	0	0	0	518741823
589	554	0	0	0	518741830
586	553	0	0	0	518741838
584	553	0	0	0	518741845
582	552	0	0	0	518741853
582	552	0	0	0	518741860
582	549	0	0	0	518741868
41	26
656	499	0	0	0	518742098
656	499	0	0	0	518742106
656	497	0	0	0	518742113
656	496	0	0	0	518742121
656	496	0	0	0	518742128
654	494	0	0	0	518742136
654	494	0	0	0	518742143
652	493	0	0	0	518742151
651	494	0	0	0	518742158
650	494	0	0	0	518742166
649	496	0	0	0	518742173
647	497	0	0	0	518742181
646	499	0	0	0	518742188
645	502	0	0	0	518742196
644	505	0	0	0	518742203
644	508	0	0	0	518742211
643	512	0	0	0	518742219
644	516	0	0	0	518742226
644	519	0	0	0	518742234
645	523	0	0	0	518742241
647	526	0	0	0	518742249
648	528	0	0	0	518742256
651	530	0	0	0	518742264
654	531	0	0	0	518742271
657	532	0	0	0	518742279
659	531	0	0	0	518742286
662	529	0	0	0	518742294
665	527	0	0	0	518742301
667	523	0	0	0	518742309
670	519	0	0	0	518742316
671	515	0	0	0	518742324
672	510	0	0	0	518742331
673	506	0	0	0	518742339
672	502	0	0	0	518742346
671	499	0	0	0	518742354
669	497	0	0	0	518742361
667	496	0	0	0	518742369
664	495	0	0	0	518742376
660	495	0	0	0	518742384
656	495	0	0	0	518742391
653	496	0	0	0	518742399
29	26
676	510	0	0	0	518742860
676	510	0	0	0	518742868
674	510	0	0	0	518742875
674	510	0	0	0	518742883
673	510	0	0	0	518742891
673	510	0	0	0	518742898
673	510	0	0	0	518742906
674	510	0	0	0	518742913
676	511	0	0	0	518742921
678	511	0	0	0	518742928
682	512	0	0	0	518742936
686	513	0	0	0	518742943
691	514	0	0	0	518742951
697	514	0	0	0	518742958
703	515	0	0	0	518742966
709	515	0	0	0	518742973
715	515	0	0	0	518742981
722	515	0	0	0	518742988
728	515	0	0	0	518742996
733	515	0	0	0	518743003
738	515	0	0	0	518743011
743	515	0	0	0	518743018
746	514	0	0	0	518743026
749	515	0	0	0	518743033
751	515	0	0	0	518743041
751	515	0	0	0	518743048
753	515	0	0	0	518743056
753	515	0	0	0	518743063
752	515	0	0	0	518743071
53	36
579	513	0	0	0	518820181
579	513	0	0	0	518820188
579	513	0	0	0	518820196
579	513	0	0	0	518820203
579	513	0	0	0	518820211
579	514	0	0	0	518820219
579	514	0	0	0	518820226
579	514	0	0	0	518820234
578	515	0	0	0	518820241
578	515	0	0	0	518820249
578	515	0	0	0	518820256
576	515	0	0	0	518820264
576	515	0	0	0	518820271
575	515	0	0	0	518820279
575	515	0	0	0	518820286
573	515	0	0	0	518820294
572	515	0	0	0	518820301
570	515	0	0	0	518820309
569	514	0	0	0	518820316
567	514	0	0	0	518820324
564	514	0	0	0	518820331
562	513	0	0	0	518820339
559	513	0	0	0	518820346
556	513	0	0	0	518820354
553	513	0	0	0	518820361
550	512	0	0	0	518820369
547	512	0	0	0	518820376
543	511	0	0	0	518820384
540	511	0	0	0	518820391
537	511	0	0	0	518820399
534	511	0	0	0	518820406
530	511	0	0	0	518820414
527	511	0	0	0	518820422
524	512	0	0	0	518820429
521	512	0	0	0	518820437
517	513	0	0	0	518820444
514	513	0	0	0	518820452
511	514	0	0	0	518820459
509	514	0	0	0	518820467
506	515	0	0	0	518820474
504	515	0	0	0	518820482
502	516	0	0	0	518820489
500	516	0	0	0	518820497
498	516	0	0	0	518820504
497	516	0	0	0	518820512
495	516	0	0	0	518820519
494	517	0	0	0	518820527
493	517	0	0	0	518820534
491	517	0	0	0	518820542
490	517	0	0	0	518820549
490	517	0	0	0	518820557
488	518	0	0	0	518820564
488	518	0	0	0	518820572
32	36
486	519	0	0	0	518820579
486	519	0	0	0	518820587
485	520	0	0	0	518820594
485	520	0	0	0	518820602
484	522	0	0	0	518820609
484	524	0	0	0	518820617
484	526	0	0	0	518820625
484	528	0	0	0	518820632
484	531	0	0	0	518820640
484	535	0	0	0	518820647
484	538	0	0	0	518820655
484	542	0	0	0	518820662
484	546	0	0	0	518820670
484	550	0	0	0	518820677
485	554	0	0	0	518820685
485	558	0	0	0	518820692
485	562	0	0	0	518820700
486	567	0	0	0	518820707
486	571	0	0	0	518820715
487	576	0	0	0	518820722
487	580	0	0	0	518820730
487	585	0	0	0	518820737
488	589	0	0	0	518820745
488	592	0	0	0	518820752
489	595	0	0	0	518820760
489	598	0	0	0	518820767
490	600	0	0	0	518820775
490	602	0	0	0	518820782
490	603	0	0	0	518820790
490	603	0	0	0	518820797
491	604	0	0	0	518820805
491	604	0	0	0	518820812
26	36
491	604	0	0	0	518820820
491	604	0	0	0	518820828
490	603	0	0	0	518820835
490	603	0	0	0	518820843
489	601	0	0	0	518820850
489	601	0	0	0	518820858
487	600	0	0	0	518820865
486	599	0	0	0	518820873
484	599	0	0	0	518820880
482	598	0	0	0	518820888
479	598	0	0	0	518820895
477	598	0	0	0	518820903
474	598	0	0	0	518820910
471	598	0	0	0	518820918
468	598	0	0	0	518820925
464	597	0	0	0	518820933
461	597	0	0	0	518820940
458	597	0	0	0	518820948
455	597	0	0	0	518820955
452	597	0	0	0	518820963
450	597	0	0	0	518820970
448	596	0	0	0	518820978
447	595	0	0	0	518820985
447	595	0	0	0	518820993
447	593	0	0	0	518821000
449	592	0	0	0	518821008
24	36
581	539	0	0	0	518821547
581	539	0	0	0	518821554
581	539	0	0	0	518821562
581	539	0	0	0	518821569
580	540	0	0	0	518821577
580	540	0	0	0	518821584
578	540	0	0	0	518821592
577	541	0	0	0	518821599
575	541	0	0	0	518821607
573	542	0	0	0	518821614
572	542	0	0	0	518821622
569	542	0	0	0	518821629
567	543	0	0	0	518821637
564	544	0	0	0	518821644
561	544	0	0	0	518821652
558	545	0	0	0	518821659
555	546	0	0	0	518821667
552	547	0	0	0	518821674
550	548	0	0	0	518821682
547	548	0	0	0	518821689
545	549	0	0	0	518821697
543	550	0	0	0	518821704
542	551	0	0	0	518821712
540	552	0	0	0	518821719
51	36
540	552	0	0	0	518821727
539	553	0	0	0	518821735
539	554	0	0	0	518821742
539	556	0	0	0	518821750
539	557	0	0	0	518821757
539	559	0	0	0	518821765
539	562	0	0	0	518821772
539	564	0	0	0	518821780
540	568	0	0	0	518821787
540	571	0	0	0	518821795
540	576	0	0	0	518821802
541	580	0	0	0	518821810
541	585	0	0	0	518821817
541	591	0	0	0	518821825
542	596	0	0	0	518821832
542	602	0	0	0	518821840
542	608	0	0	0	518821847
543	615	0	0	0	518821855
543	621	0	0	0	518821862
543	628	0	0	0	518821870
544	634	0	0	0	518821877
544	641	0	0	0	518821885
544	647	0	0	0	518821892
544	653	0	0	0	518821900
543	659	0	0	0	518821907
543	665	0	0	0	518821915
542	671	0	0	0	518821922
542	677	0	0	0	518821930
542	682	0	0	0	518821938
541	687	0	0	0	518821945
541	691	0	0	0	518821953
541	696	0	0	0	518821960
541	700	0	0	0	518821968
540	704	0	0	0	518821975
540	707	0	0	0	518821983
541	711	0	0	0	518821990
541	714	0	0	0	518821998
541	717	0	0	0	518822005
541	720	0	0	0	518822013
541	723	0	0	0	518822020
541	726	0	0	0	518822028
541	728	0	0	0	518822035
541	730	0	0	0	518822043
541	731	0	0	0	518822050
541	731	0	0	0	518822058
541	733	0	0	0	518822065
541	733	0	0	0	518822073
541	734	0	0	0	518822080
541	734	0	0	0	518822088
541	734	0	0	0	518822095
540	735	0	0	0	518822103
29	36
540	735	0	0	0	518822110
540	735	0	0	0	518822118
540	735	0	0	0	518822125
539	736	0	0	0	518822133
539	736	0	0	0	518822141
538	736	0	0	0	518822148
536	735	0	0	0	518822156
535	735	0	0	0	518822163
533	735	0	0	0	518822171
530	734	0	0	0	518822178
528	734	0	0	0	518822186
525	734	0	0	0	518822193
521	734	0	0	0	518822201
517	734	0	0	0	518822208
514	734	0	0	0	518822216
510	735	0	0	0	518822223
506	735	0	0	0	518822231
502	736	0	0	0	518822238
499	736	0	0	0	518822246
496	736	0	0	0	518822253
494	737	0	0	0	518822261
492	736	0	0	0	518822268
490	736	0	0	0	518822276
488	736	0	0	0	518822283
488	736	0	0	0	518822291
488	736	0	0	0	518822298
488	734	0	0	0	518822306
488	734	0	0	0	518822313
489	733	0	0	0	518822321
33	34
349	718	0	0	0	518824220
349	718	0	0	0	518824228
349	718	0	0	0	518824235
348	719	0	0	0	518824243
348	720	0	0	0	518824250
348	722	0	0	0	518824258
348	725	0	0	0	518824265
348	728	0	0	0	518824273
348	733	0	0	0	518824281
348	739	0	0	0	518824288
348	745	0	0	0	518824296
349	753	0	0	0	518824303
349	760	0	0	0	518824311
350	768	0	0	0	518824318
351	776	0	0	0	518824326
352	783	0	0	0	518824333
353	790	0	0	0	518824341
353	797	0	0	0	518824348
354	802	0	0	0	518824356
355	806	0	0	0	518824363
356	810	0	0	0	518824371
357	813	0	0	0	518824378
357	815	0	0	0	518824386
358	816	0	0	0	518824393
358	816	0	0	0	518824401
359	817	0	0	0	518824408
359	817	0	0	0	518824416
359	817	0	0	0	518824423
359	816	0	0	0	518824431
359	816	0	0	0	518824438
360	814	0	0	0	518824446
361	813	0	0	0	518824453
361	811	0	0	0	518824461
54	34
353	722	0	0	0	518824750
353	722	0	0	0	518824758
353	724	0	0	0	518824766
354	724	0	0	0	518824773
356	724	0	0	0	518824781
358	725	0	0	0	518824788
360	724	0	0	0	518824796
364	724	0	0	0	518824803
367	724	0	0	0	518824811
372	724	0	0	0	518824818
376	724	0	0	0	518824826
381	724	0	0	0	518824833
386	723	0	0	0	518824841
391	723	0	0	0	518824848
396	724	0	0	0	518824856
401	724	0	0	0	518824863
406	725	0	0	0	518824871
411	727	0	0	0	518824878
416	729	0	0	0	518824886
421	731	0	0	0	518824893
424	734	0	0	0	518824901
428	737	0	0	0	518824908
431	741	0	0	0	518824916
434	744	0	0	0	518824923
437	748	0	0	0	518824931
439	752	0	0	0	518824938
440	757	0	0	0	518824946
441	761	0	0	0	518824953
442	765	0	0	0	518824961
442	769	0	0	0	518824969
441	773	0	0	0	518824976
441	777	0	0	0	518824984
439	781	0	0	0	518824991
437	785	0	0	0	518824999
435	789	0	0	0	518825006
432	793	0	0	0	518825014
429	796	0	0	0	518825021
426	800	0	0	0	518825029
422	803	0	0	0	518825036
417	806	0	0	0	518825044
412	809	0	0	0	518825051
407	812	0	0	0	518825059
402	814	0	0	0	518825066
396	815	0	0	0	518825074
391	817	0	0	0	518825081
386	818	0	0	0	518825089
382	818	0	0	0	518825096
378	819	0	0	0	518825104
375	819	0	0	0	518825111
372	820	0	0	0	518825119
370	819	0	0	0	518825126
370	819	0	0	0	518825134
370	819	0	0	0	518825141
370	818	0	0	0	518825149
45	36
462	745	0	0	0	518825490
462	745	0	0	0	518825498
462	745	0	0	0	518825505
461	744	0	0	0	518825513
461	744	0	0	0	518825520
461	744	0	0	0	518825528
459	743	0	0	0	518825535
459	743	0	0	0	518825543
458	743	0	0	0	518825550
458	743	0	0	0	518825558
457	744	0	0	0	518825565
456	746	0	0	0	518825573
455	748	0	0	0	518825580
454	751	0	0	0	518825588
453	753	0	0	0	518825595
452	756	0	0	0	518825603
452	760	0	0	0	518825610
452	763	0	0	0	518825618
452	767	0	0	0	518825625
453	770	0	0	0	518825633
454	772	0	0	0	518825641
456	775	0	0	0	518825648
458	777	0	0	0	518825656
461	778	0	0	0	518825663
463	778	0	0	0	518825671
465	778	0	0	0	518825678
468	777	0	0	0	518825686
470	776	0	0	0	518825693
471	773	0	0	0	518825701
473	770	0	0	0	518825708
474	767	0	0	0	518825716
474	763	0	0	0	518825723
474	759	0	0	0	518825731
473	755	0	0	0	518825738
472	751	0	0	0	518825746
471	747	0	0	0	518825753
469	744	0	0	0	518825761
468	741	0	0	0	518825768
466	740	0	0	0	518825776
464	738	0	0	0	518825783
464	738	0	0	0	518825791
463	737	0	0	0	518825798
463	737	0	0	0	518825806
463	737	0	0	0	518825813
463	737	0	0	0	518825821
39	36
502	735	0	0	0	518826191
501	734	0	0	0	518826199
501	734	0	0	0	518826206
501	734	0	0	0	518826214
501	734	0	0	0	518826221
500	733	0	0	0	518826229
500	733	0	0	0	518826236
498	733	0	0	0	518826244
497	733	0	0	0	518826251
496	733	0	0	0	518826259
495	733	0	0	0	518826266
493	734	0	0	0	518826274
492	734	0	0	0	518826281
491	735	0	0	0	518826289
489	735	0	0	0	518826297
488	736	0	0	0	518826304
487	737	0	0	0	518826312
486	738	0	0	0	518826319
485	739	0	0	0	518826327
485	740	0	0	0	518826334
484	742	0	0	0	518826342
484	743	0	0	0	518826349
484	745	0	0	0	518826357
483	747	0	0	0	518826364
483	749	0	0	0	518826372
482	751	0	0	0	518826379
482	753	0	0	0	518826387
481	755	0	0	0	518826394
480	756	0	0	0	518826402
479	758	0	0	0	518826409
478	759	0	0	0	518826417
478	759	0	0	0	518826424
476	760	0	0	0	518826432
476	760	0	0	0	518826439
474	760	0	0	0	518826447
474	760	0	0	0	518826454
472	758	0	0	0	518826462
472	758	0	0	0	518826469
471	756	0	0	0	518826477
25	38
340	747	0	0	0	518827391
340	747	0	0	0	518827398
338	746	0	0	0	518827406
338	746	0	0	0	518827413
336	745	0	0	0	518827421
333	744	0	0	0	518827428
331	744	0	0	0	518827436
327	743	0	0	0	518827443
323	743	0	0	0	518827451
319	743	0	0	0	518827458
313	743	0	0	0	518827466
307	742	0	0	0	518827473
300	742	0	0	0	518827481
294	742	0	0	0	518827488
287	743	0	0	0	518827496
280	743	0	0	0	518827503
274	743	0	0	0	518827511
269	743	0	0	0	518827518
265	743	0	0	0	518827526
262	743	0	0	0	518827533
260	743	0	0	0	518827541
260	743	0	0	0	518827548
260	743	0	0	0	518827556
260	743	0	0	0	518827563
263	743	0	0	0	518827571
21	34
349	784	0	0	0	518827827
347	785	0	0	0	518827834
345	785	0	0	0	518827842
343	786	0	0	0	518827849
340	787	0	0	0	518827857
337	787	0	0	0	518827864
334	787	0	0	0	518827872
330	787	0	0	0	518827879
325	787	0	0	0	518827887
320	788	0	0	0	518827894
315	788	0	0	0	518827902
309	789	0	0	0	518827909
302	790	0	0	0	518827917
296	791	0	0	0	518827924
289	792	0	0	0	518827932
283	794	0	0	0	518827939
278	795	0	0	0	518827947
273	795	0	0	0	518827954
270	796	0	0	0	518827962
266	795	0	0	0	518827969
264	794	0	0	0	518827977
16	40
202	746	0	0	0	518828323
202	747	0	0	0	518828330
202	747	0	0	0	518828338
202	747	0	0	0	518828345
203	745	0	0	0	518828353
203	743	0	0	0	518828360
204	741	0	0	0	518828368
204	738	0	0	0	518828375
205	735	0	0	0	518828383
206	731	0	0	0	518828390
207	727	0	0	0	518828398
208	723	0	0	0	518828406
210	720	0	0	0	518828413
211	716	0	0	0	518828421
213	713	0	0	0	518828428
214	711	0	0	0	518828436
20	40
215	710	0	0	0	518828443
216	710	0	0	0	518828451
218	710	0	0	0	518828458
219	712	0	0	0	518828466
219	715	0	0	0	518828473
220	719	0	0	0	518828481
221	723	0	0	0	518828488
222	728	0	0	0	518828496
224	733	0	0	0	518828503
225	737	0	0	0	518828511
226	742	0	0	0	518828518
227	745	0	0	0	518828526
229	747	0	0	0	518828533
230	749	0	0	0	518828541
230	749	0	0	0	518828548
231	750	0	0	0	518828556
231	750	0	0	0	518828563
231	748	0	0	0	518828571
231	747	0	0	0	518828578
229	744	0	0	0	518828586
11	40
204	734	0	0	0	518828699
204	734	0	0	0	518828706
205	734	0	0	0	518828714
208	734	0	0	0	518828721
210	734	0	0	0	518828729
213	734	0	0	0	518828736
217	734	0	0	0	518828744
219	733	0	0	0	518828751
224	732	0	0	0	518828759
226	730	0	0	0	518828766
230	729	0	0	0	518828774
25	43
190	702	0	0	0	518834047
190	700	0	0	0	518834054
190	700	0	0	0	518834062
190	700	0	0	0	518834069
192	700	0	0	0	518834077
192	700	0	0	0	518834084
194	700	0	0	0	518834092
195	700	0	0	0	518834099
197	700	0	0	0	518834107
200	700	0	0	0	518834114
203	700	0	0	0	518834122
206	701	0	0	0	518834129
209	701	0	0	0	518834137
213	702	0	0	0	518834144
216	702	0	0	0	518834152
219	702	0	0	0	518834159
223	702	0	0	0	518834167
226	702	0	0	0	518834174
229	703	0	0	0	518834182
232	703	0	0	0	518834189
235	702	0	0	0	518834197
238	703	0	0	0	518834204
240	702	0	0	0	518834212
243	703	0	0	0	518834219
245	702	0	0	0	518834227
17	44
213	782	0	0	0	518834716
212	784	0	0	0	518834723
213	787	0	0	0	518834731
213	789	0	0	0	518834738
213	793	0	0	0	518834746
214	796	0	0	0	518834753
214	799	0	0	0	518834761
214	803	0	0	0	518834768
215	806	0	0	0	518834776
215	809	0	0	0	518834783
216	811	0	0	0	518834791
216	813	0	0	0	518834798
216	813	0	0	0	518834806
217	815	0	0	0	518834813
217	815	0	0	0	518834821
217	815	0	0	0	518834828
218	813	0	0	0	518834836
50	44
212	778	0	0	0	518834968
213	777	0	0	0	518834975
213	776	0	0	0	518834983
215	775	0	0	0	518834990
217	774	0	0	0	518834998
219	773	0	0	0	518835005
221	773	0	0	0	518835013
224	773	0	0	0	518835020
226	774	0	0	0	518835028
228	775	0	0	0	518835035
230	776	0	0	0	518835043
231	778	0	0	0	518835050
231	780	0	0	0	518835058
232	783	0	0	0	518835065
231	785	0	0	0	518835073
230	788	0	0	0	518835080
229	790	0	0	0	518835088
227	792	0	0	0	518835095
225	795	0	0	0	518835103
223	796	0	0	0	518835110
222	798	0	0	0	518835118
220	799	0	0	0	518835125
219	800	0	0	0	518835133
219	800	0	0	0	518835140
219	800	0	0	0	518835148
219	800	0	0	0	518835156
221	800	0	0	0	518835163
223	799	0	0	0	518835171
225	798	0	0	0	518835178
227	798	0	0	0	518835186
229	797	0	0	0	518835193
232	798	0	0	0	518835201
234	799	0	0	0	518835208
236	800	0	0	0	518835216
237	802	0	0	0	518835223
238	804	0	0	0	518835231
239	807	0	0	0	518835238
239	810	0	0	0	518835246
238	812	0	0	0	518835253
237	815	0	0	0	518835261
235	817	0	0	0	518835268
233	818	0	0	0	518835276
230	819	0	0	0	518835283
228	820	0	0	0	518835291
226	820	0	0	0	518835298
224	819	0	0	0	518835306
224	819	0	0	0	518835313
222	817	0	0	0	518835321
222	816	0	0	0	518835328
222	813	0	0	0	518835336
16	46
222	903	0	0	0	518836495
221	902	0	0	0	518836502
221	900	0	0	0	518836510
221	899	0	0	0	518836517
221	897	0	0	0	518836525
222	894	0	0	0	518836532
222	891	0	0	0	518836540
223	887	0	0	0	518836547
223	883	0	0	0	518836555
224	879	0	0	0	518836562
225	875	0	0	0	518836570
226	872	0	0	0	518836578
227	869	0	0	0	518836585
228	866	0	0	0	518836593
229	865	0	0	0	518836600
229	865	0	0	0	518836608
20	46
231	864	0	0	0	518836615
231	864	0	0	0	518836623
233	866	0	0	0	518836630
234	869	0	0	0	518836638
235	871	0	0	0	518836645
236	875	0	0	0	518836653
237	878	0	0	0	518836660
239	882	0	0	0	518836668
240	886	0	0	0	518836675
241	890	0	0	0	518836683
242	894	0	0	0	518836690
243	896	0	0	0	518836698
244	898	0	0	0	518836705
245	900	0	0	0	518836713
246	901	0	0	0	518836720
246	901	0	0	0	518836728
246	901	0	0	0	518836735
248	901	0	0	0	518836743
247	900	0	0	0	518836750
247	900	0	0	0	518836758
14	46
222	890	0	0	0	518836910
224	891	0	0	0	518836918
226	891	0	0	0	518836925
227	892	0	0	0	518836933
230	892	0	0	0	518836940
232	892	0	0	0	518836948
234	892	0	0	0	518836955
237	892	0	0	0	518836963
240	892	0	0	0	518836970
243	892	0	0	0	518836978
246	892	0	0	0	518836985
248	892	0	0	0	518836993
251	892	0	0	0	518837000
253	892	0	0	0	518837008
15	49
233	950	0	0	0	518837263
233	953	0	0	0	518837270
233	957	0	0	0	518837278
233	961	0	0	0	518837285
233	965	0	0	0	518837293
233	969	0	0	0	518837300
234	973	0	0	0	518837308
234	976	0	0	0	518837315
234	979	0	0	0	518837323
234	981	0	0	0	518837330
235	982	0	0	0	518837338
235	982	0	0	0	518837345
235	982	0	0	0	518837353
235	980	0	0	0	518837360
236	978	0	0	0	518837368
50	50
234	941	0	0	0	518837484
234	938	0	0	0	518837491
236	936	0	0	0	518837499
238	934	0	0	0	518837506
240	932	0	0	0	518837514
242	931	0	0	0	518837521
245	931	0	0	0	518837529
247	932	0	0	0	518837536
249	933	0	0	0	518837544
251	934	0	0	0	518837551
252	937	0	0	0	518837559
253	939	0	0	0	518837566
253	942	0	0	0	518837574
252	944	0	0	0	518837581
251	947	0	0	0	518837589
250	949	0	0	0	518837596
248	951	0	0	0	518837604
246	952	0	0	0	518837611
245	953	0	0	0	518837619
244	954	0	0	0	518837626
243	954	0	0	0	518837634
243	954	0	0	0	518837641
243	954	0	0	0	518837649
243	953	0	0	0	518837656
244	952	0	0	0	518837664
246	951	0	0	0	518837672
248	950	0	0	0	518837679
250	949	0	0	0	518837687
252	949	0	0	0	518837694
255	949	0	0	0	518837702
257	949	0	0	0	518837709
258	951	0	0	0	518837717
260	952	0	0	0	518837724
260	955	0	0	0	518837732
260	957	0	0	0	518837739
260	960	0	0	0	518837747
259	963	0	0	0	518837754
257	965	0	0	0	518837762
255	968	0	0	0	518837769
252	970	0	0	0	518837777
250	971	0	0	0	518837784
247	972	0	0	0	518837792
245	973	0	0	0	518837799
243	972	0	0	0	518837807
241	971	0	0	0	518837814
241	970	0	0	0	518837822
240	968	0	0	0	518837829
241	966	0	0	0	518837837
241	963	0	0	0	518837844
242	960	0	0	0	518837852
13	51
230	912	0	0	0	518838059
230	912	0	0	0	518838066
230	912	0	0	0	518838074
230	912	0	0	0	518838081
232	913	0	0	0	518838089
233	913	0	0	0	518838096
235	913	0	0	0	518838104
237	913	0	0	0	518838111
239	914	0	0	0	518838119
242	913	0	0	0	518838126
246	914	0	0	0	518838134
248	914	0	0	0	518838141
252	914	0	0	0	518838149
23	53
284	884	0	0	0	518838468
284	884	0	0	0	518838475
284	884	0	0	0	518838483
284	884	0	0	0	518838490
285	885	0	0	0	518838498
287	885	0	0	0	518838505
290	886	0	0	0	518838513
294	886	0	0	0	518838520
298	887	0	0	0	518838528
302	888	0	0	0	518838535
306	889	0	0	0	518838543
311	890	0	0	0	518838550
316	891	0	0	0	518838558
320	892	0	0	0	518838565
325	893	0	0	0	518838573
329	894	0	0	0	518838580
333	894	0	0	0	518838588
338	895	0	0	0	518838595
341	895	0	0	0	518838603
344	895	0	0	0	518838610
348	895	0	0	0	518838618
350	895	0	0	0	518838625
352	895	0	0	0	518838633
18	53
294	956	0	0	0	518838849
296	955	0	0	0	518838857
299	955	0	0	0	518838864
302	955	0	0	0	518838872
306	955	0	0	0	518838879
310	955	0	0	0	518838887
314	955	0	0	0	518838894
318	956	0	0	0	518838902
322	956	0	0	0	518838909
326	957	0	0	0	518838917
329	958	0	0	0	518838924
333	958	0	0	0	518838932
336	959	0	0	0	518838939
339	960	0	0	0	518838947
341	960	0	0	0	518838954
344	961	0	0	0	518838962
345	960	0	0	0	518838969
347	961	0	0	0	518838977
26	53
353	873	0	0	0	518839398
353	872	0	0	0	518839406
353	872	0	0	0	518839413
352	873	0	0	0	518839421
352	876	0	0	0	518839428
353	880	0	0	0	518839436
353	885	0	0	0	518839443
353	892	0	0	0	518839451
353	900	0	0	0	518839458
353	910	0	0	0	518839466
352	920	0	0	0	518839473
352	931	0	0	0	518839481
352	941	0	0	0	518839488
352	951	0	0	0	518839496
352	960	0	0	0	518839503
353	967	0	0	0	518839511
353	973	0	0	0	518839518
353	978	0	0	0	518839526
353	982	0	0	0	518839533
354	984	0	0	0	518839541
354	985	0	0	0	518839548
354	985	0	0	0	518839556
354	984	0	0	0	518839563
355	983	0	0	0	518839571
355	980	0	0	0	518839578
356	978	0	0	0	518839586
30	53
358	885	0	0	0	518839759
358	885	0	0	0	518839766
362	884	0	0	0	518839774
364	884	0	0	0	518839781
368	885	0	0	0	518839789
371	886	0	0	0	518839797
375	889	0	0	0	518839804
380	891	0	0	0	518839812
384	895	0	0	0	518839819
389	898	0	0	0	518839827
393	903	0	0	0	518839834
396	908	0	0	0	518839842
399	913	0	0	0	518839849
402	919	0	0	0	518839857
404	925	0	0	0	518839864
405	931	0	0	0	518839872
405	937	0	0	0	518839879
405	943	0	0	0	518839887
403	949	0	0	0	518839894
401	954	0	0	0	518839902
398	959	0	0	0	518839909
395	963	0	0	0	518839917
391	967	0	0	0	518839924
387	969	0	0	0	518839932
383	970	0	0	0	518839939
380	970	0	0	0	518839947
377	969	0	0	0	518839954
375	967	0	0	0	518839962
374	964	0	0	0	518839969
373	962	0	0	0	518839977
33	53
422	907	0	0	0	518840189
421	906	0	0	0	518840197
419	906	0	0	0	518840204
418	907	0	0	0	518840212
417	908	0	0	0	518840219
416	909	0	0	0	518840227
414	911	0	0	0	518840234
413	913	0	0	0	518840242
412	917	0	0	0	518840250
411	920	0	0	0	518840257
410	925	0	0	0	518840265
410	930	0	0	0	518840272
410	934	0	0	0	518840280
410	938	0	0	0	518840287
411	942	0	0	0	518840295
413	944	0	0	0	518840302
416	945	0	0	0	518840310
418	945	0	0	0	518840317
421	943	0	0	0	518840325
424	941	0	0	0	518840332
427	937	0	0	0	518840340
430	934	0	0	0	518840347
432	930	0	0	0	518840355
433	926	0	0	0	518840362
433	922	0	0	0	518840370
433	918	0	0	0	518840377
431	915	0	0	0	518840385
429	912	0	0	0	518840392
427	910	0	0	0	518840400
425	909	0	0	0	518840407
423	908	0	0	0	518840415
421	908	0	0	0	518840422
420	907	0	0	0	518840430
30	36
440	918	0	0	0	518840848
440	918	0	0	0	518840856
442	918	0	0	0	518840863
444	918	0	0	0	518840871
445	918	0	0	0	518840878
448	918	0	0	0	518840886
451	918	0	0	0	518840893
454	918	0	0	0	518840901
458	918	0	0	0	518840908
462	919	0	0	0	518840916
467	919	0	0	0	518840923
471	919	0	0	0	518840931
476	919	0	0	0	518840938
481	919	0	0	0	518840946
486	919	0	0	0	518840954
490	919	0	0	0	518840961
495	919	0	0	0	518840969
500	918	0	0	0	518840976
505	917	0	0	0	518840984
509	915	0	0	0	518840991
514	914	0	0	0	518840999
518	913	0	0	0	518841006
522	912	0	0	0	518841014
526	911	0	0	0	518841021
529	910	0	0	0	518841029
532	909	0	0	0	518841036
534	909	0	0	0	518841044
536	908	0	0	0	518841051
537	908	0	0	0	518841059
538	907	0	0	0	518841066
85	36
538	907	0	0	0	518841074
539	905	0	0	0	518841081
539	903	0	0	0	518841089
540	901	0	0	0	518841096
540	899	0	0	0	518841104
540	897	0	0	0	518841111
540	895	0	0	0	518841119
540	892	0	0	0	518841126
541	890	0	0	0	518841134
541	887	0	0	0	518841141
541	883	0	0	0	518841149
542	880	0	0	0	518841157
542	876	0	0	0	518841164
543	872	0	0	0	518841172
544	868	0	0	0	518841179
544	864	0	0	0	518841187
545	859	0	0	0	518841194
545	855	0	0	0	518841202
546	850	0	0	0	518841209
546	846	0	0	0	518841217
546	842	0	0	0	518841224
547	837	0	0	0	518841232
547	833	0	0	0	518841239
548	828	0	0	0	518841247
548	824	0	0	0	518841254
548	819	0	0	0	518841262
549	815	0	0	0	518841269
549	810	0	0	0	518841277
549	806	0	0	0	518841284
550	801	0	0	0	518841292
550	796	0	0	0	518841299
550	791	0	0	0	518841307
551	786	0	0	0	518841314
551	782	0	0	0	518841322
551	777	0	0	0	518841329
552	772	0	0	0	518841337
553	767	0	0	0	518841344
553	762	0	0	0	518841352
554	758	0	0	0	518841360
555	753	0	0	0	518841367
555	749	0	0	0	518841375
556	744	0	0	0	518841382
557	740	0	0	0	518841390
558	735	0	0	0	518841397
559	730	0	0	0	518841405
559	725	0	0	0	518841412
560	721	0	0	0	518841420
561	716	0	0	0	518841427
562	712	0	0	0	518841435
562	707	0	0	0	518841442
563	703	0	0	0	518841450
563	698	0	0	0	518841457
563	694	0	0	0	518841465
563	689	0	0	0	518841472
564	685	0	0	0	518841480
564	680	0	0	0	518841487
564	675	0	0	0	518841495
564	671	0	0	0	518841502
565	666	0	0	0	518841510
565	661	0	0	0	518841517
565	658	0	0	0	518841525
565	654	0	0	0	518841532
565	650	0	0	0	518841540
565	647	0	0	0	518841547
565	644	0	0	0	518841555
564	640	0	0	0	518841563
564	636	0	0	0	518841570
564	632	0	0	0	518841578
564	629	0	0	0	518841585
563	624	0	0	0	518841593
563	621	0	0	0	518841600
563	617	0	0	0	518841608
563	613	0	0	0	518841615
563	610	0	0	0	518841623
563	607	0	0	0	518841630
563	605	0	0	0	518841638
563	602	0	0	0	518841645
562	600	0	0	0	518841653
562	597	0	0	0	518841660
562	595	0	0	0	518841668
561	593	0	0	0	518841675
561	591	0	0	0	518841683
561	589	0	0	0	518841690
561	587	0	0	0	518841698
560	585	0	0	0	518841705
32	36
560	584	0	0	0	518841713
560	584	0	0	0	518841720
560	583	0	0	0	518841728
560	583	0	0	0	518841735
560	583	0	0	0	518841743
560	583	0	0	0	518841750
560	581	0	0	0	518841758
560	581	0	0	0	518841766
560	581	0	0	0	518841773
561	580	0	0	0	518841781
561	580	0	0	0	518841788
563	578	0	0	0	518841796
564	576	0	0	0	518841803
566	575	0	0	0	518841811
568	574	0	0	0	518841818
569	572	0	0	0	518841826
571	571	0	0	0	518841833
573	569	0	0	0	518841841
575	567	0	0	0	518841848
576	565	0	0	0	518841856
577	564	0	0	0	518841863
578	563	0	0	0	518841871
579	562	0	0	0	518841878
579	562	0	0	0	518841886
579	560	0	0	0	518841893
579	560	0	0	0	518841901
579	560	0	0	0	518841908
580	559	0	0	0	518841916
580	559	0	0	0	518841923
580	559	0	0	0	518841931
581	557	0	0	0	518841938
582	557	0	0	0	518841946
19	60
508	347	0	0	0	518847076
506	346	0	0	0	518847083
506	346	0	0	0	518847091
506	346	0	0	0	518847098
506	346	0	0	0	518847106
508	346	0	0	0	518847113
509	348	0	0	0	518847121
510	349	0	0	0	518847128
511	351	0	0	0	518847136
513	353	0	0	0	518847143
515	355	0	0	0	518847151
516	357	0	0	0	518847158
518	359	0	0	0	518847166
520	361	0	0	0	518847173
521	361	0	0	0	518847181
523	361	0	0	0	518847188
524	360	0	0	0	518847196
526	360	0	0	0	518847203
527	357	0	0	0	518847211
16	60
536	346	0	0	0	518847301
535	347	0	0	0	518847309
534	348	0	0	0	518847316
533	350	0	0	0	518847324
532	352	0	0	0	518847331
531	354	0	0	0	518847339
529	356	0	0	0	518847346
528	357	0	0	0	518847354
526	358	0	0	0	518847361
525	359	0	0	0	518847369
524	360	0	0	0	518847376
524	360	0	0	0	518847384
522	361	0	0	0	518847391
522	361	0	0	0	518847399
522	361	0	0	0	518847406
522	361	0	0	0	518847414
10	62
552	357	0	0	0	518847628
551	359	0	0	0	518847636
552	361	0	0	0	518847643
551	363	0	0	0	518847651
551	365	0	0	0	518847658
551	368	0	0	0	518847666
551	369	0	0	0	518847673
552	372	0	0	0	518847681
552	373	0	0	0	518847688
552	376	0	0	0	518847696
11	60
527	363	0	0	0	518848168
527	365	0	0	0	518848175
526	366	0	0	0	518848183
526	368	0	0	0	518848190
526	371	0	0	0	518848198
526	374	0	0	0	518848205
526	377	0	0	0	518848213
526	379	0	0	0	518848220
527	382	0	0	0	518848228
527	383	0	0	0	518848235
528	386	0	0	0	518848243
17	64
473	477	0	0	0	518848794
472	477	0	0	0	518848801
472	477	0	0	0	518848809
472	477	0	0	0	518848816
472	477	0	0	0	518848824
472	478	0	0	0	518848831
472	478	0	0	0	518848839
473	480	0	0	0	518848846
474	482	0	0	0	518848854
475	484	0	0	0	518848861
477	485	0	0	0	518848869
478	487	0	0	0	518848876
479	488	0	0	0	518848884
481	490	0	0	0	518848891
482	489	0	0	0	518848899
484	490	0	0	0	518848906
484	488	0	0	0	518848914
24	64
491	481	0	0	0	518849023
491	481	0	0	0	518849031
490	483	0	0	0	518849038
490	483	0	0	0	518849046
488	486	0	0	0	518849053
488	486	0	0	0	518849061
487	488	0	0	0	518849068
487	488	0	0	0	518849076
486	490	0	0	0	518849083
485	491	0	0	0	518849091
485	492	0	0	0	518849098
485	494	0	0	0	518849106
485	495	0	0	0	518849113
484	497	0	0	0	518849121
484	498	0	0	0	518849128
485	500	0	0	0	518849136
485	501	0	0	0	518849143
485	502	0	0	0	518849151
485	503	0	0	0	518849158
485	505	0	0	0	518849166
485	505	0	0	0	518849173
486	507	0	0	0	518849181
486	507	0	0	0	518849188
487	510	0	0	0	518849196
24	36
499	490	0	0	0	518849413
499	490	0	0	0	518849421
499	491	0	0	0	518849428
499	491	0	0	0	518849436
500	493	0	0	0	518849443
500	493	0	0	0	518849451
500	495	0	0	0	518849458
500	496	0	0	0	518849466
500	497	0	0	0	518849473
499	499	0	0	0	518849481
499	499	0	0	0	518849488
499	501	0	0	0	518849496
499	502	0	0	0	518849503
500	503	0	0	0	518849511
500	503	0	0	0	518849518
501	505	0	0	0	518849526
501	505	0	0	0	518849533
502	507	0	0	0	518849541
502	507	0	0	0	518849548
505	508	0	0	0	518849556
506	508	0	0	0	518849563
506	508	0	0	0	518849571
509	508	0	0	0	518849578
509	508	0	0	0	518849586
18	67
494	630	0	0	0	518850146
493	630	0	0	0	518850154
493	630	0	0	0	518850161
493	631	0	0	0	518850169
493	631	0	0	0	518850176
494	633	0	0	0	518850184
495	634	0	0	0	518850191
496	635	0	0	0	518850199
497	636	0	0	0	518850206
498	637	0	0	0	518850214
499	638	0	0	0	518850221
499	638	0	0	0	518850229
501	640	0	0	0	518850236
502	640	0	0	0	518850244
502	640	0	0	0	518850251
505	639	0	0	0	518850259
505	638	0	0	0	518850266
507	637	0	0	0	518850274
31	67
512	624	0	0	0	518850360
511	625	0	0	0	518850368
511	628	0	0	0	518850375
510	629	0	0	0	518850383
510	631	0	0	0	518850390
509	633	0	0	0	518850398
508	635	0	0	0	518850406
508	636	0	0	0	518850413
507	637	0	0	0	518850421
507	637	0	0	0	518850428
506	638	0	0	0	518850436
506	638	0	0	0	518850443
506	638	0	0	0	518850451
506	638	0	0	0	518850458
505	639	0	0	0	518850466
505	639	0	0	0	518850473
505	639	0	0	0	518850481
505	639	0	0	0	518850488
505	641	0	0	0	518850496
506	642	0	0	0	518850503
506	643	0	0	0	518850511
507	645	0	0	0	518850518
507	647	0	0	0	518850526
508	649	0	0	0	518850533
508	651	0	0	0	518850541
509	652	0	0	0	518850548
509	652	0	0	0	518850556
510	655	0	0	0	518850563
510	655	0	0	0	518850571
510	655	0	0	0	518850578
510	655	0	0	0	518850586
37	69
518	640	0	0	0	518850768
518	640	0	0	0	518850776
519	639	0	0	0	518850783
519	639	0	0	0	518850791
521	639	0	0	0	518850798
521	639	0	0	0	518850806
523	640	0	0	0	518850813
523	640	0	0	0	518850821
524	641	0	0	0	518850828
524	642	0	0	0	518850836
524	644	0	0	0	518850843
524	644	0	0	0	518850851
523	646	0	0	0	518850859
523	646	0	0	0	518850866
522	648	0	0	0	518850874
522	648	0	0	0	518850881
520	648	0	0	0	518850889
520	648	0	0	0	518850896
520	648	0	0	0	518850904
520	648	0	0	0	518850911
520	648	0	0	0	518850919
522	648	0	0	0	518850926
522	648	0	0	0	518850934
524	649	0	0	0	518850941
525	649	0	0	0	518850949
525	649	0	0	0	518850956
527	651	0	0	0	518850964
528	653	0	0	0	518850971
528	654	0	0	0	518850979
528	656	0	0	0	518850986
528	657	0	0	0	518850994
528	659	0	0	0	518851001
528	660	0	0	0	518851009
527	661	0	0	0	518851016
527	662	0	0	0	518851024
525	662	0	0	0	518851031
525	662	0	0	0	518851039
12	70
571	825	0	0	0	518851441
572	827	0	0	0	518851449
572	827	0	0	0	518851456
575	829	0	0	0	518851464
576	831	0	0	0	518851471
577	834	0	0	0	518851479
579	837	0	0	0	518851486
581	839	0	0	0	518851494
584	842	0	0	0	518851501
585	844	0	0	0	518851509
587	846	0	0	0	518851516
587	846	0	0	0	518851524
31	70
596	824	0	0	0	518851642
595	826	0	0	0	518851650
595	828	0	0	0	518851657
593	830	0	0	0	518851665
592	832	0	0	0	518851672
591	834	0	0	0	518851680
590	835	0	0	0	518851688
590	837	0	0	0	518851695
589	839	0	0	0	518851703
589	840	0	0	0	518851710
588	842	0	0	0	518851718
589	844	0	0	0	518851725
589	845	0	0	0	518851733
590	847	0	0	0	518851740
590	849	0	0	0	518851748
592	851	0	0	0	518851755
593	853	0	0	0	518851763
594	856	0	0	0	518851770
595	859	0	0	0	518851778
596	862	0	0	0	518851785
597	865	0	0	0	518851793
598	869	0	0	0	518851800
598	871	0	0	0	518851808
598	874	0	0	0	518851815
599	876	0	0	0	518851823
599	877	0	0	0	518851830
599	877	0	0	0	518851838
599	877	0	0	0	518851845
599	877	0	0	0	518851853
601	876	0	0	0	518851860
601	874	0	0	0	518851868
27	72
614	851	0	0	0	518852062
614	851	0	0	0	518852070
614	852	0	0	0	518852078
614	852	0	0	0	518852085
614	852	0	0	0	518852093
614	853	0	0	0	518852100
614	853	0	0	0	518852108
614	856	0	0	0	518852115
614	857	0	0	0	518852123
614	859	0	0	0	518852130
614	861	0	0	0	518852138
614	863	0	0	0	518852145
614	865	0	0	0	518852153
613	866	0	0	0	518852160
613	867	0	0	0	518852168
613	867	0	0	0	518852175
613	867	0	0	0	518852183
614	868	0	0	0	518852190
616	868	0	0	0	518852198
617	867	0	0	0	518852205
618	867	0	0	0	518852213
620	866	0	0	0	518852220
622	864	0	0	0	518852228
624	863	0	0	0	518852235
626	861	0	0	0	518852243
627	860	0	0	0	518852250
628	858	0	0	0	518852258
15	72
631	850	0	0	0	518852356
630	852	0	0	0	518852363
631	855	0	0	0	518852371
631	857	0	0	0	518852378
631	861	0	0	0	518852386
631	864	0	0	0	518852393
632	868	0	0	0	518852401
633	872	0	0	0	518852408
634	877	0	0	0	518852416
635	880	0	0	0	518852423
635	882	0	0	0	518852431
636	884	0	0	0	518852438
636	884	0	0	0	518852446
636	884	0	0	0	518852453
635	883	0	0	0	518852461
20	74
774	499	0	0	0	518852880
774	499	0	0	0	518852888
774	499	0	0	0	518852895
774	499	0	0	0	518852903
775	501	0	0	0	518852910
775	502	0	0	0	518852918
775	505	0	0	0	518852925
776	507	0	0	0	518852933
776	509	0	0	0	518852940
776	511	0	0	0	518852948
776	513	0	0	0	518852955
777	514	0	0	0	518852963
777	516	0	0	0	518852970
777	517	0	0	0	518852978
777	518	0	0	0	518852985
777	518	0	0	0	518852993
777	519	0	0	0	518853000
777	519	0	0	0	518853008
777	519	0	0	0	518853016
778	520	0	0	0	518853023
23	74
778	520	0	0	0	518853031
778	520	0	0	0	518853038
778	520	0	0	0	518853046
779	521	0	0	0	518853053
779	521	0	0	0	518853061
780	521	0	0	0	518853068
780	521	0	0	0	518853076
782	520	0	0	0	518853083
784	519	0	0	0	518853091
786	519	0	0	0	518853098
788	518	0	0	0	518853106
789	517	0	0	0	518853113
791	516	0	0	0	518853121
793	515	0	0	0	518853128
794	514	0	0	0	518853136
796	513	0	0	0	518853143
797	512	0	0	0	518853151
797	512	0	0	0	518853158
798	511	0	0	0	518853166
798	511	0	0	0	518853173
799	510	0	0	0	518853181
799	510	0	0	0	518853188
799	508	0	0	0	518853196
20	74
779	526	0	0	0	518853568
779	526	0	0	0	518853576
778	527	0	0	0	518853583
778	529	0	0	0	518853591
779	531	0	0	0	518853598
779	534	0	0	0	518853606
779	536	0	0	0	518853613
780	539	0	0	0	518853621
780	542	0	0	0	518853628
780	545	0	0	0	518853636
780	548	0	0	0	518853643
780	551	0	0	0	518853651
780	553	0	0	0	518853658
780	554	0	0	0	518853666
780	555	0	0	0	518853673
780	555	0	0	0	518853681
780	555	0	0	0	518853688
782	556	0	0	0	518853696
782	556	0	0	0	518853703
784	555	0	0	0	518853711
31	77
804	538	0	0	0	518853892
804	538	0	0	0	518853900
803	539	0	0	0	518853907
803	539	0	0	0	518853915
803	541	0	0	0	518853922
803	541	0	0	0	518853930
803	542	0	0	0	518853938
803	542	0	0	0	518853945
804	543	0	0	0	518853953
804	543	0	0	0	518853960
807	543	0	0	0	518853968
808	544	0	0	0	518853975
810	545	0	0	0	518853983
812	545	0	0	0	518853990
814	546	0	0	0	518853998
815	548	0	0	0	518854005
817	549	0	0	0	518854013
818	551	0	0	0	518854020
819	553	0	0	0	518854028
819	555	0	0	0	518854035
819	556	0	0	0	518854043
817	559	0	0	0	518854050
816	560	0	0	0	518854058
814	562	0	0	0	518854065
811	563	0	0	0	518854073
809	563	0	0	0	518854080
807	563	0	0	0	518854088
805	563	0	0	0	518854095
803	561	0	0	0	518854103
802	559	0	0	0	518854110
801	555	0	0	0	518854118
13	77
803	537	0	0	0	518854184
804	537	0	0	0	518854191
804	537	0	0	0	518854199
806	535	0	0	0	518854206
808	535	0	0	0	518854214
811	534	0	0	0	518854221
814	532	0	0	0	518854229
818	531	0	0	0	518854236
823	530	0	0	0	518854244
827	528	0	0	0	518854251
831	527	0	0	0	518854259
835	524	0	0	0	518854266
839	523	0	0	0	518854274
