42
40	6
283	297	0	0	0	463331903
283	297	0	0	0	463331910
284	296	0	0	0	463331918
284	296	0	0	0	463331925
284	296	0	0	0	463331933
284	296	0	0	0	463331940
284	295	0	0	0	463331948
284	295	0	0	0	463331955
284	295	0	0	0	463331963
284	296	0	0	0	463331970
284	296	0	0	0	463331978
285	298	0	0	0	463331985
285	299	0	0	0	463331993
285	301	0	0	0	463332000
286	304	0	0	0	463332008
286	306	0	0	0	463332016
286	309	0	0	0	463332023
287	313	0	0	0	463332031
287	317	0	0	0	463332038
288	321	0	0	0	463332046
288	325	0	0	0	463332053
288	328	0	0	0	463332061
289	332	0	0	0	463332068
290	335	0	0	0	463332076
290	338	0	0	0	463332083
291	340	0	0	0	463332091
291	342	0	0	0	463332098
291	343	0	0	0	463332106
292	345	0	0	0	463332113
292	345	0	0	0	463332121
292	345	0	0	0	463332128
292	345	0	0	0	463332136
292	345	0	0	0	463332143
292	345	0	0	0	463332151
292	345	0	0	0	463332158
292	344	0	0	0	463332166
291	343	0	0	0	463332173
291	342	0	0	0	463332181
292	341	0	0	0	463332188
292	339	0	0	0	463332196
156	6
282	284	0	0	0	463332828
281	284	0	0	0	463332835
281	284	0	0	0	463332843
281	284	0	0	0	463332850
281	284	0	0	0	463332858
282	284	0	0	0	463332865
282	284	0	0	0	463332873
282	284	0	0	0	463332880
282	284	0	0	0	463332888
282	284	0	0	0	463332895
282	284	0	0	0	463332903
283	284	0	0	0	463332910
283	284	0	0	0	463332918
284	284	0	0	0	463332925
285	283	0	0	0	463332933
285	283	0	0	0	463332940
286	283	0	0	0	463332948
287	284	0	0	0	463332955
288	284	0	0	0	463332963
290	284	0	0	0	463332970
291	284	0	0	0	463332978
293	284	0	0	0	463332985
294	284	0	0	0	463332993
296	284	0	0	0	463333001
298	285	0	0	0	463333008
299	285	0	0	0	463333016
301	285	0	0	0	463333023
303	285	0	0	0	463333031
305	284	0	0	0	463333038
307	284	0	0	0	463333046
309	284	0	0	0	463333053
310	284	0	0	0	463333061
312	284	0	0	0	463333068
314	285	0	0	0	463333076
315	285	0	0	0	463333083
317	285	0	0	0	463333091
319	285	0	0	0	463333098
320	286	0	0	0	463333106
322	286	0	0	0	463333113
323	286	0	0	0	463333121
325	287	0	0	0	463333128
327	287	0	0	0	463333136
329	288	0	0	0	463333143
330	288	0	0	0	463333151
332	288	0	0	0	463333158
333	289	0	0	0	463333166
335	289	0	0	0	463333173
336	290	0	0	0	463333181
337	290	0	0	0	463333188
339	291	0	0	0	463333196
340	291	0	0	0	463333204
341	292	0	0	0	463333211
343	292	0	0	0	463333219
344	293	0	0	0	463333226
346	294	0	0	0	463333234
347	294	0	0	0	463333241
349	295	0	0	0	463333249
350	295	0	0	0	463333256
352	296	0	0	0	463333264
353	297	0	0	0	463333271
354	297	0	0	0	463333279
355	297	0	0	0	463333286
357	298	0	0	0	463333294
357	299	0	0	0	463333301
357	299	0	0	0	463333309
359	300	0	0	0	463333316
360	300	0	0	0	463333324
361	301	0	0	0	463333331
362	302	0	0	0	463333339
362	303	0	0	0	463333346
363	304	0	0	0	463333354
363	305	0	0	0	463333361
364	306	0	0	0	463333369
364	307	0	0	0	463333376
364	309	0	0	0	463333384
365	310	0	0	0	463333391
365	311	0	0	0	463333399
365	312	0	0	0	463333407
366	313	0	0	0	463333414
366	314	0	0	0	463333422
366	315	0	0	0	463333429
366	316	0	0	0	463333437
366	317	0	0	0	463333444
365	318	0	0	0	463333452
365	319	0	0	0	463333459
364	320	0	0	0	463333467
364	321	0	0	0	463333474
364	322	0	0	0	463333482
363	323	0	0	0	463333489
363	324	0	0	0	463333497
362	326	0	0	0	463333504
362	326	0	0	0	463333512
362	327	0	0	0	463333519
361	328	0	0	0	463333527
361	329	0	0	0	463333534
360	330	0	0	0	463333542
359	331	0	0	0	463333549
359	332	0	0	0	463333557
358	333	0	0	0	463333564
357	334	0	0	0	463333572
356	335	0	0	0	463333579
355	335	0	0	0	463333587
354	336	0	0	0	463333594
353	337	0	0	0	463333602
352	338	0	0	0	463333610
351	339	0	0	0	463333617
349	339	0	0	0	463333625
348	340	0	0	0	463333632
347	341	0	0	0	463333640
346	342	0	0	0	463333647
344	343	0	0	0	463333655
343	343	0	0	0	463333662
341	344	0	0	0	463333670
340	344	0	0	0	463333677
339	345	0	0	0	463333685
338	345	0	0	0	463333692
336	346	0	0	0	463333700
335	346	0	0	0	463333707
334	346	0	0	0	463333715
333	346	0	0	0	463333722
331	347	0	0	0	463333730
330	347	0	0	0	463333737
328	348	0	0	0	463333745
326	348	0	0	0	463333752
325	348	0	0	0	463333760
323	349	0	0	0	463333767
322	349	0	0	0	463333775
320	350	0	0	0	463333782
319	350	0	0	0	463333790
317	350	0	0	0	463333797
316	350	0	0	0	463333805
314	350	0	0	0	463333813
312	350	0	0	0	463333820
311	350	0	0	0	463333828
309	350	0	0	0	463333835
307	350	0	0	0	463333843
305	350	0	0	0	463333850
303	350	0	0	0	463333858
302	350	0	0	0	463333865
300	350	0	0	0	463333873
299	350	0	0	0	463333880
297	351	0	0	0	463333888
296	351	0	0	0	463333895
295	351	0	0	0	463333903
295	351	0	0	0	463333910
295	351	0	0	0	463333918
293	351	0	0	0	463333925
293	351	0	0	0	463333933
292	351	0	0	0	463333940
292	351	0	0	0	463333948
292	351	0	0	0	463333955
292	350	0	0	0	463333963
292	350	0	0	0	463333970
292	350	0	0	0	463333978
292	350	0	0	0	463333985
292	349	0	0	0	463333993
35	2
297	422	0	0	0	463334643
297	422	0	0	0	463334651
297	422	0	0	0	463334658
297	422	0	0	0	463334666
297	422	0	0	0	463334673
296	423	0	0	0	463334681
296	423	0	0	0	463334688
297	426	0	0	0	463334696
297	427	0	0	0	463334703
297	430	0	0	0	463334711
298	433	0	0	0	463334719
298	438	0	0	0	463334726
298	442	0	0	0	463334734
299	447	0	0	0	463334741
299	452	0	0	0	463334749
299	458	0	0	0	463334756
300	463	0	0	0	463334764
300	467	0	0	0	463334771
301	471	0	0	0	463334779
301	474	0	0	0	463334786
302	476	0	0	0	463334794
302	478	0	0	0	463334801
302	479	0	0	0	463334809
302	479	0	0	0	463334816
302	479	0	0	0	463334824
302	479	0	0	0	463334831
302	478	0	0	0	463334839
302	478	0	0	0	463334846
301	476	0	0	0	463334854
302	475	0	0	0	463334861
302	475	0	0	0	463334869
301	473	0	0	0	463334876
301	472	0	0	0	463334884
301	471	0	0	0	463334891
301	470	0	0	0	463334899
112	2
298	412	0	0	0	463335220
298	412	0	0	0	463335228
298	412	0	0	0	463335235
298	412	0	0	0	463335243
299	411	0	0	0	463335250
299	411	0	0	0	463335258
299	411	0	0	0	463335266
300	412	0	0	0	463335273
301	411	0	0	0	463335281
301	411	0	0	0	463335288
302	411	0	0	0	463335296
302	411	0	0	0	463335303
304	411	0	0	0	463335311
304	411	0	0	0	463335318
306	411	0	0	0	463335326
307	411	0	0	0	463335333
308	412	0	0	0	463335341
309	412	0	0	0	463335348
311	412	0	0	0	463335356
312	412	0	0	0	463335363
314	413	0	0	0	463335371
315	413	0	0	0	463335378
318	414	0	0	0	463335386
319	414	0	0	0	463335393
321	414	0	0	0	463335401
324	414	0	0	0	463335408
326	415	0	0	0	463335416
328	415	0	0	0	463335423
330	415	0	0	0	463335431
332	416	0	0	0	463335438
334	416	0	0	0	463335446
337	416	0	0	0	463335453
339	416	0	0	0	463335461
341	417	0	0	0	463335469
343	417	0	0	0	463335476
345	418	0	0	0	463335484
347	418	0	0	0	463335491
349	419	0	0	0	463335499
351	420	0	0	0	463335506
353	420	0	0	0	463335514
356	421	0	0	0	463335521
358	422	0	0	0	463335529
360	423	0	0	0	463335536
361	424	0	0	0	463335544
363	424	0	0	0	463335551
364	425	0	0	0	463335559
366	426	0	0	0	463335566
367	427	0	0	0	463335574
368	428	0	0	0	463335581
369	429	0	0	0	463335589
371	430	0	0	0	463335596
372	432	0	0	0	463335604
372	433	0	0	0	463335611
373	435	0	0	0	463335619
374	436	0	0	0	463335626
374	438	0	0	0	463335634
375	440	0	0	0	463335641
375	441	0	0	0	463335649
375	443	0	0	0	463335656
375	445	0	0	0	463335664
375	447	0	0	0	463335672
375	448	0	0	0	463335679
375	450	0	0	0	463335687
375	452	0	0	0	463335694
374	453	0	0	0	463335702
374	454	0	0	0	463335709
373	456	0	0	0	463335717
372	457	0	0	0	463335724
371	459	0	0	0	463335732
370	460	0	0	0	463335739
368	461	0	0	0	463335747
367	462	0	0	0	463335754
365	463	0	0	0	463335762
363	464	0	0	0	463335769
362	465	0	0	0	463335777
360	466	0	0	0	463335784
358	467	0	0	0	463335792
357	467	0	0	0	463335799
355	468	0	0	0	463335807
353	469	0	0	0	463335814
351	469	0	0	0	463335822
348	470	0	0	0	463335829
346	471	0	0	0	463335837
344	472	0	0	0	463335844
342	473	0	0	0	463335852
339	474	0	0	0	463335859
337	474	0	0	0	463335867
335	475	0	0	0	463335875
333	476	0	0	0	463335882
331	477	0	0	0	463335890
329	477	0	0	0	463335897
327	478	0	0	0	463335905
324	478	0	0	0	463335912
322	479	0	0	0	463335920
320	479	0	0	0	463335927
317	479	0	0	0	463335935
314	480	0	0	0	463335942
312	480	0	0	0	463335950
309	480	0	0	0	463335957
307	480	0	0	0	463335965
305	480	0	0	0	463335972
303	480	0	0	0	463335980
301	480	0	0	0	463335987
300	480	0	0	0	463335995
299	480	0	0	0	463336002
298	479	0	0	0	463336010
296	480	0	0	0	463336017
296	480	0	0	0	463336025
295	480	0	0	0	463336032
295	480	0	0	0	463336040
295	480	0	0	0	463336047
296	481	0	0	0	463336055
35	6
533	351	0	0	0	463337690
533	351	0	0	0	463337698
533	351	0	0	0	463337705
533	351	0	0	0	463337713
533	351	0	0	0	463337720
532	353	0	0	0	463337728
532	353	0	0	0	463337735
531	355	0	0	0	463337743
532	357	0	0	0	463337750
532	360	0	0	0	463337758
531	364	0	0	0	463337766
531	368	0	0	0	463337773
531	372	0	0	0	463337781
532	377	0	0	0	463337788
532	381	0	0	0	463337796
532	386	0	0	0	463337803
532	391	0	0	0	463337811
532	395	0	0	0	463337818
532	399	0	0	0	463337826
533	402	0	0	0	463337833
533	404	0	0	0	463337841
533	406	0	0	0	463337848
533	407	0	0	0	463337856
533	407	0	0	0	463337863
533	408	0	0	0	463337871
533	408	0	0	0	463337878
533	408	0	0	0	463337886
533	407	0	0	0	463337893
533	407	0	0	0	463337901
534	405	0	0	0	463337908
534	404	0	0	0	463337916
534	403	0	0	0	463337923
534	402	0	0	0	463337931
534	401	0	0	0	463337938
534	400	0	0	0	463337946
108	6
530	340	0	0	0	463338328
530	340	0	0	0	463338336
529	340	0	0	0	463338344
529	340	0	0	0	463338351
529	340	0	0	0	463338359
529	340	0	0	0	463338366
529	340	0	0	0	463338374
529	340	0	0	0	463338381
529	340	0	0	0	463338389
529	340	0	0	0	463338396
530	339	0	0	0	463338404
530	339	0	0	0	463338411
531	339	0	0	0	463338419
532	339	0	0	0	463338426
533	339	0	0	0	463338434
534	339	0	0	0	463338441
536	339	0	0	0	463338449
537	339	0	0	0	463338456
538	340	0	0	0	463338464
540	340	0	0	0	463338471
542	340	0	0	0	463338479
544	340	0	0	0	463338486
546	340	0	0	0	463338494
548	341	0	0	0	463338501
550	341	0	0	0	463338509
552	341	0	0	0	463338516
554	341	0	0	0	463338524
556	341	0	0	0	463338531
559	342	0	0	0	463338539
561	342	0	0	0	463338547
563	342	0	0	0	463338554
566	343	0	0	0	463338562
569	343	0	0	0	463338569
572	344	0	0	0	463338577
574	344	0	0	0	463338584
577	345	0	0	0	463338592
579	346	0	0	0	463338599
581	346	0	0	0	463338607
584	347	0	0	0	463338614
586	348	0	0	0	463338622
588	349	0	0	0	463338629
589	350	0	0	0	463338637
591	350	0	0	0	463338644
593	351	0	0	0	463338652
595	352	0	0	0	463338659
596	353	0	0	0	463338667
598	354	0	0	0	463338674
600	355	0	0	0	463338682
601	355	0	0	0	463338689
603	356	0	0	0	463338697
604	357	0	0	0	463338704
605	358	0	0	0	463338712
607	359	0	0	0	463338719
608	361	0	0	0	463338727
608	362	0	0	0	463338734
609	363	0	0	0	463338742
609	365	0	0	0	463338750
610	367	0	0	0	463338757
610	368	0	0	0	463338765
610	370	0	0	0	463338772
611	371	0	0	0	463338780
611	373	0	0	0	463338787
611	374	0	0	0	463338795
611	375	0	0	0	463338802
611	377	0	0	0	463338810
610	378	0	0	0	463338817
610	380	0	0	0	463338825
609	381	0	0	0	463338832
608	383	0	0	0	463338840
607	384	0	0	0	463338847
606	386	0	0	0	463338855
605	387	0	0	0	463338862
604	389	0	0	0	463338870
602	390	0	0	0	463338877
601	392	0	0	0	463338885
599	394	0	0	0	463338892
597	395	0	0	0	463338900
595	396	0	0	0	463338907
593	397	0	0	0	463338915
591	399	0	0	0	463338922
589	400	0	0	0	463338930
586	401	0	0	0	463338937
584	401	0	0	0	463338945
581	402	0	0	0	463338953
579	403	0	0	0	463338960
576	403	0	0	0	463338968
574	404	0	0	0	463338975
571	405	0	0	0	463338983
569	405	0	0	0	463338990
566	405	0	0	0	463338998
564	406	0	0	0	463339005
562	406	0	0	0	463339013
559	407	0	0	0	463339020
556	407	0	0	0	463339028
554	407	0	0	0	463339035
551	408	0	0	0	463339043
548	408	0	0	0	463339050
546	408	0	0	0	463339058
543	409	0	0	0	463339065
541	409	0	0	0	463339073
539	409	0	0	0	463339080
537	409	0	0	0	463339088
535	409	0	0	0	463339095
534	409	0	0	0	463339103
533	409	0	0	0	463339110
533	409	0	0	0	463339118
533	409	0	0	0	463339125
533	409	0	0	0	463339133
36	6
718	431	0	0	0	463342917
718	431	0	0	0	463342924
718	431	0	0	0	463342932
717	432	0	0	0	463342939
717	432	0	0	0	463342947
716	435	0	0	0	463342954
717	437	0	0	0	463342962
717	440	0	0	0	463342969
717	443	0	0	0	463342977
717	447	0	0	0	463342984
718	451	0	0	0	463342992
718	457	0	0	0	463343000
718	462	0	0	0	463343007
718	468	0	0	0	463343015
718	474	0	0	0	463343022
719	480	0	0	0	463343030
719	485	0	0	0	463343037
719	490	0	0	0	463343045
720	494	0	0	0	463343052
720	498	0	0	0	463343060
720	500	0	0	0	463343067
721	502	0	0	0	463343075
721	504	0	0	0	463343082
721	505	0	0	0	463343090
721	505	0	0	0	463343097
721	505	0	0	0	463343105
721	505	0	0	0	463343112
721	505	0	0	0	463343120
721	505	0	0	0	463343127
722	503	0	0	0	463343135
722	502	0	0	0	463343142
722	500	0	0	0	463343150
722	498	0	0	0	463343157
722	496	0	0	0	463343165
722	493	0	0	0	463343172
722	490	0	0	0	463343180
123	6
716	425	0	0	0	463343638
716	425	0	0	0	463343645
716	425	0	0	0	463343653
716	425	0	0	0	463343660
716	425	0	0	0	463343668
716	425	0	0	0	463343675
716	425	0	0	0	463343683
715	424	0	0	0	463343690
715	424	0	0	0	463343698
716	424	0	0	0	463343705
716	424	0	0	0	463343713
718	423	0	0	0	463343720
718	423	0	0	0	463343728
720	423	0	0	0	463343735
721	423	0	0	0	463343743
722	423	0	0	0	463343750
723	423	0	0	0	463343758
724	423	0	0	0	463343766
726	423	0	0	0	463343773
727	424	0	0	0	463343781
729	424	0	0	0	463343788
730	424	0	0	0	463343796
732	424	0	0	0	463343803
734	425	0	0	0	463343811
736	425	0	0	0	463343818
738	425	0	0	0	463343826
740	426	0	0	0	463343833
742	427	0	0	0	463343841
745	427	0	0	0	463343848
747	428	0	0	0	463343856
749	429	0	0	0	463343863
752	429	0	0	0	463343871
754	430	0	0	0	463343878
756	431	0	0	0	463343886
758	431	0	0	0	463343893
760	432	0	0	0	463343901
762	433	0	0	0	463343908
764	434	0	0	0	463343916
766	434	0	0	0	463343923
767	435	0	0	0	463343931
769	436	0	0	0	463343938
771	437	0	0	0	463343946
773	438	0	0	0	463343953
775	440	0	0	0	463343961
776	441	0	0	0	463343969
778	442	0	0	0	463343976
779	443	0	0	0	463343984
780	445	0	0	0	463343991
781	446	0	0	0	463343999
782	447	0	0	0	463344006
782	448	0	0	0	463344014
783	449	0	0	0	463344021
784	451	0	0	0	463344029
785	452	0	0	0	463344036
785	453	0	0	0	463344044
786	454	0	0	0	463344051
786	455	0	0	0	463344059
787	456	0	0	0	463344066
787	457	0	0	0	463344074
788	459	0	0	0	463344081
788	460	0	0	0	463344089
788	461	0	0	0	463344096
788	463	0	0	0	463344104
788	464	0	0	0	463344111
788	465	0	0	0	463344119
787	466	0	0	0	463344126
787	468	0	0	0	463344134
786	470	0	0	0	463344141
786	471	0	0	0	463344149
785	472	0	0	0	463344156
785	474	0	0	0	463344164
784	475	0	0	0	463344172
783	476	0	0	0	463344179
782	477	0	0	0	463344187
781	478	0	0	0	463344194
780	479	0	0	0	463344202
779	480	0	0	0	463344209
778	481	0	0	0	463344217
776	482	0	0	0	463344224
775	483	0	0	0	463344232
774	484	0	0	0	463344239
773	484	0	0	0	463344247
772	485	0	0	0	463344254
770	486	0	0	0	463344262
769	486	0	0	0	463344269
768	487	0	0	0	463344277
766	488	0	0	0	463344284
765	488	0	0	0	463344292
763	489	0	0	0	463344299
762	490	0	0	0	463344307
761	490	0	0	0	463344314
759	491	0	0	0	463344322
758	492	0	0	0	463344329
757	492	0	0	0	463344337
755	493	0	0	0	463344344
754	493	0	0	0	463344352
753	494	0	0	0	463344359
752	494	0	0	0	463344367
750	494	0	0	0	463344375
749	495	0	0	0	463344382
748	495	0	0	0	463344390
746	495	0	0	0	463344397
744	495	0	0	0	463344405
743	495	0	0	0	463344412
741	496	0	0	0	463344420
739	496	0	0	0	463344427
737	496	0	0	0	463344435
735	496	0	0	0	463344442
733	496	0	0	0	463344450
732	497	0	0	0	463344457
730	497	0	0	0	463344465
729	498	0	0	0	463344472
728	498	0	0	0	463344480
727	498	0	0	0	463344487
726	499	0	0	0	463344495
725	499	0	0	0	463344502
725	499	0	0	0	463344510
724	499	0	0	0	463344517
724	499	0	0	0	463344525
724	499	0	0	0	463344532
724	499	0	0	0	463344540
724	499	0	0	0	463344547
724	499	0	0	0	463344555
29	6
285	300	0	0	0	463347922
285	300	0	0	0	463347930
284	301	0	0	0	463347937
284	301	0	0	0	463347945
284	301	0	0	0	463347953
283	301	0	0	0	463347960
283	301	0	0	0	463347968
282	302	0	0	0	463347975
281	302	0	0	0	463347983
279	302	0	0	0	463347990
277	302	0	0	0	463347998
275	302	0	0	0	463348005
273	303	0	0	0	463348013
271	303	0	0	0	463348020
268	303	0	0	0	463348028
265	303	0	0	0	463348035
262	303	0	0	0	463348043
259	304	0	0	0	463348050
257	304	0	0	0	463348058
254	304	0	0	0	463348065
252	304	0	0	0	463348073
250	304	0	0	0	463348080
248	305	0	0	0	463348088
247	304	0	0	0	463348095
245	305	0	0	0	463348103
244	305	0	0	0	463348110
244	305	0	0	0	463348118
243	306	0	0	0	463348125
243	306	0	0	0	463348133
20	6
288	323	0	0	0	463348506
288	323	0	0	0	463348514
287	323	0	0	0	463348521
285	324	0	0	0	463348529
284	324	0	0	0	463348536
282	324	0	0	0	463348544
280	324	0	0	0	463348551
278	324	0	0	0	463348559
275	324	0	0	0	463348566
272	325	0	0	0	463348574
269	325	0	0	0	463348581
266	325	0	0	0	463348589
263	325	0	0	0	463348596
261	325	0	0	0	463348604
258	326	0	0	0	463348611
255	326	0	0	0	463348619
253	326	0	0	0	463348626
251	326	0	0	0	463348634
250	327	0	0	0	463348641
250	327	0	0	0	463348649
20	2
299	431	0	0	0	463349428
299	431	0	0	0	463349436
299	431	0	0	0	463349443
299	431	0	0	0	463349451
297	431	0	0	0	463349458
296	431	0	0	0	463349466
294	431	0	0	0	463349473
292	432	0	0	0	463349481
289	432	0	0	0	463349488
285	432	0	0	0	463349496
282	432	0	0	0	463349503
277	433	0	0	0	463349511
273	433	0	0	0	463349518
269	433	0	0	0	463349526
264	434	0	0	0	463349533
260	434	0	0	0	463349541
257	434	0	0	0	463349548
254	434	0	0	0	463349556
251	435	0	0	0	463349563
249	435	0	0	0	463349571
16	2
304	461	0	0	0	463349989
304	461	0	0	0	463349997
301	461	0	0	0	463350004
299	462	0	0	0	463350012
296	462	0	0	0	463350019
292	462	0	0	0	463350027
288	462	0	0	0	463350034
283	462	0	0	0	463350042
279	462	0	0	0	463350049
273	462	0	0	0	463350057
269	462	0	0	0	463350064
264	462	0	0	0	463350072
260	462	0	0	0	463350079
256	462	0	0	0	463350087
254	462	0	0	0	463350094
252	462	0	0	0	463350102
22	12
190	310	0	0	0	463351125
190	310	0	0	0	463351132
190	310	0	0	0	463351140
190	310	0	0	0	463351147
190	310	0	0	0	463351155
190	308	0	0	0	463351162
190	308	0	0	0	463351170
191	306	0	0	0	463351177
192	305	0	0	0	463351185
192	302	0	0	0	463351192
193	300	0	0	0	463351200
193	298	0	0	0	463351207
194	295	0	0	0	463351215
194	293	0	0	0	463351222
195	290	0	0	0	463351230
195	288	0	0	0	463351237
195	286	0	0	0	463351245
195	284	0	0	0	463351252
195	282	0	0	0	463351260
195	281	0	0	0	463351267
195	280	0	0	0	463351275
195	280	0	0	0	463351282
30	12
195	280	0	0	0	463351290
195	280	0	0	0	463351297
195	280	0	0	0	463351305
195	282	0	0	0	463351312
195	283	0	0	0	463351320
196	284	0	0	0	463351328
196	286	0	0	0	463351335
197	288	0	0	0	463351343
198	290	0	0	0	463351350
199	293	0	0	0	463351358
201	295	0	0	0	463351365
202	297	0	0	0	463351373
203	298	0	0	0	463351380
204	299	0	0	0	463351388
204	300	0	0	0	463351395
204	300	0	0	0	463351403
205	301	0	0	0	463351410
205	301	0	0	0	463351418
204	301	0	0	0	463351425
203	301	0	0	0	463351433
201	301	0	0	0	463351440
200	301	0	0	0	463351448
198	300	0	0	0	463351455
196	300	0	0	0	463351463
194	300	0	0	0	463351470
193	300	0	0	0	463351478
191	301	0	0	0	463351485
190	301	0	0	0	463351493
190	301	0	0	0	463351500
190	302	0	0	0	463351508
72	14
199	322	0	0	0	463351927
199	322	0	0	0	463351935
199	323	0	0	0	463351942
198	324	0	0	0	463351950
199	325	0	0	0	463351957
199	326	0	0	0	463351965
199	327	0	0	0	463351972
199	329	0	0	0	463351980
200	330	0	0	0	463351987
200	332	0	0	0	463351995
201	333	0	0	0	463352002
201	334	0	0	0	463352010
201	335	0	0	0	463352017
201	335	0	0	0	463352025
201	335	0	0	0	463352032
201	335	0	0	0	463352040
201	335	0	0	0	463352047
201	335	0	0	0	463352055
201	333	0	0	0	463352062
201	331	0	0	0	463352070
201	330	0	0	0	463352078
201	328	0	0	0	463352085
200	327	0	0	0	463352093
200	325	0	0	0	463352100
199	324	0	0	0	463352108
199	322	0	0	0	463352115
199	321	0	0	0	463352123
199	320	0	0	0	463352130
199	319	0	0	0	463352138
199	319	0	0	0	463352145
201	319	0	0	0	463352153
202	318	0	0	0	463352160
203	318	0	0	0	463352168
205	318	0	0	0	463352175
206	318	0	0	0	463352183
208	318	0	0	0	463352190
210	318	0	0	0	463352198
211	318	0	0	0	463352205
212	319	0	0	0	463352213
212	319	0	0	0	463352220
213	320	0	0	0	463352228
213	320	0	0	0	463352235
211	321	0	0	0	463352243
210	322	0	0	0	463352250
208	322	0	0	0	463352258
206	323	0	0	0	463352265
205	324	0	0	0	463352273
204	325	0	0	0	463352281
203	325	0	0	0	463352288
203	325	0	0	0	463352296
203	326	0	0	0	463352303
203	326	0	0	0	463352311
205	327	0	0	0	463352318
206	327	0	0	0	463352326
207	328	0	0	0	463352333
209	328	0	0	0	463352341
211	329	0	0	0	463352348
212	330	0	0	0	463352356
213	331	0	0	0	463352363
213	332	0	0	0	463352371
213	334	0	0	0	463352378
212	335	0	0	0	463352386
211	336	0	0	0	463352393
210	337	0	0	0	463352401
208	337	0	0	0	463352408
206	338	0	0	0	463352416
204	338	0	0	0	463352423
202	339	0	0	0	463352431
201	338	0	0	0	463352438
200	338	0	0	0	463352446
200	338	0	0	0	463352453
200	338	0	0	0	463352461
24	15
217	418	0	0	0	463353023
216	418	0	0	0	463353031
215	416	0	0	0	463353038
214	416	0	0	0	463353046
212	415	0	0	0	463353053
211	415	0	0	0	463353061
209	415	0	0	0	463353068
208	416	0	0	0	463353076
206	417	0	0	0	463353083
205	419	0	0	0	463353091
204	421	0	0	0	463353098
204	423	0	0	0	463353106
204	425	0	0	0	463353113
204	427	0	0	0	463353121
206	429	0	0	0	463353128
207	430	0	0	0	463353136
209	432	0	0	0	463353143
211	432	0	0	0	463353151
214	433	0	0	0	463353158
215	433	0	0	0	463353166
216	433	0	0	0	463353173
217	433	0	0	0	463353181
217	433	0	0	0	463353188
217	433	0	0	0	463353196
17	16
206	460	0	0	0	463353544
206	460	0	0	0	463353551
205	460	0	0	0	463353559
205	461	0	0	0	463353566
206	462	0	0	0	463353574
205	464	0	0	0	463353581
206	465	0	0	0	463353589
206	467	0	0	0	463353596
207	469	0	0	0	463353604
207	471	0	0	0	463353611
208	473	0	0	0	463353619
209	474	0	0	0	463353626
209	475	0	0	0	463353634
209	475	0	0	0	463353641
209	475	0	0	0	463353649
209	475	0	0	0	463353656
209	474	0	0	0	463353664
24	16
202	459	0	0	0	463353726
201	458	0	0	0	463353734
201	458	0	0	0	463353741
202	457	0	0	0	463353749
202	457	0	0	0	463353756
204	457	0	0	0	463353764
206	458	0	0	0	463353771
208	458	0	0	0	463353779
211	459	0	0	0	463353786
214	460	0	0	0	463353794
217	462	0	0	0	463353801
220	463	0	0	0	463353809
221	465	0	0	0	463353816
223	467	0	0	0	463353824
223	468	0	0	0	463353831
223	470	0	0	0	463353839
221	472	0	0	0	463353846
219	473	0	0	0	463353854
217	475	0	0	0	463353861
214	476	0	0	0	463353869
212	477	0	0	0	463353876
209	478	0	0	0	463353884
207	478	0	0	0	463353891
206	479	0	0	0	463353899
14	18
225	519	0	0	0	463354863
223	519	0	0	0	463354871
221	519	0	0	0	463354878
219	520	0	0	0	463354886
217	521	0	0	0	463354893
216	521	0	0	0	463354901
213	521	0	0	0	463354908
212	521	0	0	0	463354916
210	522	0	0	0	463354923
208	522	0	0	0	463354931
207	522	0	0	0	463354938
207	522	0	0	0	463354946
206	522	0	0	0	463354953
206	522	0	0	0	463354961
15	18
212	521	0	0	0	463355044
212	522	0	0	0	463355051
213	523	0	0	0	463355059
213	525	0	0	0	463355066
214	527	0	0	0	463355074
214	529	0	0	0	463355081
214	530	0	0	0	463355089
215	533	0	0	0	463355096
215	534	0	0	0	463355104
216	536	0	0	0	463355111
216	537	0	0	0	463355119
216	537	0	0	0	463355126
216	537	0	0	0	463355134
217	537	0	0	0	463355141
217	537	0	0	0	463355149
14	18
225	529	0	0	0	463355238
225	529	0	0	0	463355246
225	529	0	0	0	463355253
224	530	0	0	0	463355261
223	530	0	0	0	463355268
222	530	0	0	0	463355276
221	531	0	0	0	463355283
219	531	0	0	0	463355291
217	531	0	0	0	463355298
216	531	0	0	0	463355306
214	532	0	0	0	463355313
213	532	0	0	0	463355321
212	533	0	0	0	463355328
212	533	0	0	0	463355336
9	18
224	539	0	0	0	463355433
224	539	0	0	0	463355440
224	539	0	0	0	463355448
222	540	0	0	0	463355455
221	540	0	0	0	463355463
220	539	0	0	0	463355470
218	540	0	0	0	463355478
217	540	0	0	0	463355485
215	540	0	0	0	463355493
34	6
521	361	0	0	0	463359557
520	360	0	0	0	463359564
520	360	0	0	0	463359572
519	359	0	0	0	463359579
519	359	0	0	0	463359587
518	358	0	0	0	463359594
517	358	0	0	0	463359602
515	358	0	0	0	463359609
515	359	0	0	0	463359617
514	360	0	0	0	463359625
513	361	0	0	0	463359632
513	363	0	0	0	463359640
513	364	0	0	0	463359647
514	366	0	0	0	463359655
516	367	0	0	0	463359662
518	368	0	0	0	463359670
521	368	0	0	0	463359677
525	369	0	0	0	463359685
528	368	0	0	0	463359692
531	368	0	0	0	463359700
534	366	0	0	0	463359707
536	365	0	0	0	463359715
537	363	0	0	0	463359722
536	362	0	0	0	463359730
535	360	0	0	0	463359737
533	359	0	0	0	463359745
530	358	0	0	0	463359752
527	358	0	0	0	463359760
522	358	0	0	0	463359767
519	358	0	0	0	463359775
515	359	0	0	0	463359782
513	359	0	0	0	463359790
510	360	0	0	0	463359797
509	361	0	0	0	463359805
43	6
513	384	0	0	0	463360130
513	384	0	0	0	463360138
513	384	0	0	0	463360145
513	384	0	0	0	463360153
513	385	0	0	0	463360160
513	385	0	0	0	463360168
513	385	0	0	0	463360175
513	385	0	0	0	463360183
513	386	0	0	0	463360190
513	386	0	0	0	463360198
512	388	0	0	0	463360205
512	388	0	0	0	463360213
512	389	0	0	0	463360220
512	390	0	0	0	463360228
511	391	0	0	0	463360235
511	392	0	0	0	463360243
511	393	0	0	0	463360250
511	395	0	0	0	463360258
512	396	0	0	0	463360266
512	397	0	0	0	463360273
513	398	0	0	0	463360281
515	399	0	0	0	463360288
518	400	0	0	0	463360296
520	401	0	0	0	463360303
523	401	0	0	0	463360311
526	401	0	0	0	463360318
529	400	0	0	0	463360326
532	400	0	0	0	463360333
535	399	0	0	0	463360341
536	397	0	0	0	463360348
537	396	0	0	0	463360356
537	395	0	0	0	463360363
536	393	0	0	0	463360371
534	392	0	0	0	463360378
531	391	0	0	0	463360386
528	391	0	0	0	463360393
525	390	0	0	0	463360401
521	389	0	0	0	463360408
518	388	0	0	0	463360416
515	388	0	0	0	463360423
513	387	0	0	0	463360431
512	386	0	0	0	463360438
512	386	0	0	0	463360446
29	6
363	306	0	0	0	463361125
363	306	0	0	0	463361133
363	306	0	0	0	463361140
362	307	0	0	0	463361148
362	307	0	0	0	463361156
361	308	0	0	0	463361163
361	308	0	0	0	463361171
361	310	0	0	0	463361178
362	312	0	0	0	463361186
362	313	0	0	0	463361193
364	315	0	0	0	463361201
365	316	0	0	0	463361208
367	317	0	0	0	463361216
369	318	0	0	0	463361223
372	318	0	0	0	463361231
374	318	0	0	0	463361238
376	317	0	0	0	463361246
377	315	0	0	0	463361253
379	314	0	0	0	463361261
379	312	0	0	0	463361268
378	310	0	0	0	463361276
377	308	0	0	0	463361283
375	307	0	0	0	463361291
373	305	0	0	0	463361298
370	305	0	0	0	463361306
367	304	0	0	0	463361313
365	304	0	0	0	463361321
362	305	0	0	0	463361328
361	305	0	0	0	463361336
34	6
379	312	0	0	0	463363063
379	312	0	0	0	463363070
379	312	0	0	0	463363078
379	312	0	0	0	463363085
379	312	0	0	0	463363093
379	312	0	0	0	463363100
379	312	0	0	0	463363108
379	312	0	0	0	463363115
380	312	0	0	0	463363123
380	312	0	0	0	463363130
382	312	0	0	0	463363138
383	312	0	0	0	463363145
384	312	0	0	0	463363153
386	312	0	0	0	463363160
388	312	0	0	0	463363168
390	312	0	0	0	463363175
392	312	0	0	0	463363183
394	312	0	0	0	463363190
396	312	0	0	0	463363198
398	312	0	0	0	463363205
400	312	0	0	0	463363213
402	312	0	0	0	463363220
405	312	0	0	0	463363228
406	312	0	0	0	463363235
408	312	0	0	0	463363243
410	312	0	0	0	463363251
411	312	0	0	0	463363258
413	312	0	0	0	463363266
414	312	0	0	0	463363273
415	312	0	0	0	463363281
415	312	0	0	0	463363288
416	313	0	0	0	463363296
416	313	0	0	0	463363303
416	313	0	0	0	463363311
46	6
417	313	0	0	0	463363318
417	313	0	0	0	463363326
417	313	0	0	0	463363333
417	314	0	0	0	463363341
417	314	0	0	0	463363348
417	315	0	0	0	463363356
417	316	0	0	0	463363363
417	317	0	0	0	463363371
417	319	0	0	0	463363378
417	320	0	0	0	463363386
417	322	0	0	0	463363393
418	323	0	0	0	463363401
418	325	0	0	0	463363408
418	327	0	0	0	463363416
418	329	0	0	0	463363423
419	331	0	0	0	463363431
419	333	0	0	0	463363438
419	335	0	0	0	463363446
420	337	0	0	0	463363454
420	339	0	0	0	463363461
420	341	0	0	0	463363469
420	343	0	0	0	463363476
421	344	0	0	0	463363484
421	346	0	0	0	463363491
421	347	0	0	0	463363499
421	348	0	0	0	463363506
421	349	0	0	0	463363514
421	351	0	0	0	463363521
421	352	0	0	0	463363529
422	353	0	0	0	463363536
422	354	0	0	0	463363544
422	355	0	0	0	463363551
422	356	0	0	0	463363559
422	357	0	0	0	463363566
422	358	0	0	0	463363574
422	359	0	0	0	463363581
423	360	0	0	0	463363589
423	360	0	0	0	463363596
423	361	0	0	0	463363604
423	361	0	0	0	463363611
423	362	0	0	0	463363619
423	362	0	0	0	463363626
424	364	0	0	0	463363634
425	364	0	0	0	463363641
425	364	0	0	0	463363649
425	365	0	0	0	463363657
78	6
425	365	0	0	0	463363664
426	366	0	0	0	463363672
426	366	0	0	0	463363679
428	366	0	0	0	463363687
428	366	0	0	0	463363694
429	366	0	0	0	463363702
430	366	0	0	0	463363709
432	366	0	0	0	463363717
433	366	0	0	0	463363724
434	365	0	0	0	463363732
435	365	0	0	0	463363739
437	365	0	0	0	463363747
439	364	0	0	0	463363754
441	364	0	0	0	463363762
443	364	0	0	0	463363769
444	364	0	0	0	463363777
446	363	0	0	0	463363784
448	363	0	0	0	463363792
451	363	0	0	0	463363799
453	363	0	0	0	463363807
455	362	0	0	0	463363814
457	362	0	0	0	463363822
459	362	0	0	0	463363829
461	362	0	0	0	463363837
463	362	0	0	0	463363844
465	362	0	0	0	463363852
467	361	0	0	0	463363860
468	361	0	0	0	463363867
470	361	0	0	0	463363875
472	361	0	0	0	463363882
473	360	0	0	0	463363890
474	360	0	0	0	463363897
476	360	0	0	0	463363905
477	360	0	0	0	463363912
479	359	0	0	0	463363920
480	360	0	0	0	463363927
481	360	0	0	0	463363935
483	360	0	0	0	463363942
484	360	0	0	0	463363950
485	360	0	0	0	463363957
487	360	0	0	0	463363965
488	361	0	0	0	463363972
489	361	0	0	0	463363980
490	361	0	0	0	463363987
492	361	0	0	0	463363995
493	361	0	0	0	463364002
494	361	0	0	0	463364010
495	361	0	0	0	463364017
497	361	0	0	0	463364025
498	361	0	0	0	463364032
499	361	0	0	0	463364040
499	361	0	0	0	463364047
500	361	0	0	0	463364055
501	361	0	0	0	463364063
502	362	0	0	0	463364070
502	362	0	0	0	463364078
503	362	0	0	0	463364085
503	362	0	0	0	463364093
504	363	0	0	0	463364100
504	363	0	0	0	463364108
505	363	0	0	0	463364115
505	363	0	0	0	463364123
505	363	0	0	0	463364130
506	363	0	0	0	463364138
506	363	0	0	0	463364145
507	363	0	0	0	463364153
507	363	0	0	0	463364160
508	363	0	0	0	463364168
508	363	0	0	0	463364175
509	363	0	0	0	463364183
509	363	0	0	0	463364190
509	364	0	0	0	463364198
509	364	0	0	0	463364205
509	364	0	0	0	463364213
509	364	0	0	0	463364220
509	365	0	0	0	463364228
509	365	0	0	0	463364235
509	367	0	0	0	463364243
38	6
396	452	0	0	0	463364895
396	452	0	0	0	463364903
396	452	0	0	0	463364910
396	452	0	0	0	463364918
396	451	0	0	0	463364925
396	451	0	0	0	463364933
397	451	0	0	0	463364940
399	450	0	0	0	463364948
400	450	0	0	0	463364955
402	449	0	0	0	463364963
403	449	0	0	0	463364970
405	449	0	0	0	463364978
407	449	0	0	0	463364985
410	449	0	0	0	463364993
412	449	0	0	0	463365001
415	449	0	0	0	463365008
418	449	0	0	0	463365016
421	448	0	0	0	463365023
424	448	0	0	0	463365031
427	447	0	0	0	463365038
430	447	0	0	0	463365046
433	447	0	0	0	463365053
435	447	0	0	0	463365061
437	447	0	0	0	463365068
439	446	0	0	0	463365076
441	447	0	0	0	463365083
443	447	0	0	0	463365091
445	447	0	0	0	463365098
447	447	0	0	0	463365106
449	446	0	0	0	463365113
450	446	0	0	0	463365121
452	446	0	0	0	463365128
453	446	0	0	0	463365136
454	446	0	0	0	463365143
455	446	0	0	0	463365151
455	446	0	0	0	463365158
456	446	0	0	0	463365166
456	446	0	0	0	463365173
39	6
456	446	0	0	0	463365181
455	445	0	0	0	463365188
455	445	0	0	0	463365196
455	443	0	0	0	463365204
455	442	0	0	0	463365211
454	441	0	0	0	463365219
453	440	0	0	0	463365226
453	438	0	0	0	463365234
452	436	0	0	0	463365241
452	434	0	0	0	463365249
451	431	0	0	0	463365256
450	429	0	0	0	463365264
449	427	0	0	0	463365271
449	424	0	0	0	463365279
448	422	0	0	0	463365286
448	420	0	0	0	463365294
447	417	0	0	0	463365301
447	415	0	0	0	463365309
447	413	0	0	0	463365316
447	411	0	0	0	463365324
447	409	0	0	0	463365331
447	407	0	0	0	463365339
447	406	0	0	0	463365346
447	404	0	0	0	463365354
447	403	0	0	0	463365361
446	402	0	0	0	463365369
446	401	0	0	0	463365376
446	400	0	0	0	463365384
446	399	0	0	0	463365391
446	399	0	0	0	463365399
446	398	0	0	0	463365407
446	398	0	0	0	463365414
446	397	0	0	0	463365422
446	397	0	0	0	463365429
446	396	0	0	0	463365437
446	396	0	0	0	463365444
446	396	0	0	0	463365452
446	395	0	0	0	463365459
446	395	0	0	0	463365467
70	6
446	395	0	0	0	463365474
446	395	0	0	0	463365482
446	395	0	0	0	463365489
446	395	0	0	0	463365497
446	395	0	0	0	463365504
446	395	0	0	0	463365512
447	394	0	0	0	463365519
447	394	0	0	0	463365527
448	394	0	0	0	463365534
449	394	0	0	0	463365542
450	394	0	0	0	463365549
452	394	0	0	0	463365557
453	394	0	0	0	463365564
455	394	0	0	0	463365572
456	394	0	0	0	463365579
459	394	0	0	0	463365587
461	394	0	0	0	463365594
463	394	0	0	0	463365602
465	394	0	0	0	463365610
467	395	0	0	0	463365617
469	395	0	0	0	463365625
471	395	0	0	0	463365632
473	395	0	0	0	463365640
474	396	0	0	0	463365647
476	396	0	0	0	463365655
477	396	0	0	0	463365662
478	396	0	0	0	463365670
480	396	0	0	0	463365677
481	396	0	0	0	463365685
483	396	0	0	0	463365692
484	396	0	0	0	463365700
486	396	0	0	0	463365707
487	396	0	0	0	463365715
488	396	0	0	0	463365722
490	396	0	0	0	463365730
491	396	0	0	0	463365737
492	396	0	0	0	463365745
494	395	0	0	0	463365752
495	395	0	0	0	463365760
495	395	0	0	0	463365767
496	395	0	0	0	463365775
497	395	0	0	0	463365782
498	395	0	0	0	463365790
498	395	0	0	0	463365797
500	395	0	0	0	463365805
500	395	0	0	0	463365813
501	395	0	0	0	463365820
501	395	0	0	0	463365828
503	395	0	0	0	463365835
503	395	0	0	0	463365843
504	395	0	0	0	463365850
504	395	0	0	0	463365858
505	395	0	0	0	463365865
505	395	0	0	0	463365873
505	395	0	0	0	463365880
505	395	0	0	0	463365888
506	395	0	0	0	463365895
506	395	0	0	0	463365903
506	395	0	0	0	463365910
506	395	0	0	0	463365918
506	395	0	0	0	463365925
506	395	0	0	0	463365933
506	395	0	0	0	463365940
507	394	0	0	0	463365948
507	394	0	0	0	463365955
506	394	0	0	0	463365963
506	394	0	0	0	463365970
506	394	0	0	0	463365978
506	394	0	0	0	463365985
504	395	0	0	0	463365993
46	6
614	378	0	0	0	463368033
613	378	0	0	0	463368041
613	378	0	0	0	463368048
613	378	0	0	0	463368056
613	378	0	0	0	463368063
613	378	0	0	0	463368071
613	378	0	0	0	463368078
613	378	0	0	0	463368086
613	378	0	0	0	463368093
613	378	0	0	0	463368101
613	378	0	0	0	463368109
613	378	0	0	0	463368116
614	378	0	0	0	463368124
614	378	0	0	0	463368131
615	378	0	0	0	463368139
616	377	0	0	0	463368146
617	377	0	0	0	463368154
619	377	0	0	0	463368161
620	377	0	0	0	463368169
622	377	0	0	0	463368176
623	377	0	0	0	463368184
625	377	0	0	0	463368191
627	377	0	0	0	463368199
629	377	0	0	0	463368206
631	377	0	0	0	463368214
633	377	0	0	0	463368221
636	377	0	0	0	463368229
638	377	0	0	0	463368236
641	377	0	0	0	463368244
643	377	0	0	0	463368251
645	377	0	0	0	463368259
648	377	0	0	0	463368266
650	377	0	0	0	463368274
651	377	0	0	0	463368281
653	377	0	0	0	463368289
654	377	0	0	0	463368297
655	377	0	0	0	463368304
656	377	0	0	0	463368312
656	377	0	0	0	463368319
658	377	0	0	0	463368327
658	377	0	0	0	463368334
658	377	0	0	0	463368342
658	377	0	0	0	463368349
658	377	0	0	0	463368357
659	377	0	0	0	463368364
659	377	0	0	0	463368372
50	6
659	377	0	0	0	463368379
659	377	0	0	0	463368387
659	377	0	0	0	463368394
659	377	0	0	0	463368402
659	377	0	0	0	463368409
659	377	0	0	0	463368417
660	378	0	0	0	463368424
660	378	0	0	0	463368432
660	379	0	0	0	463368439
660	380	0	0	0	463368447
660	380	0	0	0	463368454
660	381	0	0	0	463368462
660	383	0	0	0	463368469
661	384	0	0	0	463368477
661	385	0	0	0	463368484
661	387	0	0	0	463368492
661	389	0	0	0	463368500
662	390	0	0	0	463368507
662	392	0	0	0	463368515
662	394	0	0	0	463368522
662	397	0	0	0	463368530
662	399	0	0	0	463368537
662	401	0	0	0	463368545
662	404	0	0	0	463368552
662	406	0	0	0	463368560
662	408	0	0	0	463368567
662	410	0	0	0	463368575
662	412	0	0	0	463368582
662	414	0	0	0	463368590
662	415	0	0	0	463368597
662	417	0	0	0	463368605
662	418	0	0	0	463368612
662	420	0	0	0	463368620
662	421	0	0	0	463368627
662	422	0	0	0	463368635
662	423	0	0	0	463368642
663	424	0	0	0	463368650
663	425	0	0	0	463368657
663	426	0	0	0	463368665
664	427	0	0	0	463368672
664	429	0	0	0	463368680
664	430	0	0	0	463368687
664	431	0	0	0	463368695
664	432	0	0	0	463368703
664	432	0	0	0	463368710
664	432	0	0	0	463368718
664	434	0	0	0	463368725
664	434	0	0	0	463368733
664	434	0	0	0	463368740
664	434	0	0	0	463368748
72	6
664	434	0	0	0	463368755
664	434	0	0	0	463368763
664	434	0	0	0	463368770
664	434	0	0	0	463368778
664	434	0	0	0	463368785
664	434	0	0	0	463368793
664	434	0	0	0	463368800
664	434	0	0	0	463368808
665	435	0	0	0	463368815
665	435	0	0	0	463368823
666	434	0	0	0	463368830
666	434	0	0	0	463368838
667	434	0	0	0	463368845
667	434	0	0	0	463368853
669	435	0	0	0	463368860
669	435	0	0	0	463368868
670	435	0	0	0	463368875
670	435	0	0	0	463368883
672	435	0	0	0	463368890
672	435	0	0	0	463368898
673	435	0	0	0	463368906
673	435	0	0	0	463368913
675	435	0	0	0	463368921
675	435	0	0	0	463368928
676	435	0	0	0	463368936
677	435	0	0	0	463368943
678	435	0	0	0	463368951
678	435	0	0	0	463368958
679	435	0	0	0	463368966
680	435	0	0	0	463368973
681	435	0	0	0	463368981
682	435	0	0	0	463368988
683	435	0	0	0	463368996
685	435	0	0	0	463369003
686	435	0	0	0	463369011
687	435	0	0	0	463369018
689	435	0	0	0	463369026
690	435	0	0	0	463369033
691	435	0	0	0	463369041
692	435	0	0	0	463369048
694	435	0	0	0	463369056
695	435	0	0	0	463369063
696	435	0	0	0	463369071
698	435	0	0	0	463369078
699	435	0	0	0	463369086
700	435	0	0	0	463369093
702	435	0	0	0	463369101
703	435	0	0	0	463369109
704	435	0	0	0	463369116
706	435	0	0	0	463369124
707	435	0	0	0	463369131
708	435	0	0	0	463369139
709	435	0	0	0	463369146
709	435	0	0	0	463369154
710	435	0	0	0	463369161
711	435	0	0	0	463369169
711	435	0	0	0	463369176
712	435	0	0	0	463369184
712	435	0	0	0	463369191
713	435	0	0	0	463369199
713	435	0	0	0	463369206
713	435	0	0	0	463369214
714	435	0	0	0	463369221
714	435	0	0	0	463369229
714	435	0	0	0	463369236
714	435	0	0	0	463369244
714	435	0	0	0	463369251
714	435	0	0	0	463369259
714	435	0	0	0	463369266
713	436	0	0	0	463369274
713	436	0	0	0	463369281
713	436	0	0	0	463369289
34	6
792	451	0	0	0	463370088
792	451	0	0	0	463370095
792	451	0	0	0	463370103
792	451	0	0	0	463370110
792	451	0	0	0	463370118
791	452	0	0	0	463370125
791	452	0	0	0	463370133
790	454	0	0	0	463370140
790	455	0	0	0	463370148
790	457	0	0	0	463370156
790	459	0	0	0	463370163
791	461	0	0	0	463370171
792	462	0	0	0	463370178
794	464	0	0	0	463370186
797	465	0	0	0	463370193
799	465	0	0	0	463370201
802	465	0	0	0	463370208
805	465	0	0	0	463370216
808	464	0	0	0	463370223
811	462	0	0	0	463370231
813	460	0	0	0	463370238
814	459	0	0	0	463370246
814	457	0	0	0	463370253
813	455	0	0	0	463370261
811	453	0	0	0	463370268
809	452	0	0	0	463370276
807	451	0	0	0	463370283
805	450	0	0	0	463370291
801	450	0	0	0	463370298
799	450	0	0	0	463370306
797	450	0	0	0	463370313
796	450	0	0	0	463370321
796	450	0	0	0	463370328
796	450	0	0	0	463370336
17	6
818	456	0	0	0	463370482
820	456	0	0	0	463370489
822	456	0	0	0	463370497
825	455	0	0	0	463370504
829	454	0	0	0	463370512
832	454	0	0	0	463370519
836	454	0	0	0	463370527
840	454	0	0	0	463370534
843	453	0	0	0	463370542
847	453	0	0	0	463370549
850	453	0	0	0	463370557
852	453	0	0	0	463370564
854	453	0	0	0	463370572
855	453	0	0	0	463370579
856	453	0	0	0	463370587
856	453	0	0	0	463370594
856	453	0	0	0	463370602
38	36
867	440	0	0	0	463370761
867	440	0	0	0	463370768
867	440	0	0	0	463370776
868	441	0	0	0	463370783
869	442	0	0	0	463370791
869	444	0	0	0	463370798
870	446	0	0	0	463370806
871	448	0	0	0	463370813
872	449	0	0	0	463370821
873	451	0	0	0	463370828
875	453	0	0	0	463370836
876	453	0	0	0	463370843
877	454	0	0	0	463370851
879	453	0	0	0	463370859
881	453	0	0	0	463370866
882	451	0	0	0	463370874
883	449	0	0	0	463370881
885	447	0	0	0	463370889
886	444	0	0	0	463370896
887	442	0	0	0	463370904
888	440	0	0	0	463370911
888	439	0	0	0	463370919
889	438	0	0	0	463370926
889	438	0	0	0	463370934
889	439	0	0	0	463370941
888	441	0	0	0	463370949
888	444	0	0	0	463370956
888	447	0	0	0	463370964
888	451	0	0	0	463370971
888	455	0	0	0	463370979
888	459	0	0	0	463370986
888	463	0	0	0	463370994
888	466	0	0	0	463371001
889	469	0	0	0	463371009
889	470	0	0	0	463371016
889	471	0	0	0	463371024
889	471	0	0	0	463371031
889	471	0	0	0	463371039
168	6
239	522	0	0	0	463372690
239	522	0	0	0	463372698
239	522	0	0	0	463372705
239	522	0	0	0	463372713
240	522	0	0	0	463372720
240	522	0	0	0	463372728
241	522	0	0	0	463372735
241	522	0	0	0	463372743
243	521	0	0	0	463372750
244	522	0	0	0	463372758
246	521	0	0	0	463372766
249	521	0	0	0	463372773
252	521	0	0	0	463372781
255	521	0	0	0	463372788
258	521	0	0	0	463372796
261	521	0	0	0	463372803
265	521	0	0	0	463372811
269	521	0	0	0	463372818
273	520	0	0	0	463372826
277	520	0	0	0	463372833
281	520	0	0	0	463372841
286	520	0	0	0	463372848
290	520	0	0	0	463372856
294	520	0	0	0	463372863
298	519	0	0	0	463372871
302	519	0	0	0	463372878
307	519	0	0	0	463372886
311	519	0	0	0	463372893
315	518	0	0	0	463372901
319	518	0	0	0	463372908
323	518	0	0	0	463372916
328	518	0	0	0	463372923
332	517	0	0	0	463372931
336	517	0	0	0	463372938
341	517	0	0	0	463372946
345	517	0	0	0	463372954
349	517	0	0	0	463372961
354	517	0	0	0	463372969
358	517	0	0	0	463372976
363	517	0	0	0	463372984
367	517	0	0	0	463372991
372	517	0	0	0	463372999
376	517	0	0	0	463373006
380	517	0	0	0	463373014
384	517	0	0	0	463373021
388	517	0	0	0	463373029
392	517	0	0	0	463373036
396	517	0	0	0	463373044
400	517	0	0	0	463373051
403	517	0	0	0	463373059
407	517	0	0	0	463373066
411	516	0	0	0	463373074
414	516	0	0	0	463373081
418	515	0	0	0	463373089
421	515	0	0	0	463373096
424	514	0	0	0	463373104
428	514	0	0	0	463373111
431	514	0	0	0	463373119
433	513	0	0	0	463373126
436	513	0	0	0	463373134
438	513	0	0	0	463373141
441	513	0	0	0	463373149
444	513	0	0	0	463373157
447	513	0	0	0	463373164
449	513	0	0	0	463373172
452	513	0	0	0	463373179
455	512	0	0	0	463373187
459	512	0	0	0	463373194
462	512	0	0	0	463373202
465	512	0	0	0	463373209
468	511	0	0	0	463373217
471	511	0	0	0	463373224
474	511	0	0	0	463373232
477	511	0	0	0	463373239
480	511	0	0	0	463373247
483	511	0	0	0	463373254
486	511	0	0	0	463373262
490	510	0	0	0	463373269
493	510	0	0	0	463373277
497	510	0	0	0	463373284
500	510	0	0	0	463373292
504	510	0	0	0	463373299
507	510	0	0	0	463373307
511	509	0	0	0	463373314
514	509	0	0	0	463373322
518	509	0	0	0	463373329
521	509	0	0	0	463373337
524	509	0	0	0	463373344
528	509	0	0	0	463373352
531	509	0	0	0	463373360
533	509	0	0	0	463373367
536	509	0	0	0	463373375
539	509	0	0	0	463373382
542	508	0	0	0	463373390
545	508	0	0	0	463373397
547	509	0	0	0	463373405
550	509	0	0	0	463373412
552	509	0	0	0	463373420
554	509	0	0	0	463373427
556	509	0	0	0	463373435
557	510	0	0	0	463373442
559	510	0	0	0	463373450
561	511	0	0	0	463373457
563	511	0	0	0	463373465
564	511	0	0	0	463373472
566	511	0	0	0	463373480
569	511	0	0	0	463373487
571	511	0	0	0	463373495
573	511	0	0	0	463373502
576	511	0	0	0	463373510
578	511	0	0	0	463373517
580	511	0	0	0	463373525
582	511	0	0	0	463373532
584	511	0	0	0	463373540
586	511	0	0	0	463373547
588	511	0	0	0	463373555
589	511	0	0	0	463373563
591	511	0	0	0	463373570
593	511	0	0	0	463373578
594	511	0	0	0	463373585
596	511	0	0	0	463373593
597	511	0	0	0	463373600
599	511	0	0	0	463373608
601	511	0	0	0	463373615
602	511	0	0	0	463373623
604	511	0	0	0	463373630
605	510	0	0	0	463373638
606	510	0	0	0	463373645
607	510	0	0	0	463373653
608	510	0	0	0	463373660
609	510	0	0	0	463373668
610	510	0	0	0	463373675
611	510	0	0	0	463373683
612	510	0	0	0	463373690
614	510	0	0	0	463373698
615	510	0	0	0	463373705
616	510	0	0	0	463373713
617	510	0	0	0	463373720
619	510	0	0	0	463373728
620	510	0	0	0	463373735
621	510	0	0	0	463373743
622	510	0	0	0	463373750
623	510	0	0	0	463373758
624	510	0	0	0	463373766
626	510	0	0	0	463373773
627	510	0	0	0	463373781
628	510	0	0	0	463373788
630	510	0	0	0	463373796
631	510	0	0	0	463373803
633	510	0	0	0	463373811
634	510	0	0	0	463373818
635	510	0	0	0	463373826
636	510	0	0	0	463373833
637	510	0	0	0	463373841
638	510	0	0	0	463373848
639	510	0	0	0	463373856
639	510	0	0	0	463373863
640	510	0	0	0	463373871
640	510	0	0	0	463373878
641	511	0	0	0	463373886
641	511	0	0	0	463373893
641	511	0	0	0	463373901
641	511	0	0	0	463373908
641	511	0	0	0	463373916
641	511	0	0	0	463373923
640	511	0	0	0	463373931
640	511	0	0	0	463373938
639	511	0	0	0	463373946
39	6
657	513	0	0	0	463374832
657	513	0	0	0	463374840
657	513	0	0	0	463374847
657	513	0	0	0	463374855
657	513	0	0	0	463374862
657	513	0	0	0	463374870
657	513	0	0	0	463374877
657	513	0	0	0	463374885
657	513	0	0	0	463374892
657	513	0	0	0	463374900
657	513	0	0	0	463374907
657	513	0	0	0	463374915
657	513	0	0	0	463374922
657	513	0	0	0	463374930
657	513	0	0	0	463374938
657	513	0	0	0	463374945
657	513	0	0	0	463374953
657	513	0	0	0	463374960
657	513	0	0	0	463374968
656	513	0	0	0	463374975
656	513	0	0	0	463374983
656	513	0	0	0	463374990
656	513	0	0	0	463374998
656	513	0	0	0	463375005
656	513	0	0	0	463375013
656	513	0	0	0	463375020
656	513	0	0	0	463375028
656	513	0	0	0	463375035
656	513	0	0	0	463375043
656	513	0	0	0	463375050
656	513	0	0	0	463375058
655	513	0	0	0	463375065
655	513	0	0	0	463375073
655	513	0	0	0	463375080
654	512	0	0	0	463375088
654	512	0	0	0	463375095
653	512	0	0	0	463375103
653	512	0	0	0	463375110
652	512	0	0	0	463375118
57	6
650	511	0	0	0	463375188
650	511	0	0	0	463375196
650	511	0	0	0	463375203
650	511	0	0	0	463375211
650	511	0	0	0	463375219
650	511	0	0	0	463375226
650	511	0	0	0	463375234
650	511	0	0	0	463375241
650	511	0	0	0	463375249
650	511	0	0	0	463375256
650	511	0	0	0	463375264
650	511	0	0	0	463375271
650	511	0	0	0	463375279
650	511	0	0	0	463375286
650	511	0	0	0	463375294
650	511	0	0	0	463375301
650	511	0	0	0	463375309
650	511	0	0	0	463375316
650	511	0	0	0	463375324
649	510	0	0	0	463375331
649	510	0	0	0	463375339
649	510	0	0	0	463375346
649	509	0	0	0	463375354
649	509	0	0	0	463375361
650	507	0	0	0	463375369
650	506	0	0	0	463375376
650	505	0	0	0	463375384
650	504	0	0	0	463375391
651	502	0	0	0	463375399
651	500	0	0	0	463375406
651	498	0	0	0	463375414
651	496	0	0	0	463375422
652	494	0	0	0	463375429
652	491	0	0	0	463375437
652	489	0	0	0	463375444
652	487	0	0	0	463375452
652	485	0	0	0	463375459
652	484	0	0	0	463375467
652	482	0	0	0	463375474
652	481	0	0	0	463375482
652	479	0	0	0	463375489
652	478	0	0	0	463375497
652	477	0	0	0	463375504
652	476	0	0	0	463375512
652	476	0	0	0	463375519
651	475	0	0	0	463375527
651	475	0	0	0	463375534
651	475	0	0	0	463375542
651	474	0	0	0	463375549
651	474	0	0	0	463375557
651	474	0	0	0	463375564
651	474	0	0	0	463375572
651	474	0	0	0	463375579
651	474	0	0	0	463375587
651	474	0	0	0	463375594
651	474	0	0	0	463375602
651	474	0	0	0	463375609
80	6
651	474	0	0	0	463375617
651	474	0	0	0	463375625
651	475	0	0	0	463375632
651	475	0	0	0	463375640
651	475	0	0	0	463375647
651	475	0	0	0	463375655
651	475	0	0	0	463375662
653	476	0	0	0	463375670
653	476	0	0	0	463375677
654	476	0	0	0	463375685
654	476	0	0	0	463375692
655	476	0	0	0	463375700
657	476	0	0	0	463375707
658	476	0	0	0	463375715
659	476	0	0	0	463375722
661	476	0	0	0	463375730
663	476	0	0	0	463375737
665	476	0	0	0	463375745
667	476	0	0	0	463375752
669	475	0	0	0	463375760
672	475	0	0	0	463375767
674	475	0	0	0	463375775
677	475	0	0	0	463375782
680	475	0	0	0	463375790
682	474	0	0	0	463375797
685	474	0	0	0	463375805
687	474	0	0	0	463375812
690	474	0	0	0	463375820
692	474	0	0	0	463375828
694	473	0	0	0	463375835
696	473	0	0	0	463375843
698	473	0	0	0	463375850
700	473	0	0	0	463375858
701	473	0	0	0	463375865
703	472	0	0	0	463375873
704	472	0	0	0	463375880
705	472	0	0	0	463375888
707	471	0	0	0	463375895
708	471	0	0	0	463375903
709	471	0	0	0	463375910
710	470	0	0	0	463375918
711	470	0	0	0	463375925
712	470	0	0	0	463375933
713	470	0	0	0	463375940
714	470	0	0	0	463375948
714	470	0	0	0	463375955
715	470	0	0	0	463375963
715	470	0	0	0	463375970
716	470	0	0	0	463375978
716	470	0	0	0	463375985
716	470	0	0	0	463375993
716	470	0	0	0	463376000
716	470	0	0	0	463376008
716	470	0	0	0	463376015
716	470	0	0	0	463376023
716	470	0	0	0	463376031
716	470	0	0	0	463376038
716	470	0	0	0	463376046
717	470	0	0	0	463376053
717	470	0	0	0	463376061
717	470	0	0	0	463376068
718	470	0	0	0	463376076
718	470	0	0	0	463376083
719	469	0	0	0	463376091
720	469	0	0	0	463376098
720	469	0	0	0	463376106
720	469	0	0	0	463376113
720	469	0	0	0	463376121
720	469	0	0	0	463376128
721	468	0	0	0	463376136
721	468	0	0	0	463376143
721	468	0	0	0	463376151
721	468	0	0	0	463376158
720	469	0	0	0	463376166
720	469	0	0	0	463376173
718	469	0	0	0	463376181
717	469	0	0	0	463376188
716	469	0	0	0	463376196
714	470	0	0	0	463376203
712	470	0	0	0	463376211
41	6
647	509	0	0	0	463376692
647	509	0	0	0	463376700
647	509	0	0	0	463376707
647	509	0	0	0	463376715
648	510	0	0	0	463376722
648	510	0	0	0	463376730
648	510	0	0	0	463376737
648	510	0	0	0	463376745
649	511	0	0	0	463376752
649	511	0	0	0	463376760
649	511	0	0	0	463376767
647	512	0	0	0	463376775
647	512	0	0	0	463376782
646	512	0	0	0	463376790
644	512	0	0	0	463376797
643	513	0	0	0	463376805
641	513	0	0	0	463376813
640	513	0	0	0	463376820
638	513	0	0	0	463376828
637	513	0	0	0	463376835
636	513	0	0	0	463376843
636	513	0	0	0	463376850
635	514	0	0	0	463376858
635	514	0	0	0	463376865
636	513	0	0	0	463376873
637	513	0	0	0	463376880
638	513	0	0	0	463376888
640	513	0	0	0	463376895
642	513	0	0	0	463376903
643	513	0	0	0	463376910
645	513	0	0	0	463376918
647	513	0	0	0	463376925
648	513	0	0	0	463376933
649	513	0	0	0	463376940
650	512	0	0	0	463376948
650	512	0	0	0	463376955
650	512	0	0	0	463376963
650	512	0	0	0	463376970
650	512	0	0	0	463376978
650	512	0	0	0	463376985
650	512	0	0	0	463376993
