29
93	17
258	319	0	0	0	463554051
257	318	0	0	0	463554059
257	318	0	0	0	463554066
257	318	0	0	0	463554074
257	318	0	0	0	463554081
256	319	0	0	0	463554089
256	319	0	0	0	463554096
256	320	0	0	0	463554104
256	320	0	0	0	463554111
256	322	0	0	0	463554119
257	323	0	0	0	463554126
257	324	0	0	0	463554134
257	326	0	0	0	463554141
258	328	0	0	0	463554149
258	330	0	0	0	463554157
258	332	0	0	0	463554164
259	334	0	0	0	463554172
259	336	0	0	0	463554179
259	338	0	0	0	463554187
259	341	0	0	0	463554194
259	343	0	0	0	463554202
259	346	0	0	0	463554209
260	348	0	0	0	463554217
260	351	0	0	0	463554224
259	354	0	0	0	463554232
259	356	0	0	0	463554239
259	359	0	0	0	463554247
260	362	0	0	0	463554254
260	364	0	0	0	463554262
260	367	0	0	0	463554269
260	369	0	0	0	463554277
260	371	0	0	0	463554284
261	373	0	0	0	463554292
261	375	0	0	0	463554299
261	377	0	0	0	463554307
261	379	0	0	0	463554314
261	381	0	0	0	463554322
262	382	0	0	0	463554329
262	384	0	0	0	463554337
262	386	0	0	0	463554344
262	388	0	0	0	463554352
262	389	0	0	0	463554360
262	391	0	0	0	463554367
262	392	0	0	0	463554375
262	394	0	0	0	463554382
262	395	0	0	0	463554390
262	396	0	0	0	463554397
262	397	0	0	0	463554405
263	398	0	0	0	463554412
263	399	0	0	0	463554420
263	400	0	0	0	463554427
262	401	0	0	0	463554435
262	403	0	0	0	463554442
263	404	0	0	0	463554450
263	405	0	0	0	463554457
263	406	0	0	0	463554465
262	407	0	0	0	463554472
262	408	0	0	0	463554480
263	408	0	0	0	463554487
263	409	0	0	0	463554495
263	410	0	0	0	463554502
263	411	0	0	0	463554510
263	412	0	0	0	463554517
263	412	0	0	0	463554525
263	413	0	0	0	463554532
263	414	0	0	0	463554540
263	415	0	0	0	463554547
263	415	0	0	0	463554555
263	416	0	0	0	463554563
263	416	0	0	0	463554570
263	417	0	0	0	463554578
263	417	0	0	0	463554585
263	418	0	0	0	463554593
263	418	0	0	0	463554600
263	419	0	0	0	463554608
263	419	0	0	0	463554615
263	419	0	0	0	463554623
264	420	0	0	0	463554630
264	420	0	0	0	463554638
264	420	0	0	0	463554645
264	420	0	0	0	463554653
264	420	0	0	0	463554660
264	420	0	0	0	463554668
264	420	0	0	0	463554675
264	420	0	0	0	463554683
264	420	0	0	0	463554690
264	420	0	0	0	463554698
264	419	0	0	0	463554705
265	418	0	0	0	463554713
265	417	0	0	0	463554720
266	415	0	0	0	463554728
266	413	0	0	0	463554735
267	411	0	0	0	463554743
165	17
260	312	0	0	0	463555244
260	312	0	0	0	463555251
260	312	0	0	0	463555259
260	312	0	0	0	463555266
260	312	0	0	0	463555274
261	312	0	0	0	463555281
261	312	0	0	0	463555289
261	312	0	0	0	463555297
262	312	0	0	0	463555304
263	312	0	0	0	463555312
263	312	0	0	0	463555319
265	311	0	0	0	463555327
265	311	0	0	0	463555334
267	311	0	0	0	463555342
267	311	0	0	0	463555349
269	311	0	0	0	463555357
270	311	0	0	0	463555364
271	311	0	0	0	463555372
272	312	0	0	0	463555379
274	312	0	0	0	463555387
276	312	0	0	0	463555394
278	312	0	0	0	463555402
279	312	0	0	0	463555409
281	313	0	0	0	463555417
283	313	0	0	0	463555424
285	313	0	0	0	463555432
286	314	0	0	0	463555439
288	314	0	0	0	463555447
289	314	0	0	0	463555454
291	315	0	0	0	463555462
293	315	0	0	0	463555469
295	316	0	0	0	463555477
296	316	0	0	0	463555485
298	317	0	0	0	463555492
300	317	0	0	0	463555500
301	318	0	0	0	463555507
303	318	0	0	0	463555515
305	319	0	0	0	463555522
306	319	0	0	0	463555530
308	319	0	0	0	463555537
309	320	0	0	0	463555545
311	320	0	0	0	463555552
313	320	0	0	0	463555560
314	321	0	0	0	463555567
316	321	0	0	0	463555575
318	322	0	0	0	463555582
320	322	0	0	0	463555590
322	323	0	0	0	463555597
324	323	0	0	0	463555605
325	324	0	0	0	463555612
327	325	0	0	0	463555620
329	325	0	0	0	463555627
331	326	0	0	0	463555635
333	327	0	0	0	463555642
335	327	0	0	0	463555650
337	328	0	0	0	463555657
339	329	0	0	0	463555665
340	329	0	0	0	463555672
342	331	0	0	0	463555680
344	332	0	0	0	463555688
346	333	0	0	0	463555695
347	334	0	0	0	463555703
349	336	0	0	0	463555710
351	337	0	0	0	463555718
352	338	0	0	0	463555725
354	339	0	0	0	463555733
355	340	0	0	0	463555740
356	340	0	0	0	463555748
357	341	0	0	0	463555755
358	342	0	0	0	463555763
359	342	0	0	0	463555770
360	343	0	0	0	463555778
361	344	0	0	0	463555785
361	345	0	0	0	463555793
362	346	0	0	0	463555800
362	347	0	0	0	463555808
363	348	0	0	0	463555815
363	349	0	0	0	463555823
363	351	0	0	0	463555830
364	352	0	0	0	463555838
364	354	0	0	0	463555845
364	355	0	0	0	463555853
364	357	0	0	0	463555860
364	358	0	0	0	463555868
364	360	0	0	0	463555875
364	361	0	0	0	463555883
363	363	0	0	0	463555891
363	364	0	0	0	463555898
363	365	0	0	0	463555906
362	367	0	0	0	463555913
362	368	0	0	0	463555921
361	369	0	0	0	463555928
360	371	0	0	0	463555936
360	372	0	0	0	463555943
359	373	0	0	0	463555951
358	375	0	0	0	463555958
357	376	0	0	0	463555966
357	378	0	0	0	463555973
356	379	0	0	0	463555981
354	380	0	0	0	463555988
353	382	0	0	0	463555996
352	383	0	0	0	463556003
351	384	0	0	0	463556011
350	385	0	0	0	463556018
349	387	0	0	0	463556026
348	388	0	0	0	463556033
346	389	0	0	0	463556041
345	390	0	0	0	463556048
344	391	0	0	0	463556056
343	392	0	0	0	463556063
341	394	0	0	0	463556071
340	395	0	0	0	463556078
339	396	0	0	0	463556086
338	396	0	0	0	463556094
336	397	0	0	0	463556101
335	398	0	0	0	463556109
334	399	0	0	0	463556116
333	400	0	0	0	463556124
332	400	0	0	0	463556131
331	401	0	0	0	463556139
330	402	0	0	0	463556146
329	403	0	0	0	463556154
328	403	0	0	0	463556161
326	404	0	0	0	463556169
325	404	0	0	0	463556176
324	405	0	0	0	463556184
323	406	0	0	0	463556191
321	406	0	0	0	463556199
319	407	0	0	0	463556206
318	407	0	0	0	463556214
316	408	0	0	0	463556221
315	408	0	0	0	463556229
313	409	0	0	0	463556236
312	409	0	0	0	463556244
310	409	0	0	0	463556251
309	410	0	0	0	463556259
307	410	0	0	0	463556266
305	411	0	0	0	463556274
304	411	0	0	0	463556281
302	411	0	0	0	463556289
300	412	0	0	0	463556297
298	412	0	0	0	463556304
296	412	0	0	0	463556312
294	413	0	0	0	463556319
292	413	0	0	0	463556327
290	413	0	0	0	463556334
288	413	0	0	0	463556342
286	413	0	0	0	463556349
284	413	0	0	0	463556357
282	413	0	0	0	463556364
280	413	0	0	0	463556372
278	413	0	0	0	463556379
277	413	0	0	0	463556387
275	413	0	0	0	463556394
274	413	0	0	0	463556402
273	413	0	0	0	463556409
272	413	0	0	0	463556417
271	413	0	0	0	463556424
270	413	0	0	0	463556432
269	413	0	0	0	463556439
269	413	0	0	0	463556447
268	412	0	0	0	463556454
268	412	0	0	0	463556462
268	412	0	0	0	463556469
269	411	0	0	0	463556477
25	17
264	328	0	0	0	463557234
264	328	0	0	0	463557241
264	328	0	0	0	463557249
264	328	0	0	0	463557256
263	328	0	0	0	463557264
262	328	0	0	0	463557271
260	328	0	0	0	463557279
258	328	0	0	0	463557286
256	328	0	0	0	463557294
254	328	0	0	0	463557301
252	329	0	0	0	463557309
249	329	0	0	0	463557316
247	330	0	0	0	463557324
244	330	0	0	0	463557331
242	330	0	0	0	463557339
240	330	0	0	0	463557346
238	330	0	0	0	463557354
237	330	0	0	0	463557361
235	330	0	0	0	463557369
235	330	0	0	0	463557376
235	330	0	0	0	463557384
234	331	0	0	0	463557391
234	331	0	0	0	463557399
234	331	0	0	0	463557406
233	332	0	0	0	463557414
25	17
261	351	0	0	0	463557734
261	351	0	0	0	463557741
261	351	0	0	0	463557749
261	351	0	0	0	463557756
262	351	0	0	0	463557764
262	351	0	0	0	463557771
261	351	0	0	0	463557779
260	351	0	0	0	463557786
259	351	0	0	0	463557794
258	351	0	0	0	463557801
256	351	0	0	0	463557809
254	352	0	0	0	463557816
251	352	0	0	0	463557824
249	352	0	0	0	463557831
246	352	0	0	0	463557839
244	352	0	0	0	463557846
241	352	0	0	0	463557854
239	353	0	0	0	463557861
237	353	0	0	0	463557869
236	353	0	0	0	463557876
235	353	0	0	0	463557884
235	353	0	0	0	463557891
235	353	0	0	0	463557899
235	353	0	0	0	463557906
236	354	0	0	0	463557914
23	17
262	375	0	0	0	463558249
262	375	0	0	0	463558256
263	375	0	0	0	463558264
263	375	0	0	0	463558271
263	375	0	0	0	463558279
262	376	0	0	0	463558286
261	376	0	0	0	463558294
260	376	0	0	0	463558301
258	376	0	0	0	463558309
256	376	0	0	0	463558316
253	377	0	0	0	463558324
251	377	0	0	0	463558331
248	377	0	0	0	463558339
246	377	0	0	0	463558346
243	378	0	0	0	463558354
241	378	0	0	0	463558361
239	378	0	0	0	463558369
236	378	0	0	0	463558376
234	378	0	0	0	463558384
233	378	0	0	0	463558391
233	378	0	0	0	463558399
233	378	0	0	0	463558406
233	378	0	0	0	463558414
19	17
265	397	0	0	0	463558701
265	397	0	0	0	463558708
265	397	0	0	0	463558716
265	397	0	0	0	463558723
264	397	0	0	0	463558731
262	397	0	0	0	463558738
260	397	0	0	0	463558746
259	397	0	0	0	463558753
256	398	0	0	0	463558761
253	398	0	0	0	463558768
251	398	0	0	0	463558776
248	398	0	0	0	463558783
245	398	0	0	0	463558791
242	398	0	0	0	463558798
240	398	0	0	0	463558806
238	398	0	0	0	463558813
237	398	0	0	0	463558821
237	398	0	0	0	463558828
236	398	0	0	0	463558836
25	6
191	331	0	0	0	463559454
191	331	0	0	0	463559462
191	331	0	0	0	463559469
190	332	0	0	0	463559477
190	332	0	0	0	463559484
190	332	0	0	0	463559492
190	330	0	0	0	463559500
190	330	0	0	0	463559507
190	329	0	0	0	463559515
190	328	0	0	0	463559522
191	327	0	0	0	463559530
191	325	0	0	0	463559537
192	324	0	0	0	463559545
192	322	0	0	0	463559552
193	321	0	0	0	463559560
193	319	0	0	0	463559567
194	317	0	0	0	463559575
194	316	0	0	0	463559582
194	314	0	0	0	463559590
194	313	0	0	0	463559597
194	312	0	0	0	463559605
194	311	0	0	0	463559612
194	311	0	0	0	463559620
194	309	0	0	0	463559627
194	309	0	0	0	463559635
33	6
194	309	0	0	0	463559642
194	309	0	0	0	463559650
194	309	0	0	0	463559657
194	309	0	0	0	463559665
195	310	0	0	0	463559672
195	311	0	0	0	463559680
195	312	0	0	0	463559687
195	314	0	0	0	463559695
196	315	0	0	0	463559703
197	317	0	0	0	463559710
198	319	0	0	0	463559718
199	321	0	0	0	463559725
201	322	0	0	0	463559733
202	324	0	0	0	463559740
204	325	0	0	0	463559748
205	326	0	0	0	463559755
206	327	0	0	0	463559763
207	328	0	0	0	463559770
207	328	0	0	0	463559778
207	328	0	0	0	463559785
207	328	0	0	0	463559793
205	328	0	0	0	463559800
204	328	0	0	0	463559808
203	328	0	0	0	463559815
201	328	0	0	0	463559823
199	328	0	0	0	463559830
198	328	0	0	0	463559838
195	329	0	0	0	463559845
194	329	0	0	0	463559853
192	330	0	0	0	463559860
192	330	0	0	0	463559868
192	330	0	0	0	463559875
191	331	0	0	0	463559883
70	9
197	344	0	0	0	463560145
197	344	0	0	0	463560153
197	344	0	0	0	463560160
197	345	0	0	0	463560168
196	346	0	0	0	463560175
196	346	0	0	0	463560183
197	348	0	0	0	463560190
197	348	0	0	0	463560198
198	350	0	0	0	463560205
198	351	0	0	0	463560213
198	352	0	0	0	463560220
199	353	0	0	0	463560228
199	353	0	0	0	463560235
199	354	0	0	0	463560243
199	354	0	0	0	463560250
199	354	0	0	0	463560258
199	354	0	0	0	463560265
199	352	0	0	0	463560273
199	352	0	0	0	463560281
199	350	0	0	0	463560288
199	349	0	0	0	463560296
199	348	0	0	0	463560303
199	347	0	0	0	463560311
199	345	0	0	0	463560318
199	344	0	0	0	463560326
199	343	0	0	0	463560333
200	343	0	0	0	463560341
200	343	0	0	0	463560348
201	342	0	0	0	463560356
202	342	0	0	0	463560363
203	342	0	0	0	463560371
204	342	0	0	0	463560378
206	342	0	0	0	463560386
207	343	0	0	0	463560393
208	343	0	0	0	463560401
208	343	0	0	0	463560408
209	345	0	0	0	463560416
209	345	0	0	0	463560423
210	346	0	0	0	463560431
209	347	0	0	0	463560438
209	348	0	0	0	463560446
208	348	0	0	0	463560453
207	349	0	0	0	463560461
205	350	0	0	0	463560468
204	350	0	0	0	463560476
203	350	0	0	0	463560484
203	351	0	0	0	463560491
203	351	0	0	0	463560499
203	351	0	0	0	463560506
204	351	0	0	0	463560514
206	352	0	0	0	463560521
207	352	0	0	0	463560529
209	353	0	0	0	463560536
211	353	0	0	0	463560544
213	354	0	0	0	463560551
214	355	0	0	0	463560559
215	356	0	0	0	463560566
216	357	0	0	0	463560574
215	358	0	0	0	463560581
215	359	0	0	0	463560589
214	360	0	0	0	463560596
213	361	0	0	0	463560604
211	362	0	0	0	463560611
209	363	0	0	0	463560619
208	363	0	0	0	463560626
206	363	0	0	0	463560634
205	363	0	0	0	463560641
204	363	0	0	0	463560649
204	363	0	0	0	463560656
204	363	0	0	0	463560664
28	9
211	373	0	0	0	463561555
211	373	0	0	0	463561562
211	372	0	0	0	463561570
210	371	0	0	0	463561578
210	371	0	0	0	463561585
210	371	0	0	0	463561593
208	370	0	0	0	463561600
208	370	0	0	0	463561608
206	371	0	0	0	463561615
205	371	0	0	0	463561623
204	373	0	0	0	463561630
203	374	0	0	0	463561638
202	376	0	0	0	463561645
202	377	0	0	0	463561653
203	379	0	0	0	463561660
203	380	0	0	0	463561668
205	381	0	0	0	463561675
207	382	0	0	0	463561683
209	383	0	0	0	463561690
211	383	0	0	0	463561698
213	383	0	0	0	463561705
214	383	0	0	0	463561713
215	382	0	0	0	463561720
215	382	0	0	0	463561728
215	382	0	0	0	463561735
216	381	0	0	0	463561743
215	381	0	0	0	463561750
214	382	0	0	0	463561758
22	10
206	400	0	0	0	463562053
207	401	0	0	0	463562061
207	401	0	0	0	463562068
208	403	0	0	0	463562076
208	405	0	0	0	463562083
209	406	0	0	0	463562091
209	407	0	0	0	463562098
210	409	0	0	0	463562106
210	410	0	0	0	463562113
210	411	0	0	0	463562121
210	411	0	0	0	463562128
210	412	0	0	0	463562136
210	412	0	0	0	463562143
210	412	0	0	0	463562151
209	411	0	0	0	463562158
209	410	0	0	0	463562166
208	409	0	0	0	463562173
207	408	0	0	0	463562181
206	406	0	0	0	463562188
204	405	0	0	0	463562196
203	404	0	0	0	463562203
202	403	0	0	0	463562211
27	10
201	402	0	0	0	463562218
200	401	0	0	0	463562226
199	400	0	0	0	463562234
199	400	0	0	0	463562241
199	400	0	0	0	463562249
201	399	0	0	0	463562256
203	400	0	0	0	463562264
205	400	0	0	0	463562271
207	400	0	0	0	463562279
210	401	0	0	0	463562286
213	401	0	0	0	463562294
216	402	0	0	0	463562301
218	403	0	0	0	463562309
220	404	0	0	0	463562316
222	405	0	0	0	463562324
222	407	0	0	0	463562331
222	408	0	0	0	463562339
221	409	0	0	0	463562346
219	410	0	0	0	463562354
217	411	0	0	0	463562361
216	411	0	0	0	463562369
213	412	0	0	0	463562376
210	412	0	0	0	463562384
209	412	0	0	0	463562391
207	412	0	0	0	463562399
206	412	0	0	0	463562406
205	412	0	0	0	463562414
43	9
200	354	0	0	0	463563145
200	354	0	0	0	463563153
200	354	0	0	0	463563160
200	354	0	0	0	463563168
199	355	0	0	0	463563175
199	356	0	0	0	463563183
199	356	0	0	0	463563190
199	358	0	0	0	463563198
199	358	0	0	0	463563205
199	359	0	0	0	463563213
199	360	0	0	0	463563220
199	361	0	0	0	463563228
200	362	0	0	0	463563235
200	363	0	0	0	463563243
200	363	0	0	0	463563250
200	364	0	0	0	463563258
200	364	0	0	0	463563265
200	364	0	0	0	463563273
200	365	0	0	0	463563281
200	365	0	0	0	463563288
200	365	0	0	0	463563296
200	365	0	0	0	463563303
200	365	0	0	0	463563311
200	365	0	0	0	463563318
200	365	0	0	0	463563326
200	365	0	0	0	463563333
200	365	0	0	0	463563341
200	365	0	0	0	463563348
200	365	0	0	0	463563356
200	365	0	0	0	463563363
200	365	0	0	0	463563371
200	365	0	0	0	463563378
200	365	0	0	0	463563386
201	365	0	0	0	463563393
201	365	0	0	0	463563401
202	365	0	0	0	463563408
202	365	0	0	0	463563416
204	364	0	0	0	463563423
205	364	0	0	0	463563431
205	364	0	0	0	463563438
206	364	0	0	0	463563446
206	364	0	0	0	463563453
207	364	0	0	0	463563461
23	13
232	451	0	0	0	463566927
232	451	0	0	0	463566935
232	451	0	0	0	463566942
232	451	0	0	0	463566950
232	451	0	0	0	463566957
231	451	0	0	0	463566965
229	451	0	0	0	463566972
228	451	0	0	0	463566980
226	451	0	0	0	463566987
224	451	0	0	0	463566995
222	451	0	0	0	463567002
220	452	0	0	0	463567010
218	452	0	0	0	463567017
216	452	0	0	0	463567025
215	452	0	0	0	463567032
213	453	0	0	0	463567040
213	453	0	0	0	463567047
212	453	0	0	0	463567055
212	453	0	0	0	463567062
212	453	0	0	0	463567070
214	453	0	0	0	463567078
214	453	0	0	0	463567085
216	453	0	0	0	463567093
22	13
216	453	0	0	0	463567100
216	453	0	0	0	463567108
218	454	0	0	0	463567115
218	454	0	0	0	463567123
218	454	0	0	0	463567130
219	456	0	0	0	463567138
220	457	0	0	0	463567145
220	459	0	0	0	463567153
221	460	0	0	0	463567160
221	462	0	0	0	463567168
221	464	0	0	0	463567175
221	465	0	0	0	463567183
222	467	0	0	0	463567190
222	469	0	0	0	463567198
222	470	0	0	0	463567205
222	471	0	0	0	463567213
222	472	0	0	0	463567220
222	472	0	0	0	463567228
222	472	0	0	0	463567235
222	472	0	0	0	463567243
223	472	0	0	0	463567250
223	472	0	0	0	463567258
18	13
231	464	0	0	0	463567333
232	463	0	0	0	463567341
232	463	0	0	0	463567348
232	463	0	0	0	463567356
231	463	0	0	0	463567363
230	463	0	0	0	463567371
229	463	0	0	0	463567378
227	464	0	0	0	463567386
225	464	0	0	0	463567393
223	464	0	0	0	463567401
221	465	0	0	0	463567408
220	465	0	0	0	463567416
218	466	0	0	0	463567423
217	466	0	0	0	463567431
217	466	0	0	0	463567438
217	466	0	0	0	463567446
217	466	0	0	0	463567453
217	467	0	0	0	463567461
14	16
236	476	0	0	0	463567551
236	476	0	0	0	463567559
236	477	0	0	0	463567566
236	477	0	0	0	463567574
235	477	0	0	0	463567581
234	478	0	0	0	463567589
232	478	0	0	0	463567596
231	479	0	0	0	463567604
228	479	0	0	0	463567611
226	479	0	0	0	463567619
224	479	0	0	0	463567626
223	480	0	0	0	463567634
222	480	0	0	0	463567641
222	480	0	0	0	463567649
28	17
439	389	0	0	0	463569227
439	388	0	0	0	463569234
439	388	0	0	0	463569242
438	387	0	0	0	463569250
438	387	0	0	0	463569257
438	387	0	0	0	463569265
438	388	0	0	0	463569272
438	390	0	0	0	463569280
438	392	0	0	0	463569287
438	396	0	0	0	463569295
438	400	0	0	0	463569302
438	405	0	0	0	463569310
438	410	0	0	0	463569317
437	416	0	0	0	463569325
437	421	0	0	0	463569332
438	427	0	0	0	463569340
438	431	0	0	0	463569347
438	435	0	0	0	463569355
438	438	0	0	0	463569362
439	439	0	0	0	463569370
439	440	0	0	0	463569377
439	440	0	0	0	463569385
439	440	0	0	0	463569392
439	439	0	0	0	463569400
439	438	0	0	0	463569407
439	436	0	0	0	463569415
439	435	0	0	0	463569422
439	433	0	0	0	463569430
31	17
437	383	0	0	0	463569796
436	382	0	0	0	463569803
436	382	0	0	0	463569811
435	382	0	0	0	463569818
435	382	0	0	0	463569826
435	382	0	0	0	463569833
435	381	0	0	0	463569841
435	381	0	0	0	463569848
435	381	0	0	0	463569856
435	381	0	0	0	463569863
437	380	0	0	0	463569871
438	380	0	0	0	463569878
439	380	0	0	0	463569886
441	380	0	0	0	463569893
443	379	0	0	0	463569901
445	379	0	0	0	463569908
448	380	0	0	0	463569916
450	380	0	0	0	463569923
454	380	0	0	0	463569931
457	380	0	0	0	463569938
460	380	0	0	0	463569946
464	381	0	0	0	463569953
468	381	0	0	0	463569961
472	382	0	0	0	463569968
477	383	0	0	0	463569976
482	383	0	0	0	463569984
487	385	0	0	0	463569991
491	386	0	0	0	463569999
495	389	0	0	0	463570006
499	391	0	0	0	463570014
502	394	0	0	0	463570021
19	17
504	398	0	0	0	463570029
504	402	0	0	0	463570036
503	406	0	0	0	463570044
501	411	0	0	0	463570051
498	415	0	0	0	463570059
494	420	0	0	0	463570066
490	424	0	0	0	463570074
485	427	0	0	0	463570081
479	431	0	0	0	463570089
474	433	0	0	0	463570096
469	435	0	0	0	463570104
464	437	0	0	0	463570111
460	438	0	0	0	463570119
456	439	0	0	0	463570126
453	440	0	0	0	463570134
450	440	0	0	0	463570141
449	440	0	0	0	463570149
448	440	0	0	0	463570156
448	440	0	0	0	463570164
36	17
508	392	0	0	0	463570761
508	392	0	0	0	463570768
507	391	0	0	0	463570776
506	391	0	0	0	463570783
506	391	0	0	0	463570791
505	392	0	0	0	463570798
505	392	0	0	0	463570806
503	394	0	0	0	463570813
503	396	0	0	0	463570821
502	398	0	0	0	463570828
503	400	0	0	0	463570836
503	403	0	0	0	463570844
504	405	0	0	0	463570851
505	407	0	0	0	463570859
507	409	0	0	0	463570866
510	411	0	0	0	463570874
512	411	0	0	0	463570881
515	411	0	0	0	463570889
517	410	0	0	0	463570896
519	408	0	0	0	463570904
520	406	0	0	0	463570911
521	404	0	0	0	463570919
521	402	0	0	0	463570926
520	400	0	0	0	463570934
519	398	0	0	0	463570941
517	397	0	0	0	463570949
514	396	0	0	0	463570956
511	395	0	0	0	463570964
508	395	0	0	0	463570971
506	394	0	0	0	463570979
504	395	0	0	0	463570986
502	395	0	0	0	463570994
501	395	0	0	0	463571001
501	395	0	0	0	463571009
501	395	0	0	0	463571016
503	395	0	0	0	463571024
23	17
525	400	0	0	0	463571296
526	400	0	0	0	463571303
526	400	0	0	0	463571311
528	400	0	0	0	463571318
530	400	0	0	0	463571326
532	400	0	0	0	463571333
535	400	0	0	0	463571341
538	400	0	0	0	463571348
542	400	0	0	0	463571356
546	400	0	0	0	463571363
550	399	0	0	0	463571371
553	399	0	0	0	463571378
556	399	0	0	0	463571386
559	400	0	0	0	463571393
560	400	0	0	0	463571401
562	400	0	0	0	463571408
562	400	0	0	0	463571416
562	400	0	0	0	463571423
562	400	0	0	0	463571431
561	401	0	0	0	463571438
560	401	0	0	0	463571446
558	401	0	0	0	463571453
558	401	0	0	0	463571461
43	22
571	387	0	0	0	463571645
572	386	0	0	0	463571653
572	386	0	0	0	463571660
573	386	0	0	0	463571668
573	387	0	0	0	463571675
573	388	0	0	0	463571683
573	390	0	0	0	463571690
574	391	0	0	0	463571698
575	393	0	0	0	463571705
576	395	0	0	0	463571713
577	397	0	0	0	463571720
578	399	0	0	0	463571728
579	400	0	0	0	463571735
580	401	0	0	0	463571743
582	402	0	0	0	463571750
584	402	0	0	0	463571758
585	402	0	0	0	463571765
586	401	0	0	0	463571773
587	400	0	0	0	463571781
588	398	0	0	0	463571788
590	395	0	0	0	463571796
591	393	0	0	0	463571803
592	391	0	0	0	463571811
593	389	0	0	0	463571818
594	387	0	0	0	463571826
595	386	0	0	0	463571833
595	386	0	0	0	463571841
596	387	0	0	0	463571848
596	388	0	0	0	463571856
596	391	0	0	0	463571863
596	394	0	0	0	463571871
596	398	0	0	0	463571878
595	402	0	0	0	463571886
595	406	0	0	0	463571893
596	410	0	0	0	463571901
596	413	0	0	0	463571908
596	416	0	0	0	463571916
596	418	0	0	0	463571923
596	419	0	0	0	463571931
596	419	0	0	0	463571938
596	419	0	0	0	463571946
595	419	0	0	0	463571953
594	419	0	0	0	463571961
30	17
365	351	0	0	0	463572967
365	351	0	0	0	463572974
365	351	0	0	0	463572982
365	351	0	0	0	463572989
365	351	0	0	0	463572997
365	351	0	0	0	463573004
365	351	0	0	0	463573012
365	351	0	0	0	463573019
365	351	0	0	0	463573027
367	352	0	0	0	463573034
368	352	0	0	0	463573042
369	352	0	0	0	463573049
370	352	0	0	0	463573057
372	352	0	0	0	463573064
374	351	0	0	0	463573072
376	351	0	0	0	463573079
378	351	0	0	0	463573087
381	351	0	0	0	463573094
383	351	0	0	0	463573102
386	350	0	0	0	463573109
388	350	0	0	0	463573117
390	350	0	0	0	463573125
392	350	0	0	0	463573132
394	350	0	0	0	463573140
395	350	0	0	0	463573147
397	350	0	0	0	463573155
397	351	0	0	0	463573162
397	351	0	0	0	463573170
398	351	0	0	0	463573177
398	351	0	0	0	463573185
34	17
398	351	0	0	0	463573192
399	352	0	0	0	463573200
399	352	0	0	0	463573207
398	353	0	0	0	463573215
398	354	0	0	0	463573222
398	355	0	0	0	463573230
397	355	0	0	0	463573237
397	357	0	0	0	463573245
397	358	0	0	0	463573252
397	359	0	0	0	463573260
396	361	0	0	0	463573267
397	363	0	0	0	463573275
397	365	0	0	0	463573282
397	367	0	0	0	463573290
397	369	0	0	0	463573297
397	372	0	0	0	463573305
398	374	0	0	0	463573312
398	377	0	0	0	463573320
398	380	0	0	0	463573328
398	383	0	0	0	463573335
398	386	0	0	0	463573343
398	388	0	0	0	463573350
398	391	0	0	0	463573358
398	393	0	0	0	463573365
399	395	0	0	0	463573373
399	397	0	0	0	463573380
399	399	0	0	0	463573388
400	400	0	0	0	463573395
400	401	0	0	0	463573403
400	402	0	0	0	463573410
400	402	0	0	0	463573418
401	403	0	0	0	463573425
401	403	0	0	0	463573433
401	403	0	0	0	463573440
36	17
401	403	0	0	0	463573448
401	403	0	0	0	463573455
401	403	0	0	0	463573463
401	403	0	0	0	463573470
402	404	0	0	0	463573478
402	404	0	0	0	463573485
402	404	0	0	0	463573493
403	404	0	0	0	463573500
404	404	0	0	0	463573508
406	404	0	0	0	463573515
407	404	0	0	0	463573523
409	404	0	0	0	463573531
410	403	0	0	0	463573538
412	403	0	0	0	463573546
414	403	0	0	0	463573553
416	403	0	0	0	463573561
418	404	0	0	0	463573568
420	404	0	0	0	463573576
423	404	0	0	0	463573583
425	404	0	0	0	463573591
427	404	0	0	0	463573598
429	404	0	0	0	463573606
431	404	0	0	0	463573613
433	404	0	0	0	463573621
435	403	0	0	0	463573628
436	403	0	0	0	463573636
437	403	0	0	0	463573643
437	403	0	0	0	463573651
438	403	0	0	0	463573658
438	403	0	0	0	463573666
438	403	0	0	0	463573673
438	403	0	0	0	463573681
436	403	0	0	0	463573688
436	403	0	0	0	463573696
435	403	0	0	0	463573703
434	404	0	0	0	463573711
69	17
250	460	0	0	0	463574468
250	460	0	0	0	463574476
250	460	0	0	0	463574484
250	460	0	0	0	463574491
250	461	0	0	0	463574499
250	461	0	0	0	463574506
250	461	0	0	0	463574514
250	461	0	0	0	463574521
250	461	0	0	0	463574529
250	461	0	0	0	463574536
251	461	0	0	0	463574544
251	461	0	0	0	463574551
252	461	0	0	0	463574559
254	461	0	0	0	463574566
256	461	0	0	0	463574574
258	461	0	0	0	463574581
260	461	0	0	0	463574589
263	461	0	0	0	463574596
266	461	0	0	0	463574604
269	461	0	0	0	463574611
273	461	0	0	0	463574619
276	461	0	0	0	463574626
280	461	0	0	0	463574634
284	461	0	0	0	463574641
288	461	0	0	0	463574649
292	461	0	0	0	463574656
296	461	0	0	0	463574664
300	461	0	0	0	463574672
304	461	0	0	0	463574679
308	460	0	0	0	463574687
312	460	0	0	0	463574694
316	460	0	0	0	463574702
320	460	0	0	0	463574709
324	460	0	0	0	463574717
327	460	0	0	0	463574724
331	460	0	0	0	463574732
334	460	0	0	0	463574739
337	460	0	0	0	463574747
340	461	0	0	0	463574754
344	461	0	0	0	463574762
347	461	0	0	0	463574769
350	461	0	0	0	463574777
353	462	0	0	0	463574784
356	462	0	0	0	463574792
359	462	0	0	0	463574799
361	462	0	0	0	463574807
364	462	0	0	0	463574814
366	463	0	0	0	463574822
368	463	0	0	0	463574829
370	463	0	0	0	463574837
372	463	0	0	0	463574844
374	463	0	0	0	463574852
375	463	0	0	0	463574859
376	464	0	0	0	463574867
377	464	0	0	0	463574875
378	464	0	0	0	463574882
379	464	0	0	0	463574890
379	464	0	0	0	463574897
381	464	0	0	0	463574905
381	464	0	0	0	463574912
382	464	0	0	0	463574920
383	463	0	0	0	463574927
383	463	0	0	0	463574935
384	463	0	0	0	463574942
384	463	0	0	0	463574950
386	463	0	0	0	463574957
386	463	0	0	0	463574965
387	463	0	0	0	463574972
387	463	0	0	0	463574980
25	17
387	463	0	0	0	463574987
388	462	0	0	0	463574995
388	462	0	0	0	463575002
388	462	0	0	0	463575010
388	462	0	0	0	463575017
388	460	0	0	0	463575025
387	459	0	0	0	463575032
387	458	0	0	0	463575040
387	456	0	0	0	463575047
386	454	0	0	0	463575055
386	452	0	0	0	463575062
385	450	0	0	0	463575070
384	447	0	0	0	463575078
384	445	0	0	0	463575085
383	442	0	0	0	463575093
382	440	0	0	0	463575100
382	438	0	0	0	463575108
381	436	0	0	0	463575115
381	435	0	0	0	463575123
381	434	0	0	0	463575130
380	433	0	0	0	463575138
380	432	0	0	0	463575145
380	432	0	0	0	463575153
380	431	0	0	0	463575160
380	431	0	0	0	463575168
66	17
380	431	0	0	0	463575175
380	430	0	0	0	463575183
380	430	0	0	0	463575190
380	430	0	0	0	463575198
380	430	0	0	0	463575205
381	429	0	0	0	463575213
381	429	0	0	0	463575220
382	429	0	0	0	463575228
382	429	0	0	0	463575235
383	429	0	0	0	463575243
383	429	0	0	0	463575250
385	429	0	0	0	463575258
386	429	0	0	0	463575265
387	429	0	0	0	463575273
388	429	0	0	0	463575281
389	429	0	0	0	463575288
391	429	0	0	0	463575296
392	429	0	0	0	463575303
394	429	0	0	0	463575311
396	430	0	0	0	463575318
397	430	0	0	0	463575326
399	431	0	0	0	463575333
401	431	0	0	0	463575341
403	431	0	0	0	463575348
405	431	0	0	0	463575356
407	431	0	0	0	463575363
409	432	0	0	0	463575371
411	431	0	0	0	463575378
414	431	0	0	0	463575386
416	431	0	0	0	463575393
418	431	0	0	0	463575401
420	430	0	0	0	463575408
422	430	0	0	0	463575416
424	430	0	0	0	463575423
425	429	0	0	0	463575431
427	429	0	0	0	463575438
428	429	0	0	0	463575446
429	429	0	0	0	463575453
430	429	0	0	0	463575461
432	429	0	0	0	463575468
433	429	0	0	0	463575476
433	429	0	0	0	463575484
434	429	0	0	0	463575491
434	429	0	0	0	463575499
435	429	0	0	0	463575506
435	429	0	0	0	463575514
436	429	0	0	0	463575521
436	429	0	0	0	463575529
437	429	0	0	0	463575536
437	429	0	0	0	463575544
438	429	0	0	0	463575551
438	429	0	0	0	463575559
439	429	0	0	0	463575566
439	429	0	0	0	463575574
439	429	0	0	0	463575581
440	429	0	0	0	463575589
440	429	0	0	0	463575596
440	429	0	0	0	463575604
440	429	0	0	0	463575611
440	429	0	0	0	463575619
440	429	0	0	0	463575626
439	430	0	0	0	463575634
439	430	0	0	0	463575641
438	430	0	0	0	463575649
438	430	0	0	0	463575656
438	430	0	0	0	463575664
