9
28	0
316	337	0	0	0	966337086
317	336	0	0	0	966337093
317	336	0	0	0	966337101
317	336	0	0	0	966337109
317	336	0	0	0	966337116
318	337	0	0	0	966337124
318	340	0	0	0	966337131
319	342	0	0	0	966337139
320	346	0	0	0	966337146
321	351	0	0	0	966337154
321	356	0	0	0	966337161
322	362	0	0	0	966337169
322	368	0	0	0	966337176
323	374	0	0	0	966337184
323	379	0	0	0	966337191
323	384	0	0	0	966337199
323	388	0	0	0	966337206
324	392	0	0	0	966337214
324	394	0	0	0	966337221
324	395	0	0	0	966337229
324	395	0	0	0	966337236
324	395	0	0	0	966337244
324	394	0	0	0	966337251
323	393	0	0	0	966337259
323	391	0	0	0	966337266
323	389	0	0	0	966337274
322	386	0	0	0	966337281
322	384	0	0	0	966337289
77	1
313	318	0	0	0	966337672
313	318	0	0	0	966337679
313	318	0	0	0	966337687
313	318	0	0	0	966337694
313	318	0	0	0	966337702
313	318	0	0	0	966337709
313	318	0	0	0	966337717
313	318	0	0	0	966337724
313	318	0	0	0	966337732
313	318	0	0	0	966337739
314	317	0	0	0	966337747
314	317	0	0	0	966337754
316	317	0	0	0	966337762
317	317	0	0	0	966337769
319	317	0	0	0	966337777
321	317	0	0	0	966337784
323	317	0	0	0	966337792
326	317	0	0	0	966337799
328	317	0	0	0	966337807
331	317	0	0	0	966337814
334	318	0	0	0	966337822
337	319	0	0	0	966337829
340	319	0	0	0	966337837
344	320	0	0	0	966337844
347	321	0	0	0	966337852
350	322	0	0	0	966337860
354	323	0	0	0	966337867
357	325	0	0	0	966337875
360	326	0	0	0	966337882
363	328	0	0	0	966337890
366	330	0	0	0	966337897
369	332	0	0	0	966337905
372	333	0	0	0	966337912
375	335	0	0	0	966337920
378	337	0	0	0	966337927
380	338	0	0	0	966337935
383	340	0	0	0	966337942
385	342	0	0	0	966337950
387	344	0	0	0	966337957
388	347	0	0	0	966337965
390	349	0	0	0	966337972
391	352	0	0	0	966337980
392	355	0	0	0	966337987
393	358	0	0	0	966337995
393	361	0	0	0	966338002
393	364	0	0	0	966338010
394	368	0	0	0	966338017
394	371	0	0	0	966338025
393	374	0	0	0	966338032
393	378	0	0	0	966338040
392	381	0	0	0	966338047
391	384	0	0	0	966338055
390	388	0	0	0	966338063
389	391	0	0	0	966338070
387	394	0	0	0	966338078
384	397	0	0	0	966338085
382	399	0	0	0	966338093
379	401	0	0	0	966338100
375	403	0	0	0	966338108
371	405	0	0	0	966338115
367	407	0	0	0	966338123
363	408	0	0	0	966338130
358	408	0	0	0	966338138
354	409	0	0	0	966338145
350	409	0	0	0	966338153
346	409	0	0	0	966338160
342	409	0	0	0	966338168
339	408	0	0	0	966338175
336	408	0	0	0	966338183
334	408	0	0	0	966338190
331	408	0	0	0	966338198
330	407	0	0	0	966338205
328	407	0	0	0	966338213
327	407	0	0	0	966338220
327	407	0	0	0	966338228
326	407	0	0	0	966338235
326	407	0	0	0	966338243
21	0
321	347	0	0	0	966338577
321	347	0	0	0	966338584
321	346	0	0	0	966338592
319	346	0	0	0	966338599
316	347	0	0	0	966338607
313	347	0	0	0	966338614
308	347	0	0	0	966338622
303	347	0	0	0	966338629
297	348	0	0	0	966338637
292	348	0	0	0	966338644
285	348	0	0	0	966338652
279	349	0	0	0	966338659
274	350	0	0	0	966338667
269	350	0	0	0	966338674
264	351	0	0	0	966338682
260	352	0	0	0	966338689
257	352	0	0	0	966338697
255	353	0	0	0	966338704
254	354	0	0	0	966338712
255	355	0	0	0	966338719
256	356	0	0	0	966338727
19	0
316	381	0	0	0	966338889
316	381	0	0	0	966338896
315	381	0	0	0	966338904
313	382	0	0	0	966338911
310	382	0	0	0	966338919
306	382	0	0	0	966338926
301	382	0	0	0	966338934
296	382	0	0	0	966338941
290	382	0	0	0	966338949
284	382	0	0	0	966338956
278	383	0	0	0	966338964
273	383	0	0	0	966338971
268	383	0	0	0	966338979
264	384	0	0	0	966338986
261	384	0	0	0	966338994
260	385	0	0	0	966339001
260	385	0	0	0	966339009
261	386	0	0	0	966339016
263	387	0	0	0	966339024
58	4
193	329	0	0	0	966339751
193	329	0	0	0	966339759
193	329	0	0	0	966339766
193	331	0	0	0	966339774
193	333	0	0	0	966339781
192	336	0	0	0	966339789
192	339	0	0	0	966339797
191	342	0	0	0	966339804
191	345	0	0	0	966339812
191	349	0	0	0	966339819
190	351	0	0	0	966339827
190	353	0	0	0	966339834
190	355	0	0	0	966339842
190	356	0	0	0	966339849
190	356	0	0	0	966339857
190	356	0	0	0	966339864
191	354	0	0	0	966339872
191	352	0	0	0	966339879
191	349	0	0	0	966339887
191	346	0	0	0	966339894
192	343	0	0	0	966339902
192	339	0	0	0	966339909
193	336	0	0	0	966339917
193	332	0	0	0	966339924
194	330	0	0	0	966339932
194	327	0	0	0	966339939
194	325	0	0	0	966339947
195	324	0	0	0	966339954
196	323	0	0	0	966339962
196	323	0	0	0	966339969
196	323	0	0	0	966339977
196	323	0	0	0	966339984
198	324	0	0	0	966339992
199	326	0	0	0	966340000
200	328	0	0	0	966340007
202	330	0	0	0	966340015
204	332	0	0	0	966340022
206	335	0	0	0	966340030
209	337	0	0	0	966340037
211	340	0	0	0	966340045
213	342	0	0	0	966340052
215	344	0	0	0	966340060
217	346	0	0	0	966340067
218	347	0	0	0	966340075
218	347	0	0	0	966340082
218	347	0	0	0	966340090
216	347	0	0	0	966340097
214	346	0	0	0	966340105
211	345	0	0	0	966340112
208	344	0	0	0	966340120
204	343	0	0	0	966340127
201	342	0	0	0	966340135
197	342	0	0	0	966340142
194	342	0	0	0	966340150
192	342	0	0	0	966340157
191	342	0	0	0	966340165
191	342	0	0	0	966340172
191	342	0	0	0	966340180
60	5
199	379	0	0	0	966340377
200	380	0	0	0	966340385
200	382	0	0	0	966340392
201	384	0	0	0	966340400
203	387	0	0	0	966340407
203	390	0	0	0	966340415
204	392	0	0	0	966340422
205	395	0	0	0	966340430
205	397	0	0	0	966340438
206	399	0	0	0	966340445
207	401	0	0	0	966340453
207	402	0	0	0	966340460
207	402	0	0	0	966340468
207	402	0	0	0	966340475
207	401	0	0	0	966340483
206	399	0	0	0	966340490
206	397	0	0	0	966340498
205	393	0	0	0	966340505
205	390	0	0	0	966340513
205	386	0	0	0	966340520
205	382	0	0	0	966340528
205	378	0	0	0	966340535
206	375	0	0	0	966340543
207	372	0	0	0	966340550
208	370	0	0	0	966340558
210	369	0	0	0	966340565
212	369	0	0	0	966340573
214	369	0	0	0	966340580
216	370	0	0	0	966340588
217	371	0	0	0	966340595
218	373	0	0	0	966340603
218	375	0	0	0	966340610
218	378	0	0	0	966340618
217	379	0	0	0	966340625
216	381	0	0	0	966340633
215	382	0	0	0	966340641
213	384	0	0	0	966340648
212	384	0	0	0	966340656
211	384	0	0	0	966340663
211	384	0	0	0	966340671
211	384	0	0	0	966340678
211	384	0	0	0	966340686
213	384	0	0	0	966340693
215	384	0	0	0	966340701
217	385	0	0	0	966340708
219	386	0	0	0	966340716
222	387	0	0	0	966340723
223	388	0	0	0	966340731
224	391	0	0	0	966340738
224	393	0	0	0	966340746
223	395	0	0	0	966340753
221	397	0	0	0	966340761
220	399	0	0	0	966340768
217	401	0	0	0	966340776
214	402	0	0	0	966340783
212	402	0	0	0	966340791
210	402	0	0	0	966340798
209	402	0	0	0	966340806
208	401	0	0	0	966340813
207	400	0	0	0	966340821
24	6
415	364	0	0	0	966341507
415	364	0	0	0	966341515
413	364	0	0	0	966341522
413	364	0	0	0	966341530
413	364	0	0	0	966341537
413	363	0	0	0	966341545
413	363	0	0	0	966341552
415	363	0	0	0	966341560
416	364	0	0	0	966341567
419	364	0	0	0	966341575
423	364	0	0	0	966341582
427	364	0	0	0	966341590
433	365	0	0	0	966341597
439	364	0	0	0	966341605
445	364	0	0	0	966341612
451	364	0	0	0	966341620
456	364	0	0	0	966341627
461	364	0	0	0	966341635
465	364	0	0	0	966341642
467	364	0	0	0	966341650
468	364	0	0	0	966341657
469	365	0	0	0	966341665
469	365	0	0	0	966341672
470	366	0	0	0	966341680
13	7
497	343	0	0	0	966342012
499	342	0	0	0	966342019
500	342	0	0	0	966342027
501	343	0	0	0	966342034
502	344	0	0	0	966342042
503	345	0	0	0	966342049
504	347	0	0	0	966342057
506	349	0	0	0	966342064
507	351	0	0	0	966342072
509	353	0	0	0	966342079
511	354	0	0	0	966342087
513	355	0	0	0	966342094
514	356	0	0	0	966342102
27	7
516	356	0	0	0	966342109
518	355	0	0	0	966342117
520	354	0	0	0	966342125
523	352	0	0	0	966342132
524	350	0	0	0	966342140
526	348	0	0	0	966342147
527	345	0	0	0	966342155
528	343	0	0	0	966342162
529	342	0	0	0	966342170
529	342	0	0	0	966342177
529	342	0	0	0	966342185
528	343	0	0	0	966342192
527	346	0	0	0	966342200
526	350	0	0	0	966342207
525	355	0	0	0	966342215
524	360	0	0	0	966342222
523	366	0	0	0	966342230
522	372	0	0	0	966342237
521	378	0	0	0	966342245
520	383	0	0	0	966342252
520	387	0	0	0	966342260
520	391	0	0	0	966342267
521	393	0	0	0	966342275
521	394	0	0	0	966342282
521	394	0	0	0	966342290
521	394	0	0	0	966342297
520	393	0	0	0	966342305
