31
186	18
260	317	0	0	0	463612602
260	317	0	0	0	463612610
260	316	0	0	0	463612617
260	316	0	0	0	463612625
260	316	0	0	0	463612632
260	316	0	0	0	463612640
260	316	0	0	0	463612647
260	316	0	0	0	463612655
260	316	0	0	0	463612662
260	316	0	0	0	463612670
260	316	0	0	0	463612677
260	316	0	0	0	463612685
260	316	0	0	0	463612692
260	316	0	0	0	463612700
260	316	0	0	0	463612707
260	316	0	0	0	463612715
260	316	0	0	0	463612722
260	316	0	0	0	463612730
260	316	0	0	0	463612737
261	317	0	0	0	463612745
261	317	0	0	0	463612752
261	317	0	0	0	463612760
261	318	0	0	0	463612767
261	318	0	0	0	463612775
262	319	0	0	0	463612782
262	319	0	0	0	463612790
262	321	0	0	0	463612797
262	321	0	0	0	463612805
262	322	0	0	0	463612813
262	322	0	0	0	463612820
262	323	0	0	0	463612828
262	324	0	0	0	463612835
262	325	0	0	0	463612843
262	326	0	0	0	463612850
262	327	0	0	0	463612858
262	328	0	0	0	463612865
262	328	0	0	0	463612873
262	329	0	0	0	463612880
262	330	0	0	0	463612888
262	331	0	0	0	463612895
262	332	0	0	0	463612903
262	333	0	0	0	463612910
262	334	0	0	0	463612918
262	335	0	0	0	463612925
262	336	0	0	0	463612933
263	337	0	0	0	463612940
263	338	0	0	0	463612948
263	339	0	0	0	463612955
263	340	0	0	0	463612963
263	341	0	0	0	463612970
263	342	0	0	0	463612978
263	343	0	0	0	463612985
263	344	0	0	0	463612993
263	345	0	0	0	463613001
263	346	0	0	0	463613008
263	348	0	0	0	463613016
263	349	0	0	0	463613023
263	350	0	0	0	463613031
263	351	0	0	0	463613038
263	352	0	0	0	463613046
263	353	0	0	0	463613053
263	354	0	0	0	463613061
263	355	0	0	0	463613068
263	356	0	0	0	463613076
263	358	0	0	0	463613083
263	359	0	0	0	463613091
263	360	0	0	0	463613098
263	361	0	0	0	463613106
263	362	0	0	0	463613113
263	363	0	0	0	463613121
263	363	0	0	0	463613128
263	364	0	0	0	463613136
263	365	0	0	0	463613143
263	366	0	0	0	463613151
263	367	0	0	0	463613158
263	368	0	0	0	463613166
263	369	0	0	0	463613173
263	370	0	0	0	463613181
263	371	0	0	0	463613188
263	371	0	0	0	463613196
263	372	0	0	0	463613204
263	373	0	0	0	463613211
263	373	0	0	0	463613219
263	375	0	0	0	463613226
263	376	0	0	0	463613234
263	376	0	0	0	463613241
263	377	0	0	0	463613249
263	378	0	0	0	463613256
263	379	0	0	0	463613264
264	380	0	0	0	463613271
263	381	0	0	0	463613279
264	382	0	0	0	463613286
264	383	0	0	0	463613294
264	383	0	0	0	463613301
264	384	0	0	0	463613309
264	385	0	0	0	463613316
264	386	0	0	0	463613324
264	387	0	0	0	463613331
264	387	0	0	0	463613339
264	388	0	0	0	463613346
264	389	0	0	0	463613354
264	389	0	0	0	463613361
264	391	0	0	0	463613369
264	391	0	0	0	463613376
264	392	0	0	0	463613384
264	393	0	0	0	463613391
264	394	0	0	0	463613399
264	395	0	0	0	463613407
264	396	0	0	0	463613414
264	397	0	0	0	463613422
264	398	0	0	0	463613429
264	399	0	0	0	463613437
264	399	0	0	0	463613444
264	400	0	0	0	463613452
264	400	0	0	0	463613459
264	401	0	0	0	463613467
264	401	0	0	0	463613474
264	403	0	0	0	463613482
264	404	0	0	0	463613489
264	405	0	0	0	463613497
264	405	0	0	0	463613504
264	406	0	0	0	463613512
264	407	0	0	0	463613519
265	408	0	0	0	463613527
265	409	0	0	0	463613534
265	410	0	0	0	463613542
265	411	0	0	0	463613549
265	412	0	0	0	463613557
265	413	0	0	0	463613564
265	413	0	0	0	463613572
265	413	0	0	0	463613579
265	415	0	0	0	463613587
265	416	0	0	0	463613594
265	416	0	0	0	463613602
265	417	0	0	0	463613610
265	418	0	0	0	463613617
265	419	0	0	0	463613625
265	419	0	0	0	463613632
265	419	0	0	0	463613640
265	421	0	0	0	463613647
265	421	0	0	0	463613655
265	422	0	0	0	463613662
265	423	0	0	0	463613670
265	423	0	0	0	463613677
265	424	0	0	0	463613685
265	424	0	0	0	463613692
265	425	0	0	0	463613700
265	425	0	0	0	463613707
265	426	0	0	0	463613715
265	426	0	0	0	463613722
265	426	0	0	0	463613730
265	426	0	0	0	463613737
265	427	0	0	0	463613745
265	427	0	0	0	463613752
265	427	0	0	0	463613760
265	427	0	0	0	463613767
265	427	0	0	0	463613775
265	428	0	0	0	463613782
265	428	0	0	0	463613790
265	428	0	0	0	463613797
265	428	0	0	0	463613805
265	429	0	0	0	463613813
265	429	0	0	0	463613820
265	429	0	0	0	463613828
265	429	0	0	0	463613835
265	429	0	0	0	463613843
265	429	0	0	0	463613850
265	429	0	0	0	463613858
265	429	0	0	0	463613865
265	429	0	0	0	463613873
265	429	0	0	0	463613880
265	429	0	0	0	463613888
265	429	0	0	0	463613895
265	429	0	0	0	463613903
265	429	0	0	0	463613910
265	429	0	0	0	463613918
265	429	0	0	0	463613925
265	429	0	0	0	463613933
265	429	0	0	0	463613940
265	429	0	0	0	463613948
265	429	0	0	0	463613955
265	429	0	0	0	463613963
265	429	0	0	0	463613970
265	429	0	0	0	463613978
265	427	0	0	0	463613985
265	426	0	0	0	463613993
197	18
268	321	0	0	0	463615331
268	321	0	0	0	463615339
268	321	0	0	0	463615346
267	320	0	0	0	463615354
267	320	0	0	0	463615361
267	320	0	0	0	463615369
267	320	0	0	0	463615376
267	320	0	0	0	463615384
267	320	0	0	0	463615391
267	320	0	0	0	463615399
267	320	0	0	0	463615406
267	320	0	0	0	463615414
267	320	0	0	0	463615422
267	320	0	0	0	463615429
267	320	0	0	0	463615437
267	320	0	0	0	463615444
267	320	0	0	0	463615452
267	320	0	0	0	463615459
267	320	0	0	0	463615467
267	320	0	0	0	463615474
267	320	0	0	0	463615482
267	320	0	0	0	463615489
267	320	0	0	0	463615497
267	320	0	0	0	463615504
267	320	0	0	0	463615512
268	320	0	0	0	463615519
268	320	0	0	0	463615527
270	320	0	0	0	463615534
270	320	0	0	0	463615542
271	320	0	0	0	463615549
271	320	0	0	0	463615557
272	320	0	0	0	463615564
273	320	0	0	0	463615572
274	320	0	0	0	463615579
274	320	0	0	0	463615587
275	320	0	0	0	463615594
275	320	0	0	0	463615602
277	320	0	0	0	463615609
278	320	0	0	0	463615617
279	320	0	0	0	463615625
279	321	0	0	0	463615632
280	321	0	0	0	463615640
281	321	0	0	0	463615647
282	321	0	0	0	463615655
283	321	0	0	0	463615662
284	321	0	0	0	463615670
285	322	0	0	0	463615677
286	322	0	0	0	463615685
287	322	0	0	0	463615692
288	322	0	0	0	463615700
289	323	0	0	0	463615707
290	323	0	0	0	463615715
291	323	0	0	0	463615722
293	324	0	0	0	463615730
294	324	0	0	0	463615737
295	324	0	0	0	463615745
297	324	0	0	0	463615752
298	325	0	0	0	463615760
299	325	0	0	0	463615767
300	325	0	0	0	463615775
302	326	0	0	0	463615782
302	326	0	0	0	463615790
303	327	0	0	0	463615797
304	328	0	0	0	463615805
305	328	0	0	0	463615813
306	329	0	0	0	463615820
308	329	0	0	0	463615828
309	330	0	0	0	463615835
310	331	0	0	0	463615843
311	331	0	0	0	463615850
312	332	0	0	0	463615858
313	333	0	0	0	463615865
314	333	0	0	0	463615873
315	334	0	0	0	463615880
315	335	0	0	0	463615888
316	335	0	0	0	463615895
317	336	0	0	0	463615903
317	336	0	0	0	463615910
318	338	0	0	0	463615918
319	339	0	0	0	463615925
320	340	0	0	0	463615933
321	341	0	0	0	463615940
321	342	0	0	0	463615948
322	343	0	0	0	463615955
323	344	0	0	0	463615963
324	344	0	0	0	463615970
324	345	0	0	0	463615978
325	346	0	0	0	463615985
326	347	0	0	0	463615993
326	348	0	0	0	463616000
327	349	0	0	0	463616008
328	350	0	0	0	463616016
329	351	0	0	0	463616023
329	352	0	0	0	463616031
329	354	0	0	0	463616038
330	355	0	0	0	463616046
330	356	0	0	0	463616053
331	357	0	0	0	463616061
331	359	0	0	0	463616068
331	360	0	0	0	463616076
332	362	0	0	0	463616083
332	363	0	0	0	463616091
333	365	0	0	0	463616098
333	366	0	0	0	463616106
333	368	0	0	0	463616113
333	369	0	0	0	463616121
333	370	0	0	0	463616128
334	372	0	0	0	463616136
334	373	0	0	0	463616143
334	374	0	0	0	463616151
334	375	0	0	0	463616158
334	377	0	0	0	463616166
334	378	0	0	0	463616173
335	379	0	0	0	463616181
335	381	0	0	0	463616188
335	382	0	0	0	463616196
335	383	0	0	0	463616203
335	384	0	0	0	463616211
335	386	0	0	0	463616219
335	387	0	0	0	463616226
335	388	0	0	0	463616234
335	390	0	0	0	463616241
334	391	0	0	0	463616249
334	392	0	0	0	463616256
334	394	0	0	0	463616264
333	395	0	0	0	463616271
333	396	0	0	0	463616279
333	397	0	0	0	463616286
332	398	0	0	0	463616294
332	399	0	0	0	463616301
331	400	0	0	0	463616309
330	401	0	0	0	463616316
330	402	0	0	0	463616324
329	403	0	0	0	463616331
328	404	0	0	0	463616339
327	405	0	0	0	463616346
326	406	0	0	0	463616354
325	407	0	0	0	463616361
324	408	0	0	0	463616369
323	409	0	0	0	463616376
322	410	0	0	0	463616384
321	410	0	0	0	463616391
320	411	0	0	0	463616399
319	412	0	0	0	463616406
318	414	0	0	0	463616414
317	415	0	0	0	463616422
316	416	0	0	0	463616429
315	417	0	0	0	463616437
314	418	0	0	0	463616444
312	419	0	0	0	463616452
311	420	0	0	0	463616459
310	421	0	0	0	463616467
309	422	0	0	0	463616474
307	423	0	0	0	463616482
306	423	0	0	0	463616489
304	424	0	0	0	463616497
303	425	0	0	0	463616504
302	425	0	0	0	463616512
301	426	0	0	0	463616519
299	426	0	0	0	463616527
298	427	0	0	0	463616534
296	427	0	0	0	463616542
295	428	0	0	0	463616549
293	428	0	0	0	463616557
292	429	0	0	0	463616564
290	429	0	0	0	463616572
288	430	0	0	0	463616579
287	430	0	0	0	463616587
285	430	0	0	0	463616594
284	431	0	0	0	463616602
283	432	0	0	0	463616609
281	432	0	0	0	463616617
280	432	0	0	0	463616625
279	433	0	0	0	463616632
278	433	0	0	0	463616640
277	433	0	0	0	463616647
276	433	0	0	0	463616655
275	433	0	0	0	463616662
274	433	0	0	0	463616670
274	433	0	0	0	463616677
273	434	0	0	0	463616685
272	434	0	0	0	463616692
271	434	0	0	0	463616700
270	434	0	0	0	463616707
269	434	0	0	0	463616715
268	434	0	0	0	463616722
268	434	0	0	0	463616730
267	434	0	0	0	463616737
267	434	0	0	0	463616745
265	434	0	0	0	463616752
265	434	0	0	0	463616760
264	433	0	0	0	463616767
264	433	0	0	0	463616775
263	432	0	0	0	463616782
263	432	0	0	0	463616790
263	432	0	0	0	463616797
264	432	0	0	0	463616805
28	18
268	333	0	0	0	463617696
268	333	0	0	0	463617703
267	333	0	0	0	463617711
266	333	0	0	0	463617719
266	333	0	0	0	463617726
264	334	0	0	0	463617734
263	334	0	0	0	463617741
261	335	0	0	0	463617749
259	335	0	0	0	463617756
257	336	0	0	0	463617764
254	337	0	0	0	463617771
252	337	0	0	0	463617779
249	338	0	0	0	463617786
246	338	0	0	0	463617794
243	339	0	0	0	463617801
240	339	0	0	0	463617809
237	339	0	0	0	463617816
235	339	0	0	0	463617824
232	339	0	0	0	463617831
230	339	0	0	0	463617839
228	339	0	0	0	463617846
227	339	0	0	0	463617854
226	340	0	0	0	463617861
224	340	0	0	0	463617869
224	340	0	0	0	463617876
224	340	0	0	0	463617884
223	340	0	0	0	463617891
223	340	0	0	0	463617899
25	18
264	361	0	0	0	463618359
265	362	0	0	0	463618366
265	362	0	0	0	463618374
265	362	0	0	0	463618381
264	362	0	0	0	463618389
264	362	0	0	0	463618396
262	363	0	0	0	463618404
262	363	0	0	0	463618411
260	364	0	0	0	463618419
258	364	0	0	0	463618426
256	365	0	0	0	463618434
254	365	0	0	0	463618441
251	366	0	0	0	463618449
249	366	0	0	0	463618456
246	367	0	0	0	463618464
244	367	0	0	0	463618471
241	367	0	0	0	463618479
240	367	0	0	0	463618486
238	367	0	0	0	463618494
236	367	0	0	0	463618501
235	367	0	0	0	463618509
234	367	0	0	0	463618516
233	367	0	0	0	463618524
233	367	0	0	0	463618531
232	368	0	0	0	463618539
23	18
269	389	0	0	0	463619031
269	389	0	0	0	463619038
268	390	0	0	0	463619046
267	390	0	0	0	463619053
267	390	0	0	0	463619061
266	391	0	0	0	463619068
265	391	0	0	0	463619076
263	392	0	0	0	463619083
262	392	0	0	0	463619091
260	393	0	0	0	463619098
258	393	0	0	0	463619106
255	394	0	0	0	463619113
253	394	0	0	0	463619121
250	395	0	0	0	463619128
248	395	0	0	0	463619136
246	395	0	0	0	463619143
243	395	0	0	0	463619151
242	396	0	0	0	463619158
240	396	0	0	0	463619166
239	396	0	0	0	463619173
237	397	0	0	0	463619181
236	397	0	0	0	463619188
236	397	0	0	0	463619196
21	18
269	421	0	0	0	463619624
268	422	0	0	0	463619631
268	422	0	0	0	463619639
267	422	0	0	0	463619646
265	422	0	0	0	463619654
264	422	0	0	0	463619661
261	423	0	0	0	463619669
259	423	0	0	0	463619676
256	423	0	0	0	463619684
253	424	0	0	0	463619691
250	425	0	0	0	463619699
246	426	0	0	0	463619706
243	427	0	0	0	463619714
240	428	0	0	0	463619721
237	429	0	0	0	463619729
234	430	0	0	0	463619736
232	430	0	0	0	463619744
231	430	0	0	0	463619751
230	431	0	0	0	463619759
230	431	0	0	0	463619766
228	430	0	0	0	463619774
20	6
192	349	0	0	0	463620469
192	349	0	0	0	463620477
192	348	0	0	0	463620484
192	348	0	0	0	463620492
192	346	0	0	0	463620500
192	345	0	0	0	463620507
192	344	0	0	0	463620515
192	342	0	0	0	463620522
192	340	0	0	0	463620530
193	338	0	0	0	463620537
193	337	0	0	0	463620545
194	335	0	0	0	463620552
194	333	0	0	0	463620560
194	332	0	0	0	463620567
194	330	0	0	0	463620575
194	329	0	0	0	463620582
194	328	0	0	0	463620590
194	328	0	0	0	463620597
194	327	0	0	0	463620605
194	327	0	0	0	463620612
36	6
194	327	0	0	0	463620620
194	327	0	0	0	463620627
194	327	0	0	0	463620635
194	327	0	0	0	463620642
195	329	0	0	0	463620650
195	330	0	0	0	463620657
196	331	0	0	0	463620665
197	333	0	0	0	463620672
198	334	0	0	0	463620680
199	336	0	0	0	463620687
200	338	0	0	0	463620695
202	340	0	0	0	463620703
203	341	0	0	0	463620710
204	343	0	0	0	463620718
205	343	0	0	0	463620725
206	344	0	0	0	463620733
206	344	0	0	0	463620740
207	344	0	0	0	463620748
207	344	0	0	0	463620755
207	343	0	0	0	463620763
207	343	0	0	0	463620770
206	342	0	0	0	463620778
206	341	0	0	0	463620785
205	341	0	0	0	463620793
204	341	0	0	0	463620800
202	341	0	0	0	463620808
201	341	0	0	0	463620815
199	341	0	0	0	463620823
197	342	0	0	0	463620830
195	343	0	0	0	463620838
194	343	0	0	0	463620845
193	343	0	0	0	463620853
192	344	0	0	0	463620860
191	344	0	0	0	463620868
191	344	0	0	0	463620875
190	345	0	0	0	463620883
73	8
199	370	0	0	0	463621264
199	370	0	0	0	463621271
199	372	0	0	0	463621279
199	373	0	0	0	463621286
200	374	0	0	0	463621294
200	376	0	0	0	463621301
201	377	0	0	0	463621309
201	379	0	0	0	463621316
201	380	0	0	0	463621324
201	381	0	0	0	463621331
201	381	0	0	0	463621339
201	381	0	0	0	463621346
201	381	0	0	0	463621354
201	381	0	0	0	463621361
201	381	0	0	0	463621369
201	380	0	0	0	463621376
200	379	0	0	0	463621384
200	378	0	0	0	463621391
199	377	0	0	0	463621399
199	376	0	0	0	463621406
198	374	0	0	0	463621414
198	373	0	0	0	463621422
198	372	0	0	0	463621429
197	371	0	0	0	463621437
197	370	0	0	0	463621444
197	369	0	0	0	463621452
197	369	0	0	0	463621459
197	368	0	0	0	463621467
197	368	0	0	0	463621474
197	368	0	0	0	463621482
198	367	0	0	0	463621489
198	367	0	0	0	463621497
199	366	0	0	0	463621504
200	365	0	0	0	463621512
201	365	0	0	0	463621519
203	365	0	0	0	463621527
204	364	0	0	0	463621534
205	364	0	0	0	463621542
206	365	0	0	0	463621549
207	365	0	0	0	463621557
207	366	0	0	0	463621564
208	367	0	0	0	463621572
207	368	0	0	0	463621579
207	370	0	0	0	463621587
206	371	0	0	0	463621594
205	372	0	0	0	463621602
204	374	0	0	0	463621609
203	375	0	0	0	463621617
202	376	0	0	0	463621625
202	376	0	0	0	463621632
201	377	0	0	0	463621640
201	377	0	0	0	463621647
201	377	0	0	0	463621655
202	378	0	0	0	463621662
203	378	0	0	0	463621670
204	378	0	0	0	463621677
206	378	0	0	0	463621685
207	378	0	0	0	463621692
208	379	0	0	0	463621700
209	379	0	0	0	463621707
209	379	0	0	0	463621715
210	381	0	0	0	463621722
209	382	0	0	0	463621730
209	383	0	0	0	463621737
207	384	0	0	0	463621745
206	385	0	0	0	463621752
204	386	0	0	0	463621760
202	387	0	0	0	463621767
201	387	0	0	0	463621775
199	387	0	0	0	463621782
198	388	0	0	0	463621790
198	388	0	0	0	463621797
198	388	0	0	0	463621805
26	9
208	395	0	0	0	463622133
207	395	0	0	0	463622141
206	395	0	0	0	463622148
205	395	0	0	0	463622156
205	395	0	0	0	463622163
203	396	0	0	0	463622171
202	397	0	0	0	463622178
201	399	0	0	0	463622186
200	400	0	0	0	463622193
200	402	0	0	0	463622201
199	403	0	0	0	463622208
200	405	0	0	0	463622216
200	407	0	0	0	463622223
201	408	0	0	0	463622231
203	409	0	0	0	463622238
204	410	0	0	0	463622246
206	410	0	0	0	463622253
208	409	0	0	0	463622261
209	409	0	0	0	463622268
211	407	0	0	0	463622276
211	407	0	0	0	463622283
212	406	0	0	0	463622291
212	405	0	0	0	463622298
212	405	0	0	0	463622306
212	404	0	0	0	463622313
212	404	0	0	0	463622321
44	18
334	358	0	0	0	463624748
334	358	0	0	0	463624755
334	358	0	0	0	463624763
334	358	0	0	0	463624770
334	358	0	0	0	463624778
334	358	0	0	0	463624785
334	358	0	0	0	463624793
334	358	0	0	0	463624800
333	359	0	0	0	463624808
333	360	0	0	0	463624815
333	360	0	0	0	463624823
332	362	0	0	0	463624830
331	363	0	0	0	463624838
331	364	0	0	0	463624845
331	365	0	0	0	463624853
331	367	0	0	0	463624860
331	369	0	0	0	463624868
331	371	0	0	0	463624875
332	373	0	0	0	463624883
333	375	0	0	0	463624891
335	376	0	0	0	463624898
336	377	0	0	0	463624906
339	379	0	0	0	463624913
342	379	0	0	0	463624921
344	379	0	0	0	463624928
347	379	0	0	0	463624936
350	377	0	0	0	463624943
352	376	0	0	0	463624951
354	374	0	0	0	463624958
356	373	0	0	0	463624966
357	370	0	0	0	463624973
357	368	0	0	0	463624981
357	365	0	0	0	463624988
356	363	0	0	0	463624996
355	361	0	0	0	463625003
353	360	0	0	0	463625011
350	358	0	0	0	463625018
348	357	0	0	0	463625026
345	357	0	0	0	463625033
343	356	0	0	0	463625041
340	356	0	0	0	463625048
339	357	0	0	0	463625056
337	357	0	0	0	463625063
336	358	0	0	0	463625071
46	18
357	368	0	0	0	463625874
357	368	0	0	0	463625881
356	368	0	0	0	463625889
355	368	0	0	0	463625896
355	368	0	0	0	463625904
353	368	0	0	0	463625911
353	368	0	0	0	463625919
352	368	0	0	0	463625926
352	368	0	0	0	463625934
352	368	0	0	0	463625941
352	368	0	0	0	463625949
352	368	0	0	0	463625956
353	369	0	0	0	463625964
354	369	0	0	0	463625971
355	369	0	0	0	463625979
357	369	0	0	0	463625986
358	369	0	0	0	463625994
360	369	0	0	0	463626001
362	369	0	0	0	463626009
364	369	0	0	0	463626016
367	369	0	0	0	463626024
370	369	0	0	0	463626031
373	368	0	0	0	463626039
376	368	0	0	0	463626047
380	367	0	0	0	463626054
383	366	0	0	0	463626062
387	366	0	0	0	463626069
390	365	0	0	0	463626077
394	364	0	0	0	463626084
397	364	0	0	0	463626092
399	363	0	0	0	463626099
402	363	0	0	0	463626107
404	363	0	0	0	463626114
406	363	0	0	0	463626122
408	363	0	0	0	463626129
410	363	0	0	0	463626137
411	363	0	0	0	463626144
412	363	0	0	0	463626152
413	363	0	0	0	463626159
414	362	0	0	0	463626167
414	362	0	0	0	463626174
415	362	0	0	0	463626182
415	362	0	0	0	463626189
415	362	0	0	0	463626197
416	362	0	0	0	463626204
416	362	0	0	0	463626212
46	18
416	362	0	0	0	463626219
416	362	0	0	0	463626227
416	362	0	0	0	463626234
416	362	0	0	0	463626242
417	363	0	0	0	463626250
417	363	0	0	0	463626257
417	364	0	0	0	463626265
417	364	0	0	0	463626272
417	365	0	0	0	463626280
417	365	0	0	0	463626287
417	366	0	0	0	463626295
416	367	0	0	0	463626302
416	368	0	0	0	463626310
416	369	0	0	0	463626317
416	370	0	0	0	463626325
416	371	0	0	0	463626332
415	373	0	0	0	463626340
415	374	0	0	0	463626347
415	376	0	0	0	463626355
415	378	0	0	0	463626362
415	380	0	0	0	463626370
415	382	0	0	0	463626377
415	385	0	0	0	463626385
414	387	0	0	0	463626392
414	390	0	0	0	463626400
414	392	0	0	0	463626407
414	395	0	0	0	463626415
414	398	0	0	0	463626422
414	400	0	0	0	463626430
414	403	0	0	0	463626437
414	405	0	0	0	463626445
415	407	0	0	0	463626453
415	409	0	0	0	463626460
415	412	0	0	0	463626468
415	414	0	0	0	463626475
415	416	0	0	0	463626483
415	417	0	0	0	463626490
415	419	0	0	0	463626498
415	420	0	0	0	463626505
415	421	0	0	0	463626513
415	422	0	0	0	463626520
415	422	0	0	0	463626528
415	423	0	0	0	463626535
415	423	0	0	0	463626543
415	423	0	0	0	463626550
415	423	0	0	0	463626558
37	18
415	423	0	0	0	463626565
415	423	0	0	0	463626573
415	423	0	0	0	463626580
416	423	0	0	0	463626588
416	423	0	0	0	463626595
417	423	0	0	0	463626603
417	423	0	0	0	463626610
418	423	0	0	0	463626618
418	423	0	0	0	463626625
419	423	0	0	0	463626633
421	422	0	0	0	463626640
422	422	0	0	0	463626648
424	422	0	0	0	463626656
425	422	0	0	0	463626663
428	422	0	0	0	463626671
430	421	0	0	0	463626678
433	421	0	0	0	463626686
436	421	0	0	0	463626693
439	421	0	0	0	463626701
443	421	0	0	0	463626708
446	420	0	0	0	463626716
450	420	0	0	0	463626723
453	419	0	0	0	463626731
456	419	0	0	0	463626738
459	419	0	0	0	463626746
461	418	0	0	0	463626753
463	418	0	0	0	463626761
465	418	0	0	0	463626768
466	418	0	0	0	463626776
467	418	0	0	0	463626783
467	418	0	0	0	463626791
467	418	0	0	0	463626798
467	418	0	0	0	463626806
467	418	0	0	0	463626813
467	418	0	0	0	463626821
467	418	0	0	0	463626828
467	418	0	0	0	463626836
21	14
215	487	0	0	0	463629796
216	486	0	0	0	463629803
216	486	0	0	0	463629811
215	487	0	0	0	463629818
215	487	0	0	0	463629826
213	488	0	0	0	463629833
212	488	0	0	0	463629841
210	488	0	0	0	463629848
208	489	0	0	0	463629856
206	489	0	0	0	463629863
205	490	0	0	0	463629871
203	490	0	0	0	463629878
202	491	0	0	0	463629886
201	491	0	0	0	463629893
200	492	0	0	0	463629901
200	492	0	0	0	463629908
200	492	0	0	0	463629916
200	492	0	0	0	463629923
200	492	0	0	0	463629931
200	491	0	0	0	463629938
200	491	0	0	0	463629946
23	14
201	490	0	0	0	463629984
201	490	0	0	0	463629991
203	491	0	0	0	463629999
203	492	0	0	0	463630006
203	494	0	0	0	463630014
204	495	0	0	0	463630021
204	497	0	0	0	463630029
205	499	0	0	0	463630036
205	501	0	0	0	463630044
206	504	0	0	0	463630051
206	506	0	0	0	463630059
207	508	0	0	0	463630066
207	510	0	0	0	463630074
207	511	0	0	0	463630081
208	512	0	0	0	463630089
208	512	0	0	0	463630096
208	512	0	0	0	463630104
208	512	0	0	0	463630111
208	512	0	0	0	463630119
208	512	0	0	0	463630126
208	510	0	0	0	463630134
208	509	0	0	0	463630141
209	508	0	0	0	463630149
20	14
217	499	0	0	0	463630240
217	499	0	0	0	463630248
217	499	0	0	0	463630255
217	499	0	0	0	463630263
217	499	0	0	0	463630270
217	499	0	0	0	463630278
216	500	0	0	0	463630285
215	500	0	0	0	463630293
213	501	0	0	0	463630300
212	501	0	0	0	463630308
210	502	0	0	0	463630315
208	503	0	0	0	463630323
207	503	0	0	0	463630330
206	504	0	0	0	463630338
205	504	0	0	0	463630345
205	504	0	0	0	463630353
204	504	0	0	0	463630360
204	504	0	0	0	463630368
204	504	0	0	0	463630375
205	504	0	0	0	463630383
15	14
221	509	0	0	0	463630450
222	509	0	0	0	463630457
222	509	0	0	0	463630465
222	509	0	0	0	463630472
222	510	0	0	0	463630480
222	510	0	0	0	463630487
220	511	0	0	0	463630495
218	511	0	0	0	463630502
217	510	0	0	0	463630510
215	511	0	0	0	463630517
212	511	0	0	0	463630525
211	511	0	0	0	463630532
209	512	0	0	0	463630540
209	512	0	0	0	463630547
209	512	0	0	0	463630555
62	18
250	497	0	0	0	463631221
249	497	0	0	0	463631229
249	497	0	0	0	463631236
249	497	0	0	0	463631244
249	497	0	0	0	463631251
249	497	0	0	0	463631259
249	497	0	0	0	463631266
249	497	0	0	0	463631274
249	497	0	0	0	463631281
249	497	0	0	0	463631289
250	496	0	0	0	463631297
251	496	0	0	0	463631304
252	496	0	0	0	463631312
253	496	0	0	0	463631319
255	497	0	0	0	463631327
257	497	0	0	0	463631334
259	497	0	0	0	463631342
261	497	0	0	0	463631349
263	497	0	0	0	463631357
265	497	0	0	0	463631364
268	497	0	0	0	463631372
270	497	0	0	0	463631379
273	497	0	0	0	463631387
276	497	0	0	0	463631394
279	497	0	0	0	463631402
282	497	0	0	0	463631409
285	496	0	0	0	463631417
288	496	0	0	0	463631424
292	496	0	0	0	463631432
295	495	0	0	0	463631439
298	495	0	0	0	463631447
302	495	0	0	0	463631454
304	495	0	0	0	463631462
307	495	0	0	0	463631469
309	495	0	0	0	463631477
311	495	0	0	0	463631484
313	495	0	0	0	463631492
315	495	0	0	0	463631500
317	495	0	0	0	463631507
318	495	0	0	0	463631515
320	495	0	0	0	463631522
322	494	0	0	0	463631530
323	494	0	0	0	463631537
325	494	0	0	0	463631545
326	494	0	0	0	463631552
327	494	0	0	0	463631560
328	494	0	0	0	463631567
328	494	0	0	0	463631575
328	494	0	0	0	463631582
328	494	0	0	0	463631590
328	494	0	0	0	463631597
328	494	0	0	0	463631605
328	494	0	0	0	463631612
328	494	0	0	0	463631620
328	494	0	0	0	463631627
328	494	0	0	0	463631635
327	494	0	0	0	463631642
327	494	0	0	0	463631650
326	494	0	0	0	463631657
325	494	0	0	0	463631665
324	494	0	0	0	463631672
324	494	0	0	0	463631680
52	18
329	481	0	0	0	463632000
329	481	0	0	0	463632007
328	480	0	0	0	463632015
328	480	0	0	0	463632022
328	480	0	0	0	463632030
329	479	0	0	0	463632037
329	479	0	0	0	463632045
329	479	0	0	0	463632052
329	479	0	0	0	463632060
329	479	0	0	0	463632067
329	479	0	0	0	463632075
329	479	0	0	0	463632082
329	479	0	0	0	463632090
329	479	0	0	0	463632097
329	479	0	0	0	463632105
329	479	0	0	0	463632112
329	479	0	0	0	463632120
329	479	0	0	0	463632127
329	479	0	0	0	463632135
329	479	0	0	0	463632142
329	480	0	0	0	463632150
329	481	0	0	0	463632157
329	482	0	0	0	463632165
329	483	0	0	0	463632172
329	484	0	0	0	463632180
330	486	0	0	0	463632187
330	488	0	0	0	463632195
330	490	0	0	0	463632203
330	492	0	0	0	463632210
330	494	0	0	0	463632218
331	496	0	0	0	463632225
331	498	0	0	0	463632233
332	500	0	0	0	463632240
332	501	0	0	0	463632248
332	503	0	0	0	463632255
333	505	0	0	0	463632263
333	506	0	0	0	463632270
333	506	0	0	0	463632278
333	507	0	0	0	463632285
333	508	0	0	0	463632293
333	508	0	0	0	463632300
333	508	0	0	0	463632308
333	508	0	0	0	463632315
333	508	0	0	0	463632323
333	508	0	0	0	463632330
332	507	0	0	0	463632338
333	506	0	0	0	463632345
333	506	0	0	0	463632353
332	505	0	0	0	463632360
332	504	0	0	0	463632368
332	503	0	0	0	463632375
332	502	0	0	0	463632383
35	18
332	475	0	0	0	463632627
332	475	0	0	0	463632635
332	475	0	0	0	463632642
332	475	0	0	0	463632650
332	475	0	0	0	463632657
332	474	0	0	0	463632665
332	475	0	0	0	463632672
332	475	0	0	0	463632680
332	475	0	0	0	463632687
333	475	0	0	0	463632695
333	475	0	0	0	463632703
334	476	0	0	0	463632710
335	477	0	0	0	463632718
336	478	0	0	0	463632725
337	478	0	0	0	463632733
339	479	0	0	0	463632740
341	480	0	0	0	463632748
343	480	0	0	0	463632755
345	481	0	0	0	463632763
347	482	0	0	0	463632770
350	483	0	0	0	463632778
352	483	0	0	0	463632785
355	483	0	0	0	463632793
357	484	0	0	0	463632800
359	484	0	0	0	463632808
362	485	0	0	0	463632815
363	485	0	0	0	463632823
365	485	0	0	0	463632830
366	486	0	0	0	463632838
367	486	0	0	0	463632845
367	486	0	0	0	463632853
368	487	0	0	0	463632860
368	487	0	0	0	463632868
368	487	0	0	0	463632875
368	488	0	0	0	463632883
27	18
368	488	0	0	0	463632890
368	488	0	0	0	463632898
367	489	0	0	0	463632906
367	489	0	0	0	463632913
365	490	0	0	0	463632921
364	491	0	0	0	463632928
363	493	0	0	0	463632936
361	494	0	0	0	463632943
359	495	0	0	0	463632951
356	497	0	0	0	463632958
354	499	0	0	0	463632966
351	501	0	0	0	463632973
348	503	0	0	0	463632981
345	504	0	0	0	463632988
343	506	0	0	0	463632996
340	508	0	0	0	463633003
339	509	0	0	0	463633011
337	510	0	0	0	463633018
336	511	0	0	0	463633026
336	511	0	0	0	463633033
335	513	0	0	0	463633041
335	513	0	0	0	463633048
336	512	0	0	0	463633056
336	512	0	0	0	463633063
337	511	0	0	0	463633071
338	510	0	0	0	463633078
339	509	0	0	0	463633086
36	18
369	484	0	0	0	463633542
369	484	0	0	0	463633549
369	484	0	0	0	463633557
368	485	0	0	0	463633564
368	485	0	0	0	463633572
367	486	0	0	0	463633579
367	488	0	0	0	463633587
367	488	0	0	0	463633594
366	489	0	0	0	463633602
366	490	0	0	0	463633609
366	492	0	0	0	463633617
366	492	0	0	0	463633625
367	494	0	0	0	463633632
368	495	0	0	0	463633640
369	496	0	0	0	463633647
370	496	0	0	0	463633655
372	496	0	0	0	463633662
374	497	0	0	0	463633670
376	497	0	0	0	463633677
378	496	0	0	0	463633685
379	495	0	0	0	463633692
381	494	0	0	0	463633700
382	492	0	0	0	463633707
383	491	0	0	0	463633715
383	489	0	0	0	463633722
382	488	0	0	0	463633730
381	486	0	0	0	463633737
380	485	0	0	0	463633745
378	485	0	0	0	463633752
376	484	0	0	0	463633760
374	484	0	0	0	463633767
372	484	0	0	0	463633775
370	484	0	0	0	463633782
369	484	0	0	0	463633790
368	484	0	0	0	463633797
368	484	0	0	0	463633805
42	18
384	491	0	0	0	463634584
384	491	0	0	0	463634592
384	491	0	0	0	463634599
384	491	0	0	0	463634607
384	491	0	0	0	463634614
384	491	0	0	0	463634622
384	491	0	0	0	463634629
384	491	0	0	0	463634637
384	492	0	0	0	463634644
384	492	0	0	0	463634652
385	492	0	0	0	463634659
385	492	0	0	0	463634667
386	492	0	0	0	463634674
386	492	0	0	0	463634682
388	493	0	0	0	463634689
389	493	0	0	0	463634697
390	493	0	0	0	463634704
391	493	0	0	0	463634712
393	493	0	0	0	463634719
395	493	0	0	0	463634727
397	493	0	0	0	463634735
399	493	0	0	0	463634742
402	492	0	0	0	463634750
404	492	0	0	0	463634757
406	492	0	0	0	463634765
409	491	0	0	0	463634772
411	491	0	0	0	463634780
413	491	0	0	0	463634787
414	491	0	0	0	463634795
415	490	0	0	0	463634802
415	490	0	0	0	463634810
417	491	0	0	0	463634817
417	491	0	0	0	463634825
417	491	0	0	0	463634832
417	491	0	0	0	463634840
417	491	0	0	0	463634847
417	491	0	0	0	463634855
417	491	0	0	0	463634862
417	491	0	0	0	463634870
417	491	0	0	0	463634877
417	491	0	0	0	463634885
416	491	0	0	0	463634892
39	18
416	491	0	0	0	463634900
416	491	0	0	0	463634907
416	491	0	0	0	463634915
415	491	0	0	0	463634922
415	491	0	0	0	463634930
415	491	0	0	0	463634938
415	490	0	0	0	463634945
415	489	0	0	0	463634953
415	488	0	0	0	463634960
415	487	0	0	0	463634968
414	486	0	0	0	463634975
414	484	0	0	0	463634983
414	482	0	0	0	463634990
414	481	0	0	0	463634998
414	479	0	0	0	463635005
414	477	0	0	0	463635013
414	475	0	0	0	463635020
413	473	0	0	0	463635028
413	472	0	0	0	463635035
413	470	0	0	0	463635043
413	468	0	0	0	463635050
413	467	0	0	0	463635058
413	465	0	0	0	463635065
413	464	0	0	0	463635073
413	463	0	0	0	463635080
413	462	0	0	0	463635088
413	461	0	0	0	463635095
413	460	0	0	0	463635103
413	459	0	0	0	463635110
413	459	0	0	0	463635118
413	458	0	0	0	463635125
413	458	0	0	0	463635133
413	457	0	0	0	463635141
413	457	0	0	0	463635148
413	457	0	0	0	463635156
413	456	0	0	0	463635163
413	456	0	0	0	463635171
413	456	0	0	0	463635178
413	456	0	0	0	463635186
72	18
413	456	0	0	0	463635193
413	455	0	0	0	463635201
413	455	0	0	0	463635208
413	454	0	0	0	463635216
413	454	0	0	0	463635223
413	454	0	0	0	463635231
413	454	0	0	0	463635238
413	453	0	0	0	463635246
413	453	0	0	0	463635253
413	453	0	0	0	463635261
413	453	0	0	0	463635268
413	453	0	0	0	463635276
414	452	0	0	0	463635283
414	452	0	0	0	463635291
414	452	0	0	0	463635298
414	452	0	0	0	463635306
414	452	0	0	0	463635313
414	452	0	0	0	463635321
414	452	0	0	0	463635328
415	451	0	0	0	463635336
415	451	0	0	0	463635344
416	451	0	0	0	463635351
416	451	0	0	0	463635359
417	451	0	0	0	463635366
418	451	0	0	0	463635374
419	451	0	0	0	463635381
420	451	0	0	0	463635389
421	451	0	0	0	463635396
422	451	0	0	0	463635404
423	451	0	0	0	463635411
425	451	0	0	0	463635419
426	451	0	0	0	463635426
427	451	0	0	0	463635434
429	451	0	0	0	463635441
431	451	0	0	0	463635449
433	451	0	0	0	463635456
435	450	0	0	0	463635464
437	450	0	0	0	463635471
439	450	0	0	0	463635479
441	450	0	0	0	463635486
443	449	0	0	0	463635494
446	449	0	0	0	463635501
448	449	0	0	0	463635509
450	448	0	0	0	463635516
452	448	0	0	0	463635524
455	448	0	0	0	463635531
457	448	0	0	0	463635539
459	447	0	0	0	463635547
461	448	0	0	0	463635554
463	448	0	0	0	463635562
465	447	0	0	0	463635569
467	447	0	0	0	463635577
469	447	0	0	0	463635584
471	447	0	0	0	463635592
473	448	0	0	0	463635599
474	448	0	0	0	463635607
475	447	0	0	0	463635614
477	447	0	0	0	463635622
477	448	0	0	0	463635629
477	448	0	0	0	463635637
479	448	0	0	0	463635644
479	448	0	0	0	463635652
479	448	0	0	0	463635659
479	448	0	0	0	463635667
479	448	0	0	0	463635674
479	448	0	0	0	463635682
477	448	0	0	0	463635689
477	448	0	0	0	463635697
476	448	0	0	0	463635704
476	448	0	0	0	463635712
475	447	0	0	0	463635719
475	447	0	0	0	463635727
31	18
472	402	0	0	0	463636095
472	402	0	0	0	463636103
471	401	0	0	0	463636110
471	401	0	0	0	463636118
470	400	0	0	0	463636125
470	400	0	0	0	463636133
469	400	0	0	0	463636141
469	400	0	0	0	463636148
469	403	0	0	0	463636156
469	405	0	0	0	463636163
469	408	0	0	0	463636171
469	413	0	0	0	463636178
469	418	0	0	0	463636186
469	424	0	0	0	463636193
470	431	0	0	0	463636201
471	438	0	0	0	463636208
472	445	0	0	0	463636216
473	452	0	0	0	463636223
474	458	0	0	0	463636231
475	463	0	0	0	463636238
476	467	0	0	0	463636246
477	470	0	0	0	463636253
478	472	0	0	0	463636261
478	472	0	0	0	463636268
478	472	0	0	0	463636276
478	471	0	0	0	463636283
478	469	0	0	0	463636291
477	466	0	0	0	463636298
476	464	0	0	0	463636306
476	461	0	0	0	463636313
476	459	0	0	0	463636321
38	18
468	400	0	0	0	463636668
468	400	0	0	0	463636675
467	400	0	0	0	463636683
467	400	0	0	0	463636690
467	400	0	0	0	463636698
466	400	0	0	0	463636705
466	400	0	0	0	463636713
466	400	0	0	0	463636720
467	399	0	0	0	463636728
467	399	0	0	0	463636735
469	400	0	0	0	463636743
470	400	0	0	0	463636750
472	400	0	0	0	463636758
474	400	0	0	0	463636766
477	401	0	0	0	463636773
481	401	0	0	0	463636781
485	402	0	0	0	463636788
489	403	0	0	0	463636796
494	405	0	0	0	463636803
498	408	0	0	0	463636811
502	410	0	0	0	463636818
506	414	0	0	0	463636826
509	419	0	0	0	463636833
510	425	0	0	0	463636841
511	431	0	0	0	463636848
510	436	0	0	0	463636856
508	443	0	0	0	463636863
506	448	0	0	0	463636871
502	453	0	0	0	463636878
498	457	0	0	0	463636886
494	461	0	0	0	463636893
490	464	0	0	0	463636901
486	466	0	0	0	463636908
483	467	0	0	0	463636916
481	467	0	0	0	463636923
479	468	0	0	0	463636931
477	468	0	0	0	463636938
477	468	0	0	0	463636946
35	18
514	428	0	0	0	463638049
514	428	0	0	0	463638057
514	428	0	0	0	463638064
513	428	0	0	0	463638072
513	428	0	0	0	463638079
513	428	0	0	0	463638087
513	428	0	0	0	463638094
513	428	0	0	0	463638102
513	428	0	0	0	463638109
514	429	0	0	0	463638117
516	428	0	0	0	463638125
517	429	0	0	0	463638132
519	429	0	0	0	463638140
521	429	0	0	0	463638147
524	429	0	0	0	463638155
527	429	0	0	0	463638162
530	429	0	0	0	463638170
533	429	0	0	0	463638177
536	429	0	0	0	463638185
539	430	0	0	0	463638192
542	430	0	0	0	463638200
545	430	0	0	0	463638207
547	430	0	0	0	463638215
549	430	0	0	0	463638222
550	430	0	0	0	463638230
552	431	0	0	0	463638237
552	431	0	0	0	463638245
552	431	0	0	0	463638252
552	431	0	0	0	463638260
552	431	0	0	0	463638267
551	430	0	0	0	463638275
550	430	0	0	0	463638282
550	430	0	0	0	463638290
548	429	0	0	0	463638297
548	429	0	0	0	463638305
27	29
563	409	0	0	0	463638593
563	409	0	0	0	463638601
563	409	0	0	0	463638609
563	408	0	0	0	463638616
563	408	0	0	0	463638624
564	408	0	0	0	463638631
564	409	0	0	0	463638639
564	409	0	0	0	463638646
565	412	0	0	0	463638654
566	413	0	0	0	463638661
567	415	0	0	0	463638669
568	418	0	0	0	463638676
569	420	0	0	0	463638684
570	422	0	0	0	463638691
571	424	0	0	0	463638699
573	426	0	0	0	463638706
574	427	0	0	0	463638714
575	429	0	0	0	463638721
576	429	0	0	0	463638729
577	430	0	0	0	463638736
578	430	0	0	0	463638744
578	430	0	0	0	463638751
580	429	0	0	0	463638759
581	428	0	0	0	463638766
582	427	0	0	0	463638774
583	426	0	0	0	463638781
584	424	0	0	0	463638789
22	29
587	409	0	0	0	463638850
588	408	0	0	0	463638858
588	408	0	0	0	463638865
588	408	0	0	0	463638873
588	409	0	0	0	463638880
587	410	0	0	0	463638888
587	413	0	0	0	463638895
586	416	0	0	0	463638903
586	420	0	0	0	463638910
584	424	0	0	0	463638918
583	429	0	0	0	463638925
583	434	0	0	0	463638933
584	438	0	0	0	463638940
584	442	0	0	0	463638948
584	446	0	0	0	463638955
584	448	0	0	0	463638963
584	450	0	0	0	463638970
584	450	0	0	0	463638978
585	451	0	0	0	463638985
585	451	0	0	0	463638993
585	449	0	0	0	463639000
585	449	0	0	0	463639008
