42
26	0
212	410	0	0	0	569642961
212	410	0	0	0	569642969
212	411	0	0	0	569642976
212	411	0	0	0	569642984
213	410	0	0	0	569642991
213	410	0	0	0	569642999
215	409	0	0	0	569643006
215	407	0	0	0	569643014
216	405	0	0	0	569643021
217	403	0	0	0	569643029
219	400	0	0	0	569643036
220	397	0	0	0	569643044
221	393	0	0	0	569643051
221	390	0	0	0	569643059
223	386	0	0	0	569643066
224	383	0	0	0	569643074
224	379	0	0	0	569643081
225	376	0	0	0	569643089
225	373	0	0	0	569643096
225	371	0	0	0	569643104
226	369	0	0	0	569643111
226	368	0	0	0	569643119
226	367	0	0	0	569643126
226	367	0	0	0	569643134
226	366	0	0	0	569643141
226	366	0	0	0	569643149
35	0
226	366	0	0	0	569643156
226	366	0	0	0	569643164
226	366	0	0	0	569643172
226	366	0	0	0	569643179
226	366	0	0	0	569643187
228	367	0	0	0	569643194
228	367	0	0	0	569643202
229	368	0	0	0	569643209
230	370	0	0	0	569643217
231	372	0	0	0	569643224
232	374	0	0	0	569643232
234	377	0	0	0	569643239
235	380	0	0	0	569643247
237	384	0	0	0	569643254
239	388	0	0	0	569643262
242	392	0	0	0	569643269
244	397	0	0	0	569643277
246	401	0	0	0	569643284
248	405	0	0	0	569643292
250	408	0	0	0	569643299
252	411	0	0	0	569643307
253	413	0	0	0	569643314
254	414	0	0	0	569643322
254	414	0	0	0	569643329
254	415	0	0	0	569643337
254	415	0	0	0	569643344
253	413	0	0	0	569643352
253	412	0	0	0	569643359
252	410	0	0	0	569643367
250	408	0	0	0	569643375
249	406	0	0	0	569643382
248	404	0	0	0	569643390
247	403	0	0	0	569643397
246	402	0	0	0	569643405
245	402	0	0	0	569643412
19	0
245	402	0	0	0	569643420
243	401	0	0	0	569643427
243	401	0	0	0	569643435
242	400	0	0	0	569643442
241	400	0	0	0	569643450
239	399	0	0	0	569643457
238	399	0	0	0	569643465
235	399	0	0	0	569643472
232	398	0	0	0	569643480
229	398	0	0	0	569643487
226	398	0	0	0	569643495
222	398	0	0	0	569643502
219	398	0	0	0	569643510
215	399	0	0	0	569643517
212	398	0	0	0	569643525
210	399	0	0	0	569643532
209	399	0	0	0	569643540
209	399	0	0	0	569643547
209	399	0	0	0	569643555
131	28
211	443	0	0	0	569646141
211	443	0	0	0	569646148
210	442	0	0	0	569646156
210	442	0	0	0	569646163
210	440	0	0	0	569646171
210	440	0	0	0	569646178
210	440	0	0	0	569646186
210	440	0	0	0	569646193
209	440	0	0	0	569646201
209	440	0	0	0	569646208
209	442	0	0	0	569646216
209	443	0	0	0	569646223
209	444	0	0	0	569646231
209	446	0	0	0	569646238
209	448	0	0	0	569646246
210	451	0	0	0	569646253
210	454	0	0	0	569646261
210	457	0	0	0	569646268
211	460	0	0	0	569646276
211	463	0	0	0	569646283
211	467	0	0	0	569646291
212	471	0	0	0	569646298
212	475	0	0	0	569646306
212	479	0	0	0	569646313
213	482	0	0	0	569646321
213	486	0	0	0	569646329
214	489	0	0	0	569646336
214	492	0	0	0	569646344
214	496	0	0	0	569646351
215	499	0	0	0	569646359
215	502	0	0	0	569646366
215	505	0	0	0	569646374
215	508	0	0	0	569646381
215	512	0	0	0	569646389
215	515	0	0	0	569646396
216	518	0	0	0	569646404
216	521	0	0	0	569646411
216	524	0	0	0	569646419
216	527	0	0	0	569646426
216	530	0	0	0	569646434
217	534	0	0	0	569646441
217	537	0	0	0	569646449
218	540	0	0	0	569646456
218	544	0	0	0	569646464
219	548	0	0	0	569646471
220	552	0	0	0	569646479
221	555	0	0	0	569646486
222	559	0	0	0	569646494
222	562	0	0	0	569646501
223	565	0	0	0	569646509
223	568	0	0	0	569646516
224	571	0	0	0	569646524
224	574	0	0	0	569646532
224	577	0	0	0	569646539
225	579	0	0	0	569646547
225	582	0	0	0	569646554
225	585	0	0	0	569646562
226	589	0	0	0	569646569
226	592	0	0	0	569646577
226	595	0	0	0	569646584
227	599	0	0	0	569646592
227	602	0	0	0	569646599
228	606	0	0	0	569646607
228	609	0	0	0	569646614
228	612	0	0	0	569646622
228	616	0	0	0	569646629
229	619	0	0	0	569646637
229	623	0	0	0	569646644
229	627	0	0	0	569646652
229	632	0	0	0	569646659
229	637	0	0	0	569646667
230	642	0	0	0	569646674
230	647	0	0	0	569646682
231	651	0	0	0	569646689
231	656	0	0	0	569646697
232	660	0	0	0	569646704
232	664	0	0	0	569646712
233	668	0	0	0	569646719
233	671	0	0	0	569646727
234	674	0	0	0	569646735
234	676	0	0	0	569646742
234	679	0	0	0	569646750
235	682	0	0	0	569646757
235	684	0	0	0	569646765
234	686	0	0	0	569646772
235	688	0	0	0	569646780
235	690	0	0	0	569646787
234	692	0	0	0	569646795
234	694	0	0	0	569646802
234	696	0	0	0	569646810
234	698	0	0	0	569646817
234	700	0	0	0	569646825
235	702	0	0	0	569646832
235	704	0	0	0	569646840
235	706	0	0	0	569646847
236	709	0	0	0	569646855
236	711	0	0	0	569646862
236	714	0	0	0	569646870
236	717	0	0	0	569646877
236	720	0	0	0	569646885
236	724	0	0	0	569646892
237	727	0	0	0	569646900
237	730	0	0	0	569646907
237	733	0	0	0	569646915
237	736	0	0	0	569646922
237	739	0	0	0	569646930
237	741	0	0	0	569646938
238	743	0	0	0	569646945
238	745	0	0	0	569646953
238	747	0	0	0	569646960
238	749	0	0	0	569646968
238	750	0	0	0	569646975
238	752	0	0	0	569646983
238	754	0	0	0	569646990
238	756	0	0	0	569646998
237	757	0	0	0	569647005
237	759	0	0	0	569647013
237	761	0	0	0	569647020
236	763	0	0	0	569647028
236	765	0	0	0	569647035
236	766	0	0	0	569647043
236	767	0	0	0	569647050
236	768	0	0	0	569647058
236	768	0	0	0	569647065
237	769	0	0	0	569647073
237	769	0	0	0	569647080
237	768	0	0	0	569647088
237	768	0	0	0	569647095
237	766	0	0	0	569647103
238	765	0	0	0	569647110
238	763	0	0	0	569647118
63	28
190	466	0	0	0	569650347
190	466	0	0	0	569650355
190	466	0	0	0	569650362
190	466	0	0	0	569650370
190	466	0	0	0	569650377
190	466	0	0	0	569650385
190	466	0	0	0	569650392
190	466	0	0	0	569650400
190	466	0	0	0	569650407
190	466	0	0	0	569650415
190	466	0	0	0	569650422
190	466	0	0	0	569650430
191	467	0	0	0	569650437
191	467	0	0	0	569650445
192	467	0	0	0	569650453
193	467	0	0	0	569650460
195	467	0	0	0	569650468
196	467	0	0	0	569650475
198	466	0	0	0	569650483
199	466	0	0	0	569650490
202	466	0	0	0	569650498
204	466	0	0	0	569650505
207	466	0	0	0	569650513
209	465	0	0	0	569650520
211	465	0	0	0	569650528
214	465	0	0	0	569650535
216	465	0	0	0	569650543
219	465	0	0	0	569650550
221	465	0	0	0	569650558
224	465	0	0	0	569650565
226	464	0	0	0	569650573
229	464	0	0	0	569650580
232	464	0	0	0	569650588
234	463	0	0	0	569650595
236	463	0	0	0	569650603
238	463	0	0	0	569650610
240	462	0	0	0	569650618
243	462	0	0	0	569650625
245	462	0	0	0	569650633
247	462	0	0	0	569650640
248	462	0	0	0	569650648
250	462	0	0	0	569650656
252	461	0	0	0	569650663
254	461	0	0	0	569650671
255	461	0	0	0	569650678
257	461	0	0	0	569650686
258	461	0	0	0	569650693
260	460	0	0	0	569650701
261	460	0	0	0	569650708
262	460	0	0	0	569650716
264	460	0	0	0	569650723
266	460	0	0	0	569650731
267	459	0	0	0	569650738
269	459	0	0	0	569650746
270	459	0	0	0	569650753
271	459	0	0	0	569650761
273	459	0	0	0	569650768
274	459	0	0	0	569650776
275	459	0	0	0	569650783
275	459	0	0	0	569650791
275	459	0	0	0	569650798
276	459	0	0	0	569650806
276	459	0	0	0	569650813
51	28
277	459	0	0	0	569650821
277	459	0	0	0	569650828
277	459	0	0	0	569650836
277	459	0	0	0	569650844
277	459	0	0	0	569650851
279	459	0	0	0	569650859
279	459	0	0	0	569650866
279	459	0	0	0	569650874
279	459	0	0	0	569650881
279	459	0	0	0	569650889
279	459	0	0	0	569650896
279	459	0	0	0	569650904
279	459	0	0	0	569650911
279	459	0	0	0	569650919
279	459	0	0	0	569650926
279	459	0	0	0	569650934
279	459	0	0	0	569650941
279	459	0	0	0	569650949
279	459	0	0	0	569650956
279	459	0	0	0	569650964
279	459	0	0	0	569650971
279	459	0	0	0	569650979
279	459	0	0	0	569650986
278	459	0	0	0	569650994
278	459	0	0	0	569651001
278	459	0	0	0	569651009
278	459	0	0	0	569651016
278	459	0	0	0	569651024
278	459	0	0	0	569651031
278	459	0	0	0	569651039
278	459	0	0	0	569651047
277	460	0	0	0	569651054
277	460	0	0	0	569651062
276	461	0	0	0	569651069
276	462	0	0	0	569651077
276	463	0	0	0	569651084
276	465	0	0	0	569651092
275	466	0	0	0	569651099
275	468	0	0	0	569651107
275	469	0	0	0	569651114
276	471	0	0	0	569651122
276	472	0	0	0	569651129
276	473	0	0	0	569651137
276	474	0	0	0	569651144
276	474	0	0	0	569651152
276	475	0	0	0	569651159
276	475	0	0	0	569651167
276	475	0	0	0	569651174
276	475	0	0	0	569651182
276	476	0	0	0	569651189
276	476	0	0	0	569651197
42	28
276	476	0	0	0	569651204
276	476	0	0	0	569651212
276	476	0	0	0	569651219
276	476	0	0	0	569651227
276	476	0	0	0	569651234
277	476	0	0	0	569651242
277	476	0	0	0	569651250
277	476	0	0	0	569651257
278	476	0	0	0	569651265
278	476	0	0	0	569651272
279	475	0	0	0	569651280
279	475	0	0	0	569651287
281	474	0	0	0	569651295
282	474	0	0	0	569651302
284	473	0	0	0	569651310
285	473	0	0	0	569651317
287	473	0	0	0	569651325
288	473	0	0	0	569651332
289	472	0	0	0	569651340
290	472	0	0	0	569651347
291	472	0	0	0	569651355
291	472	0	0	0	569651362
291	472	0	0	0	569651370
291	472	0	0	0	569651377
290	473	0	0	0	569651385
289	473	0	0	0	569651392
288	473	0	0	0	569651400
285	474	0	0	0	569651407
282	474	0	0	0	569651415
279	474	0	0	0	569651422
276	474	0	0	0	569651430
273	474	0	0	0	569651437
270	474	0	0	0	569651445
266	474	0	0	0	569651453
264	474	0	0	0	569651460
261	474	0	0	0	569651468
260	474	0	0	0	569651475
258	474	0	0	0	569651483
256	474	0	0	0	569651490
256	474	0	0	0	569651498
255	474	0	0	0	569651505
255	474	0	0	0	569651513
43	28
255	474	0	0	0	569651520
255	474	0	0	0	569651528
256	475	0	0	0	569651535
257	475	0	0	0	569651543
258	476	0	0	0	569651550
258	476	0	0	0	569651558
259	476	0	0	0	569651565
260	477	0	0	0	569651573
261	477	0	0	0	569651580
262	477	0	0	0	569651588
263	478	0	0	0	569651595
264	478	0	0	0	569651603
265	479	0	0	0	569651610
266	480	0	0	0	569651618
268	481	0	0	0	569651625
269	482	0	0	0	569651633
270	483	0	0	0	569651640
272	485	0	0	0	569651648
273	486	0	0	0	569651656
274	487	0	0	0	569651663
276	489	0	0	0	569651671
277	490	0	0	0	569651678
278	490	0	0	0	569651686
279	491	0	0	0	569651693
281	491	0	0	0	569651701
282	491	0	0	0	569651708
283	490	0	0	0	569651716
284	488	0	0	0	569651723
285	487	0	0	0	569651731
286	485	0	0	0	569651738
288	483	0	0	0	569651746
288	480	0	0	0	569651753
289	478	0	0	0	569651761
290	476	0	0	0	569651768
291	474	0	0	0	569651776
291	473	0	0	0	569651783
292	471	0	0	0	569651791
292	471	0	0	0	569651798
290	470	0	0	0	569651806
290	470	0	0	0	569651813
289	470	0	0	0	569651821
288	471	0	0	0	569651828
287	472	0	0	0	569651836
26	28
277	492	0	0	0	569652039
277	492	0	0	0	569652047
277	492	0	0	0	569652054
277	492	0	0	0	569652062
276	493	0	0	0	569652069
276	493	0	0	0	569652077
276	495	0	0	0	569652084
277	496	0	0	0	569652092
277	497	0	0	0	569652099
278	498	0	0	0	569652107
279	499	0	0	0	569652114
281	500	0	0	0	569652122
282	501	0	0	0	569652129
284	500	0	0	0	569652137
285	500	0	0	0	569652144
286	499	0	0	0	569652152
287	498	0	0	0	569652159
287	496	0	0	0	569652167
287	495	0	0	0	569652174
285	494	0	0	0	569652182
284	493	0	0	0	569652189
282	493	0	0	0	569652197
280	492	0	0	0	569652204
277	492	0	0	0	569652212
275	493	0	0	0	569652219
274	493	0	0	0	569652227
87	28
282	511	0	0	0	569653596
282	510	0	0	0	569653604
282	510	0	0	0	569653611
282	510	0	0	0	569653619
282	510	0	0	0	569653626
282	510	0	0	0	569653634
282	510	0	0	0	569653641
282	511	0	0	0	569653649
282	511	0	0	0	569653657
282	512	0	0	0	569653664
282	513	0	0	0	569653672
283	515	0	0	0	569653679
283	516	0	0	0	569653687
283	519	0	0	0	569653694
283	521	0	0	0	569653702
283	524	0	0	0	569653709
284	527	0	0	0	569653717
285	531	0	0	0	569653724
285	535	0	0	0	569653732
286	540	0	0	0	569653739
287	545	0	0	0	569653747
288	550	0	0	0	569653754
289	555	0	0	0	569653762
289	561	0	0	0	569653769
290	566	0	0	0	569653777
291	571	0	0	0	569653784
291	576	0	0	0	569653792
292	580	0	0	0	569653799
292	584	0	0	0	569653807
292	588	0	0	0	569653814
292	591	0	0	0	569653822
292	594	0	0	0	569653829
291	597	0	0	0	569653837
290	600	0	0	0	569653844
290	603	0	0	0	569653852
290	606	0	0	0	569653860
289	609	0	0	0	569653867
289	612	0	0	0	569653875
289	615	0	0	0	569653882
289	618	0	0	0	569653890
290	621	0	0	0	569653897
290	624	0	0	0	569653905
290	627	0	0	0	569653912
291	631	0	0	0	569653920
291	634	0	0	0	569653927
291	637	0	0	0	569653935
292	641	0	0	0	569653942
292	644	0	0	0	569653950
292	648	0	0	0	569653957
292	652	0	0	0	569653965
292	655	0	0	0	569653972
292	658	0	0	0	569653980
293	662	0	0	0	569653987
293	666	0	0	0	569653995
294	669	0	0	0	569654002
294	673	0	0	0	569654010
295	677	0	0	0	569654017
296	681	0	0	0	569654025
296	686	0	0	0	569654032
296	691	0	0	0	569654040
297	696	0	0	0	569654047
298	700	0	0	0	569654055
298	705	0	0	0	569654063
298	710	0	0	0	569654070
299	714	0	0	0	569654078
299	719	0	0	0	569654085
300	722	0	0	0	569654093
300	725	0	0	0	569654100
300	729	0	0	0	569654108
300	732	0	0	0	569654115
301	734	0	0	0	569654123
301	737	0	0	0	569654130
302	739	0	0	0	569654138
302	741	0	0	0	569654145
302	742	0	0	0	569654153
302	743	0	0	0	569654160
303	744	0	0	0	569654168
303	744	0	0	0	569654175
303	746	0	0	0	569654183
303	746	0	0	0	569654190
303	747	0	0	0	569654198
303	747	0	0	0	569654205
303	747	0	0	0	569654213
304	748	0	0	0	569654220
304	748	0	0	0	569654228
304	748	0	0	0	569654235
305	748	0	0	0	569654243
19	10
380	365	0	0	0	569656358
380	367	0	0	0	569656365
381	369	0	0	0	569656373
382	371	0	0	0	569656380
382	375	0	0	0	569656388
383	378	0	0	0	569656395
384	381	0	0	0	569656403
385	384	0	0	0	569656410
385	387	0	0	0	569656418
386	389	0	0	0	569656425
386	391	0	0	0	569656433
386	392	0	0	0	569656440
386	392	0	0	0	569656448
386	392	0	0	0	569656455
385	392	0	0	0	569656463
384	390	0	0	0	569656470
383	388	0	0	0	569656478
382	386	0	0	0	569656485
381	383	0	0	0	569656493
56	10
375	366	0	0	0	569656547
374	366	0	0	0	569656555
373	365	0	0	0	569656562
373	365	0	0	0	569656570
372	363	0	0	0	569656578
372	362	0	0	0	569656585
371	362	0	0	0	569656593
370	360	0	0	0	569656600
369	360	0	0	0	569656608
370	359	0	0	0	569656615
370	359	0	0	0	569656623
371	357	0	0	0	569656630
373	356	0	0	0	569656638
375	355	0	0	0	569656645
377	355	0	0	0	569656653
381	354	0	0	0	569656660
384	354	0	0	0	569656668
388	354	0	0	0	569656675
392	355	0	0	0	569656683
396	356	0	0	0	569656690
399	357	0	0	0	569656698
401	358	0	0	0	569656705
403	359	0	0	0	569656713
404	361	0	0	0	569656720
405	362	0	0	0	569656728
404	363	0	0	0	569656735
404	364	0	0	0	569656743
402	365	0	0	0	569656750
400	366	0	0	0	569656758
399	367	0	0	0	569656765
398	367	0	0	0	569656773
397	368	0	0	0	569656781
397	368	0	0	0	569656788
397	368	0	0	0	569656796
397	369	0	0	0	569656803
400	369	0	0	0	569656811
402	370	0	0	0	569656818
405	371	0	0	0	569656826
408	372	0	0	0	569656833
410	374	0	0	0	569656841
413	376	0	0	0	569656848
414	378	0	0	0	569656856
415	380	0	0	0	569656863
415	383	0	0	0	569656871
414	385	0	0	0	569656878
413	387	0	0	0	569656886
411	388	0	0	0	569656893
409	389	0	0	0	569656901
407	389	0	0	0	569656908
404	390	0	0	0	569656916
403	389	0	0	0	569656923
401	389	0	0	0	569656931
400	387	0	0	0	569656938
399	386	0	0	0	569656946
399	386	0	0	0	569656953
399	385	0	0	0	569656961
133	28
373	434	0	0	0	569658454
373	434	0	0	0	569658461
373	434	0	0	0	569658469
373	434	0	0	0	569658476
373	434	0	0	0	569658484
373	434	0	0	0	569658491
373	434	0	0	0	569658499
373	435	0	0	0	569658506
373	435	0	0	0	569658514
373	437	0	0	0	569658521
373	437	0	0	0	569658529
373	439	0	0	0	569658536
373	440	0	0	0	569658544
373	442	0	0	0	569658551
373	443	0	0	0	569658559
373	446	0	0	0	569658566
373	448	0	0	0	569658574
373	451	0	0	0	569658581
373	454	0	0	0	569658589
373	457	0	0	0	569658596
374	460	0	0	0	569658604
374	464	0	0	0	569658611
375	468	0	0	0	569658619
375	472	0	0	0	569658626
376	476	0	0	0	569658634
376	480	0	0	0	569658641
377	484	0	0	0	569658649
377	488	0	0	0	569658657
377	492	0	0	0	569658664
377	496	0	0	0	569658672
378	500	0	0	0	569658679
378	504	0	0	0	569658687
378	508	0	0	0	569658694
378	511	0	0	0	569658702
378	515	0	0	0	569658709
378	519	0	0	0	569658717
378	523	0	0	0	569658724
379	526	0	0	0	569658732
379	530	0	0	0	569658739
379	534	0	0	0	569658747
379	538	0	0	0	569658754
379	542	0	0	0	569658762
379	545	0	0	0	569658769
379	548	0	0	0	569658777
379	551	0	0	0	569658784
379	554	0	0	0	569658792
380	557	0	0	0	569658799
380	560	0	0	0	569658807
380	563	0	0	0	569658814
380	565	0	0	0	569658822
380	569	0	0	0	569658829
380	572	0	0	0	569658837
380	575	0	0	0	569658844
380	579	0	0	0	569658852
380	582	0	0	0	569658860
381	586	0	0	0	569658867
381	590	0	0	0	569658875
381	593	0	0	0	569658882
381	596	0	0	0	569658890
382	599	0	0	0	569658897
382	602	0	0	0	569658905
382	605	0	0	0	569658912
383	608	0	0	0	569658920
383	611	0	0	0	569658927
383	613	0	0	0	569658935
383	616	0	0	0	569658942
384	618	0	0	0	569658950
384	621	0	0	0	569658957
384	625	0	0	0	569658965
385	628	0	0	0	569658972
385	631	0	0	0	569658980
385	635	0	0	0	569658987
386	638	0	0	0	569658995
386	641	0	0	0	569659002
387	645	0	0	0	569659010
387	647	0	0	0	569659017
387	650	0	0	0	569659025
388	653	0	0	0	569659032
389	655	0	0	0	569659040
389	658	0	0	0	569659047
389	661	0	0	0	569659055
390	665	0	0	0	569659063
390	668	0	0	0	569659070
390	671	0	0	0	569659078
390	675	0	0	0	569659085
390	678	0	0	0	569659093
390	682	0	0	0	569659100
390	685	0	0	0	569659108
391	688	0	0	0	569659115
391	691	0	0	0	569659123
391	694	0	0	0	569659130
391	697	0	0	0	569659138
391	700	0	0	0	569659145
391	703	0	0	0	569659153
392	705	0	0	0	569659160
392	708	0	0	0	569659168
392	711	0	0	0	569659175
392	714	0	0	0	569659183
392	717	0	0	0	569659190
393	720	0	0	0	569659198
393	723	0	0	0	569659205
393	726	0	0	0	569659213
393	729	0	0	0	569659220
393	732	0	0	0	569659228
394	735	0	0	0	569659235
394	737	0	0	0	569659243
394	741	0	0	0	569659250
394	744	0	0	0	569659258
395	746	0	0	0	569659266
395	749	0	0	0	569659273
395	752	0	0	0	569659281
395	754	0	0	0	569659288
395	757	0	0	0	569659296
395	759	0	0	0	569659303
395	761	0	0	0	569659311
395	763	0	0	0	569659318
395	764	0	0	0	569659326
394	766	0	0	0	569659333
394	768	0	0	0	569659341
394	769	0	0	0	569659348
394	771	0	0	0	569659356
393	772	0	0	0	569659363
393	774	0	0	0	569659371
393	775	0	0	0	569659378
392	776	0	0	0	569659386
392	776	0	0	0	569659393
392	777	0	0	0	569659401
392	777	0	0	0	569659408
392	777	0	0	0	569659416
391	777	0	0	0	569659423
391	777	0	0	0	569659431
390	776	0	0	0	569659438
390	776	0	0	0	569659446
73	28
351	454	0	0	0	569660625
351	454	0	0	0	569660633
350	454	0	0	0	569660641
350	454	0	0	0	569660648
350	454	0	0	0	569660656
350	454	0	0	0	569660663
350	454	0	0	0	569660671
348	455	0	0	0	569660678
348	455	0	0	0	569660686
348	455	0	0	0	569660693
350	454	0	0	0	569660701
352	454	0	0	0	569660708
353	454	0	0	0	569660716
355	453	0	0	0	569660723
357	453	0	0	0	569660731
359	453	0	0	0	569660738
362	452	0	0	0	569660746
364	452	0	0	0	569660753
367	452	0	0	0	569660761
370	451	0	0	0	569660768
373	451	0	0	0	569660776
375	451	0	0	0	569660783
378	451	0	0	0	569660791
381	451	0	0	0	569660798
384	451	0	0	0	569660806
386	451	0	0	0	569660813
389	450	0	0	0	569660821
391	450	0	0	0	569660828
394	450	0	0	0	569660836
396	450	0	0	0	569660844
398	450	0	0	0	569660851
400	450	0	0	0	569660859
402	450	0	0	0	569660866
403	450	0	0	0	569660874
405	450	0	0	0	569660881
407	449	0	0	0	569660889
409	449	0	0	0	569660896
411	449	0	0	0	569660904
412	449	0	0	0	569660911
413	448	0	0	0	569660919
415	448	0	0	0	569660926
417	448	0	0	0	569660934
418	448	0	0	0	569660941
420	448	0	0	0	569660949
421	447	0	0	0	569660956
423	447	0	0	0	569660964
424	447	0	0	0	569660971
425	447	0	0	0	569660979
426	447	0	0	0	569660986
426	447	0	0	0	569660994
428	447	0	0	0	569661001
428	447	0	0	0	569661009
429	447	0	0	0	569661016
429	447	0	0	0	569661024
431	447	0	0	0	569661031
431	447	0	0	0	569661039
432	446	0	0	0	569661047
433	446	0	0	0	569661054
433	446	0	0	0	569661062
435	446	0	0	0	569661069
436	446	0	0	0	569661077
437	446	0	0	0	569661084
437	446	0	0	0	569661092
439	446	0	0	0	569661099
439	446	0	0	0	569661107
440	446	0	0	0	569661114
440	446	0	0	0	569661122
441	446	0	0	0	569661129
441	446	0	0	0	569661137
441	446	0	0	0	569661144
441	446	0	0	0	569661152
442	445	0	0	0	569661159
442	445	0	0	0	569661167
53	28
442	445	0	0	0	569661174
442	445	0	0	0	569661182
442	445	0	0	0	569661189
442	445	0	0	0	569661197
442	445	0	0	0	569661204
442	445	0	0	0	569661212
442	445	0	0	0	569661219
442	445	0	0	0	569661227
442	445	0	0	0	569661235
442	445	0	0	0	569661242
442	445	0	0	0	569661250
442	445	0	0	0	569661257
442	445	0	0	0	569661265
442	445	0	0	0	569661272
442	445	0	0	0	569661280
441	446	0	0	0	569661287
441	446	0	0	0	569661295
441	446	0	0	0	569661302
440	447	0	0	0	569661310
440	447	0	0	0	569661317
440	448	0	0	0	569661325
440	448	0	0	0	569661332
439	449	0	0	0	569661340
439	449	0	0	0	569661347
439	451	0	0	0	569661355
438	452	0	0	0	569661362
438	453	0	0	0	569661370
438	455	0	0	0	569661377
438	456	0	0	0	569661385
438	458	0	0	0	569661392
438	460	0	0	0	569661400
438	462	0	0	0	569661407
438	464	0	0	0	569661415
438	466	0	0	0	569661422
438	467	0	0	0	569661430
438	469	0	0	0	569661438
439	470	0	0	0	569661445
439	470	0	0	0	569661453
439	471	0	0	0	569661460
439	471	0	0	0	569661468
439	471	0	0	0	569661475
439	472	0	0	0	569661483
439	472	0	0	0	569661490
439	472	0	0	0	569661498
439	472	0	0	0	569661505
439	472	0	0	0	569661513
439	472	0	0	0	569661520
439	472	0	0	0	569661528
439	472	0	0	0	569661535
439	472	0	0	0	569661543
439	472	0	0	0	569661550
439	472	0	0	0	569661558
439	472	0	0	0	569661565
41	28
439	472	0	0	0	569661573
439	472	0	0	0	569661580
439	472	0	0	0	569661588
439	472	0	0	0	569661595
440	472	0	0	0	569661603
440	472	0	0	0	569661610
442	471	0	0	0	569661618
443	471	0	0	0	569661625
444	470	0	0	0	569661633
446	470	0	0	0	569661641
448	469	0	0	0	569661648
450	469	0	0	0	569661656
452	468	0	0	0	569661663
454	468	0	0	0	569661671
455	468	0	0	0	569661678
457	468	0	0	0	569661686
458	468	0	0	0	569661693
459	468	0	0	0	569661701
459	468	0	0	0	569661708
459	468	0	0	0	569661716
457	468	0	0	0	569661723
456	468	0	0	0	569661731
454	468	0	0	0	569661738
452	468	0	0	0	569661746
449	469	0	0	0	569661753
445	469	0	0	0	569661761
442	469	0	0	0	569661768
439	469	0	0	0	569661776
435	469	0	0	0	569661783
432	469	0	0	0	569661791
429	469	0	0	0	569661798
426	469	0	0	0	569661806
424	470	0	0	0	569661813
423	470	0	0	0	569661821
421	470	0	0	0	569661828
420	470	0	0	0	569661836
420	470	0	0	0	569661844
419	471	0	0	0	569661851
419	471	0	0	0	569661859
419	471	0	0	0	569661866
419	471	0	0	0	569661874
31	28
419	472	0	0	0	569661881
419	472	0	0	0	569661889
420	472	0	0	0	569661896
420	472	0	0	0	569661904
420	472	0	0	0	569661911
421	473	0	0	0	569661919
421	473	0	0	0	569661926
422	473	0	0	0	569661934
422	473	0	0	0	569661941
424	473	0	0	0	569661949
424	473	0	0	0	569661956
425	473	0	0	0	569661964
425	473	0	0	0	569661971
426	473	0	0	0	569661979
426	473	0	0	0	569661986
428	473	0	0	0	569661994
429	473	0	0	0	569662001
430	474	0	0	0	569662009
431	475	0	0	0	569662016
432	475	0	0	0	569662024
434	476	0	0	0	569662031
435	478	0	0	0	569662039
437	479	0	0	0	569662047
439	481	0	0	0	569662054
440	482	0	0	0	569662062
442	484	0	0	0	569662069
443	485	0	0	0	569662077
445	486	0	0	0	569662084
446	487	0	0	0	569662092
447	487	0	0	0	569662099
449	487	0	0	0	569662107
16	28
450	487	0	0	0	569662114
451	487	0	0	0	569662122
453	485	0	0	0	569662129
454	484	0	0	0	569662137
454	482	0	0	0	569662144
455	480	0	0	0	569662152
455	477	0	0	0	569662159
456	475	0	0	0	569662167
456	473	0	0	0	569662174
456	471	0	0	0	569662182
455	470	0	0	0	569662189
455	468	0	0	0	569662197
455	468	0	0	0	569662204
455	467	0	0	0	569662212
455	467	0	0	0	569662219
455	467	0	0	0	569662227
26	28
448	491	0	0	0	569662461
448	491	0	0	0	569662469
448	491	0	0	0	569662476
448	491	0	0	0	569662484
447	492	0	0	0	569662491
447	492	0	0	0	569662499
446	494	0	0	0	569662506
446	494	0	0	0	569662514
447	496	0	0	0	569662521
447	496	0	0	0	569662529
448	497	0	0	0	569662536
449	498	0	0	0	569662544
450	498	0	0	0	569662551
452	499	0	0	0	569662559
453	498	0	0	0	569662566
454	498	0	0	0	569662574
455	497	0	0	0	569662581
455	495	0	0	0	569662589
455	494	0	0	0	569662596
454	493	0	0	0	569662604
454	491	0	0	0	569662611
453	490	0	0	0	569662619
452	489	0	0	0	569662626
451	489	0	0	0	569662634
449	489	0	0	0	569662641
449	489	0	0	0	569662649
112	28
454	503	0	0	0	569663392
454	503	0	0	0	569663400
453	502	0	0	0	569663407
453	502	0	0	0	569663415
453	502	0	0	0	569663422
453	502	0	0	0	569663430
454	501	0	0	0	569663438
454	501	0	0	0	569663445
454	501	0	0	0	569663453
454	501	0	0	0	569663460
454	501	0	0	0	569663468
454	501	0	0	0	569663475
453	502	0	0	0	569663483
452	503	0	0	0	569663490
452	504	0	0	0	569663498
452	506	0	0	0	569663505
452	508	0	0	0	569663513
452	510	0	0	0	569663520
451	512	0	0	0	569663528
451	515	0	0	0	569663535
451	517	0	0	0	569663543
451	521	0	0	0	569663550
451	524	0	0	0	569663558
451	527	0	0	0	569663565
451	530	0	0	0	569663573
451	533	0	0	0	569663580
451	537	0	0	0	569663588
451	540	0	0	0	569663595
451	544	0	0	0	569663603
451	547	0	0	0	569663610
451	551	0	0	0	569663618
451	555	0	0	0	569663625
451	559	0	0	0	569663633
451	564	0	0	0	569663641
451	568	0	0	0	569663648
451	573	0	0	0	569663656
451	577	0	0	0	569663663
451	582	0	0	0	569663671
451	586	0	0	0	569663678
450	591	0	0	0	569663686
450	595	0	0	0	569663693
450	599	0	0	0	569663701
450	602	0	0	0	569663708
450	606	0	0	0	569663716
450	609	0	0	0	569663723
450	613	0	0	0	569663731
450	617	0	0	0	569663738
450	621	0	0	0	569663746
450	625	0	0	0	569663753
450	629	0	0	0	569663761
450	634	0	0	0	569663768
451	639	0	0	0	569663776
451	644	0	0	0	569663783
452	648	0	0	0	569663791
452	653	0	0	0	569663798
452	657	0	0	0	569663806
452	661	0	0	0	569663813
453	665	0	0	0	569663821
453	668	0	0	0	569663828
453	671	0	0	0	569663836
453	674	0	0	0	569663844
453	677	0	0	0	569663851
454	679	0	0	0	569663859
454	681	0	0	0	569663866
454	683	0	0	0	569663874
454	685	0	0	0	569663881
454	688	0	0	0	569663889
454	690	0	0	0	569663896
455	692	0	0	0	569663904
455	695	0	0	0	569663911
455	698	0	0	0	569663919
456	701	0	0	0	569663926
456	704	0	0	0	569663934
457	707	0	0	0	569663941
457	710	0	0	0	569663949
457	714	0	0	0	569663956
457	717	0	0	0	569663964
458	719	0	0	0	569663971
458	722	0	0	0	569663979
458	725	0	0	0	569663986
458	727	0	0	0	569663994
458	729	0	0	0	569664001
459	732	0	0	0	569664009
459	734	0	0	0	569664016
459	736	0	0	0	569664024
459	738	0	0	0	569664031
459	739	0	0	0	569664039
459	741	0	0	0	569664047
460	742	0	0	0	569664054
460	744	0	0	0	569664062
460	745	0	0	0	569664069
460	746	0	0	0	569664077
460	747	0	0	0	569664084
460	747	0	0	0	569664092
460	749	0	0	0	569664099
460	749	0	0	0	569664107
460	750	0	0	0	569664114
460	750	0	0	0	569664122
460	750	0	0	0	569664129
460	750	0	0	0	569664137
460	750	0	0	0	569664144
460	750	0	0	0	569664152
460	750	0	0	0	569664159
460	750	0	0	0	569664167
460	750	0	0	0	569664174
460	750	0	0	0	569664182
460	750	0	0	0	569664189
461	749	0	0	0	569664197
461	749	0	0	0	569664204
461	747	0	0	0	569664212
462	746	0	0	0	569664219
463	745	0	0	0	569664227
26	28
555	462	0	0	0	569679273
555	463	0	0	0	569679281
555	466	0	0	0	569679288
556	468	0	0	0	569679296
557	470	0	0	0	569679303
557	474	0	0	0	569679311
558	478	0	0	0	569679318
559	482	0	0	0	569679326
559	487	0	0	0	569679333
560	492	0	0	0	569679341
561	497	0	0	0	569679348
561	503	0	0	0	569679356
562	508	0	0	0	569679363
562	512	0	0	0	569679371
562	517	0	0	0	569679378
562	520	0	0	0	569679386
562	523	0	0	0	569679393
562	524	0	0	0	569679401
561	526	0	0	0	569679408
561	526	0	0	0	569679416
561	526	0	0	0	569679423
560	525	0	0	0	569679431
560	523	0	0	0	569679438
560	521	0	0	0	569679446
560	519	0	0	0	569679453
560	517	0	0	0	569679461
122	28
558	455	0	0	0	569680067
558	455	0	0	0	569680075
558	455	0	0	0	569680082
558	455	0	0	0	569680090
558	456	0	0	0	569680097
558	456	0	0	0	569680105
558	456	0	0	0	569680112
558	456	0	0	0	569680120
558	456	0	0	0	569680127
559	456	0	0	0	569680135
559	456	0	0	0	569680142
559	456	0	0	0	569680150
559	456	0	0	0	569680157
560	456	0	0	0	569680165
560	456	0	0	0	569680172
562	456	0	0	0	569680180
563	456	0	0	0	569680188
564	456	0	0	0	569680195
565	456	0	0	0	569680203
567	455	0	0	0	569680210
568	455	0	0	0	569680218
570	455	0	0	0	569680225
572	454	0	0	0	569680233
574	454	0	0	0	569680240
576	454	0	0	0	569680248
577	454	0	0	0	569680255
579	453	0	0	0	569680263
581	453	0	0	0	569680270
583	453	0	0	0	569680278
586	453	0	0	0	569680285
587	453	0	0	0	569680293
589	453	0	0	0	569680300
591	453	0	0	0	569680308
593	453	0	0	0	569680315
595	453	0	0	0	569680323
597	453	0	0	0	569680330
599	454	0	0	0	569680338
601	454	0	0	0	569680345
603	454	0	0	0	569680353
606	454	0	0	0	569680360
608	454	0	0	0	569680368
610	454	0	0	0	569680375
612	454	0	0	0	569680383
614	455	0	0	0	569680391
616	455	0	0	0	569680398
618	455	0	0	0	569680406
620	456	0	0	0	569680413
622	457	0	0	0	569680421
623	457	0	0	0	569680428
625	458	0	0	0	569680436
626	460	0	0	0	569680443
627	461	0	0	0	569680451
629	462	0	0	0	569680458
629	463	0	0	0	569680466
630	465	0	0	0	569680473
631	466	0	0	0	569680481
632	468	0	0	0	569680488
632	470	0	0	0	569680496
633	471	0	0	0	569680503
634	473	0	0	0	569680511
634	475	0	0	0	569680518
635	477	0	0	0	569680526
635	479	0	0	0	569680533
636	481	0	0	0	569680541
636	483	0	0	0	569680548
636	485	0	0	0	569680556
637	487	0	0	0	569680563
636	489	0	0	0	569680571
636	491	0	0	0	569680578
636	493	0	0	0	569680586
635	495	0	0	0	569680594
635	497	0	0	0	569680601
634	499	0	0	0	569680609
633	501	0	0	0	569680616
632	503	0	0	0	569680624
631	505	0	0	0	569680631
630	507	0	0	0	569680639
629	509	0	0	0	569680646
628	512	0	0	0	569680654
627	513	0	0	0	569680661
626	516	0	0	0	569680669
624	518	0	0	0	569680676
623	519	0	0	0	569680684
621	521	0	0	0	569680691
619	522	0	0	0	569680699
618	524	0	0	0	569680706
616	525	0	0	0	569680714
614	526	0	0	0	569680721
612	526	0	0	0	569680729
610	527	0	0	0	569680736
607	527	0	0	0	569680744
605	528	0	0	0	569680751
602	528	0	0	0	569680759
600	529	0	0	0	569680766
597	529	0	0	0	569680774
595	529	0	0	0	569680781
593	529	0	0	0	569680789
590	529	0	0	0	569680797
588	529	0	0	0	569680804
586	529	0	0	0	569680812
584	529	0	0	0	569680819
582	528	0	0	0	569680827
580	528	0	0	0	569680834
578	528	0	0	0	569680842
576	527	0	0	0	569680849
574	527	0	0	0	569680857
572	527	0	0	0	569680864
570	527	0	0	0	569680872
568	526	0	0	0	569680879
566	526	0	0	0	569680887
565	526	0	0	0	569680894
564	527	0	0	0	569680902
564	527	0	0	0	569680909
562	527	0	0	0	569680917
562	527	0	0	0	569680924
561	528	0	0	0	569680932
561	528	0	0	0	569680939
561	528	0	0	0	569680947
563	528	0	0	0	569680954
563	528	0	0	0	569680962
564	528	0	0	0	569680969
565	528	0	0	0	569680977
37	28
557	588	0	0	0	569682612
557	588	0	0	0	569682620
557	588	0	0	0	569682627
557	588	0	0	0	569682635
557	588	0	0	0	569682642
557	588	0	0	0	569682650
557	589	0	0	0	569682657
556	591	0	0	0	569682665
557	592	0	0	0	569682672
557	595	0	0	0	569682680
558	598	0	0	0	569682687
558	602	0	0	0	569682695
559	606	0	0	0	569682703
560	611	0	0	0	569682710
561	616	0	0	0	569682718
562	621	0	0	0	569682725
563	627	0	0	0	569682733
563	632	0	0	0	569682740
564	637	0	0	0	569682748
565	641	0	0	0	569682755
565	645	0	0	0	569682763
565	648	0	0	0	569682770
566	651	0	0	0	569682778
566	653	0	0	0	569682785
566	654	0	0	0	569682793
567	655	0	0	0	569682800
567	655	0	0	0	569682808
567	656	0	0	0	569682815
567	656	0	0	0	569682823
567	656	0	0	0	569682830
567	656	0	0	0	569682838
567	656	0	0	0	569682845
566	655	0	0	0	569682853
566	654	0	0	0	569682860
566	652	0	0	0	569682868
567	650	0	0	0	569682875
567	648	0	0	0	569682883
139	28
561	582	0	0	0	569683283
561	582	0	0	0	569683291
561	582	0	0	0	569683298
561	582	0	0	0	569683306
561	582	0	0	0	569683313
561	582	0	0	0	569683321
561	582	0	0	0	569683329
561	582	0	0	0	569683336
562	581	0	0	0	569683344
562	581	0	0	0	569683351
563	581	0	0	0	569683359
563	581	0	0	0	569683366
566	581	0	0	0	569683374
567	581	0	0	0	569683381
569	580	0	0	0	569683389
571	580	0	0	0	569683396
573	580	0	0	0	569683404
575	580	0	0	0	569683411
577	580	0	0	0	569683419
580	580	0	0	0	569683426
582	580	0	0	0	569683434
584	580	0	0	0	569683441
586	580	0	0	0	569683449
589	580	0	0	0	569683456
591	580	0	0	0	569683464
593	581	0	0	0	569683471
595	581	0	0	0	569683479
596	581	0	0	0	569683486
598	581	0	0	0	569683494
601	582	0	0	0	569683501
602	582	0	0	0	569683509
604	582	0	0	0	569683516
606	582	0	0	0	569683524
608	582	0	0	0	569683532
610	582	0	0	0	569683539
612	582	0	0	0	569683547
614	582	0	0	0	569683554
615	583	0	0	0	569683562
617	583	0	0	0	569683569
619	583	0	0	0	569683577
621	583	0	0	0	569683584
622	583	0	0	0	569683592
624	583	0	0	0	569683599
625	584	0	0	0	569683607
627	584	0	0	0	569683614
629	584	0	0	0	569683622
630	584	0	0	0	569683629
632	585	0	0	0	569683637
634	585	0	0	0	569683644
635	586	0	0	0	569683652
637	586	0	0	0	569683659
638	587	0	0	0	569683667
640	588	0	0	0	569683674
641	588	0	0	0	569683682
642	589	0	0	0	569683689
643	590	0	0	0	569683697
645	591	0	0	0	569683704
646	592	0	0	0	569683712
647	592	0	0	0	569683719
648	593	0	0	0	569683727
648	593	0	0	0	569683735
649	595	0	0	0	569683742
650	596	0	0	0	569683750
651	597	0	0	0	569683757
651	598	0	0	0	569683765
652	599	0	0	0	569683772
652	600	0	0	0	569683780
653	602	0	0	0	569683787
653	603	0	0	0	569683795
654	605	0	0	0	569683802
654	606	0	0	0	569683810
655	608	0	0	0	569683817
655	610	0	0	0	569683825
655	611	0	0	0	569683832
655	613	0	0	0	569683840
655	615	0	0	0	569683847
655	616	0	0	0	569683855
655	617	0	0	0	569683862
655	619	0	0	0	569683870
655	620	0	0	0	569683877
654	621	0	0	0	569683885
654	623	0	0	0	569683892
653	624	0	0	0	569683900
652	625	0	0	0	569683907
651	627	0	0	0	569683915
650	628	0	0	0	569683922
649	630	0	0	0	569683930
648	631	0	0	0	569683938
646	633	0	0	0	569683945
645	634	0	0	0	569683953
644	636	0	0	0	569683960
642	638	0	0	0	569683968
640	639	0	0	0	569683975
639	641	0	0	0	569683983
637	642	0	0	0	569683990
636	643	0	0	0	569683998
634	644	0	0	0	569684005
633	645	0	0	0	569684013
631	645	0	0	0	569684020
630	646	0	0	0	569684028
628	647	0	0	0	569684035
627	647	0	0	0	569684043
626	648	0	0	0	569684050
624	648	0	0	0	569684058
623	649	0	0	0	569684065
621	649	0	0	0	569684073
619	650	0	0	0	569684080
618	650	0	0	0	569684088
616	650	0	0	0	569684095
614	651	0	0	0	569684103
613	651	0	0	0	569684110
611	651	0	0	0	569684118
609	651	0	0	0	569684125
607	652	0	0	0	569684133
605	652	0	0	0	569684141
603	652	0	0	0	569684148
601	653	0	0	0	569684156
598	653	0	0	0	569684163
596	653	0	0	0	569684171
593	653	0	0	0	569684178
591	653	0	0	0	569684186
589	653	0	0	0	569684193
587	653	0	0	0	569684201
585	653	0	0	0	569684208
583	653	0	0	0	569684216
582	653	0	0	0	569684223
581	653	0	0	0	569684231
579	653	0	0	0	569684238
578	653	0	0	0	569684246
578	653	0	0	0	569684253
577	653	0	0	0	569684261
577	653	0	0	0	569684268
577	653	0	0	0	569684276
577	653	0	0	0	569684283
577	653	0	0	0	569684291
577	653	0	0	0	569684298
577	653	0	0	0	569684306
578	653	0	0	0	569684313
579	653	0	0	0	569684321
252	28
562	484	0	0	0	569693059
562	484	0	0	0	569693066
562	484	0	0	0	569693074
562	484	0	0	0	569693081
562	484	0	0	0	569693089
562	484	0	0	0	569693096
562	484	0	0	0	569693104
562	484	0	0	0	569693111
562	484	0	0	0	569693119
562	484	0	0	0	569693126
562	484	0	0	0	569693134
562	484	0	0	0	569693141
562	484	0	0	0	569693149
562	484	0	0	0	569693157
562	484	0	0	0	569693164
562	484	0	0	0	569693172
562	484	0	0	0	569693179
562	484	0	0	0	569693187
562	484	0	0	0	569693194
562	484	0	0	0	569693202
562	484	0	0	0	569693209
562	484	0	0	0	569693217
562	484	0	0	0	569693224
562	484	0	0	0	569693232
562	484	0	0	0	569693239
562	484	0	0	0	569693247
562	484	0	0	0	569693254
562	484	0	0	0	569693262
561	484	0	0	0	569693269
561	484	0	0	0	569693277
561	484	0	0	0	569693284
561	484	0	0	0	569693292
560	484	0	0	0	569693299
560	484	0	0	0	569693307
559	485	0	0	0	569693314
559	485	0	0	0	569693322
558	485	0	0	0	569693329
558	485	0	0	0	569693337
556	485	0	0	0	569693344
555	485	0	0	0	569693352
554	486	0	0	0	569693360
553	486	0	0	0	569693367
552	486	0	0	0	569693375
551	486	0	0	0	569693382
550	486	0	0	0	569693390
548	486	0	0	0	569693397
547	487	0	0	0	569693405
546	487	0	0	0	569693412
544	487	0	0	0	569693420
543	487	0	0	0	569693427
541	488	0	0	0	569693435
540	488	0	0	0	569693442
538	488	0	0	0	569693450
536	488	0	0	0	569693457
534	489	0	0	0	569693465
533	489	0	0	0	569693472
531	489	0	0	0	569693480
529	489	0	0	0	569693487
527	490	0	0	0	569693495
525	490	0	0	0	569693502
524	490	0	0	0	569693510
522	490	0	0	0	569693517
520	491	0	0	0	569693525
518	491	0	0	0	569693532
517	491	0	0	0	569693540
515	491	0	0	0	569693547
513	492	0	0	0	569693555
511	492	0	0	0	569693563
509	493	0	0	0	569693570
507	493	0	0	0	569693578
505	493	0	0	0	569693585
504	494	0	0	0	569693593
502	494	0	0	0	569693600
499	494	0	0	0	569693608
497	495	0	0	0	569693615
495	495	0	0	0	569693623
493	495	0	0	0	569693630
492	495	0	0	0	569693638
490	495	0	0	0	569693645
488	496	0	0	0	569693653
486	496	0	0	0	569693660
484	496	0	0	0	569693668
482	496	0	0	0	569693675
481	496	0	0	0	569693683
479	497	0	0	0	569693690
477	497	0	0	0	569693698
475	497	0	0	0	569693705
474	497	0	0	0	569693713
472	497	0	0	0	569693720
471	498	0	0	0	569693728
469	498	0	0	0	569693735
467	498	0	0	0	569693743
465	498	0	0	0	569693750
464	498	0	0	0	569693758
462	499	0	0	0	569693766
460	499	0	0	0	569693773
459	499	0	0	0	569693781
457	499	0	0	0	569693788
456	500	0	0	0	569693796
455	500	0	0	0	569693803
453	500	0	0	0	569693811
452	500	0	0	0	569693818
451	500	0	0	0	569693826
450	500	0	0	0	569693833
449	500	0	0	0	569693841
447	500	0	0	0	569693848
446	501	0	0	0	569693856
444	501	0	0	0	569693863
443	501	0	0	0	569693871
441	501	0	0	0	569693878
439	501	0	0	0	569693886
437	501	0	0	0	569693893
435	501	0	0	0	569693901
434	501	0	0	0	569693908
432	501	0	0	0	569693916
430	502	0	0	0	569693923
429	502	0	0	0	569693931
427	502	0	0	0	569693938
426	502	0	0	0	569693946
424	502	0	0	0	569693954
423	502	0	0	0	569693961
421	503	0	0	0	569693969
419	503	0	0	0	569693976
418	503	0	0	0	569693984
416	503	0	0	0	569693991
414	503	0	0	0	569693999
412	503	0	0	0	569694006
410	503	0	0	0	569694014
408	503	0	0	0	569694021
405	504	0	0	0	569694029
403	504	0	0	0	569694036
400	504	0	0	0	569694044
398	504	0	0	0	569694051
396	505	0	0	0	569694059
394	505	0	0	0	569694066
392	505	0	0	0	569694074
390	505	0	0	0	569694081
388	505	0	0	0	569694089
386	506	0	0	0	569694096
384	506	0	0	0	569694104
382	506	0	0	0	569694111
380	506	0	0	0	569694119
377	506	0	0	0	569694126
375	507	0	0	0	569694134
373	507	0	0	0	569694141
371	507	0	0	0	569694149
368	508	0	0	0	569694157
366	508	0	0	0	569694164
363	508	0	0	0	569694172
361	509	0	0	0	569694179
359	509	0	0	0	569694187
356	510	0	0	0	569694194
353	510	0	0	0	569694202
350	510	0	0	0	569694209
348	511	0	0	0	569694217
345	511	0	0	0	569694224
342	511	0	0	0	569694232
339	512	0	0	0	569694239
337	512	0	0	0	569694247
334	513	0	0	0	569694254
332	513	0	0	0	569694262
329	513	0	0	0	569694269
327	514	0	0	0	569694277
325	514	0	0	0	569694284
323	514	0	0	0	569694292
320	515	0	0	0	569694299
318	515	0	0	0	569694307
316	515	0	0	0	569694314
313	515	0	0	0	569694322
311	515	0	0	0	569694329
309	515	0	0	0	569694337
307	515	0	0	0	569694344
305	515	0	0	0	569694352
303	515	0	0	0	569694360
301	515	0	0	0	569694367
299	515	0	0	0	569694375
296	516	0	0	0	569694382
294	516	0	0	0	569694390
292	516	0	0	0	569694397
290	516	0	0	0	569694405
287	516	0	0	0	569694412
285	516	0	0	0	569694420
283	517	0	0	0	569694427
281	517	0	0	0	569694435
279	517	0	0	0	569694442
277	517	0	0	0	569694450
275	517	0	0	0	569694457
273	517	0	0	0	569694465
271	517	0	0	0	569694472
270	518	0	0	0	569694480
269	518	0	0	0	569694487
267	518	0	0	0	569694495
266	518	0	0	0	569694502
265	518	0	0	0	569694510
263	518	0	0	0	569694517
263	518	0	0	0	569694525
262	518	0	0	0	569694532
260	518	0	0	0	569694540
259	518	0	0	0	569694547
258	518	0	0	0	569694555
257	518	0	0	0	569694563
256	519	0	0	0	569694570
255	519	0	0	0	569694578
253	519	0	0	0	569694585
252	519	0	0	0	569694593
251	519	0	0	0	569694600
250	520	0	0	0	569694608
249	520	0	0	0	569694615
247	520	0	0	0	569694623
246	520	0	0	0	569694630
245	520	0	0	0	569694638
244	520	0	0	0	569694645
243	521	0	0	0	569694653
242	521	0	0	0	569694660
241	521	0	0	0	569694668
241	521	0	0	0	569694675
240	521	0	0	0	569694683
238	521	0	0	0	569694690
237	522	0	0	0	569694698
236	522	0	0	0	569694705
235	522	0	0	0	569694713
233	522	0	0	0	569694720
232	523	0	0	0	569694728
231	523	0	0	0	569694735
229	523	0	0	0	569694743
228	523	0	0	0	569694750
227	523	0	0	0	569694758
225	524	0	0	0	569694766
224	524	0	0	0	569694773
223	524	0	0	0	569694781
222	524	0	0	0	569694788
222	524	0	0	0	569694796
221	525	0	0	0	569694803
221	525	0	0	0	569694811
219	525	0	0	0	569694818
219	525	0	0	0	569694826
219	525	0	0	0	569694833
218	525	0	0	0	569694841
218	525	0	0	0	569694848
216	526	0	0	0	569694856
216	526	0	0	0	569694863
215	526	0	0	0	569694871
215	526	0	0	0	569694878
215	526	0	0	0	569694886
215	526	0	0	0	569694893
214	526	0	0	0	569694901
214	526	0	0	0	569694908
214	526	0	0	0	569694916
214	526	0	0	0	569694923
215	526	0	0	0	569694931
215	526	0	0	0	569694938
215	526	0	0	0	569694946
107	28
575	508	0	0	0	569695883
575	508	0	0	0	569695891
575	508	0	0	0	569695898
575	508	0	0	0	569695906
575	508	0	0	0	569695913
575	508	0	0	0	569695921
575	508	0	0	0	569695928
575	508	0	0	0	569695936
575	508	0	0	0	569695943
575	508	0	0	0	569695951
573	507	0	0	0	569695958
573	507	0	0	0	569695966
572	507	0	0	0	569695973
571	508	0	0	0	569695981
570	508	0	0	0	569695988
569	508	0	0	0	569695996
567	508	0	0	0	569696003
566	508	0	0	0	569696011
564	509	0	0	0	569696018
563	509	0	0	0	569696026
562	509	0	0	0	569696033
561	509	0	0	0	569696041
559	509	0	0	0	569696048
558	509	0	0	0	569696056
557	509	0	0	0	569696063
555	509	0	0	0	569696071
554	509	0	0	0	569696078
552	510	0	0	0	569696086
550	510	0	0	0	569696094
548	510	0	0	0	569696101
546	510	0	0	0	569696109
544	510	0	0	0	569696116
542	510	0	0	0	569696124
539	511	0	0	0	569696131
536	511	0	0	0	569696139
533	511	0	0	0	569696146
531	511	0	0	0	569696154
528	511	0	0	0	569696161
525	512	0	0	0	569696169
522	512	0	0	0	569696176
519	512	0	0	0	569696184
517	512	0	0	0	569696191
514	512	0	0	0	569696199
511	513	0	0	0	569696206
508	513	0	0	0	569696214
505	513	0	0	0	569696221
503	513	0	0	0	569696229
500	514	0	0	0	569696236
497	514	0	0	0	569696244
495	514	0	0	0	569696251
492	514	0	0	0	569696259
490	514	0	0	0	569696266
488	514	0	0	0	569696274
485	514	0	0	0	569696281
483	515	0	0	0	569696289
481	515	0	0	0	569696297
480	515	0	0	0	569696304
478	515	0	0	0	569696312
476	515	0	0	0	569696319
474	515	0	0	0	569696327
473	515	0	0	0	569696334
472	515	0	0	0	569696342
471	515	0	0	0	569696349
470	515	0	0	0	569696357
469	515	0	0	0	569696364
468	515	0	0	0	569696372
468	515	0	0	0	569696379
467	515	0	0	0	569696387
466	515	0	0	0	569696394
465	515	0	0	0	569696402
464	516	0	0	0	569696409
463	516	0	0	0	569696417
462	516	0	0	0	569696424
461	516	0	0	0	569696432
460	516	0	0	0	569696439
460	516	0	0	0	569696447
458	516	0	0	0	569696454
458	516	0	0	0	569696462
458	516	0	0	0	569696469
457	516	0	0	0	569696477
457	516	0	0	0	569696484
457	516	0	0	0	569696492
457	516	0	0	0	569696500
457	516	0	0	0	569696507
457	516	0	0	0	569696515
457	516	0	0	0	569696522
457	516	0	0	0	569696530
457	516	0	0	0	569696537
457	516	0	0	0	569696545
457	516	0	0	0	569696552
457	516	0	0	0	569696560
457	516	0	0	0	569696567
457	516	0	0	0	569696575
457	516	0	0	0	569696582
457	516	0	0	0	569696590
457	516	0	0	0	569696597
457	516	0	0	0	569696605
457	516	0	0	0	569696612
457	516	0	0	0	569696620
456	517	0	0	0	569696627
456	517	0	0	0	569696635
456	517	0	0	0	569696642
456	517	0	0	0	569696650
456	517	0	0	0	569696657
457	517	0	0	0	569696665
457	517	0	0	0	569696672
458	518	0	0	0	569696680
149	28
562	594	0	0	0	569698255
562	594	0	0	0	569698263
562	594	0	0	0	569698270
562	594	0	0	0	569698278
562	594	0	0	0	569698285
562	594	0	0	0	569698293
562	594	0	0	0	569698300
562	594	0	0	0	569698308
562	594	0	0	0	569698315
562	594	0	0	0	569698323
561	595	0	0	0	569698330
561	595	0	0	0	569698338
560	595	0	0	0	569698345
559	595	0	0	0	569698353
557	595	0	0	0	569698360
555	595	0	0	0	569698368
553	595	0	0	0	569698376
551	595	0	0	0	569698383
548	595	0	0	0	569698391
545	595	0	0	0	569698398
542	595	0	0	0	569698406
539	595	0	0	0	569698413
535	595	0	0	0	569698421
532	595	0	0	0	569698428
529	595	0	0	0	569698436
526	595	0	0	0	569698443
523	595	0	0	0	569698451
520	596	0	0	0	569698458
517	596	0	0	0	569698466
514	596	0	0	0	569698473
511	596	0	0	0	569698481
509	596	0	0	0	569698488
506	595	0	0	0	569698496
503	595	0	0	0	569698503
501	595	0	0	0	569698511
498	595	0	0	0	569698518
495	595	0	0	0	569698526
492	595	0	0	0	569698533
490	595	0	0	0	569698541
487	595	0	0	0	569698548
485	595	0	0	0	569698556
483	595	0	0	0	569698563
480	595	0	0	0	569698571
478	594	0	0	0	569698579
476	594	0	0	0	569698586
473	594	0	0	0	569698594
471	594	0	0	0	569698601
468	594	0	0	0	569698609
465	594	0	0	0	569698616
463	593	0	0	0	569698624
460	593	0	0	0	569698631
458	593	0	0	0	569698639
455	593	0	0	0	569698646
453	593	0	0	0	569698654
451	593	0	0	0	569698661
448	593	0	0	0	569698669
446	593	0	0	0	569698676
444	593	0	0	0	569698684
441	593	0	0	0	569698691
439	593	0	0	0	569698699
436	593	0	0	0	569698706
433	593	0	0	0	569698714
431	593	0	0	0	569698721
428	593	0	0	0	569698729
425	593	0	0	0	569698736
422	593	0	0	0	569698744
419	593	0	0	0	569698751
416	593	0	0	0	569698759
413	593	0	0	0	569698766
410	593	0	0	0	569698774
407	593	0	0	0	569698782
404	593	0	0	0	569698789
401	593	0	0	0	569698797
398	593	0	0	0	569698804
395	593	0	0	0	569698812
393	593	0	0	0	569698819
391	593	0	0	0	569698827
388	593	0	0	0	569698834
385	593	0	0	0	569698842
383	594	0	0	0	569698849
381	594	0	0	0	569698857
378	594	0	0	0	569698864
376	594	0	0	0	569698872
374	594	0	0	0	569698879
371	594	0	0	0	569698887
369	595	0	0	0	569698894
367	595	0	0	0	569698902
365	595	0	0	0	569698909
363	595	0	0	0	569698917
361	595	0	0	0	569698924
359	595	0	0	0	569698932
357	596	0	0	0	569698939
356	596	0	0	0	569698947
353	596	0	0	0	569698954
351	596	0	0	0	569698962
350	597	0	0	0	569698969
348	597	0	0	0	569698977
346	597	0	0	0	569698985
344	597	0	0	0	569698992
343	597	0	0	0	569699000
341	597	0	0	0	569699007
339	598	0	0	0	569699015
337	598	0	0	0	569699022
335	598	0	0	0	569699030
333	599	0	0	0	569699037
331	599	0	0	0	569699045
329	599	0	0	0	569699052
328	600	0	0	0	569699060
326	600	0	0	0	569699067
324	600	0	0	0	569699075
323	601	0	0	0	569699082
322	601	0	0	0	569699090
320	601	0	0	0	569699097
319	602	0	0	0	569699105
317	602	0	0	0	569699112
316	602	0	0	0	569699120
315	602	0	0	0	569699127
314	602	0	0	0	569699135
313	602	0	0	0	569699142
311	602	0	0	0	569699150
310	603	0	0	0	569699157
309	603	0	0	0	569699165
309	603	0	0	0	569699172
307	603	0	0	0	569699180
306	603	0	0	0	569699188
306	603	0	0	0	569699195
304	604	0	0	0	569699203
304	604	0	0	0	569699210
303	604	0	0	0	569699218
303	604	0	0	0	569699225
302	604	0	0	0	569699233
302	604	0	0	0	569699240
301	605	0	0	0	569699248
300	605	0	0	0	569699255
299	605	0	0	0	569699263
299	605	0	0	0	569699270
297	605	0	0	0	569699278
297	605	0	0	0	569699285
296	605	0	0	0	569699293
296	605	0	0	0	569699300
295	605	0	0	0	569699308
295	605	0	0	0	569699315
295	605	0	0	0	569699323
295	605	0	0	0	569699330
295	605	0	0	0	569699338
297	605	0	0	0	569699345
297	605	0	0	0	569699353
299	605	0	0	0	569699360
300	606	0	0	0	569699368
170	28
571	622	0	0	0	569700222
571	622	0	0	0	569700230
571	622	0	0	0	569700237
571	622	0	0	0	569700245
571	622	0	0	0	569700252
571	622	0	0	0	569700260
571	622	0	0	0	569700267
571	622	0	0	0	569700275
571	622	0	0	0	569700282
571	622	0	0	0	569700290
571	622	0	0	0	569700297
571	622	0	0	0	569700305
571	622	0	0	0	569700313
571	622	0	0	0	569700320
571	622	0	0	0	569700328
571	622	0	0	0	569700335
571	622	0	0	0	569700343
571	622	0	0	0	569700350
571	622	0	0	0	569700358
570	621	0	0	0	569700365
570	621	0	0	0	569700373
569	621	0	0	0	569700380
569	621	0	0	0	569700388
567	621	0	0	0	569700395
566	621	0	0	0	569700403
565	621	0	0	0	569700410
564	621	0	0	0	569700418
562	621	0	0	0	569700425
561	621	0	0	0	569700433
560	621	0	0	0	569700440
559	621	0	0	0	569700448
558	621	0	0	0	569700455
557	622	0	0	0	569700463
556	622	0	0	0	569700470
555	622	0	0	0	569700478
553	622	0	0	0	569700485
552	622	0	0	0	569700493
550	622	0	0	0	569700501
549	622	0	0	0	569700508
547	622	0	0	0	569700516
546	622	0	0	0	569700523
545	622	0	0	0	569700531
544	621	0	0	0	569700538
543	621	0	0	0	569700546
542	621	0	0	0	569700553
542	621	0	0	0	569700561
540	621	0	0	0	569700568
538	621	0	0	0	569700576
537	622	0	0	0	569700583
535	622	0	0	0	569700591
533	622	0	0	0	569700598
531	622	0	0	0	569700606
529	622	0	0	0	569700613
527	622	0	0	0	569700621
525	622	0	0	0	569700628
523	622	0	0	0	569700636
521	622	0	0	0	569700643
519	622	0	0	0	569700651
517	622	0	0	0	569700658
515	622	0	0	0	569700666
513	622	0	0	0	569700673
511	621	0	0	0	569700681
508	621	0	0	0	569700688
505	621	0	0	0	569700696
503	621	0	0	0	569700704
500	621	0	0	0	569700711
497	621	0	0	0	569700719
494	621	0	0	0	569700726
491	621	0	0	0	569700734
488	621	0	0	0	569700741
485	621	0	0	0	569700749
482	621	0	0	0	569700756
479	621	0	0	0	569700764
476	621	0	0	0	569700771
473	621	0	0	0	569700779
470	620	0	0	0	569700786
467	620	0	0	0	569700794
465	620	0	0	0	569700801
462	620	0	0	0	569700809
459	621	0	0	0	569700816
456	621	0	0	0	569700824
454	621	0	0	0	569700831
451	621	0	0	0	569700839
448	621	0	0	0	569700846
446	621	0	0	0	569700854
443	621	0	0	0	569700861
440	622	0	0	0	569700869
438	622	0	0	0	569700876
436	622	0	0	0	569700884
433	622	0	0	0	569700891
431	622	0	0	0	569700899
430	622	0	0	0	569700907
428	622	0	0	0	569700914
426	623	0	0	0	569700922
425	623	0	0	0	569700929
423	623	0	0	0	569700937
422	623	0	0	0	569700944
421	623	0	0	0	569700952
419	623	0	0	0	569700959
417	623	0	0	0	569700967
416	623	0	0	0	569700974
415	623	0	0	0	569700982
414	623	0	0	0	569700989
413	624	0	0	0	569700997
411	624	0	0	0	569701004
410	624	0	0	0	569701012
409	624	0	0	0	569701019
409	624	0	0	0	569701027
407	624	0	0	0	569701034
406	624	0	0	0	569701042
405	624	0	0	0	569701049
405	624	0	0	0	569701057
403	624	0	0	0	569701064
403	624	0	0	0	569701072
401	624	0	0	0	569701079
401	624	0	0	0	569701087
400	624	0	0	0	569701094
399	624	0	0	0	569701102
398	624	0	0	0	569701110
396	624	0	0	0	569701117
395	624	0	0	0	569701125
394	624	0	0	0	569701132
394	624	0	0	0	569701140
393	625	0	0	0	569701147
393	625	0	0	0	569701155
393	625	0	0	0	569701162
393	625	0	0	0	569701170
393	625	0	0	0	569701177
392	625	0	0	0	569701185
392	625	0	0	0	569701192
392	625	0	0	0	569701200
392	625	0	0	0	569701207
391	625	0	0	0	569701215
391	625	0	0	0	569701222
390	625	0	0	0	569701230
390	625	0	0	0	569701237
389	625	0	0	0	569701245
389	625	0	0	0	569701252
388	625	0	0	0	569701260
388	625	0	0	0	569701267
387	625	0	0	0	569701275
387	625	0	0	0	569701282
387	625	0	0	0	569701290
387	625	0	0	0	569701297
387	625	0	0	0	569701305
386	626	0	0	0	569701313
386	626	0	0	0	569701320
386	626	0	0	0	569701328
386	626	0	0	0	569701335
386	626	0	0	0	569701343
386	626	0	0	0	569701350
386	626	0	0	0	569701358
386	626	0	0	0	569701365
386	626	0	0	0	569701373
386	626	0	0	0	569701380
386	626	0	0	0	569701388
386	626	0	0	0	569701395
386	626	0	0	0	569701403
386	626	0	0	0	569701410
386	626	0	0	0	569701418
386	626	0	0	0	569701425
386	626	0	0	0	569701433
386	626	0	0	0	569701440
386	626	0	0	0	569701448
386	626	0	0	0	569701455
386	626	0	0	0	569701463
386	626	0	0	0	569701470
386	626	0	0	0	569701478
386	626	0	0	0	569701485
386	626	0	0	0	569701493
73	28
701	493	0	0	0	569708045
701	493	0	0	0	569708052
701	493	0	0	0	569708060
700	493	0	0	0	569708067
700	493	0	0	0	569708075
700	493	0	0	0	569708082
700	493	0	0	0	569708090
699	492	0	0	0	569708097
699	492	0	0	0	569708105
699	492	0	0	0	569708112
699	492	0	0	0	569708120
699	492	0	0	0	569708127
699	492	0	0	0	569708135
699	492	0	0	0	569708142
699	492	0	0	0	569708150
699	492	0	0	0	569708157
699	492	0	0	0	569708165
699	492	0	0	0	569708172
700	492	0	0	0	569708180
700	492	0	0	0	569708187
700	492	0	0	0	569708195
700	492	0	0	0	569708203
701	493	0	0	0	569708210
701	493	0	0	0	569708218
703	494	0	0	0	569708225
704	494	0	0	0	569708233
705	495	0	0	0	569708240
706	496	0	0	0	569708248
708	497	0	0	0	569708255
709	498	0	0	0	569708263
710	499	0	0	0	569708270
711	501	0	0	0	569708278
712	502	0	0	0	569708285
713	504	0	0	0	569708293
714	506	0	0	0	569708300
716	508	0	0	0	569708308
717	510	0	0	0	569708315
718	512	0	0	0	569708323
718	515	0	0	0	569708330
719	518	0	0	0	569708338
720	520	0	0	0	569708345
720	523	0	0	0	569708353
720	526	0	0	0	569708360
720	529	0	0	0	569708368
720	533	0	0	0	569708375
719	536	0	0	0	569708383
719	539	0	0	0	569708390
718	542	0	0	0	569708398
717	545	0	0	0	569708406
716	548	0	0	0	569708413
715	551	0	0	0	569708421
713	554	0	0	0	569708428
712	557	0	0	0	569708436
710	560	0	0	0	569708443
709	562	0	0	0	569708451
707	565	0	0	0	569708458
705	568	0	0	0	569708466
704	570	0	0	0	569708473
702	572	0	0	0	569708481
701	574	0	0	0	569708488
700	576	0	0	0	569708496
699	577	0	0	0	569708503
698	578	0	0	0	569708511
698	578	0	0	0	569708518
698	579	0	0	0	569708526
698	579	0	0	0	569708533
698	579	0	0	0	569708541
700	577	0	0	0	569708548
701	576	0	0	0	569708556
702	574	0	0	0	569708563
704	573	0	0	0	569708571
705	571	0	0	0	569708578
707	570	0	0	0	569708586
133	28
704	482	0	0	0	569709204
703	482	0	0	0	569709211
703	482	0	0	0	569709219
703	482	0	0	0	569709226
703	482	0	0	0	569709234
703	482	0	0	0	569709241
703	482	0	0	0	569709249
703	482	0	0	0	569709256
703	482	0	0	0	569709264
703	482	0	0	0	569709271
703	482	0	0	0	569709279
703	482	0	0	0	569709286
703	482	0	0	0	569709294
704	483	0	0	0	569709301
704	483	0	0	0	569709309
704	483	0	0	0	569709316
704	483	0	0	0	569709324
705	483	0	0	0	569709331
705	483	0	0	0	569709339
705	483	0	0	0	569709346
705	483	0	0	0	569709354
705	483	0	0	0	569709361
705	483	0	0	0	569709369
706	484	0	0	0	569709376
706	484	0	0	0	569709384
706	484	0	0	0	569709391
706	484	0	0	0	569709399
707	484	0	0	0	569709407
707	484	0	0	0	569709414
708	484	0	0	0	569709422
708	484	0	0	0	569709429
709	484	0	0	0	569709437
709	484	0	0	0	569709444
711	484	0	0	0	569709452
712	484	0	0	0	569709459
713	484	0	0	0	569709467
714	484	0	0	0	569709474
715	484	0	0	0	569709482
717	484	0	0	0	569709489
719	484	0	0	0	569709497
720	484	0	0	0	569709504
722	484	0	0	0	569709512
724	484	0	0	0	569709519
726	484	0	0	0	569709527
728	484	0	0	0	569709534
730	484	0	0	0	569709542
732	484	0	0	0	569709549
734	484	0	0	0	569709557
736	484	0	0	0	569709564
738	484	0	0	0	569709572
740	485	0	0	0	569709579
742	485	0	0	0	569709587
743	485	0	0	0	569709594
745	485	0	0	0	569709602
747	486	0	0	0	569709610
748	486	0	0	0	569709617
750	486	0	0	0	569709625
751	487	0	0	0	569709632
753	487	0	0	0	569709640
754	487	0	0	0	569709647
756	487	0	0	0	569709655
757	488	0	0	0	569709662
759	488	0	0	0	569709670
760	488	0	0	0	569709677
762	489	0	0	0	569709685
763	489	0	0	0	569709692
765	489	0	0	0	569709700
766	490	0	0	0	569709707
768	490	0	0	0	569709715
769	491	0	0	0	569709722
771	491	0	0	0	569709730
772	492	0	0	0	569709737
774	493	0	0	0	569709745
775	494	0	0	0	569709752
776	494	0	0	0	569709760
777	495	0	0	0	569709767
778	496	0	0	0	569709775
779	497	0	0	0	569709782
780	498	0	0	0	569709790
782	499	0	0	0	569709797
783	500	0	0	0	569709805
784	500	0	0	0	569709813
785	501	0	0	0	569709820
785	501	0	0	0	569709828
787	503	0	0	0	569709835
788	503	0	0	0	569709843
789	504	0	0	0	569709850
790	505	0	0	0	569709858
791	505	0	0	0	569709865
792	506	0	0	0	569709873
793	506	0	0	0	569709880
794	507	0	0	0	569709888
795	508	0	0	0	569709895
796	508	0	0	0	569709903
798	509	0	0	0	569709910
799	510	0	0	0	569709918
800	511	0	0	0	569709925
801	512	0	0	0	569709933
802	513	0	0	0	569709940
802	513	0	0	0	569709948
803	514	0	0	0	569709955
803	514	0	0	0	569709963
804	516	0	0	0	569709970
804	516	0	0	0	569709978
805	517	0	0	0	569709985
805	517	0	0	0	569709993
806	519	0	0	0	569710000
806	520	0	0	0	569710008
806	520	0	0	0	569710016
807	521	0	0	0	569710023
807	521	0	0	0	569710031
808	523	0	0	0	569710038
808	523	0	0	0	569710046
808	524	0	0	0	569710053
808	524	0	0	0	569710061
808	524	0	0	0	569710068
808	524	0	0	0	569710076
809	525	0	0	0	569710083
809	525	0	0	0	569710091
809	525	0	0	0	569710098
809	525	0	0	0	569710106
809	525	0	0	0	569710113
809	525	0	0	0	569710121
809	525	0	0	0	569710128
809	525	0	0	0	569710136
809	525	0	0	0	569710143
809	525	0	0	0	569710151
809	525	0	0	0	569710158
809	525	0	0	0	569710166
809	525	0	0	0	569710173
809	525	0	0	0	569710181
809	525	0	0	0	569710188
808	525	0	0	0	569710196
119	28
702	577	0	0	0	569710715
702	577	0	0	0	569710722
702	577	0	0	0	569710730
703	577	0	0	0	569710737
703	577	0	0	0	569710745
703	577	0	0	0	569710752
704	577	0	0	0	569710760
704	577	0	0	0	569710767
705	577	0	0	0	569710775
705	577	0	0	0	569710782
706	578	0	0	0	569710790
706	578	0	0	0	569710797
707	578	0	0	0	569710805
707	578	0	0	0	569710813
709	578	0	0	0	569710820
709	578	0	0	0	569710828
711	578	0	0	0	569710835
712	577	0	0	0	569710843
713	577	0	0	0	569710850
714	577	0	0	0	569710858
716	577	0	0	0	569710865
717	577	0	0	0	569710873
719	576	0	0	0	569710880
721	576	0	0	0	569710888
723	575	0	0	0	569710895
725	575	0	0	0	569710903
727	574	0	0	0	569710910
729	574	0	0	0	569710918
731	573	0	0	0	569710925
734	573	0	0	0	569710933
736	572	0	0	0	569710940
738	572	0	0	0	569710948
740	571	0	0	0	569710955
742	571	0	0	0	569710963
744	570	0	0	0	569710970
746	569	0	0	0	569710978
748	568	0	0	0	569710985
750	567	0	0	0	569710993
753	567	0	0	0	569711000
755	566	0	0	0	569711008
756	565	0	0	0	569711016
758	564	0	0	0	569711023
760	564	0	0	0	569711031
762	563	0	0	0	569711038
764	562	0	0	0	569711046
766	562	0	0	0	569711053
768	561	0	0	0	569711061
770	560	0	0	0	569711068
772	560	0	0	0	569711076
773	559	0	0	0	569711083
775	558	0	0	0	569711091
777	557	0	0	0	569711098
779	556	0	0	0	569711106
780	555	0	0	0	569711113
782	555	0	0	0	569711121
784	554	0	0	0	569711128
785	553	0	0	0	569711136
787	552	0	0	0	569711143
788	552	0	0	0	569711151
790	551	0	0	0	569711158
791	550	0	0	0	569711166
792	550	0	0	0	569711173
794	548	0	0	0	569711181
795	548	0	0	0	569711188
797	547	0	0	0	569711196
798	546	0	0	0	569711203
799	545	0	0	0	569711211
801	544	0	0	0	569711219
802	543	0	0	0	569711226
803	542	0	0	0	569711234
803	542	0	0	0	569711241
804	541	0	0	0	569711249
804	541	0	0	0	569711256
806	540	0	0	0	569711264
807	539	0	0	0	569711271
807	539	0	0	0	569711279
808	538	0	0	0	569711286
808	538	0	0	0	569711294
810	537	0	0	0	569711301
810	537	0	0	0	569711309
811	536	0	0	0	569711316
811	536	0	0	0	569711324
812	535	0	0	0	569711331
812	535	0	0	0	569711339
813	533	0	0	0	569711346
813	533	0	0	0	569711354
814	532	0	0	0	569711361
814	532	0	0	0	569711369
815	531	0	0	0	569711376
815	531	0	0	0	569711384
816	529	0	0	0	569711391
816	529	0	0	0	569711399
816	528	0	0	0	569711406
816	528	0	0	0	569711414
817	527	0	0	0	569711422
817	527	0	0	0	569711429
817	526	0	0	0	569711437
817	526	0	0	0	569711444
817	526	0	0	0	569711452
817	525	0	0	0	569711459
817	525	0	0	0	569711467
817	525	0	0	0	569711474
818	524	0	0	0	569711482
818	524	0	0	0	569711489
818	524	0	0	0	569711497
818	524	0	0	0	569711504
818	524	0	0	0	569711512
818	524	0	0	0	569711519
818	524	0	0	0	569711527
817	523	0	0	0	569711534
817	523	0	0	0	569711542
817	523	0	0	0	569711549
817	523	0	0	0	569711557
817	522	0	0	0	569711564
817	522	0	0	0	569711572
817	522	0	0	0	569711579
817	522	0	0	0	569711587
817	522	0	0	0	569711594
817	522	0	0	0	569711602
27	28
636	481	0	0	0	569713749
636	481	0	0	0	569713756
636	481	0	0	0	569713764
636	481	0	0	0	569713771
636	481	0	0	0	569713779
636	481	0	0	0	569713786
636	481	0	0	0	569713794
636	481	0	0	0	569713801
636	481	0	0	0	569713809
636	481	0	0	0	569713816
637	481	0	0	0	569713824
637	481	0	0	0	569713831
639	481	0	0	0	569713839
640	480	0	0	0	569713846
641	480	0	0	0	569713854
643	479	0	0	0	569713861
645	479	0	0	0	569713869
646	478	0	0	0	569713876
648	478	0	0	0	569713884
651	478	0	0	0	569713891
653	477	0	0	0	569713899
654	477	0	0	0	569713907
656	477	0	0	0	569713914
657	476	0	0	0	569713922
657	476	0	0	0	569713929
658	476	0	0	0	569713937
658	476	0	0	0	569713944
33	28
658	476	0	0	0	569713952
658	476	0	0	0	569713959
658	476	0	0	0	569713967
658	478	0	0	0	569713974
658	478	0	0	0	569713982
659	479	0	0	0	569713989
659	481	0	0	0	569713997
659	483	0	0	0	569714004
659	484	0	0	0	569714012
659	486	0	0	0	569714019
660	488	0	0	0	569714027
660	490	0	0	0	569714034
661	492	0	0	0	569714042
661	494	0	0	0	569714049
662	497	0	0	0	569714057
663	499	0	0	0	569714064
663	501	0	0	0	569714072
663	503	0	0	0	569714079
664	505	0	0	0	569714087
664	507	0	0	0	569714094
664	509	0	0	0	569714102
664	511	0	0	0	569714110
664	512	0	0	0	569714117
665	514	0	0	0	569714125
665	516	0	0	0	569714132
665	518	0	0	0	569714140
665	519	0	0	0	569714147
666	520	0	0	0	569714155
666	521	0	0	0	569714162
667	522	0	0	0	569714170
667	523	0	0	0	569714177
667	523	0	0	0	569714185
667	523	0	0	0	569714192
40	28
668	524	0	0	0	569714200
668	524	0	0	0	569714207
669	524	0	0	0	569714215
669	524	0	0	0	569714222
670	524	0	0	0	569714230
670	524	0	0	0	569714237
672	524	0	0	0	569714245
673	524	0	0	0	569714252
674	524	0	0	0	569714260
676	523	0	0	0	569714267
677	523	0	0	0	569714275
680	523	0	0	0	569714282
682	523	0	0	0	569714290
685	523	0	0	0	569714297
687	522	0	0	0	569714305
690	522	0	0	0	569714313
694	522	0	0	0	569714320
697	522	0	0	0	569714328
701	522	0	0	0	569714335
704	522	0	0	0	569714343
707	521	0	0	0	569714350
710	521	0	0	0	569714358
713	521	0	0	0	569714365
715	521	0	0	0	569714373
717	521	0	0	0	569714380
718	520	0	0	0	569714388
719	520	0	0	0	569714395
719	520	0	0	0	569714403
719	520	0	0	0	569714410
719	520	0	0	0	569714418
720	520	0	0	0	569714425
720	520	0	0	0	569714433
720	520	0	0	0	569714440
720	520	0	0	0	569714448
720	520	0	0	0	569714455
718	520	0	0	0	569714463
718	520	0	0	0	569714470
717	520	0	0	0	569714478
716	521	0	0	0	569714485
714	522	0	0	0	569714493
29	28
655	615	0	0	0	569715252
655	614	0	0	0	569715260
655	614	0	0	0	569715267
655	614	0	0	0	569715275
655	614	0	0	0	569715282
655	614	0	0	0	569715290
655	614	0	0	0	569715297
655	614	0	0	0	569715305
655	614	0	0	0	569715313
655	614	0	0	0	569715320
656	613	0	0	0	569715328
656	613	0	0	0	569715335
659	613	0	0	0	569715343
660	613	0	0	0	569715350
662	612	0	0	0	569715358
664	612	0	0	0	569715365
666	612	0	0	0	569715373
668	612	0	0	0	569715380
671	611	0	0	0	569715388
673	611	0	0	0	569715395
675	611	0	0	0	569715403
676	611	0	0	0	569715410
677	610	0	0	0	569715418
678	610	0	0	0	569715425
678	610	0	0	0	569715433
680	610	0	0	0	569715440
680	610	0	0	0	569715448
680	610	0	0	0	569715455
680	610	0	0	0	569715463
51	28
680	610	0	0	0	569715470
680	610	0	0	0	569715478
680	610	0	0	0	569715485
680	610	0	0	0	569715493
680	609	0	0	0	569715500
680	609	0	0	0	569715508
681	608	0	0	0	569715516
681	608	0	0	0	569715523
680	607	0	0	0	569715531
680	607	0	0	0	569715538
680	605	0	0	0	569715546
680	604	0	0	0	569715553
680	603	0	0	0	569715561
679	602	0	0	0	569715568
679	600	0	0	0	569715576
679	598	0	0	0	569715583
679	596	0	0	0	569715591
678	594	0	0	0	569715598
677	591	0	0	0	569715606
677	588	0	0	0	569715613
676	585	0	0	0	569715621
675	581	0	0	0	569715628
674	578	0	0	0	569715636
674	574	0	0	0	569715643
673	571	0	0	0	569715651
672	568	0	0	0	569715658
672	565	0	0	0	569715666
672	562	0	0	0	569715673
671	560	0	0	0	569715681
671	557	0	0	0	569715688
671	555	0	0	0	569715696
671	553	0	0	0	569715703
671	551	0	0	0	569715711
671	550	0	0	0	569715719
670	548	0	0	0	569715726
670	547	0	0	0	569715734
670	545	0	0	0	569715741
670	544	0	0	0	569715749
670	543	0	0	0	569715756
670	542	0	0	0	569715764
670	541	0	0	0	569715771
670	541	0	0	0	569715779
670	539	0	0	0	569715786
670	539	0	0	0	569715794
670	539	0	0	0	569715801
670	539	0	0	0	569715809
670	539	0	0	0	569715816
670	539	0	0	0	569715824
670	539	0	0	0	569715831
670	539	0	0	0	569715839
670	539	0	0	0	569715846
61	28
670	539	0	0	0	569715854
670	539	0	0	0	569715861
670	539	0	0	0	569715869
670	539	0	0	0	569715876
671	539	0	0	0	569715884
671	539	0	0	0	569715891
672	538	0	0	0	569715899
674	538	0	0	0	569715906
675	538	0	0	0	569715914
677	538	0	0	0	569715922
679	537	0	0	0	569715929
681	537	0	0	0	569715937
684	537	0	0	0	569715944
686	537	0	0	0	569715952
688	537	0	0	0	569715959
691	537	0	0	0	569715967
694	536	0	0	0	569715974
696	536	0	0	0	569715982
698	536	0	0	0	569715989
701	536	0	0	0	569715997
703	536	0	0	0	569716004
705	536	0	0	0	569716012
706	536	0	0	0	569716019
708	536	0	0	0	569716027
709	536	0	0	0	569716034
710	536	0	0	0	569716042
711	536	0	0	0	569716049
711	536	0	0	0	569716057
712	536	0	0	0	569716064
712	536	0	0	0	569716072
712	536	0	0	0	569716079
713	536	0	0	0	569716087
713	536	0	0	0	569716094
713	536	0	0	0	569716102
713	536	0	0	0	569716109
714	536	0	0	0	569716117
714	536	0	0	0	569716125
714	536	0	0	0	569716132
714	536	0	0	0	569716140
714	536	0	0	0	569716147
714	536	0	0	0	569716155
715	536	0	0	0	569716162
715	536	0	0	0	569716170
715	536	0	0	0	569716177
715	536	0	0	0	569716185
715	536	0	0	0	569716192
716	536	0	0	0	569716200
716	536	0	0	0	569716207
716	536	0	0	0	569716215
716	536	0	0	0	569716222
718	536	0	0	0	569716230
718	536	0	0	0	569716237
718	536	0	0	0	569716245
718	536	0	0	0	569716252
718	536	0	0	0	569716260
718	536	0	0	0	569716267
718	536	0	0	0	569716275
718	536	0	0	0	569716282
718	536	0	0	0	569716290
718	536	0	0	0	569716297
718	536	0	0	0	569716305
63	28
813	525	0	0	0	569717277
813	525	0	0	0	569717284
813	525	0	0	0	569717292
813	525	0	0	0	569717299
813	525	0	0	0	569717307
813	524	0	0	0	569717314
813	524	0	0	0	569717322
813	524	0	0	0	569717329
813	524	0	0	0	569717337
815	524	0	0	0	569717344
815	524	0	0	0	569717352
817	523	0	0	0	569717360
819	523	0	0	0	569717367
822	523	0	0	0	569717375
825	523	0	0	0	569717382
829	522	0	0	0	569717390
834	522	0	0	0	569717397
839	521	0	0	0	569717405
844	521	0	0	0	569717412
850	520	0	0	0	569717420
855	520	0	0	0	569717427
861	519	0	0	0	569717435
866	518	0	0	0	569717442
871	518	0	0	0	569717450
876	517	0	0	0	569717457
880	517	0	0	0	569717465
883	517	0	0	0	569717472
887	517	0	0	0	569717480
890	517	0	0	0	569717487
892	516	0	0	0	569717495
894	516	0	0	0	569717502
896	516	0	0	0	569717510
898	516	0	0	0	569717517
899	516	0	0	0	569717525
900	516	0	0	0	569717532
900	516	0	0	0	569717540
901	515	0	0	0	569717547
901	515	0	0	0	569717555
901	515	0	0	0	569717563
902	515	0	0	0	569717570
902	515	0	0	0	569717578
902	515	0	0	0	569717585
902	515	0	0	0	569717593
902	515	0	0	0	569717600
902	515	0	0	0	569717608
902	515	0	0	0	569717615
902	515	0	0	0	569717623
902	515	0	0	0	569717630
902	515	0	0	0	569717638
902	515	0	0	0	569717645
902	515	0	0	0	569717653
902	515	0	0	0	569717660
902	515	0	0	0	569717668
902	515	0	0	0	569717675
902	515	0	0	0	569717683
902	515	0	0	0	569717690
902	515	0	0	0	569717698
902	515	0	0	0	569717705
902	515	0	0	0	569717713
901	515	0	0	0	569717720
901	515	0	0	0	569717728
901	515	0	0	0	569717735
901	515	0	0	0	569717743
20	38
914	500	0	0	0	569719789
914	500	0	0	0	569719797
914	500	0	0	0	569719804
914	500	0	0	0	569719812
914	501	0	0	0	569719819
915	501	0	0	0	569719827
916	502	0	0	0	569719834
917	504	0	0	0	569719842
918	506	0	0	0	569719849
919	508	0	0	0	569719857
921	510	0	0	0	569719864
923	513	0	0	0	569719872
925	516	0	0	0	569719879
927	518	0	0	0	569719887
929	521	0	0	0	569719894
931	523	0	0	0	569719902
933	524	0	0	0	569719909
935	526	0	0	0	569719917
936	526	0	0	0	569719924
937	527	0	0	0	569719932
12	38
938	526	0	0	0	569719939
938	526	0	0	0	569719947
941	524	0	0	0	569719954
941	523	0	0	0	569719962
942	521	0	0	0	569719969
943	519	0	0	0	569719977
944	516	0	0	0	569719984
945	514	0	0	0	569719992
946	512	0	0	0	569720000
947	509	0	0	0	569720007
948	508	0	0	0	569720015
949	506	0	0	0	569720022
21	38
949	506	0	0	0	569720030
949	506	0	0	0	569720037
949	506	0	0	0	569720045
950	508	0	0	0	569720052
949	511	0	0	0	569720060
949	515	0	0	0	569720067
949	519	0	0	0	569720075
949	524	0	0	0	569720082
948	529	0	0	0	569720090
948	534	0	0	0	569720097
948	539	0	0	0	569720105
948	544	0	0	0	569720112
947	549	0	0	0	569720120
947	552	0	0	0	569720127
947	555	0	0	0	569720135
946	557	0	0	0	569720142
946	557	0	0	0	569720150
946	557	0	0	0	569720157
946	557	0	0	0	569720165
947	556	0	0	0	569720172
947	554	0	0	0	569720180
52	28
376	450	0	0	0	569729469
376	450	0	0	0	569729476
376	450	0	0	0	569729484
376	450	0	0	0	569729491
376	450	0	0	0	569729499
376	451	0	0	0	569729506
376	451	0	0	0	569729514
376	451	0	0	0	569729521
377	451	0	0	0	569729529
377	451	0	0	0	569729536
377	451	0	0	0	569729544
377	451	0	0	0	569729551
377	451	0	0	0	569729559
378	451	0	0	0	569729566
378	451	0	0	0	569729574
378	451	0	0	0	569729581
379	450	0	0	0	569729589
379	449	0	0	0	569729596
380	447	0	0	0	569729604
380	446	0	0	0	569729611
380	444	0	0	0	569729619
379	442	0	0	0	569729626
379	439	0	0	0	569729634
379	437	0	0	0	569729641
379	435	0	0	0	569729649
378	432	0	0	0	569729656
378	430	0	0	0	569729664
378	428	0	0	0	569729672
378	427	0	0	0	569729679
378	425	0	0	0	569729687
378	424	0	0	0	569729694
378	423	0	0	0	569729702
378	422	0	0	0	569729709
378	422	0	0	0	569729717
378	420	0	0	0	569729724
378	420	0	0	0	569729732
378	419	0	0	0	569729739
378	419	0	0	0	569729747
378	419	0	0	0	569729754
378	419	0	0	0	569729762
378	419	0	0	0	569729769
378	419	0	0	0	569729777
378	419	0	0	0	569729784
378	419	0	0	0	569729792
378	419	0	0	0	569729799
378	419	0	0	0	569729807
378	419	0	0	0	569729814
378	418	0	0	0	569729822
378	418	0	0	0	569729829
378	418	0	0	0	569729837
376	418	0	0	0	569729844
375	418	0	0	0	569729852
