40
32	0
276	292	0	0	0	464695478
276	290	0	0	0	464695485
276	288	0	0	0	464695493
276	287	0	0	0	464695500
276	286	0	0	0	464695508
276	286	0	0	0	464695515
276	286	0	0	0	464695523
276	287	0	0	0	464695531
276	289	0	0	0	464695538
275	292	0	0	0	464695546
275	297	0	0	0	464695553
275	302	0	0	0	464695561
275	309	0	0	0	464695568
274	316	0	0	0	464695576
274	324	0	0	0	464695583
274	332	0	0	0	464695591
274	340	0	0	0	464695598
275	348	0	0	0	464695606
275	354	0	0	0	464695613
275	360	0	0	0	464695621
275	365	0	0	0	464695628
275	369	0	0	0	464695636
276	370	0	0	0	464695643
276	371	0	0	0	464695651
276	371	0	0	0	464695658
277	369	0	0	0	464695666
278	367	0	0	0	464695673
279	364	0	0	0	464695681
279	361	0	0	0	464695688
280	357	0	0	0	464695696
281	354	0	0	0	464695703
281	351	0	0	0	464695711
47	0
279	290	0	0	0	464696006
278	288	0	0	0	464696014
276	288	0	0	0	464696021
275	288	0	0	0	464696029
274	287	0	0	0	464696036
274	287	0	0	0	464696044
274	287	0	0	0	464696051
274	287	0	0	0	464696059
274	287	0	0	0	464696066
274	287	0	0	0	464696074
276	287	0	0	0	464696081
278	288	0	0	0	464696089
281	289	0	0	0	464696096
285	290	0	0	0	464696104
289	292	0	0	0	464696111
293	294	0	0	0	464696119
298	296	0	0	0	464696126
303	299	0	0	0	464696134
307	302	0	0	0	464696141
311	305	0	0	0	464696149
315	309	0	0	0	464696156
318	312	0	0	0	464696164
321	316	0	0	0	464696172
323	320	0	0	0	464696179
325	324	0	0	0	464696187
326	329	0	0	0	464696194
327	333	0	0	0	464696202
327	338	0	0	0	464696209
326	343	0	0	0	464696217
325	348	0	0	0	464696224
323	352	0	0	0	464696232
320	356	0	0	0	464696239
317	360	0	0	0	464696247
314	363	0	0	0	464696254
310	366	0	0	0	464696262
305	368	0	0	0	464696269
302	370	0	0	0	464696277
298	372	0	0	0	464696284
295	374	0	0	0	464696292
292	374	0	0	0	464696299
290	376	0	0	0	464696307
289	375	0	0	0	464696314
288	375	0	0	0	464696322
287	374	0	0	0	464696329
288	373	0	0	0	464696337
288	371	0	0	0	464696344
289	369	0	0	0	464696352
38	0
348	322	0	0	0	464697949
348	320	0	0	0	464697956
348	319	0	0	0	464697964
347	318	0	0	0	464697971
347	318	0	0	0	464697979
346	318	0	0	0	464697986
344	317	0	0	0	464697994
342	318	0	0	0	464698001
340	319	0	0	0	464698009
338	321	0	0	0	464698016
335	323	0	0	0	464698024
332	326	0	0	0	464698031
330	329	0	0	0	464698039
328	332	0	0	0	464698047
327	334	0	0	0	464698054
327	337	0	0	0	464698062
327	339	0	0	0	464698069
328	341	0	0	0	464698077
330	342	0	0	0	464698084
333	343	0	0	0	464698092
337	343	0	0	0	464698099
340	343	0	0	0	464698107
344	341	0	0	0	464698114
348	340	0	0	0	464698122
351	338	0	0	0	464698129
355	336	0	0	0	464698137
357	333	0	0	0	464698144
359	330	0	0	0	464698152
360	328	0	0	0	464698159
361	325	0	0	0	464698167
361	323	0	0	0	464698174
361	321	0	0	0	464698182
360	319	0	0	0	464698189
358	318	0	0	0	464698197
357	316	0	0	0	464698204
355	316	0	0	0	464698212
353	315	0	0	0	464698219
350	315	0	0	0	464698227
26	3
276	428	0	0	0	464698992
276	428	0	0	0	464699000
276	427	0	0	0	464699007
276	426	0	0	0	464699015
276	426	0	0	0	464699022
276	426	0	0	0	464699030
276	428	0	0	0	464699037
277	429	0	0	0	464699045
277	432	0	0	0	464699052
278	436	0	0	0	464699060
278	440	0	0	0	464699067
279	446	0	0	0	464699075
280	452	0	0	0	464699082
280	459	0	0	0	464699090
281	466	0	0	0	464699097
281	472	0	0	0	464699105
282	479	0	0	0	464699112
282	484	0	0	0	464699120
283	488	0	0	0	464699127
283	491	0	0	0	464699135
283	492	0	0	0	464699142
283	492	0	0	0	464699150
284	491	0	0	0	464699157
285	488	0	0	0	464699165
286	484	0	0	0	464699172
287	480	0	0	0	464699180
39	3
283	416	0	0	0	464699316
282	416	0	0	0	464699324
282	416	0	0	0	464699331
282	416	0	0	0	464699339
282	416	0	0	0	464699346
284	416	0	0	0	464699354
286	418	0	0	0	464699361
289	418	0	0	0	464699369
292	420	0	0	0	464699376
295	421	0	0	0	464699384
299	422	0	0	0	464699391
303	424	0	0	0	464699399
308	425	0	0	0	464699406
312	427	0	0	0	464699414
316	429	0	0	0	464699422
320	431	0	0	0	464699429
323	434	0	0	0	464699437
326	436	0	0	0	464699444
328	439	0	0	0	464699452
330	443	0	0	0	464699459
331	446	0	0	0	464699467
332	449	0	0	0	464699474
332	453	0	0	0	464699482
331	458	0	0	0	464699489
329	462	0	0	0	464699497
326	467	0	0	0	464699504
324	471	0	0	0	464699512
320	476	0	0	0	464699519
317	481	0	0	0	464699527
313	485	0	0	0	464699534
310	488	0	0	0	464699542
306	491	0	0	0	464699549
303	493	0	0	0	464699557
300	494	0	0	0	464699564
297	494	0	0	0	464699572
295	494	0	0	0	464699579
293	493	0	0	0	464699587
291	492	0	0	0	464699594
290	491	0	0	0	464699602
36	3
347	451	0	0	0	464699933
348	450	0	0	0	464699940
348	450	0	0	0	464699948
347	449	0	0	0	464699955
347	449	0	0	0	464699963
346	448	0	0	0	464699970
346	448	0	0	0	464699978
344	449	0	0	0	464699985
343	450	0	0	0	464699993
341	452	0	0	0	464700000
340	454	0	0	0	464700008
339	456	0	0	0	464700016
338	458	0	0	0	464700023
337	460	0	0	0	464700031
338	462	0	0	0	464700038
338	464	0	0	0	464700046
339	466	0	0	0	464700053
341	466	0	0	0	464700061
343	467	0	0	0	464700068
345	468	0	0	0	464700076
347	468	0	0	0	464700083
350	467	0	0	0	464700091
352	466	0	0	0	464700098
354	465	0	0	0	464700106
356	464	0	0	0	464700113
357	462	0	0	0	464700121
358	460	0	0	0	464700128
358	458	0	0	0	464700136
358	456	0	0	0	464700143
358	454	0	0	0	464700151
357	452	0	0	0	464700158
356	451	0	0	0	464700166
355	450	0	0	0	464700173
353	449	0	0	0	464700181
351	449	0	0	0	464700188
348	449	0	0	0	464700196
87	0
367	328	0	0	0	464701713
367	328	0	0	0	464701720
367	328	0	0	0	464701728
367	327	0	0	0	464701735
367	327	0	0	0	464701743
367	327	0	0	0	464701750
367	327	0	0	0	464701758
367	327	0	0	0	464701765
368	327	0	0	0	464701773
368	327	0	0	0	464701781
368	327	0	0	0	464701788
368	327	0	0	0	464701796
368	326	0	0	0	464701803
368	326	0	0	0	464701811
368	326	0	0	0	464701818
368	326	0	0	0	464701826
369	325	0	0	0	464701833
369	325	0	0	0	464701841
369	325	0	0	0	464701848
369	325	0	0	0	464701856
370	324	0	0	0	464701863
370	324	0	0	0	464701871
370	324	0	0	0	464701878
370	324	0	0	0	464701886
371	324	0	0	0	464701893
371	324	0	0	0	464701901
371	324	0	0	0	464701908
372	324	0	0	0	464701916
372	324	0	0	0	464701923
372	324	0	0	0	464701931
373	323	0	0	0	464701938
373	323	0	0	0	464701946
373	323	0	0	0	464701953
373	323	0	0	0	464701961
374	323	0	0	0	464701968
374	323	0	0	0	464701976
375	323	0	0	0	464701984
375	323	0	0	0	464701991
375	323	0	0	0	464701999
375	323	0	0	0	464702006
377	323	0	0	0	464702014
377	323	0	0	0	464702021
378	323	0	0	0	464702029
378	323	0	0	0	464702036
380	323	0	0	0	464702044
381	323	0	0	0	464702051
382	323	0	0	0	464702059
383	323	0	0	0	464702066
384	322	0	0	0	464702074
386	322	0	0	0	464702081
388	322	0	0	0	464702089
390	322	0	0	0	464702096
391	322	0	0	0	464702104
393	321	0	0	0	464702111
395	321	0	0	0	464702119
397	321	0	0	0	464702126
400	320	0	0	0	464702134
401	320	0	0	0	464702141
403	320	0	0	0	464702149
405	320	0	0	0	464702156
407	320	0	0	0	464702164
409	319	0	0	0	464702172
410	319	0	0	0	464702179
411	319	0	0	0	464702187
413	319	0	0	0	464702194
414	318	0	0	0	464702202
415	318	0	0	0	464702209
415	318	0	0	0	464702217
416	318	0	0	0	464702224
416	318	0	0	0	464702232
417	319	0	0	0	464702239
418	319	0	0	0	464702247
418	319	0	0	0	464702254
419	319	0	0	0	464702262
419	319	0	0	0	464702269
420	320	0	0	0	464702277
420	320	0	0	0	464702284
422	320	0	0	0	464702292
422	320	0	0	0	464702299
422	321	0	0	0	464702307
422	321	0	0	0	464702314
422	321	0	0	0	464702322
423	321	0	0	0	464702329
423	321	0	0	0	464702337
423	321	0	0	0	464702344
423	321	0	0	0	464702352
423	321	0	0	0	464702359
63	0
423	321	0	0	0	464702367
423	321	0	0	0	464702375
423	321	0	0	0	464702382
423	321	0	0	0	464702390
423	321	0	0	0	464702397
423	321	0	0	0	464702405
423	321	0	0	0	464702412
423	321	0	0	0	464702420
423	321	0	0	0	464702427
423	321	0	0	0	464702435
423	321	0	0	0	464702442
423	321	0	0	0	464702450
423	321	0	0	0	464702457
423	321	0	0	0	464702465
423	321	0	0	0	464702472
423	321	0	0	0	464702480
423	321	0	0	0	464702487
423	321	0	0	0	464702495
423	321	0	0	0	464702502
423	321	0	0	0	464702510
423	321	0	0	0	464702517
423	321	0	0	0	464702525
424	322	0	0	0	464702532
424	322	0	0	0	464702540
424	322	0	0	0	464702547
424	322	0	0	0	464702555
424	322	0	0	0	464702562
424	323	0	0	0	464702570
424	323	0	0	0	464702578
424	323	0	0	0	464702585
424	323	0	0	0	464702593
424	325	0	0	0	464702600
423	326	0	0	0	464702608
423	327	0	0	0	464702615
424	328	0	0	0	464702623
424	329	0	0	0	464702630
424	330	0	0	0	464702638
424	331	0	0	0	464702645
424	333	0	0	0	464702653
424	335	0	0	0	464702660
424	336	0	0	0	464702668
424	339	0	0	0	464702675
424	341	0	0	0	464702683
424	344	0	0	0	464702690
424	347	0	0	0	464702698
424	349	0	0	0	464702705
424	352	0	0	0	464702713
424	354	0	0	0	464702720
424	356	0	0	0	464702728
424	358	0	0	0	464702735
424	359	0	0	0	464702743
424	360	0	0	0	464702750
424	361	0	0	0	464702758
424	361	0	0	0	464702765
424	361	0	0	0	464702773
424	362	0	0	0	464702781
424	362	0	0	0	464702788
424	362	0	0	0	464702796
424	362	0	0	0	464702803
424	362	0	0	0	464702811
424	362	0	0	0	464702818
424	363	0	0	0	464702826
424	363	0	0	0	464702833
44	0
424	363	0	0	0	464702841
424	363	0	0	0	464702848
424	363	0	0	0	464702856
424	363	0	0	0	464702863
425	363	0	0	0	464702871
425	363	0	0	0	464702878
425	363	0	0	0	464702886
425	363	0	0	0	464702893
425	363	0	0	0	464702901
425	363	0	0	0	464702908
425	363	0	0	0	464702916
425	363	0	0	0	464702923
425	363	0	0	0	464702931
425	363	0	0	0	464702938
425	363	0	0	0	464702946
425	363	0	0	0	464702953
425	363	0	0	0	464702961
425	363	0	0	0	464702968
425	363	0	0	0	464702976
425	364	0	0	0	464702984
425	364	0	0	0	464702991
427	364	0	0	0	464702999
429	364	0	0	0	464703006
431	364	0	0	0	464703014
433	364	0	0	0	464703021
435	364	0	0	0	464703029
438	364	0	0	0	464703036
441	363	0	0	0	464703044
444	363	0	0	0	464703051
447	363	0	0	0	464703059
451	362	0	0	0	464703066
453	362	0	0	0	464703074
456	362	0	0	0	464703081
459	361	0	0	0	464703089
461	361	0	0	0	464703096
462	361	0	0	0	464703104
463	361	0	0	0	464703111
464	361	0	0	0	464703119
464	361	0	0	0	464703126
464	361	0	0	0	464703134
464	361	0	0	0	464703141
464	361	0	0	0	464703149
464	361	0	0	0	464703156
464	361	0	0	0	464703164
26	3
365	453	0	0	0	464703761
364	453	0	0	0	464703768
364	453	0	0	0	464703776
365	453	0	0	0	464703783
365	453	0	0	0	464703791
366	455	0	0	0	464703798
367	456	0	0	0	464703806
369	456	0	0	0	464703813
371	458	0	0	0	464703821
374	458	0	0	0	464703828
377	459	0	0	0	464703836
381	459	0	0	0	464703844
384	459	0	0	0	464703851
388	459	0	0	0	464703859
392	458	0	0	0	464703866
396	457	0	0	0	464703874
400	456	0	0	0	464703881
403	455	0	0	0	464703889
406	454	0	0	0	464703896
408	453	0	0	0	464703904
410	452	0	0	0	464703911
411	452	0	0	0	464703919
411	452	0	0	0	464703926
412	452	0	0	0	464703934
412	452	0	0	0	464703941
412	452	0	0	0	464703949
29	3
412	452	0	0	0	464703956
411	451	0	0	0	464703964
411	451	0	0	0	464703971
410	451	0	0	0	464703979
410	451	0	0	0	464703986
409	450	0	0	0	464703994
409	449	0	0	0	464704001
408	448	0	0	0	464704009
408	446	0	0	0	464704016
408	445	0	0	0	464704024
408	442	0	0	0	464704031
408	440	0	0	0	464704039
408	437	0	0	0	464704047
408	433	0	0	0	464704054
408	429	0	0	0	464704062
408	425	0	0	0	464704069
409	420	0	0	0	464704077
409	416	0	0	0	464704084
410	412	0	0	0	464704092
410	408	0	0	0	464704099
410	405	0	0	0	464704107
410	402	0	0	0	464704114
410	400	0	0	0	464704122
410	398	0	0	0	464704129
410	397	0	0	0	464704137
409	396	0	0	0	464704144
409	396	0	0	0	464704152
408	396	0	0	0	464704159
408	396	0	0	0	464704167
35	3
408	396	0	0	0	464704174
408	396	0	0	0	464704182
408	396	0	0	0	464704189
408	397	0	0	0	464704197
408	397	0	0	0	464704204
409	398	0	0	0	464704212
410	398	0	0	0	464704219
412	399	0	0	0	464704227
414	400	0	0	0	464704234
416	401	0	0	0	464704242
418	401	0	0	0	464704250
421	402	0	0	0	464704257
425	403	0	0	0	464704265
428	404	0	0	0	464704272
433	404	0	0	0	464704280
437	404	0	0	0	464704287
441	403	0	0	0	464704295
446	402	0	0	0	464704302
450	401	0	0	0	464704310
453	400	0	0	0	464704317
457	400	0	0	0	464704325
460	399	0	0	0	464704332
462	399	0	0	0	464704340
463	399	0	0	0	464704347
464	399	0	0	0	464704355
465	399	0	0	0	464704362
465	399	0	0	0	464704370
466	399	0	0	0	464704377
466	399	0	0	0	464704385
466	399	0	0	0	464704392
466	399	0	0	0	464704400
466	399	0	0	0	464704407
466	398	0	0	0	464704415
466	398	0	0	0	464704422
466	396	0	0	0	464704430
28	3
469	334	0	0	0	464704930
469	334	0	0	0	464704937
469	334	0	0	0	464704945
470	335	0	0	0	464704953
470	337	0	0	0	464704960
470	339	0	0	0	464704968
471	343	0	0	0	464704975
471	346	0	0	0	464704983
472	351	0	0	0	464704990
472	357	0	0	0	464704998
472	364	0	0	0	464705005
473	371	0	0	0	464705013
472	378	0	0	0	464705020
472	385	0	0	0	464705028
472	393	0	0	0	464705035
471	399	0	0	0	464705043
471	405	0	0	0	464705050
471	411	0	0	0	464705058
471	415	0	0	0	464705065
471	418	0	0	0	464705073
471	420	0	0	0	464705080
472	422	0	0	0	464705088
472	422	0	0	0	464705095
473	422	0	0	0	464705103
473	422	0	0	0	464705110
473	421	0	0	0	464705118
473	420	0	0	0	464705125
473	418	0	0	0	464705133
41	3
476	340	0	0	0	464705317
475	339	0	0	0	464705325
475	338	0	0	0	464705332
475	337	0	0	0	464705340
475	337	0	0	0	464705347
475	336	0	0	0	464705355
475	336	0	0	0	464705362
476	336	0	0	0	464705370
477	337	0	0	0	464705377
479	338	0	0	0	464705385
480	339	0	0	0	464705392
483	341	0	0	0	464705400
486	342	0	0	0	464705407
489	344	0	0	0	464705415
492	347	0	0	0	464705422
496	349	0	0	0	464705430
499	352	0	0	0	464705438
503	355	0	0	0	464705445
507	358	0	0	0	464705453
510	362	0	0	0	464705460
513	366	0	0	0	464705468
516	370	0	0	0	464705475
518	374	0	0	0	464705483
519	379	0	0	0	464705490
520	383	0	0	0	464705498
520	388	0	0	0	464705505
519	393	0	0	0	464705513
518	397	0	0	0	464705520
516	402	0	0	0	464705528
514	407	0	0	0	464705535
511	412	0	0	0	464705543
509	416	0	0	0	464705550
506	419	0	0	0	464705558
503	422	0	0	0	464705565
500	423	0	0	0	464705573
497	425	0	0	0	464705580
493	425	0	0	0	464705588
491	424	0	0	0	464705595
488	424	0	0	0	464705603
485	423	0	0	0	464705610
483	423	0	0	0	464705618
36	3
539	378	0	0	0	464705886
538	377	0	0	0	464705893
536	377	0	0	0	464705901
535	377	0	0	0	464705908
534	377	0	0	0	464705916
532	378	0	0	0	464705923
531	379	0	0	0	464705931
529	381	0	0	0	464705938
527	383	0	0	0	464705946
526	386	0	0	0	464705953
525	389	0	0	0	464705961
525	391	0	0	0	464705969
525	394	0	0	0	464705976
525	397	0	0	0	464705984
525	399	0	0	0	464705991
527	400	0	0	0	464705999
528	402	0	0	0	464706006
530	402	0	0	0	464706014
532	402	0	0	0	464706021
535	401	0	0	0	464706029
537	400	0	0	0	464706036
540	399	0	0	0	464706044
542	397	0	0	0	464706051
544	395	0	0	0	464706059
546	393	0	0	0	464706066
547	390	0	0	0	464706074
547	388	0	0	0	464706081
548	386	0	0	0	464706089
547	385	0	0	0	464706096
547	383	0	0	0	464706104
546	382	0	0	0	464706111
544	381	0	0	0	464706119
543	380	0	0	0	464706126
541	380	0	0	0	464706134
540	379	0	0	0	464706141
538	379	0	0	0	464706149
39	3
552	390	0	0	0	464707266
552	391	0	0	0	464707273
552	391	0	0	0	464707281
552	391	0	0	0	464707288
552	391	0	0	0	464707296
552	391	0	0	0	464707303
553	391	0	0	0	464707311
553	391	0	0	0	464707318
553	391	0	0	0	464707326
553	392	0	0	0	464707333
553	392	0	0	0	464707341
554	392	0	0	0	464707348
554	392	0	0	0	464707356
556	392	0	0	0	464707363
557	392	0	0	0	464707371
558	392	0	0	0	464707378
559	392	0	0	0	464707386
561	392	0	0	0	464707393
563	393	0	0	0	464707401
565	393	0	0	0	464707408
566	393	0	0	0	464707416
569	394	0	0	0	464707423
570	394	0	0	0	464707431
572	395	0	0	0	464707438
574	395	0	0	0	464707446
575	395	0	0	0	464707454
576	395	0	0	0	464707461
578	395	0	0	0	464707469
578	395	0	0	0	464707476
579	395	0	0	0	464707484
580	395	0	0	0	464707491
580	395	0	0	0	464707499
582	394	0	0	0	464707506
582	394	0	0	0	464707514
583	394	0	0	0	464707521
583	394	0	0	0	464707529
583	394	0	0	0	464707536
583	395	0	0	0	464707544
583	395	0	0	0	464707551
54	3
583	395	0	0	0	464707559
583	395	0	0	0	464707566
583	395	0	0	0	464707574
583	395	0	0	0	464707581
583	395	0	0	0	464707589
583	395	0	0	0	464707596
583	395	0	0	0	464707604
583	395	0	0	0	464707611
583	395	0	0	0	464707619
583	395	0	0	0	464707626
583	395	0	0	0	464707634
584	395	0	0	0	464707641
584	395	0	0	0	464707649
584	396	0	0	0	464707657
583	397	0	0	0	464707664
583	399	0	0	0	464707672
583	400	0	0	0	464707679
583	402	0	0	0	464707687
583	405	0	0	0	464707694
583	407	0	0	0	464707702
583	410	0	0	0	464707709
582	414	0	0	0	464707717
582	417	0	0	0	464707724
582	421	0	0	0	464707732
581	424	0	0	0	464707739
581	428	0	0	0	464707747
580	432	0	0	0	464707754
580	436	0	0	0	464707762
580	440	0	0	0	464707769
580	443	0	0	0	464707777
580	447	0	0	0	464707784
580	450	0	0	0	464707792
580	452	0	0	0	464707799
580	455	0	0	0	464707807
580	457	0	0	0	464707814
580	458	0	0	0	464707822
580	460	0	0	0	464707829
580	461	0	0	0	464707837
580	462	0	0	0	464707844
580	463	0	0	0	464707852
580	464	0	0	0	464707860
580	465	0	0	0	464707867
580	465	0	0	0	464707875
580	466	0	0	0	464707882
580	466	0	0	0	464707890
580	466	0	0	0	464707897
580	466	0	0	0	464707905
580	466	0	0	0	464707912
580	466	0	0	0	464707920
580	466	0	0	0	464707927
580	465	0	0	0	464707935
580	465	0	0	0	464707942
580	463	0	0	0	464707950
580	463	0	0	0	464707957
38	3
580	463	0	0	0	464707965
581	461	0	0	0	464707972
581	461	0	0	0	464707980
582	460	0	0	0	464707987
582	460	0	0	0	464707995
583	460	0	0	0	464708002
585	460	0	0	0	464708010
586	460	0	0	0	464708017
588	460	0	0	0	464708025
590	459	0	0	0	464708032
592	459	0	0	0	464708040
595	459	0	0	0	464708047
597	459	0	0	0	464708055
600	458	0	0	0	464708063
603	458	0	0	0	464708070
606	457	0	0	0	464708078
609	456	0	0	0	464708085
612	456	0	0	0	464708093
615	455	0	0	0	464708100
618	454	0	0	0	464708108
620	454	0	0	0	464708115
622	454	0	0	0	464708123
624	453	0	0	0	464708130
625	453	0	0	0	464708138
627	453	0	0	0	464708145
628	454	0	0	0	464708153
628	454	0	0	0	464708160
629	454	0	0	0	464708168
629	454	0	0	0	464708175
629	454	0	0	0	464708183
629	454	0	0	0	464708190
629	454	0	0	0	464708198
629	454	0	0	0	464708205
629	454	0	0	0	464708213
629	454	0	0	0	464708220
628	455	0	0	0	464708228
628	455	0	0	0	464708235
627	456	0	0	0	464708243
29	3
633	429	0	0	0	464708578
633	429	0	0	0	464708586
633	429	0	0	0	464708593
632	430	0	0	0	464708601
632	432	0	0	0	464708609
632	434	0	0	0	464708616
632	437	0	0	0	464708624
633	441	0	0	0	464708631
633	447	0	0	0	464708639
633	453	0	0	0	464708646
633	460	0	0	0	464708654
633	467	0	0	0	464708661
633	475	0	0	0	464708669
633	483	0	0	0	464708676
632	491	0	0	0	464708684
632	498	0	0	0	464708691
631	505	0	0	0	464708699
630	511	0	0	0	464708706
630	515	0	0	0	464708714
629	519	0	0	0	464708721
629	522	0	0	0	464708729
629	525	0	0	0	464708736
629	526	0	0	0	464708744
629	526	0	0	0	464708751
629	526	0	0	0	464708759
631	524	0	0	0	464708766
631	522	0	0	0	464708774
632	519	0	0	0	464708781
633	516	0	0	0	464708789
42	3
638	429	0	0	0	464708981
637	429	0	0	0	464708988
637	429	0	0	0	464708996
636	429	0	0	0	464709003
635	430	0	0	0	464709011
635	430	0	0	0	464709018
636	431	0	0	0	464709026
636	431	0	0	0	464709033
638	432	0	0	0	464709041
640	433	0	0	0	464709048
642	434	0	0	0	464709056
645	435	0	0	0	464709063
648	436	0	0	0	464709071
652	437	0	0	0	464709078
655	439	0	0	0	464709086
659	441	0	0	0	464709093
663	444	0	0	0	464709101
667	447	0	0	0	464709109
670	450	0	0	0	464709116
673	454	0	0	0	464709124
675	458	0	0	0	464709131
677	462	0	0	0	464709139
679	468	0	0	0	464709146
680	473	0	0	0	464709154
680	478	0	0	0	464709161
680	483	0	0	0	464709169
680	489	0	0	0	464709176
678	494	0	0	0	464709184
677	499	0	0	0	464709191
674	504	0	0	0	464709199
670	509	0	0	0	464709206
666	514	0	0	0	464709214
662	518	0	0	0	464709221
657	521	0	0	0	464709229
652	523	0	0	0	464709236
647	524	0	0	0	464709244
644	524	0	0	0	464709251
640	524	0	0	0	464709259
638	523	0	0	0	464709266
636	521	0	0	0	464709274
635	520	0	0	0	464709281
634	518	0	0	0	464709289
36	20
702	471	0	0	0	464709558
701	470	0	0	0	464709565
700	469	0	0	0	464709573
699	469	0	0	0	464709580
698	469	0	0	0	464709588
696	470	0	0	0	464709595
694	470	0	0	0	464709603
692	472	0	0	0	464709610
691	474	0	0	0	464709618
689	477	0	0	0	464709625
688	480	0	0	0	464709633
688	484	0	0	0	464709641
688	487	0	0	0	464709648
688	490	0	0	0	464709656
689	493	0	0	0	464709663
690	495	0	0	0	464709671
691	497	0	0	0	464709678
693	498	0	0	0	464709686
695	498	0	0	0	464709693
697	498	0	0	0	464709701
699	497	0	0	0	464709708
701	496	0	0	0	464709716
703	495	0	0	0	464709723
705	493	0	0	0	464709731
707	490	0	0	0	464709738
708	488	0	0	0	464709746
709	486	0	0	0	464709753
710	484	0	0	0	464709761
710	482	0	0	0	464709768
711	480	0	0	0	464709776
710	479	0	0	0	464709783
709	477	0	0	0	464709791
708	476	0	0	0	464709798
706	474	0	0	0	464709806
705	472	0	0	0	464709813
703	471	0	0	0	464709821
22	21
749	472	0	0	0	464710116
748	471	0	0	0	464710124
748	470	0	0	0	464710131
748	470	0	0	0	464710139
747	471	0	0	0	464710146
747	472	0	0	0	464710154
746	473	0	0	0	464710161
747	475	0	0	0	464710169
747	478	0	0	0	464710176
747	482	0	0	0	464710184
748	486	0	0	0	464710191
748	490	0	0	0	464710199
749	494	0	0	0	464710206
749	499	0	0	0	464710214
750	502	0	0	0	464710221
750	506	0	0	0	464710229
750	509	0	0	0	464710236
750	510	0	0	0	464710244
750	511	0	0	0	464710251
750	511	0	0	0	464710259
749	509	0	0	0	464710266
748	507	0	0	0	464710274
17	21
738	450	0	0	0	464710373
738	449	0	0	0	464710380
739	447	0	0	0	464710388
740	447	0	0	0	464710395
740	447	0	0	0	464710403
741	447	0	0	0	464710410
742	449	0	0	0	464710418
743	451	0	0	0	464710425
744	455	0	0	0	464710433
746	458	0	0	0	464710440
747	462	0	0	0	464710448
748	466	0	0	0	464710455
749	469	0	0	0	464710463
751	471	0	0	0	464710470
752	474	0	0	0	464710478
754	474	0	0	0	464710485
755	475	0	0	0	464710493
12	21
770	437	0	0	0	464710613
769	438	0	0	0	464710621
767	441	0	0	0	464710628
766	443	0	0	0	464710636
765	446	0	0	0	464710643
763	450	0	0	0	464710651
761	454	0	0	0	464710658
758	458	0	0	0	464710666
756	461	0	0	0	464710673
752	465	0	0	0	464710681
750	466	0	0	0	464710688
747	468	0	0	0	464710696
95	3
280	525	0	0	0	464711364
279	525	0	0	0	464711372
279	525	0	0	0	464711379
279	525	0	0	0	464711387
279	525	0	0	0	464711394
280	525	0	0	0	464711402
282	525	0	0	0	464711409
285	525	0	0	0	464711417
288	524	0	0	0	464711424
293	523	0	0	0	464711432
298	523	0	0	0	464711439
304	522	0	0	0	464711447
311	522	0	0	0	464711454
319	522	0	0	0	464711462
327	521	0	0	0	464711469
336	521	0	0	0	464711477
345	521	0	0	0	464711485
354	521	0	0	0	464711492
364	521	0	0	0	464711500
374	521	0	0	0	464711507
383	521	0	0	0	464711515
392	521	0	0	0	464711522
402	521	0	0	0	464711530
411	521	0	0	0	464711537
419	521	0	0	0	464711545
428	522	0	0	0	464711552
436	522	0	0	0	464711560
444	523	0	0	0	464711567
453	523	0	0	0	464711575
460	524	0	0	0	464711582
468	524	0	0	0	464711590
476	524	0	0	0	464711597
483	524	0	0	0	464711605
491	524	0	0	0	464711612
498	523	0	0	0	464711620
505	522	0	0	0	464711627
512	522	0	0	0	464711635
519	521	0	0	0	464711642
525	520	0	0	0	464711650
531	520	0	0	0	464711657
537	520	0	0	0	464711665
542	521	0	0	0	464711672
547	521	0	0	0	464711680
551	521	0	0	0	464711688
555	522	0	0	0	464711695
559	522	0	0	0	464711703
562	522	0	0	0	464711710
565	522	0	0	0	464711718
568	521	0	0	0	464711725
570	521	0	0	0	464711733
572	520	0	0	0	464711740
574	520	0	0	0	464711748
576	519	0	0	0	464711755
578	519	0	0	0	464711763
579	519	0	0	0	464711770
581	518	0	0	0	464711778
583	518	0	0	0	464711785
585	518	0	0	0	464711793
586	518	0	0	0	464711800
588	517	0	0	0	464711808
591	517	0	0	0	464711815
593	517	0	0	0	464711823
595	516	0	0	0	464711830
598	516	0	0	0	464711838
601	516	0	0	0	464711845
604	516	0	0	0	464711853
606	516	0	0	0	464711860
609	516	0	0	0	464711868
612	516	0	0	0	464711875
614	517	0	0	0	464711883
616	517	0	0	0	464711891
618	517	0	0	0	464711898
620	518	0	0	0	464711906
621	518	0	0	0	464711913
622	518	0	0	0	464711921
623	518	0	0	0	464711928
625	518	0	0	0	464711936
626	518	0	0	0	464711943
628	517	0	0	0	464711951
629	517	0	0	0	464711958
630	517	0	0	0	464711966
632	517	0	0	0	464711973
633	517	0	0	0	464711981
634	516	0	0	0	464711988
635	516	0	0	0	464711996
635	516	0	0	0	464712003
636	515	0	0	0	464712011
636	515	0	0	0	464712018
636	514	0	0	0	464712026
636	514	0	0	0	464712033
636	514	0	0	0	464712041
635	514	0	0	0	464712048
635	514	0	0	0	464712056
634	513	0	0	0	464712063
634	513	0	0	0	464712071
18	25
233	511	0	0	0	464712615
233	511	0	0	0	464712623
233	511	0	0	0	464712630
233	511	0	0	0	464712638
233	512	0	0	0	464712645
233	514	0	0	0	464712653
234	516	0	0	0	464712660
234	519	0	0	0	464712668
235	523	0	0	0	464712675
236	527	0	0	0	464712683
237	532	0	0	0	464712690
238	536	0	0	0	464712698
238	540	0	0	0	464712705
239	543	0	0	0	464712713
239	545	0	0	0	464712720
240	546	0	0	0	464712728
240	546	0	0	0	464712735
240	546	0	0	0	464712743
19	26
225	513	0	0	0	464712811
225	510	0	0	0	464712818
224	509	0	0	0	464712826
224	507	0	0	0	464712833
225	505	0	0	0	464712841
226	504	0	0	0	464712848
228	503	0	0	0	464712856
230	503	0	0	0	464712863
233	502	0	0	0	464712871
236	502	0	0	0	464712878
239	502	0	0	0	464712886
242	502	0	0	0	464712893
244	503	0	0	0	464712901
247	504	0	0	0	464712908
249	505	0	0	0	464712916
251	506	0	0	0	464712923
252	506	0	0	0	464712931
252	507	0	0	0	464712938
252	507	0	0	0	464712946
14	25
237	522	0	0	0	464713035
237	523	0	0	0	464713043
237	523	0	0	0	464713050
238	523	0	0	0	464713058
239	523	0	0	0	464713065
241	523	0	0	0	464713073
243	523	0	0	0	464713080
245	523	0	0	0	464713088
248	523	0	0	0	464713095
250	523	0	0	0	464713103
252	524	0	0	0	464713110
254	524	0	0	0	464713118
254	524	0	0	0	464713125
255	525	0	0	0	464713133
12	25
234	544	0	0	0	464713222
234	544	0	0	0	464713230
235	545	0	0	0	464713237
236	544	0	0	0	464713245
238	543	0	0	0	464713252
240	543	0	0	0	464713260
242	542	0	0	0	464713267
245	541	0	0	0	464713275
248	540	0	0	0	464713282
250	539	0	0	0	464713290
253	537	0	0	0	464713297
255	535	0	0	0	464713305
20	29
241	474	0	0	0	464713537
241	474	0	0	0	464713545
240	474	0	0	0	464713552
240	474	0	0	0	464713560
240	474	0	0	0	464713567
240	474	0	0	0	464713575
241	474	0	0	0	464713582
242	474	0	0	0	464713590
243	474	0	0	0	464713597
245	474	0	0	0	464713605
247	473	0	0	0	464713612
250	473	0	0	0	464713620
253	473	0	0	0	464713627
256	472	0	0	0	464713635
259	472	0	0	0	464713642
262	472	0	0	0	464713650
265	472	0	0	0	464713657
267	472	0	0	0	464713665
270	471	0	0	0	464713672
271	471	0	0	0	464713680
24	30
211	487	0	0	0	464714015
211	487	0	0	0	464714023
210	488	0	0	0	464714031
210	488	0	0	0	464714038
210	488	0	0	0	464714046
209	487	0	0	0	464714053
209	487	0	0	0	464714061
209	486	0	0	0	464714068
209	484	0	0	0	464714076
208	482	0	0	0	464714083
208	480	0	0	0	464714091
208	478	0	0	0	464714098
208	475	0	0	0	464714106
207	473	0	0	0	464714113
207	470	0	0	0	464714121
206	467	0	0	0	464714128
205	465	0	0	0	464714136
205	463	0	0	0	464714143
204	461	0	0	0	464714151
203	459	0	0	0	464714158
203	458	0	0	0	464714166
203	458	0	0	0	464714173
202	457	0	0	0	464714181
202	457	0	0	0	464714188
30	30
202	457	0	0	0	464714196
202	456	0	0	0	464714203
202	456	0	0	0	464714211
203	456	0	0	0	464714218
204	456	0	0	0	464714226
205	456	0	0	0	464714234
207	456	0	0	0	464714241
209	457	0	0	0	464714249
211	457	0	0	0	464714256
214	459	0	0	0	464714264
216	460	0	0	0	464714271
219	461	0	0	0	464714279
221	463	0	0	0	464714286
223	465	0	0	0	464714294
225	467	0	0	0	464714301
227	469	0	0	0	464714309
228	471	0	0	0	464714316
228	473	0	0	0	464714324
227	476	0	0	0	464714331
226	478	0	0	0	464714339
225	480	0	0	0	464714346
223	481	0	0	0	464714354
220	483	0	0	0	464714361
218	484	0	0	0	464714369
215	484	0	0	0	464714376
212	484	0	0	0	464714384
210	483	0	0	0	464714391
208	482	0	0	0	464714399
208	480	0	0	0	464714406
207	479	0	0	0	464714414
16	3
237	431	0	0	0	464714630
238	432	0	0	0	464714638
239	433	0	0	0	464714645
241	433	0	0	0	464714653
242	434	0	0	0	464714660
245	434	0	0	0	464714668
248	434	0	0	0	464714675
252	434	0	0	0	464714683
255	434	0	0	0	464714690
258	434	0	0	0	464714698
261	434	0	0	0	464714705
264	434	0	0	0	464714713
266	433	0	0	0	464714720
269	433	0	0	0	464714728
270	433	0	0	0	464714735
272	432	0	0	0	464714743
26	33
213	425	0	0	0	464715101
213	424	0	0	0	464715109
212	424	0	0	0	464715116
212	424	0	0	0	464715124
211	424	0	0	0	464715131
209	425	0	0	0	464715139
208	426	0	0	0	464715146
206	428	0	0	0	464715154
205	430	0	0	0	464715161
203	433	0	0	0	464715169
201	435	0	0	0	464715176
200	438	0	0	0	464715184
199	440	0	0	0	464715191
198	442	0	0	0	464715199
197	444	0	0	0	464715206
197	445	0	0	0	464715214
197	445	0	0	0	464715221
199	445	0	0	0	464715229
200	445	0	0	0	464715236
202	445	0	0	0	464715244
205	444	0	0	0	464715251
208	444	0	0	0	464715259
211	443	0	0	0	464715266
214	443	0	0	0	464715274
217	441	0	0	0	464715281
219	441	0	0	0	464715289
14	0
238	352	0	0	0	464715676
239	352	0	0	0	464715684
241	352	0	0	0	464715691
242	353	0	0	0	464715699
244	353	0	0	0	464715706
247	353	0	0	0	464715714
250	354	0	0	0	464715721
254	354	0	0	0	464715729
258	354	0	0	0	464715736
262	354	0	0	0	464715744
265	354	0	0	0	464715751
268	353	0	0	0	464715759
271	353	0	0	0	464715766
273	352	0	0	0	464715774
73	35
196	370	0	0	0	464716108
196	369	0	0	0	464716115
196	368	0	0	0	464716123
196	367	0	0	0	464716130
196	366	0	0	0	464716138
196	364	0	0	0	464716145
196	362	0	0	0	464716153
195	359	0	0	0	464716160
195	357	0	0	0	464716168
194	354	0	0	0	464716175
194	352	0	0	0	464716183
193	349	0	0	0	464716190
193	347	0	0	0	464716198
193	345	0	0	0	464716205
193	343	0	0	0	464716213
193	342	0	0	0	464716220
193	341	0	0	0	464716228
193	341	0	0	0	464716235
193	339	0	0	0	464716243
193	339	0	0	0	464716250
194	339	0	0	0	464716258
195	338	0	0	0	464716266
196	338	0	0	0	464716273
197	338	0	0	0	464716281
199	338	0	0	0	464716288
201	338	0	0	0	464716296
204	338	0	0	0	464716303
206	338	0	0	0	464716311
208	339	0	0	0	464716318
210	339	0	0	0	464716326
211	340	0	0	0	464716333
213	340	0	0	0	464716341
214	341	0	0	0	464716348
214	341	0	0	0	464716356
214	342	0	0	0	464716363
214	342	0	0	0	464716371
214	343	0	0	0	464716378
213	344	0	0	0	464716386
212	344	0	0	0	464716393
210	345	0	0	0	464716401
209	346	0	0	0	464716408
207	346	0	0	0	464716416
206	347	0	0	0	464716423
205	348	0	0	0	464716431
204	348	0	0	0	464716438
204	348	0	0	0	464716446
204	349	0	0	0	464716453
204	349	0	0	0	464716461
205	350	0	0	0	464716469
206	350	0	0	0	464716476
207	351	0	0	0	464716484
209	351	0	0	0	464716491
211	351	0	0	0	464716499
213	352	0	0	0	464716506
214	353	0	0	0	464716514
216	354	0	0	0	464716521
217	355	0	0	0	464716529
218	356	0	0	0	464716536
218	358	0	0	0	464716544
218	360	0	0	0	464716551
217	361	0	0	0	464716559
215	363	0	0	0	464716566
213	365	0	0	0	464716574
211	366	0	0	0	464716581
208	367	0	0	0	464716589
205	368	0	0	0	464716596
202	368	0	0	0	464716604
200	368	0	0	0	464716611
197	367	0	0	0	464716619
195	366	0	0	0	464716626
194	364	0	0	0	464716634
193	362	0	0	0	464716641
193	359	0	0	0	464716649
13	36
244	303	0	0	0	464716856
245	304	0	0	0	464716863
246	304	0	0	0	464716871
248	305	0	0	0	464716878
250	306	0	0	0	464716886
252	306	0	0	0	464716893
254	306	0	0	0	464716901
257	306	0	0	0	464716908
259	307	0	0	0	464716916
261	307	0	0	0	464716923
263	307	0	0	0	464716931
265	306	0	0	0	464716938
268	306	0	0	0	464716946
18	38
202	290	0	0	0	464717255
202	289	0	0	0	464717263
202	288	0	0	0	464717270
202	288	0	0	0	464717278
202	288	0	0	0	464717285
201	289	0	0	0	464717293
200	292	0	0	0	464717300
199	294	0	0	0	464717308
197	297	0	0	0	464717315
196	301	0	0	0	464717323
195	305	0	0	0	464717330
193	309	0	0	0	464717338
192	313	0	0	0	464717345
192	316	0	0	0	464717353
191	319	0	0	0	464717360
191	321	0	0	0	464717368
190	322	0	0	0	464717375
190	322	0	0	0	464717383
18	38
206	282	0	0	0	464717474
207	281	0	0	0	464717482
207	280	0	0	0	464717489
207	280	0	0	0	464717497
208	281	0	0	0	464717504
208	283	0	0	0	464717512
209	286	0	0	0	464717519
209	289	0	0	0	464717527
210	293	0	0	0	464717534
211	297	0	0	0	464717542
212	302	0	0	0	464717549
212	307	0	0	0	464717557
213	311	0	0	0	464717564
213	315	0	0	0	464717572
213	318	0	0	0	464717579
213	321	0	0	0	464717587
213	322	0	0	0	464717594
213	322	0	0	0	464717602
12	38
200	307	0	0	0	464717675
200	307	0	0	0	464717683
200	307	0	0	0	464717690
201	307	0	0	0	464717698
204	308	0	0	0	464717705
206	308	0	0	0	464717713
210	308	0	0	0	464717720
215	307	0	0	0	464717728
220	306	0	0	0	464717735
225	304	0	0	0	464717743
230	302	0	0	0	464717750
235	301	0	0	0	464717758
