53
22	0
213	396	0	0	0	558626319
213	396	0	0	0	558626327
213	396	0	0	0	558626334
212	397	0	0	0	558626342
212	398	0	0	0	558626349
211	400	0	0	0	558626357
210	403	0	0	0	558626364
209	406	0	0	0	558626372
208	410	0	0	0	558626379
207	415	0	0	0	558626387
205	421	0	0	0	558626394
203	427	0	0	0	558626402
201	433	0	0	0	558626409
199	439	0	0	0	558626417
197	445	0	0	0	558626424
195	449	0	0	0	558626432
194	453	0	0	0	558626439
192	456	0	0	0	558626447
191	458	0	0	0	558626454
191	458	0	0	0	558626462
190	459	0	0	0	558626469
191	457	0	0	0	558626477
18	0
213	399	0	0	0	558626583
215	398	0	0	0	558626591
215	399	0	0	0	558626598
217	400	0	0	0	558626606
218	402	0	0	0	558626613
219	405	0	0	0	558626621
220	409	0	0	0	558626628
221	414	0	0	0	558626636
222	419	0	0	0	558626643
223	425	0	0	0	558626651
224	431	0	0	0	558626658
224	437	0	0	0	558626666
225	442	0	0	0	558626673
225	447	0	0	0	558626681
226	451	0	0	0	558626688
226	454	0	0	0	558626696
226	456	0	0	0	558626703
226	457	0	0	0	558626711
13	0
194	435	0	0	0	558626840
195	436	0	0	0	558626847
196	436	0	0	0	558626855
198	436	0	0	0	558626862
200	436	0	0	0	558626870
203	436	0	0	0	558626877
206	436	0	0	0	558626885
210	436	0	0	0	558626892
214	436	0	0	0	558626900
218	436	0	0	0	558626907
221	436	0	0	0	558626915
225	435	0	0	0	558626922
228	436	0	0	0	558626930
87	4
251	425	0	0	0	558628205
249	425	0	0	0	558628213
249	425	0	0	0	558628220
248	425	0	0	0	558628228
248	425	0	0	0	558628235
248	425	0	0	0	558628243
247	425	0	0	0	558628250
247	425	0	0	0	558628258
247	425	0	0	0	558628266
248	424	0	0	0	558628273
248	424	0	0	0	558628281
249	425	0	0	0	558628288
249	425	0	0	0	558628296
251	425	0	0	0	558628303
252	425	0	0	0	558628311
254	425	0	0	0	558628318
255	425	0	0	0	558628326
257	425	0	0	0	558628333
259	425	0	0	0	558628341
261	425	0	0	0	558628348
262	424	0	0	0	558628356
264	424	0	0	0	558628363
266	423	0	0	0	558628371
268	423	0	0	0	558628378
270	423	0	0	0	558628386
272	423	0	0	0	558628393
275	422	0	0	0	558628401
277	422	0	0	0	558628408
279	422	0	0	0	558628416
282	422	0	0	0	558628423
284	422	0	0	0	558628431
287	422	0	0	0	558628438
290	422	0	0	0	558628446
293	422	0	0	0	558628453
296	422	0	0	0	558628461
300	422	0	0	0	558628469
303	422	0	0	0	558628476
307	422	0	0	0	558628484
310	422	0	0	0	558628491
314	423	0	0	0	558628499
318	423	0	0	0	558628506
321	423	0	0	0	558628514
325	423	0	0	0	558628521
329	423	0	0	0	558628529
332	423	0	0	0	558628536
336	422	0	0	0	558628544
340	422	0	0	0	558628551
344	421	0	0	0	558628559
348	420	0	0	0	558628566
353	419	0	0	0	558628574
357	417	0	0	0	558628581
361	416	0	0	0	558628589
365	415	0	0	0	558628596
369	414	0	0	0	558628604
373	414	0	0	0	558628611
376	413	0	0	0	558628619
379	413	0	0	0	558628626
382	413	0	0	0	558628634
385	413	0	0	0	558628641
387	414	0	0	0	558628649
390	414	0	0	0	558628656
392	414	0	0	0	558628664
394	414	0	0	0	558628672
397	415	0	0	0	558628679
399	415	0	0	0	558628687
402	415	0	0	0	558628694
404	415	0	0	0	558628702
407	415	0	0	0	558628709
409	415	0	0	0	558628717
412	415	0	0	0	558628724
414	415	0	0	0	558628732
416	414	0	0	0	558628739
418	414	0	0	0	558628747
420	414	0	0	0	558628754
422	414	0	0	0	558628762
423	413	0	0	0	558628769
425	413	0	0	0	558628777
426	413	0	0	0	558628784
427	413	0	0	0	558628792
428	413	0	0	0	558628799
429	412	0	0	0	558628807
429	412	0	0	0	558628814
429	412	0	0	0	558628822
429	412	0	0	0	558628829
429	412	0	0	0	558628837
429	412	0	0	0	558628844
429	412	0	0	0	558628852
29	4
431	383	0	0	0	558629360
431	381	0	0	0	558629368
431	381	0	0	0	558629375
431	381	0	0	0	558629383
432	382	0	0	0	558629391
432	384	0	0	0	558629398
433	385	0	0	0	558629406
433	388	0	0	0	558629413
434	391	0	0	0	558629421
435	395	0	0	0	558629428
436	400	0	0	0	558629436
436	407	0	0	0	558629443
437	413	0	0	0	558629451
438	420	0	0	0	558629458
438	428	0	0	0	558629466
438	435	0	0	0	558629473
439	442	0	0	0	558629481
439	447	0	0	0	558629488
440	452	0	0	0	558629496
440	456	0	0	0	558629503
440	459	0	0	0	558629511
440	460	0	0	0	558629518
440	460	0	0	0	558629526
440	460	0	0	0	558629533
440	460	0	0	0	558629541
440	458	0	0	0	558629548
440	456	0	0	0	558629556
440	453	0	0	0	558629563
440	449	0	0	0	558629571
40	4
443	372	0	0	0	558629746
442	372	0	0	0	558629753
442	372	0	0	0	558629761
441	373	0	0	0	558629768
441	373	0	0	0	558629776
442	374	0	0	0	558629783
443	374	0	0	0	558629791
445	375	0	0	0	558629798
448	376	0	0	0	558629806
451	377	0	0	0	558629813
455	379	0	0	0	558629821
460	380	0	0	0	558629828
465	382	0	0	0	558629836
470	384	0	0	0	558629843
476	387	0	0	0	558629851
481	390	0	0	0	558629859
486	394	0	0	0	558629866
490	398	0	0	0	558629874
494	403	0	0	0	558629881
496	407	0	0	0	558629889
498	412	0	0	0	558629896
498	418	0	0	0	558629904
497	424	0	0	0	558629911
495	429	0	0	0	558629919
492	435	0	0	0	558629926
489	440	0	0	0	558629934
484	444	0	0	0	558629941
479	449	0	0	0	558629949
473	452	0	0	0	558629956
468	455	0	0	0	558629964
463	456	0	0	0	558629971
458	457	0	0	0	558629979
454	457	0	0	0	558629986
451	458	0	0	0	558629994
448	457	0	0	0	558630001
446	457	0	0	0	558630009
445	456	0	0	0	558630016
444	456	0	0	0	558630024
444	455	0	0	0	558630031
445	453	0	0	0	558630039
36	6
530	405	0	0	0	558630292
529	405	0	0	0	558630299
528	404	0	0	0	558630307
526	404	0	0	0	558630314
524	404	0	0	0	558630322
522	404	0	0	0	558630329
520	405	0	0	0	558630337
517	406	0	0	0	558630344
514	407	0	0	0	558630352
511	409	0	0	0	558630359
509	411	0	0	0	558630367
507	412	0	0	0	558630375
506	415	0	0	0	558630382
505	417	0	0	0	558630390
505	419	0	0	0	558630397
506	420	0	0	0	558630405
507	422	0	0	0	558630412
509	423	0	0	0	558630420
511	423	0	0	0	558630427
514	423	0	0	0	558630435
517	423	0	0	0	558630442
520	422	0	0	0	558630450
523	421	0	0	0	558630457
527	419	0	0	0	558630465
530	418	0	0	0	558630472
532	416	0	0	0	558630480
534	415	0	0	0	558630487
535	414	0	0	0	558630495
536	412	0	0	0	558630502
535	411	0	0	0	558630510
534	410	0	0	0	558630517
532	409	0	0	0	558630525
529	409	0	0	0	558630532
526	408	0	0	0	558630540
523	407	0	0	0	558630547
519	407	0	0	0	558630555
51	4
288	426	0	0	0	558631399
288	426	0	0	0	558631407
288	426	0	0	0	558631414
288	426	0	0	0	558631422
288	426	0	0	0	558631429
288	426	0	0	0	558631437
288	426	0	0	0	558631444
288	426	0	0	0	558631452
288	426	0	0	0	558631459
288	426	0	0	0	558631467
288	426	0	0	0	558631474
287	427	0	0	0	558631482
287	427	0	0	0	558631489
287	428	0	0	0	558631497
287	429	0	0	0	558631504
287	430	0	0	0	558631512
287	431	0	0	0	558631519
287	433	0	0	0	558631527
287	434	0	0	0	558631534
287	435	0	0	0	558631542
287	437	0	0	0	558631549
287	438	0	0	0	558631557
287	440	0	0	0	558631564
287	442	0	0	0	558631572
287	444	0	0	0	558631579
287	446	0	0	0	558631587
287	448	0	0	0	558631594
287	451	0	0	0	558631602
287	453	0	0	0	558631610
287	455	0	0	0	558631617
287	458	0	0	0	558631625
288	460	0	0	0	558631632
288	462	0	0	0	558631640
288	464	0	0	0	558631647
289	465	0	0	0	558631655
289	467	0	0	0	558631662
289	468	0	0	0	558631670
289	469	0	0	0	558631677
289	470	0	0	0	558631685
290	472	0	0	0	558631692
290	473	0	0	0	558631700
290	474	0	0	0	558631707
290	474	0	0	0	558631715
290	475	0	0	0	558631722
290	475	0	0	0	558631730
290	476	0	0	0	558631737
290	476	0	0	0	558631745
290	476	0	0	0	558631752
290	476	0	0	0	558631760
290	477	0	0	0	558631767
290	477	0	0	0	558631775
56	4
290	477	0	0	0	558631782
290	477	0	0	0	558631790
290	477	0	0	0	558631797
290	477	0	0	0	558631805
290	477	0	0	0	558631813
290	476	0	0	0	558631820
290	476	0	0	0	558631828
291	476	0	0	0	558631835
291	476	0	0	0	558631843
291	475	0	0	0	558631850
291	475	0	0	0	558631858
291	475	0	0	0	558631865
292	474	0	0	0	558631873
292	474	0	0	0	558631880
293	474	0	0	0	558631888
294	473	0	0	0	558631895
295	473	0	0	0	558631903
296	473	0	0	0	558631910
297	473	0	0	0	558631918
299	473	0	0	0	558631925
300	473	0	0	0	558631933
302	473	0	0	0	558631940
304	473	0	0	0	558631948
306	473	0	0	0	558631955
307	473	0	0	0	558631963
309	473	0	0	0	558631970
311	473	0	0	0	558631978
313	472	0	0	0	558631985
314	472	0	0	0	558631993
316	472	0	0	0	558632000
317	471	0	0	0	558632008
318	471	0	0	0	558632016
319	471	0	0	0	558632023
320	470	0	0	0	558632031
320	470	0	0	0	558632038
321	470	0	0	0	558632046
321	470	0	0	0	558632053
321	470	0	0	0	558632061
321	470	0	0	0	558632068
321	470	0	0	0	558632076
321	470	0	0	0	558632083
321	470	0	0	0	558632091
321	470	0	0	0	558632098
321	470	0	0	0	558632106
321	470	0	0	0	558632113
321	471	0	0	0	558632121
321	471	0	0	0	558632128
321	471	0	0	0	558632136
321	471	0	0	0	558632143
319	472	0	0	0	558632151
319	472	0	0	0	558632158
319	472	0	0	0	558632166
319	472	0	0	0	558632173
319	472	0	0	0	558632181
319	472	0	0	0	558632188
319	472	0	0	0	558632196
35	4
323	451	0	0	0	558632643
323	451	0	0	0	558632651
323	451	0	0	0	558632658
323	453	0	0	0	558632666
323	453	0	0	0	558632673
323	454	0	0	0	558632681
323	455	0	0	0	558632688
323	457	0	0	0	558632696
323	459	0	0	0	558632703
323	462	0	0	0	558632711
323	464	0	0	0	558632719
323	467	0	0	0	558632726
323	471	0	0	0	558632734
323	474	0	0	0	558632741
323	478	0	0	0	558632749
323	481	0	0	0	558632756
323	485	0	0	0	558632764
323	488	0	0	0	558632771
323	491	0	0	0	558632779
323	493	0	0	0	558632786
324	495	0	0	0	558632794
324	496	0	0	0	558632801
324	497	0	0	0	558632809
324	497	0	0	0	558632816
324	498	0	0	0	558632824
324	498	0	0	0	558632831
324	498	0	0	0	558632839
324	498	0	0	0	558632846
324	497	0	0	0	558632854
325	496	0	0	0	558632861
325	495	0	0	0	558632869
324	494	0	0	0	558632876
325	492	0	0	0	558632884
324	490	0	0	0	558632891
325	488	0	0	0	558632899
37	4
323	454	0	0	0	558633065
323	454	0	0	0	558633073
323	454	0	0	0	558633080
323	454	0	0	0	558633088
323	454	0	0	0	558633095
324	454	0	0	0	558633103
326	454	0	0	0	558633110
327	454	0	0	0	558633118
328	454	0	0	0	558633125
329	454	0	0	0	558633133
331	454	0	0	0	558633140
333	454	0	0	0	558633148
334	454	0	0	0	558633156
336	454	0	0	0	558633163
338	454	0	0	0	558633171
339	454	0	0	0	558633178
341	454	0	0	0	558633186
343	454	0	0	0	558633193
344	454	0	0	0	558633201
345	454	0	0	0	558633208
347	454	0	0	0	558633216
348	454	0	0	0	558633223
348	454	0	0	0	558633231
349	454	0	0	0	558633238
349	454	0	0	0	558633246
349	454	0	0	0	558633253
349	454	0	0	0	558633261
349	454	0	0	0	558633268
349	454	0	0	0	558633276
349	454	0	0	0	558633283
349	454	0	0	0	558633291
349	454	0	0	0	558633298
349	454	0	0	0	558633306
348	455	0	0	0	558633313
348	455	0	0	0	558633321
347	455	0	0	0	558633328
347	455	0	0	0	558633336
32	4
323	490	0	0	0	558633572
322	491	0	0	0	558633579
322	491	0	0	0	558633587
322	491	0	0	0	558633594
323	491	0	0	0	558633602
324	491	0	0	0	558633609
325	491	0	0	0	558633617
327	491	0	0	0	558633625
328	491	0	0	0	558633632
329	491	0	0	0	558633640
331	491	0	0	0	558633647
333	491	0	0	0	558633655
335	491	0	0	0	558633662
338	491	0	0	0	558633670
340	491	0	0	0	558633677
342	491	0	0	0	558633685
345	490	0	0	0	558633692
347	490	0	0	0	558633700
348	490	0	0	0	558633707
350	489	0	0	0	558633715
352	488	0	0	0	558633722
353	488	0	0	0	558633730
354	487	0	0	0	558633737
354	487	0	0	0	558633745
354	486	0	0	0	558633752
354	486	0	0	0	558633760
354	486	0	0	0	558633767
354	486	0	0	0	558633775
353	485	0	0	0	558633782
353	485	0	0	0	558633790
351	485	0	0	0	558633797
351	485	0	0	0	558633805
38	4
350	440	0	0	0	558634215
350	440	0	0	0	558634222
350	440	0	0	0	558634230
349	439	0	0	0	558634237
349	439	0	0	0	558634245
349	439	0	0	0	558634252
349	439	0	0	0	558634260
350	440	0	0	0	558634267
350	442	0	0	0	558634275
351	443	0	0	0	558634282
351	446	0	0	0	558634290
351	448	0	0	0	558634297
352	452	0	0	0	558634305
352	456	0	0	0	558634313
352	460	0	0	0	558634320
353	465	0	0	0	558634328
353	470	0	0	0	558634335
354	475	0	0	0	558634343
354	480	0	0	0	558634350
354	484	0	0	0	558634358
354	488	0	0	0	558634365
354	491	0	0	0	558634373
354	495	0	0	0	558634380
354	497	0	0	0	558634388
354	499	0	0	0	558634395
354	500	0	0	0	558634403
354	501	0	0	0	558634410
354	501	0	0	0	558634418
354	502	0	0	0	558634425
354	502	0	0	0	558634433
354	502	0	0	0	558634440
354	501	0	0	0	558634448
354	499	0	0	0	558634455
354	499	0	0	0	558634463
355	497	0	0	0	558634470
355	496	0	0	0	558634478
356	494	0	0	0	558634485
357	492	0	0	0	558634493
49	4
349	440	0	0	0	558634694
349	439	0	0	0	558634702
349	439	0	0	0	558634709
348	438	0	0	0	558634717
348	438	0	0	0	558634724
348	437	0	0	0	558634732
348	437	0	0	0	558634739
348	437	0	0	0	558634747
349	437	0	0	0	558634754
350	437	0	0	0	558634762
352	437	0	0	0	558634769
354	437	0	0	0	558634777
356	438	0	0	0	558634784
358	439	0	0	0	558634792
361	441	0	0	0	558634799
364	442	0	0	0	558634807
367	444	0	0	0	558634814
369	446	0	0	0	558634822
371	448	0	0	0	558634829
373	450	0	0	0	558634837
375	452	0	0	0	558634844
377	455	0	0	0	558634852
378	457	0	0	0	558634859
379	460	0	0	0	558634867
379	463	0	0	0	558634875
380	467	0	0	0	558634882
380	470	0	0	0	558634890
380	474	0	0	0	558634897
379	477	0	0	0	558634905
379	480	0	0	0	558634912
378	483	0	0	0	558634920
377	485	0	0	0	558634927
376	488	0	0	0	558634935
374	490	0	0	0	558634942
372	492	0	0	0	558634950
371	494	0	0	0	558634957
369	495	0	0	0	558634965
367	497	0	0	0	558634972
365	499	0	0	0	558634980
362	500	0	0	0	558634987
361	500	0	0	0	558634995
359	501	0	0	0	558635002
358	501	0	0	0	558635010
356	501	0	0	0	558635017
355	501	0	0	0	558635025
355	501	0	0	0	558635032
354	499	0	0	0	558635040
354	498	0	0	0	558635047
355	497	0	0	0	558635055
59	4
391	462	0	0	0	558635416
391	462	0	0	0	558635423
391	462	0	0	0	558635431
391	462	0	0	0	558635438
391	462	0	0	0	558635446
391	462	0	0	0	558635453
391	462	0	0	0	558635461
390	461	0	0	0	558635469
390	461	0	0	0	558635476
389	462	0	0	0	558635484
389	462	0	0	0	558635491
388	462	0	0	0	558635499
388	462	0	0	0	558635506
386	464	0	0	0	558635514
386	465	0	0	0	558635521
385	466	0	0	0	558635529
384	467	0	0	0	558635536
384	468	0	0	0	558635544
383	469	0	0	0	558635551
383	470	0	0	0	558635559
383	471	0	0	0	558635566
383	472	0	0	0	558635574
383	472	0	0	0	558635581
384	473	0	0	0	558635589
384	473	0	0	0	558635596
385	474	0	0	0	558635604
386	474	0	0	0	558635611
387	474	0	0	0	558635619
388	474	0	0	0	558635626
389	474	0	0	0	558635634
390	474	0	0	0	558635641
391	473	0	0	0	558635649
392	472	0	0	0	558635656
393	472	0	0	0	558635664
394	471	0	0	0	558635672
394	471	0	0	0	558635679
395	470	0	0	0	558635687
396	469	0	0	0	558635694
396	469	0	0	0	558635702
396	468	0	0	0	558635709
396	468	0	0	0	558635717
396	466	0	0	0	558635724
396	466	0	0	0	558635732
396	465	0	0	0	558635739
395	464	0	0	0	558635747
395	463	0	0	0	558635754
394	462	0	0	0	558635762
394	461	0	0	0	558635769
394	461	0	0	0	558635777
393	460	0	0	0	558635784
393	460	0	0	0	558635792
393	460	0	0	0	558635799
392	460	0	0	0	558635807
392	460	0	0	0	558635814
392	460	0	0	0	558635822
391	460	0	0	0	558635829
391	460	0	0	0	558635837
391	460	0	0	0	558635844
391	460	0	0	0	558635852
24	15
209	639	0	0	0	558638299
209	639	0	0	0	558638307
209	639	0	0	0	558638314
209	639	0	0	0	558638322
209	639	0	0	0	558638329
209	639	0	0	0	558638337
208	638	0	0	0	558638344
207	636	0	0	0	558638352
207	634	0	0	0	558638360
207	632	0	0	0	558638367
206	629	0	0	0	558638375
206	626	0	0	0	558638382
205	622	0	0	0	558638390
205	619	0	0	0	558638397
205	615	0	0	0	558638405
204	611	0	0	0	558638412
204	607	0	0	0	558638420
204	603	0	0	0	558638427
203	600	0	0	0	558638435
203	598	0	0	0	558638442
203	596	0	0	0	558638450
202	594	0	0	0	558638457
202	593	0	0	0	558638465
202	593	0	0	0	558638472
18	15
202	592	0	0	0	558638480
202	592	0	0	0	558638487
202	592	0	0	0	558638495
202	592	0	0	0	558638502
203	593	0	0	0	558638510
204	593	0	0	0	558638517
205	594	0	0	0	558638525
207	594	0	0	0	558638532
209	595	0	0	0	558638540
211	595	0	0	0	558638547
213	596	0	0	0	558638555
215	596	0	0	0	558638563
218	596	0	0	0	558638570
220	597	0	0	0	558638578
222	597	0	0	0	558638585
224	597	0	0	0	558638593
226	598	0	0	0	558638600
227	598	0	0	0	558638608
12	15
227	599	0	0	0	558638615
227	601	0	0	0	558638623
227	602	0	0	0	558638630
226	604	0	0	0	558638638
225	606	0	0	0	558638645
224	607	0	0	0	558638653
223	609	0	0	0	558638660
221	611	0	0	0	558638668
220	613	0	0	0	558638675
219	615	0	0	0	558638683
218	616	0	0	0	558638690
217	617	0	0	0	558638698
33	15
217	618	0	0	0	558638705
217	618	0	0	0	558638713
219	619	0	0	0	558638720
220	619	0	0	0	558638728
222	619	0	0	0	558638735
224	619	0	0	0	558638743
226	619	0	0	0	558638750
229	619	0	0	0	558638758
232	619	0	0	0	558638766
235	619	0	0	0	558638773
238	620	0	0	0	558638781
241	621	0	0	0	558638788
243	622	0	0	0	558638796
245	624	0	0	0	558638803
246	626	0	0	0	558638811
246	628	0	0	0	558638818
246	630	0	0	0	558638826
245	633	0	0	0	558638833
243	636	0	0	0	558638841
241	638	0	0	0	558638848
238	641	0	0	0	558638856
235	643	0	0	0	558638863
231	644	0	0	0	558638871
227	645	0	0	0	558638878
223	646	0	0	0	558638886
220	646	0	0	0	558638893
217	646	0	0	0	558638901
214	645	0	0	0	558638908
212	644	0	0	0	558638916
211	644	0	0	0	558638923
211	642	0	0	0	558638931
211	641	0	0	0	558638938
211	640	0	0	0	558638946
62	4
263	617	0	0	0	558641627
263	617	0	0	0	558641635
263	617	0	0	0	558641642
264	616	0	0	0	558641650
264	616	0	0	0	558641657
264	616	0	0	0	558641665
265	615	0	0	0	558641672
266	615	0	0	0	558641680
267	614	0	0	0	558641687
269	614	0	0	0	558641695
271	614	0	0	0	558641703
274	614	0	0	0	558641710
278	614	0	0	0	558641718
283	614	0	0	0	558641725
289	614	0	0	0	558641733
295	614	0	0	0	558641740
302	615	0	0	0	558641748
309	616	0	0	0	558641755
316	617	0	0	0	558641763
324	618	0	0	0	558641770
332	619	0	0	0	558641778
339	620	0	0	0	558641785
346	620	0	0	0	558641793
353	621	0	0	0	558641800
361	621	0	0	0	558641808
368	621	0	0	0	558641815
375	621	0	0	0	558641823
382	621	0	0	0	558641830
388	620	0	0	0	558641838
395	619	0	0	0	558641845
402	618	0	0	0	558641853
408	617	0	0	0	558641860
414	616	0	0	0	558641868
419	615	0	0	0	558641875
425	615	0	0	0	558641883
429	614	0	0	0	558641890
434	614	0	0	0	558641898
437	614	0	0	0	558641906
440	614	0	0	0	558641913
443	615	0	0	0	558641921
446	615	0	0	0	558641928
448	615	0	0	0	558641936
450	615	0	0	0	558641943
452	615	0	0	0	558641951
454	615	0	0	0	558641958
456	615	0	0	0	558641966
457	615	0	0	0	558641973
459	614	0	0	0	558641981
461	614	0	0	0	558641988
462	614	0	0	0	558641996
464	613	0	0	0	558642003
465	613	0	0	0	558642011
466	613	0	0	0	558642018
466	613	0	0	0	558642026
467	613	0	0	0	558642033
467	613	0	0	0	558642041
467	613	0	0	0	558642048
468	612	0	0	0	558642056
468	612	0	0	0	558642063
468	612	0	0	0	558642071
467	612	0	0	0	558642078
467	612	0	0	0	558642086
32	4
466	588	0	0	0	558642588
466	588	0	0	0	558642595
465	587	0	0	0	558642603
465	587	0	0	0	558642610
465	587	0	0	0	558642618
465	587	0	0	0	558642625
465	587	0	0	0	558642633
465	589	0	0	0	558642641
464	591	0	0	0	558642648
465	595	0	0	0	558642656
465	599	0	0	0	558642663
465	605	0	0	0	558642671
466	611	0	0	0	558642678
467	618	0	0	0	558642686
468	625	0	0	0	558642693
469	633	0	0	0	558642701
470	640	0	0	0	558642708
471	646	0	0	0	558642716
471	652	0	0	0	558642723
472	658	0	0	0	558642731
473	662	0	0	0	558642738
473	666	0	0	0	558642746
473	669	0	0	0	558642753
473	671	0	0	0	558642761
474	672	0	0	0	558642768
474	673	0	0	0	558642776
474	673	0	0	0	558642783
474	673	0	0	0	558642791
474	673	0	0	0	558642798
474	671	0	0	0	558642806
474	669	0	0	0	558642813
474	665	0	0	0	558642821
44	4
464	582	0	0	0	558642982
464	581	0	0	0	558642989
464	581	0	0	0	558642997
464	580	0	0	0	558643004
464	579	0	0	0	558643012
465	579	0	0	0	558643019
467	579	0	0	0	558643027
469	580	0	0	0	558643034
472	580	0	0	0	558643042
476	581	0	0	0	558643049
480	581	0	0	0	558643057
485	583	0	0	0	558643064
490	585	0	0	0	558643072
494	587	0	0	0	558643079
500	589	0	0	0	558643087
505	592	0	0	0	558643094
509	595	0	0	0	558643102
513	598	0	0	0	558643109
517	602	0	0	0	558643117
520	606	0	0	0	558643125
522	610	0	0	0	558643132
523	614	0	0	0	558643140
523	619	0	0	0	558643147
523	625	0	0	0	558643155
521	630	0	0	0	558643162
519	635	0	0	0	558643170
517	640	0	0	0	558643177
514	645	0	0	0	558643185
511	649	0	0	0	558643192
507	654	0	0	0	558643200
504	657	0	0	0	558643207
501	660	0	0	0	558643215
497	663	0	0	0	558643222
494	665	0	0	0	558643230
492	666	0	0	0	558643237
489	667	0	0	0	558643245
487	667	0	0	0	558643252
485	667	0	0	0	558643260
484	667	0	0	0	558643267
483	666	0	0	0	558643275
482	665	0	0	0	558643282
482	664	0	0	0	558643290
482	662	0	0	0	558643297
483	660	0	0	0	558643305
40	4
544	603	0	0	0	558643590
543	603	0	0	0	558643597
542	603	0	0	0	558643605
540	604	0	0	0	558643612
539	605	0	0	0	558643620
536	607	0	0	0	558643627
534	608	0	0	0	558643635
532	610	0	0	0	558643642
531	612	0	0	0	558643650
529	615	0	0	0	558643657
528	617	0	0	0	558643665
527	620	0	0	0	558643672
527	622	0	0	0	558643680
528	624	0	0	0	558643687
529	625	0	0	0	558643695
530	627	0	0	0	558643703
532	627	0	0	0	558643710
534	627	0	0	0	558643718
536	627	0	0	0	558643725
538	626	0	0	0	558643733
541	624	0	0	0	558643740
543	622	0	0	0	558643748
545	621	0	0	0	558643755
547	619	0	0	0	558643763
548	617	0	0	0	558643770
550	615	0	0	0	558643778
550	613	0	0	0	558643785
550	612	0	0	0	558643793
551	611	0	0	0	558643800
550	610	0	0	0	558643808
550	610	0	0	0	558643815
549	609	0	0	0	558643823
547	609	0	0	0	558643830
546	608	0	0	0	558643838
545	609	0	0	0	558643845
543	609	0	0	0	558643853
542	609	0	0	0	558643860
540	610	0	0	0	558643868
539	610	0	0	0	558643875
537	610	0	0	0	558643883
37	4
305	618	0	0	0	558645616
305	618	0	0	0	558645624
305	618	0	0	0	558645631
305	618	0	0	0	558645639
305	618	0	0	0	558645646
304	618	0	0	0	558645654
304	618	0	0	0	558645661
303	619	0	0	0	558645669
303	620	0	0	0	558645676
303	622	0	0	0	558645684
303	624	0	0	0	558645691
303	627	0	0	0	558645699
303	629	0	0	0	558645706
303	633	0	0	0	558645714
302	636	0	0	0	558645721
302	641	0	0	0	558645729
301	645	0	0	0	558645736
301	649	0	0	0	558645744
301	654	0	0	0	558645751
300	658	0	0	0	558645759
300	662	0	0	0	558645766
300	666	0	0	0	558645774
300	669	0	0	0	558645781
300	672	0	0	0	558645789
300	674	0	0	0	558645797
300	676	0	0	0	558645804
301	678	0	0	0	558645812
301	679	0	0	0	558645819
301	680	0	0	0	558645827
301	680	0	0	0	558645834
301	681	0	0	0	558645842
301	681	0	0	0	558645849
301	681	0	0	0	558645857
301	681	0	0	0	558645864
301	681	0	0	0	558645872
301	681	0	0	0	558645879
301	681	0	0	0	558645887
39	4
301	681	0	0	0	558645894
301	681	0	0	0	558645902
301	681	0	0	0	558645909
301	681	0	0	0	558645917
301	681	0	0	0	558645924
301	681	0	0	0	558645932
302	681	0	0	0	558645939
302	681	0	0	0	558645947
303	680	0	0	0	558645954
304	680	0	0	0	558645962
304	680	0	0	0	558645969
306	680	0	0	0	558645977
307	679	0	0	0	558645984
309	679	0	0	0	558645992
310	679	0	0	0	558646000
312	678	0	0	0	558646007
314	678	0	0	0	558646015
315	678	0	0	0	558646022
317	678	0	0	0	558646030
319	677	0	0	0	558646037
320	677	0	0	0	558646045
322	676	0	0	0	558646052
323	676	0	0	0	558646060
324	675	0	0	0	558646067
324	675	0	0	0	558646075
325	675	0	0	0	558646082
325	675	0	0	0	558646090
325	675	0	0	0	558646097
325	675	0	0	0	558646105
325	675	0	0	0	558646112
325	675	0	0	0	558646120
325	675	0	0	0	558646127
325	675	0	0	0	558646135
324	676	0	0	0	558646142
324	676	0	0	0	558646150
324	676	0	0	0	558646157
324	675	0	0	0	558646165
325	674	0	0	0	558646172
325	674	0	0	0	558646180
37	4
329	655	0	0	0	558646440
329	655	0	0	0	558646448
329	655	0	0	0	558646455
329	655	0	0	0	558646463
329	656	0	0	0	558646470
329	657	0	0	0	558646478
328	658	0	0	0	558646485
328	660	0	0	0	558646493
328	662	0	0	0	558646500
328	664	0	0	0	558646508
327	668	0	0	0	558646515
327	671	0	0	0	558646523
327	674	0	0	0	558646531
327	678	0	0	0	558646538
327	681	0	0	0	558646546
327	685	0	0	0	558646553
327	688	0	0	0	558646561
327	691	0	0	0	558646568
327	693	0	0	0	558646576
327	696	0	0	0	558646583
327	697	0	0	0	558646591
327	699	0	0	0	558646598
328	700	0	0	0	558646606
328	701	0	0	0	558646613
328	701	0	0	0	558646621
329	702	0	0	0	558646628
329	702	0	0	0	558646636
330	702	0	0	0	558646643
330	702	0	0	0	558646651
330	702	0	0	0	558646658
331	700	0	0	0	558646666
331	700	0	0	0	558646673
330	699	0	0	0	558646681
331	698	0	0	0	558646688
331	696	0	0	0	558646696
331	695	0	0	0	558646703
331	693	0	0	0	558646711
33	4
329	655	0	0	0	558646908
329	655	0	0	0	558646916
329	655	0	0	0	558646923
329	655	0	0	0	558646931
329	655	0	0	0	558646938
329	655	0	0	0	558646946
329	655	0	0	0	558646953
331	656	0	0	0	558646961
332	656	0	0	0	558646969
334	656	0	0	0	558646976
336	656	0	0	0	558646984
338	656	0	0	0	558646991
340	656	0	0	0	558646999
342	656	0	0	0	558647006
344	656	0	0	0	558647014
346	656	0	0	0	558647021
348	656	0	0	0	558647029
350	656	0	0	0	558647036
351	656	0	0	0	558647044
353	656	0	0	0	558647051
354	656	0	0	0	558647059
354	656	0	0	0	558647066
354	656	0	0	0	558647074
354	656	0	0	0	558647081
355	656	0	0	0	558647089
355	656	0	0	0	558647096
355	656	0	0	0	558647104
353	655	0	0	0	558647111
353	655	0	0	0	558647119
353	655	0	0	0	558647126
353	655	0	0	0	558647134
352	656	0	0	0	558647141
352	656	0	0	0	558647149
30	4
327	695	0	0	0	558647353
327	695	0	0	0	558647360
327	695	0	0	0	558647368
328	696	0	0	0	558647375
328	696	0	0	0	558647383
329	696	0	0	0	558647391
329	696	0	0	0	558647398
331	695	0	0	0	558647406
332	695	0	0	0	558647413
333	695	0	0	0	558647421
335	695	0	0	0	558647428
336	695	0	0	0	558647436
338	694	0	0	0	558647443
341	694	0	0	0	558647451
343	694	0	0	0	558647458
345	694	0	0	0	558647466
347	693	0	0	0	558647473
349	693	0	0	0	558647481
351	692	0	0	0	558647488
352	692	0	0	0	558647496
353	692	0	0	0	558647503
354	692	0	0	0	558647511
356	691	0	0	0	558647518
356	691	0	0	0	558647526
357	691	0	0	0	558647533
357	691	0	0	0	558647541
358	691	0	0	0	558647548
359	691	0	0	0	558647556
359	691	0	0	0	558647563
360	691	0	0	0	558647571
40	4
358	643	0	0	0	558647934
358	643	0	0	0	558647941
358	643	0	0	0	558647949
358	643	0	0	0	558647956
358	643	0	0	0	558647964
358	643	0	0	0	558647971
358	644	0	0	0	558647979
358	645	0	0	0	558647986
358	646	0	0	0	558647994
359	648	0	0	0	558648001
359	650	0	0	0	558648009
360	652	0	0	0	558648016
360	655	0	0	0	558648024
361	659	0	0	0	558648031
361	662	0	0	0	558648039
362	666	0	0	0	558648047
362	671	0	0	0	558648054
363	675	0	0	0	558648062
363	679	0	0	0	558648069
363	684	0	0	0	558648077
363	688	0	0	0	558648084
363	692	0	0	0	558648092
363	695	0	0	0	558648099
363	698	0	0	0	558648107
363	701	0	0	0	558648114
363	703	0	0	0	558648122
363	704	0	0	0	558648129
363	705	0	0	0	558648137
363	705	0	0	0	558648144
363	706	0	0	0	558648152
363	706	0	0	0	558648159
363	706	0	0	0	558648167
363	706	0	0	0	558648174
363	706	0	0	0	558648182
364	706	0	0	0	558648189
364	705	0	0	0	558648197
364	703	0	0	0	558648204
364	702	0	0	0	558648212
364	700	0	0	0	558648219
365	697	0	0	0	558648227
46	4
357	644	0	0	0	558648405
356	644	0	0	0	558648412
356	644	0	0	0	558648420
356	644	0	0	0	558648427
358	643	0	0	0	558648435
358	643	0	0	0	558648442
359	644	0	0	0	558648450
360	645	0	0	0	558648457
362	645	0	0	0	558648465
363	646	0	0	0	558648472
366	646	0	0	0	558648480
368	648	0	0	0	558648487
370	649	0	0	0	558648495
372	650	0	0	0	558648502
375	652	0	0	0	558648510
377	654	0	0	0	558648517
380	656	0	0	0	558648525
382	658	0	0	0	558648532
384	660	0	0	0	558648540
385	663	0	0	0	558648547
387	666	0	0	0	558648555
388	669	0	0	0	558648563
390	672	0	0	0	558648570
390	675	0	0	0	558648578
391	678	0	0	0	558648585
391	681	0	0	0	558648593
391	685	0	0	0	558648600
391	688	0	0	0	558648608
390	691	0	0	0	558648615
389	694	0	0	0	558648623
388	697	0	0	0	558648630
387	700	0	0	0	558648638
385	702	0	0	0	558648645
383	705	0	0	0	558648653
381	706	0	0	0	558648660
379	708	0	0	0	558648668
377	709	0	0	0	558648675
375	710	0	0	0	558648683
373	710	0	0	0	558648690
371	710	0	0	0	558648698
370	709	0	0	0	558648705
369	708	0	0	0	558648713
368	707	0	0	0	558648720
367	706	0	0	0	558648728
367	704	0	0	0	558648735
367	702	0	0	0	558648743
47	4
405	666	0	0	0	558649178
405	666	0	0	0	558649186
404	667	0	0	0	558649193
403	667	0	0	0	558649201
403	667	0	0	0	558649208
401	668	0	0	0	558649216
400	669	0	0	0	558649223
398	670	0	0	0	558649231
397	670	0	0	0	558649238
396	672	0	0	0	558649246
395	673	0	0	0	558649253
394	674	0	0	0	558649261
393	675	0	0	0	558649268
393	676	0	0	0	558649276
392	677	0	0	0	558649283
393	678	0	0	0	558649291
393	679	0	0	0	558649298
393	680	0	0	0	558649306
394	681	0	0	0	558649313
396	681	0	0	0	558649321
397	682	0	0	0	558649328
399	682	0	0	0	558649336
401	682	0	0	0	558649344
403	682	0	0	0	558649351
405	682	0	0	0	558649359
407	681	0	0	0	558649366
409	680	0	0	0	558649374
411	680	0	0	0	558649381
412	679	0	0	0	558649389
412	678	0	0	0	558649396
413	676	0	0	0	558649404
414	675	0	0	0	558649411
413	674	0	0	0	558649419
413	672	0	0	0	558649426
412	671	0	0	0	558649434
412	670	0	0	0	558649441
411	669	0	0	0	558649449
411	669	0	0	0	558649456
410	668	0	0	0	558649464
410	668	0	0	0	558649471
408	668	0	0	0	558649479
408	668	0	0	0	558649486
407	668	0	0	0	558649494
407	668	0	0	0	558649501
407	668	0	0	0	558649509
406	669	0	0	0	558649516
406	669	0	0	0	558649524
47	4
399	470	0	0	0	558651163
399	470	0	0	0	558651171
399	470	0	0	0	558651178
399	470	0	0	0	558651186
399	470	0	0	0	558651193
399	470	0	0	0	558651201
399	470	0	0	0	558651208
399	470	0	0	0	558651216
399	470	0	0	0	558651223
399	470	0	0	0	558651231
399	470	0	0	0	558651238
399	470	0	0	0	558651246
399	470	0	0	0	558651253
399	470	0	0	0	558651261
399	470	0	0	0	558651268
400	470	0	0	0	558651276
400	470	0	0	0	558651283
401	470	0	0	0	558651291
401	470	0	0	0	558651298
402	470	0	0	0	558651306
402	470	0	0	0	558651313
403	470	0	0	0	558651321
404	470	0	0	0	558651328
405	470	0	0	0	558651336
405	470	0	0	0	558651344
406	469	0	0	0	558651351
407	469	0	0	0	558651359
408	469	0	0	0	558651366
408	469	0	0	0	558651374
409	470	0	0	0	558651381
409	470	0	0	0	558651389
410	470	0	0	0	558651396
411	470	0	0	0	558651404
411	470	0	0	0	558651411
412	470	0	0	0	558651419
412	470	0	0	0	558651426
413	470	0	0	0	558651434
413	470	0	0	0	558651441
414	469	0	0	0	558651449
414	469	0	0	0	558651456
416	469	0	0	0	558651464
416	469	0	0	0	558651471
416	469	0	0	0	558651479
418	469	0	0	0	558651486
418	469	0	0	0	558651494
418	469	0	0	0	558651501
418	469	0	0	0	558651509
142	4
418	469	0	0	0	558651516
418	469	0	0	0	558651524
418	469	0	0	0	558651531
419	469	0	0	0	558651539
419	469	0	0	0	558651547
419	469	0	0	0	558651554
420	469	0	0	0	558651562
420	469	0	0	0	558651569
420	469	0	0	0	558651577
420	469	0	0	0	558651584
421	469	0	0	0	558651592
421	469	0	0	0	558651599
421	469	0	0	0	558651607
421	469	0	0	0	558651614
421	469	0	0	0	558651622
421	469	0	0	0	558651629
421	469	0	0	0	558651637
421	469	0	0	0	558651644
421	469	0	0	0	558651652
421	469	0	0	0	558651659
422	470	0	0	0	558651667
422	470	0	0	0	558651674
422	470	0	0	0	558651682
422	471	0	0	0	558651689
422	471	0	0	0	558651697
422	472	0	0	0	558651704
422	473	0	0	0	558651712
422	474	0	0	0	558651719
422	475	0	0	0	558651727
422	477	0	0	0	558651734
422	478	0	0	0	558651742
422	479	0	0	0	558651750
422	481	0	0	0	558651757
422	483	0	0	0	558651765
422	484	0	0	0	558651772
422	486	0	0	0	558651780
422	488	0	0	0	558651787
423	490	0	0	0	558651795
423	492	0	0	0	558651802
423	495	0	0	0	558651810
423	497	0	0	0	558651817
424	500	0	0	0	558651825
424	502	0	0	0	558651832
425	505	0	0	0	558651840
425	508	0	0	0	558651847
425	510	0	0	0	558651855
426	512	0	0	0	558651862
426	515	0	0	0	558651870
427	517	0	0	0	558651877
427	520	0	0	0	558651885
427	522	0	0	0	558651892
427	524	0	0	0	558651900
428	526	0	0	0	558651907
428	528	0	0	0	558651915
428	530	0	0	0	558651922
428	532	0	0	0	558651930
429	534	0	0	0	558651938
429	536	0	0	0	558651945
429	539	0	0	0	558651953
429	541	0	0	0	558651960
429	542	0	0	0	558651968
429	544	0	0	0	558651975
429	546	0	0	0	558651983
430	548	0	0	0	558651990
430	549	0	0	0	558651998
430	551	0	0	0	558652005
430	553	0	0	0	558652013
430	554	0	0	0	558652020
430	556	0	0	0	558652028
430	558	0	0	0	558652035
430	559	0	0	0	558652043
431	561	0	0	0	558652050
431	563	0	0	0	558652058
431	564	0	0	0	558652065
431	566	0	0	0	558652073
431	568	0	0	0	558652080
431	569	0	0	0	558652088
432	571	0	0	0	558652095
432	572	0	0	0	558652103
432	574	0	0	0	558652110
432	576	0	0	0	558652118
432	577	0	0	0	558652125
432	579	0	0	0	558652133
433	580	0	0	0	558652141
433	582	0	0	0	558652148
433	584	0	0	0	558652156
433	585	0	0	0	558652163
433	587	0	0	0	558652171
433	588	0	0	0	558652178
433	590	0	0	0	558652186
434	592	0	0	0	558652193
434	593	0	0	0	558652201
434	595	0	0	0	558652208
434	597	0	0	0	558652216
434	598	0	0	0	558652223
434	600	0	0	0	558652231
434	602	0	0	0	558652238
434	604	0	0	0	558652246
434	606	0	0	0	558652253
434	608	0	0	0	558652261
434	609	0	0	0	558652268
434	611	0	0	0	558652276
434	613	0	0	0	558652283
434	614	0	0	0	558652291
434	616	0	0	0	558652298
434	617	0	0	0	558652306
435	619	0	0	0	558652313
435	620	0	0	0	558652321
435	622	0	0	0	558652328
435	623	0	0	0	558652336
435	625	0	0	0	558652344
435	626	0	0	0	558652351
435	627	0	0	0	558652359
435	629	0	0	0	558652366
435	630	0	0	0	558652374
435	631	0	0	0	558652381
435	633	0	0	0	558652389
435	634	0	0	0	558652396
435	635	0	0	0	558652404
435	637	0	0	0	558652411
435	638	0	0	0	558652419
435	639	0	0	0	558652426
435	641	0	0	0	558652434
435	642	0	0	0	558652441
435	643	0	0	0	558652449
435	644	0	0	0	558652456
435	645	0	0	0	558652464
435	645	0	0	0	558652471
435	646	0	0	0	558652479
435	646	0	0	0	558652486
435	647	0	0	0	558652494
435	647	0	0	0	558652501
435	648	0	0	0	558652509
435	648	0	0	0	558652516
435	649	0	0	0	558652524
435	649	0	0	0	558652531
436	650	0	0	0	558652539
436	650	0	0	0	558652547
436	651	0	0	0	558652554
436	651	0	0	0	558652562
436	652	0	0	0	558652569
436	652	0	0	0	558652577
47	4
436	652	0	0	0	558652584
436	653	0	0	0	558652592
436	653	0	0	0	558652599
437	653	0	0	0	558652607
437	653	0	0	0	558652614
438	654	0	0	0	558652622
439	653	0	0	0	558652629
441	653	0	0	0	558652637
442	653	0	0	0	558652644
443	653	0	0	0	558652652
445	653	0	0	0	558652659
446	653	0	0	0	558652667
448	652	0	0	0	558652674
450	652	0	0	0	558652682
452	652	0	0	0	558652689
455	651	0	0	0	558652697
457	651	0	0	0	558652704
459	650	0	0	0	558652712
461	650	0	0	0	558652719
464	649	0	0	0	558652727
466	649	0	0	0	558652734
468	649	0	0	0	558652742
470	649	0	0	0	558652750
472	649	0	0	0	558652757
474	649	0	0	0	558652765
475	649	0	0	0	558652772
476	649	0	0	0	558652780
478	649	0	0	0	558652787
478	649	0	0	0	558652795
479	649	0	0	0	558652802
479	649	0	0	0	558652810
479	649	0	0	0	558652817
479	649	0	0	0	558652825
479	649	0	0	0	558652832
479	649	0	0	0	558652840
479	649	0	0	0	558652847
479	649	0	0	0	558652855
479	649	0	0	0	558652862
478	649	0	0	0	558652870
478	649	0	0	0	558652877
477	649	0	0	0	558652885
477	649	0	0	0	558652892
477	649	0	0	0	558652900
475	648	0	0	0	558652907
475	648	0	0	0	558652915
474	647	0	0	0	558652922
473	646	0	0	0	558652930
26	4
412	674	0	0	0	558653493
412	674	0	0	0	558653501
412	674	0	0	0	558653508
412	674	0	0	0	558653516
413	674	0	0	0	558653523
414	674	0	0	0	558653531
414	674	0	0	0	558653538
415	674	0	0	0	558653546
416	674	0	0	0	558653553
418	674	0	0	0	558653561
419	674	0	0	0	558653568
420	674	0	0	0	558653576
421	674	0	0	0	558653583
422	674	0	0	0	558653591
423	674	0	0	0	558653598
424	674	0	0	0	558653606
425	674	0	0	0	558653613
426	674	0	0	0	558653621
427	674	0	0	0	558653628
427	674	0	0	0	558653636
428	673	0	0	0	558653643
428	673	0	0	0	558653651
428	673	0	0	0	558653658
428	673	0	0	0	558653666
429	672	0	0	0	558653673
429	672	0	0	0	558653681
86	4
429	672	0	0	0	558653688
428	672	0	0	0	558653696
428	672	0	0	0	558653704
427	671	0	0	0	558653711
427	671	0	0	0	558653719
427	670	0	0	0	558653726
427	670	0	0	0	558653734
427	670	0	0	0	558653741
426	669	0	0	0	558653749
426	669	0	0	0	558653756
425	667	0	0	0	558653764
425	667	0	0	0	558653771
425	665	0	0	0	558653779
425	664	0	0	0	558653786
425	662	0	0	0	558653794
424	660	0	0	0	558653801
424	658	0	0	0	558653809
424	656	0	0	0	558653816
424	654	0	0	0	558653824
424	651	0	0	0	558653831
424	649	0	0	0	558653839
424	646	0	0	0	558653846
424	643	0	0	0	558653854
424	641	0	0	0	558653861
424	638	0	0	0	558653869
424	635	0	0	0	558653876
423	632	0	0	0	558653884
423	629	0	0	0	558653891
423	626	0	0	0	558653899
423	623	0	0	0	558653907
422	620	0	0	0	558653914
422	617	0	0	0	558653922
422	614	0	0	0	558653929
421	612	0	0	0	558653937
421	609	0	0	0	558653944
420	606	0	0	0	558653952
420	604	0	0	0	558653959
419	602	0	0	0	558653967
419	599	0	0	0	558653974
418	597	0	0	0	558653982
418	594	0	0	0	558653989
417	592	0	0	0	558653997
416	589	0	0	0	558654004
416	587	0	0	0	558654012
416	584	0	0	0	558654019
415	582	0	0	0	558654027
415	579	0	0	0	558654034
415	577	0	0	0	558654042
415	575	0	0	0	558654049
414	573	0	0	0	558654057
414	570	0	0	0	558654064
414	568	0	0	0	558654072
413	566	0	0	0	558654079
413	564	0	0	0	558654087
412	562	0	0	0	558654094
412	560	0	0	0	558654102
411	558	0	0	0	558654110
411	556	0	0	0	558654117
410	554	0	0	0	558654125
410	552	0	0	0	558654132
410	550	0	0	0	558654140
410	548	0	0	0	558654147
410	546	0	0	0	558654155
410	545	0	0	0	558654162
410	543	0	0	0	558654170
410	541	0	0	0	558654177
410	540	0	0	0	558654185
410	538	0	0	0	558654192
410	537	0	0	0	558654200
410	535	0	0	0	558654207
410	534	0	0	0	558654215
410	532	0	0	0	558654222
409	531	0	0	0	558654230
409	530	0	0	0	558654237
409	529	0	0	0	558654245
409	528	0	0	0	558654252
409	527	0	0	0	558654260
409	526	0	0	0	558654267
409	525	0	0	0	558654275
409	524	0	0	0	558654282
409	523	0	0	0	558654290
409	523	0	0	0	558654297
409	522	0	0	0	558654305
409	522	0	0	0	558654313
409	521	0	0	0	558654320
409	521	0	0	0	558654328
31	4
409	521	0	0	0	558654335
409	520	0	0	0	558654343
409	520	0	0	0	558654350
409	520	0	0	0	558654358
409	520	0	0	0	558654365
410	520	0	0	0	558654373
410	520	0	0	0	558654380
411	520	0	0	0	558654388
412	520	0	0	0	558654395
413	520	0	0	0	558654403
414	520	0	0	0	558654410
415	521	0	0	0	558654418
417	521	0	0	0	558654425
418	521	0	0	0	558654433
420	521	0	0	0	558654440
422	521	0	0	0	558654448
423	522	0	0	0	558654455
425	522	0	0	0	558654463
426	522	0	0	0	558654470
428	522	0	0	0	558654478
429	522	0	0	0	558654485
430	522	0	0	0	558654493
431	522	0	0	0	558654501
432	522	0	0	0	558654508
433	522	0	0	0	558654516
434	522	0	0	0	558654523
434	522	0	0	0	558654531
435	522	0	0	0	558654538
435	522	0	0	0	558654546
436	522	0	0	0	558654553
436	522	0	0	0	558654561
124	4
436	522	0	0	0	558654568
437	521	0	0	0	558654576
437	521	0	0	0	558654583
437	521	0	0	0	558654591
437	520	0	0	0	558654598
437	520	0	0	0	558654606
438	519	0	0	0	558654613
438	519	0	0	0	558654621
438	518	0	0	0	558654628
438	518	0	0	0	558654636
438	517	0	0	0	558654643
438	517	0	0	0	558654651
438	516	0	0	0	558654658
437	515	0	0	0	558654666
437	514	0	0	0	558654673
437	513	0	0	0	558654681
437	511	0	0	0	558654688
437	510	0	0	0	558654696
437	509	0	0	0	558654704
436	508	0	0	0	558654711
436	506	0	0	0	558654719
436	505	0	0	0	558654726
436	504	0	0	0	558654734
435	502	0	0	0	558654741
435	501	0	0	0	558654749
435	499	0	0	0	558654756
435	498	0	0	0	558654764
434	496	0	0	0	558654771
434	495	0	0	0	558654779
434	493	0	0	0	558654786
434	492	0	0	0	558654794
433	490	0	0	0	558654801
433	488	0	0	0	558654809
433	487	0	0	0	558654816
432	485	0	0	0	558654824
432	484	0	0	0	558654831
432	482	0	0	0	558654839
432	481	0	0	0	558654846
431	479	0	0	0	558654854
431	478	0	0	0	558654861
431	477	0	0	0	558654869
431	475	0	0	0	558654876
430	474	0	0	0	558654884
430	473	0	0	0	558654891
430	471	0	0	0	558654899
430	470	0	0	0	558654907
430	469	0	0	0	558654914
429	468	0	0	0	558654922
429	466	0	0	0	558654929
429	465	0	0	0	558654937
429	464	0	0	0	558654944
429	463	0	0	0	558654952
429	462	0	0	0	558654959
429	461	0	0	0	558654967
429	459	0	0	0	558654974
429	458	0	0	0	558654982
428	457	0	0	0	558654989
428	456	0	0	0	558654997
428	455	0	0	0	558655004
428	454	0	0	0	558655012
428	453	0	0	0	558655019
428	452	0	0	0	558655027
428	451	0	0	0	558655034
428	450	0	0	0	558655042
428	448	0	0	0	558655049
428	447	0	0	0	558655057
428	446	0	0	0	558655064
428	445	0	0	0	558655072
428	445	0	0	0	558655079
427	444	0	0	0	558655087
427	444	0	0	0	558655094
428	443	0	0	0	558655102
428	443	0	0	0	558655110
427	442	0	0	0	558655117
427	442	0	0	0	558655125
427	441	0	0	0	558655132
427	441	0	0	0	558655140
427	440	0	0	0	558655147
427	440	0	0	0	558655155
427	440	0	0	0	558655162
427	440	0	0	0	558655170
427	439	0	0	0	558655177
427	439	0	0	0	558655185
427	439	0	0	0	558655192
427	439	0	0	0	558655200
427	439	0	0	0	558655207
427	439	0	0	0	558655215
427	439	0	0	0	558655222
427	439	0	0	0	558655230
427	439	0	0	0	558655237
427	439	0	0	0	558655245
429	440	0	0	0	558655252
429	440	0	0	0	558655260
429	440	0	0	0	558655267
429	440	0	0	0	558655275
431	441	0	0	0	558655282
431	441	0	0	0	558655290
432	442	0	0	0	558655297
433	442	0	0	0	558655305
434	443	0	0	0	558655313
435	443	0	0	0	558655320
436	443	0	0	0	558655328
436	443	0	0	0	558655335
437	444	0	0	0	558655343
437	444	0	0	0	558655350
438	444	0	0	0	558655358
438	444	0	0	0	558655365
438	444	0	0	0	558655373
438	444	0	0	0	558655380
438	444	0	0	0	558655388
438	444	0	0	0	558655395
438	444	0	0	0	558655403
438	444	0	0	0	558655410
438	443	0	0	0	558655418
438	443	0	0	0	558655425
438	443	0	0	0	558655433
438	443	0	0	0	558655440
438	443	0	0	0	558655448
438	443	0	0	0	558655455
438	443	0	0	0	558655463
438	443	0	0	0	558655470
439	443	0	0	0	558655478
439	443	0	0	0	558655485
439	443	0	0	0	558655493
121	4
305	618	0	0	0	558657028
304	619	0	0	0	558657035
304	619	0	0	0	558657043
302	620	0	0	0	558657050
302	620	0	0	0	558657058
302	620	0	0	0	558657065
300	620	0	0	0	558657073
300	620	0	0	0	558657080
299	620	0	0	0	558657088
299	619	0	0	0	558657095
299	619	0	0	0	558657103
298	617	0	0	0	558657110
298	616	0	0	0	558657118
299	615	0	0	0	558657125
299	614	0	0	0	558657133
299	613	0	0	0	558657141
300	612	0	0	0	558657148
300	612	0	0	0	558657156
301	612	0	0	0	558657163
301	612	0	0	0	558657171
302	611	0	0	0	558657178
303	611	0	0	0	558657186
304	612	0	0	0	558657193
304	612	0	0	0	558657201
305	613	0	0	0	558657208
305	613	0	0	0	558657216
306	614	0	0	0	558657223
306	615	0	0	0	558657231
306	615	0	0	0	558657238
306	616	0	0	0	558657246
306	617	0	0	0	558657253
306	618	0	0	0	558657261
306	618	0	0	0	558657268
304	619	0	0	0	558657276
303	620	0	0	0	558657283
302	620	0	0	0	558657291
301	620	0	0	0	558657298
300	620	0	0	0	558657306
299	620	0	0	0	558657313
299	619	0	0	0	558657321
299	619	0	0	0	558657328
297	618	0	0	0	558657336
297	617	0	0	0	558657344
298	616	0	0	0	558657351
298	614	0	0	0	558657359
298	613	0	0	0	558657366
299	612	0	0	0	558657374
300	611	0	0	0	558657381
301	610	0	0	0	558657389
302	610	0	0	0	558657396
302	609	0	0	0	558657404
304	609	0	0	0	558657411
304	609	0	0	0	558657419
304	609	0	0	0	558657426
306	610	0	0	0	558657434
306	610	0	0	0	558657441
307	611	0	0	0	558657449
307	611	0	0	0	558657456
307	613	0	0	0	558657464
306	614	0	0	0	558657471
306	615	0	0	0	558657479
305	616	0	0	0	558657486
305	617	0	0	0	558657494
304	618	0	0	0	558657501
303	618	0	0	0	558657509
302	619	0	0	0	558657516
301	619	0	0	0	558657524
301	619	0	0	0	558657531
300	619	0	0	0	558657539
300	619	0	0	0	558657547
299	618	0	0	0	558657554
299	618	0	0	0	558657562
299	617	0	0	0	558657569
300	616	0	0	0	558657577
300	615	0	0	0	558657584
300	614	0	0	0	558657592
301	613	0	0	0	558657599
302	612	0	0	0	558657607
303	611	0	0	0	558657614
304	611	0	0	0	558657622
304	611	0	0	0	558657629
305	611	0	0	0	558657637
306	611	0	0	0	558657644
307	611	0	0	0	558657652
307	611	0	0	0	558657659
308	612	0	0	0	558657667
308	612	0	0	0	558657674
309	613	0	0	0	558657682
309	613	0	0	0	558657689
308	615	0	0	0	558657697
308	615	0	0	0	558657704
308	616	0	0	0	558657712
308	616	0	0	0	558657719
307	617	0	0	0	558657727
307	617	0	0	0	558657734
306	618	0	0	0	558657742
306	618	0	0	0	558657750
305	617	0	0	0	558657757
305	617	0	0	0	558657765
304	616	0	0	0	558657772
304	616	0	0	0	558657780
303	616	0	0	0	558657787
303	616	0	0	0	558657795
303	614	0	0	0	558657802
303	614	0	0	0	558657810
303	614	0	0	0	558657817
303	613	0	0	0	558657825
303	613	0	0	0	558657832
303	613	0	0	0	558657840
304	614	0	0	0	558657847
304	614	0	0	0	558657855
304	615	0	0	0	558657862
304	616	0	0	0	558657870
304	616	0	0	0	558657877
305	617	0	0	0	558657885
304	618	0	0	0	558657892
304	618	0	0	0	558657900
304	617	0	0	0	558657907
303	616	0	0	0	558657915
302	614	0	0	0	558657922
301	612	0	0	0	558657930
96	4
286	427	0	0	0	558658372
286	427	0	0	0	558658379
286	427	0	0	0	558658387
286	426	0	0	0	558658394
286	425	0	0	0	558658402
286	425	0	0	0	558658409
285	424	0	0	0	558658417
285	424	0	0	0	558658424
285	423	0	0	0	558658432
285	423	0	0	0	558658439
285	421	0	0	0	558658447
285	421	0	0	0	558658454
286	420	0	0	0	558658462
286	420	0	0	0	558658469
287	419	0	0	0	558658477
287	419	0	0	0	558658484
288	419	0	0	0	558658492
288	419	0	0	0	558658500
290	419	0	0	0	558658507
291	419	0	0	0	558658515
291	419	0	0	0	558658522
291	420	0	0	0	558658530
292	421	0	0	0	558658537
292	422	0	0	0	558658545
292	423	0	0	0	558658552
291	424	0	0	0	558658560
291	425	0	0	0	558658567
291	425	0	0	0	558658575
289	426	0	0	0	558658582
288	426	0	0	0	558658590
287	426	0	0	0	558658597
286	426	0	0	0	558658605
285	425	0	0	0	558658612
284	424	0	0	0	558658620
284	423	0	0	0	558658627
283	422	0	0	0	558658635
283	421	0	0	0	558658642
282	420	0	0	0	558658650
283	419	0	0	0	558658657
283	418	0	0	0	558658665
283	418	0	0	0	558658672
284	417	0	0	0	558658680
284	417	0	0	0	558658687
285	416	0	0	0	558658695
286	416	0	0	0	558658703
287	416	0	0	0	558658710
288	416	0	0	0	558658718
289	416	0	0	0	558658725
289	416	0	0	0	558658733
289	416	0	0	0	558658740
291	418	0	0	0	558658748
291	418	0	0	0	558658755
291	419	0	0	0	558658763
291	420	0	0	0	558658770
290	421	0	0	0	558658778
290	422	0	0	0	558658785
289	423	0	0	0	558658793
288	424	0	0	0	558658800
288	424	0	0	0	558658808
287	424	0	0	0	558658815
287	424	0	0	0	558658823
286	425	0	0	0	558658830
286	425	0	0	0	558658838
286	425	0	0	0	558658845
286	423	0	0	0	558658853
286	423	0	0	0	558658860
286	422	0	0	0	558658868
286	422	0	0	0	558658875
287	421	0	0	0	558658883
287	421	0	0	0	558658890
288	420	0	0	0	558658898
289	420	0	0	0	558658906
290	419	0	0	0	558658913
291	420	0	0	0	558658921
292	420	0	0	0	558658928
292	420	0	0	0	558658936
292	420	0	0	0	558658943
293	422	0	0	0	558658951
293	422	0	0	0	558658958
293	423	0	0	0	558658966
293	424	0	0	0	558658973
293	424	0	0	0	558658981
291	425	0	0	0	558658988
290	425	0	0	0	558658996
289	426	0	0	0	558659003
289	426	0	0	0	558659011
288	427	0	0	0	558659018
288	427	0	0	0	558659026
287	427	0	0	0	558659033
287	427	0	0	0	558659041
287	427	0	0	0	558659048
286	425	0	0	0	558659056
286	424	0	0	0	558659063
287	422	0	0	0	558659071
287	421	0	0	0	558659078
288	419	0	0	0	558659086
29	6
542	413	0	0	0	558659924
541	413	0	0	0	558659932
541	413	0	0	0	558659939
541	413	0	0	0	558659947
541	413	0	0	0	558659954
540	412	0	0	0	558659962
540	412	0	0	0	558659969
542	412	0	0	0	558659977
543	412	0	0	0	558659985
544	412	0	0	0	558659992
546	412	0	0	0	558660000
549	412	0	0	0	558660007
551	412	0	0	0	558660015
555	412	0	0	0	558660022
558	412	0	0	0	558660030
562	411	0	0	0	558660037
566	411	0	0	0	558660045
570	411	0	0	0	558660052
575	410	0	0	0	558660060
579	410	0	0	0	558660067
583	409	0	0	0	558660075
587	408	0	0	0	558660082
590	408	0	0	0	558660090
593	407	0	0	0	558660097
595	407	0	0	0	558660105
596	407	0	0	0	558660112
598	407	0	0	0	558660120
598	407	0	0	0	558660127
598	407	0	0	0	558660135
38	6
599	407	0	0	0	558660142
599	407	0	0	0	558660150
599	407	0	0	0	558660157
599	409	0	0	0	558660165
599	409	0	0	0	558660172
598	410	0	0	0	558660180
598	411	0	0	0	558660188
597	413	0	0	0	558660195
597	414	0	0	0	558660203
596	416	0	0	0	558660210
596	419	0	0	0	558660218
595	422	0	0	0	558660225
594	425	0	0	0	558660233
594	429	0	0	0	558660240
593	433	0	0	0	558660248
593	438	0	0	0	558660255
592	442	0	0	0	558660263
592	447	0	0	0	558660270
592	453	0	0	0	558660278
592	458	0	0	0	558660285
591	463	0	0	0	558660293
591	468	0	0	0	558660300
591	472	0	0	0	558660308
591	477	0	0	0	558660315
591	481	0	0	0	558660323
591	485	0	0	0	558660330
591	489	0	0	0	558660338
591	492	0	0	0	558660345
591	495	0	0	0	558660353
591	498	0	0	0	558660360
591	500	0	0	0	558660368
590	502	0	0	0	558660375
590	503	0	0	0	558660383
590	504	0	0	0	558660391
590	505	0	0	0	558660398
590	505	0	0	0	558660406
590	505	0	0	0	558660413
590	505	0	0	0	558660421
47	6
590	505	0	0	0	558660428
590	505	0	0	0	558660436
590	505	0	0	0	558660443
591	504	0	0	0	558660451
591	504	0	0	0	558660458
592	503	0	0	0	558660466
592	503	0	0	0	558660473
594	502	0	0	0	558660481
595	502	0	0	0	558660488
597	501	0	0	0	558660496
599	500	0	0	0	558660503
602	500	0	0	0	558660511
604	499	0	0	0	558660518
608	499	0	0	0	558660526
612	498	0	0	0	558660533
616	497	0	0	0	558660541
621	496	0	0	0	558660548
625	496	0	0	0	558660556
630	495	0	0	0	558660563
635	494	0	0	0	558660571
640	494	0	0	0	558660578
645	493	0	0	0	558660586
650	493	0	0	0	558660594
654	493	0	0	0	558660601
659	493	0	0	0	558660609
663	492	0	0	0	558660616
666	493	0	0	0	558660624
669	493	0	0	0	558660631
672	493	0	0	0	558660639
675	493	0	0	0	558660646
678	493	0	0	0	558660654
680	492	0	0	0	558660661
682	492	0	0	0	558660669
684	492	0	0	0	558660676
685	492	0	0	0	558660684
687	491	0	0	0	558660691
689	491	0	0	0	558660699
690	491	0	0	0	558660706
691	491	0	0	0	558660714
692	491	0	0	0	558660721
692	491	0	0	0	558660729
694	490	0	0	0	558660736
694	490	0	0	0	558660744
694	490	0	0	0	558660751
694	489	0	0	0	558660759
694	489	0	0	0	558660766
694	487	0	0	0	558660774
36	43
563	611	0	0	0	558661288
562	612	0	0	0	558661296
562	612	0	0	0	558661303
561	613	0	0	0	558661311
561	613	0	0	0	558661318
560	614	0	0	0	558661326
560	614	0	0	0	558661333
559	615	0	0	0	558661341
558	615	0	0	0	558661348
558	615	0	0	0	558661356
558	616	0	0	0	558661363
558	616	0	0	0	558661371
558	616	0	0	0	558661378
559	617	0	0	0	558661386
560	617	0	0	0	558661393
561	617	0	0	0	558661401
563	617	0	0	0	558661408
565	616	0	0	0	558661416
568	616	0	0	0	558661423
572	616	0	0	0	558661431
576	615	0	0	0	558661438
580	615	0	0	0	558661446
584	614	0	0	0	558661453
588	614	0	0	0	558661461
593	613	0	0	0	558661469
596	612	0	0	0	558661476
599	611	0	0	0	558661484
602	609	0	0	0	558661491
604	608	0	0	0	558661499
606	606	0	0	0	558661506
607	605	0	0	0	558661514
608	604	0	0	0	558661521
609	603	0	0	0	558661529
610	602	0	0	0	558661536
610	601	0	0	0	558661544
610	601	0	0	0	558661551
29	43
610	600	0	0	0	558661559
610	599	0	0	0	558661566
610	598	0	0	0	558661574
610	597	0	0	0	558661581
610	596	0	0	0	558661589
610	595	0	0	0	558661596
610	594	0	0	0	558661604
609	592	0	0	0	558661611
609	589	0	0	0	558661619
608	587	0	0	0	558661626
607	584	0	0	0	558661634
606	580	0	0	0	558661641
605	575	0	0	0	558661649
605	571	0	0	0	558661656
604	566	0	0	0	558661664
603	562	0	0	0	558661672
603	557	0	0	0	558661679
602	553	0	0	0	558661687
602	549	0	0	0	558661694
601	546	0	0	0	558661702
601	543	0	0	0	558661709
600	541	0	0	0	558661717
600	539	0	0	0	558661724
599	538	0	0	0	558661732
599	536	0	0	0	558661739
599	535	0	0	0	558661747
599	535	0	0	0	558661754
599	534	0	0	0	558661762
599	534	0	0	0	558661769
38	43
599	534	0	0	0	558661777
599	535	0	0	0	558661784
599	535	0	0	0	558661792
601	536	0	0	0	558661799
603	536	0	0	0	558661807
605	537	0	0	0	558661814
607	537	0	0	0	558661822
610	537	0	0	0	558661829
614	537	0	0	0	558661837
618	537	0	0	0	558661844
623	536	0	0	0	558661852
629	536	0	0	0	558661859
635	535	0	0	0	558661867
641	535	0	0	0	558661875
648	534	0	0	0	558661882
655	532	0	0	0	558661890
662	531	0	0	0	558661897
669	529	0	0	0	558661905
676	527	0	0	0	558661912
683	525	0	0	0	558661920
690	523	0	0	0	558661927
696	521	0	0	0	558661935
702	520	0	0	0	558661942
707	519	0	0	0	558661950
712	518	0	0	0	558661957
716	518	0	0	0	558661965
719	518	0	0	0	558661972
721	518	0	0	0	558661980
722	519	0	0	0	558661987
723	519	0	0	0	558661995
723	519	0	0	0	558662002
723	519	0	0	0	558662010
723	519	0	0	0	558662017
722	519	0	0	0	558662025
722	519	0	0	0	558662032
720	518	0	0	0	558662040
719	517	0	0	0	558662047
718	517	0	0	0	558662055
39	43
705	455	0	0	0	558662425
704	454	0	0	0	558662433
704	452	0	0	0	558662440
703	451	0	0	0	558662448
703	450	0	0	0	558662455
703	449	0	0	0	558662463
703	449	0	0	0	558662470
703	449	0	0	0	558662478
704	451	0	0	0	558662485
705	453	0	0	0	558662493
706	456	0	0	0	558662500
707	460	0	0	0	558662508
709	465	0	0	0	558662515
710	472	0	0	0	558662523
712	479	0	0	0	558662531
713	487	0	0	0	558662538
715	496	0	0	0	558662546
716	505	0	0	0	558662553
717	514	0	0	0	558662561
719	523	0	0	0	558662568
720	531	0	0	0	558662576
721	538	0	0	0	558662583
722	544	0	0	0	558662591
723	548	0	0	0	558662598
723	552	0	0	0	558662606
724	554	0	0	0	558662613
724	556	0	0	0	558662621
724	557	0	0	0	558662628
724	557	0	0	0	558662636
724	557	0	0	0	558662643
724	557	0	0	0	558662651
724	557	0	0	0	558662658
724	557	0	0	0	558662666
724	556	0	0	0	558662673
723	555	0	0	0	558662681
723	553	0	0	0	558662688
723	551	0	0	0	558662696
723	549	0	0	0	558662703
723	546	0	0	0	558662711
45	43
711	449	0	0	0	558663005
711	449	0	0	0	558663013
709	449	0	0	0	558663020
709	449	0	0	0	558663028
709	449	0	0	0	558663035
709	450	0	0	0	558663043
710	450	0	0	0	558663050
712	450	0	0	0	558663058
714	451	0	0	0	558663065
717	451	0	0	0	558663073
721	452	0	0	0	558663080
725	453	0	0	0	558663088
730	454	0	0	0	558663095
735	455	0	0	0	558663103
740	457	0	0	0	558663110
745	459	0	0	0	558663118
750	461	0	0	0	558663125
755	464	0	0	0	558663133
760	467	0	0	0	558663140
764	471	0	0	0	558663148
767	475	0	0	0	558663156
770	480	0	0	0	558663163
772	485	0	0	0	558663171
772	490	0	0	0	558663178
772	495	0	0	0	558663186
771	501	0	0	0	558663193
770	507	0	0	0	558663201
767	513	0	0	0	558663208
764	520	0	0	0	558663216
761	526	0	0	0	558663223
758	532	0	0	0	558663231
755	537	0	0	0	558663238
752	541	0	0	0	558663246
749	545	0	0	0	558663253
746	548	0	0	0	558663261
743	550	0	0	0	558663268
740	551	0	0	0	558663276
737	551	0	0	0	558663283
735	551	0	0	0	558663291
733	550	0	0	0	558663298
731	549	0	0	0	558663306
730	548	0	0	0	558663313
730	547	0	0	0	558663321
729	546	0	0	0	558663328
730	544	0	0	0	558663336
35	48
795	479	0	0	0	558663596
794	478	0	0	0	558663604
792	478	0	0	0	558663611
791	478	0	0	0	558663619
789	479	0	0	0	558663626
788	479	0	0	0	558663634
786	481	0	0	0	558663641
784	482	0	0	0	558663649
783	484	0	0	0	558663656
782	487	0	0	0	558663664
781	490	0	0	0	558663672
780	493	0	0	0	558663679
780	496	0	0	0	558663687
781	498	0	0	0	558663694
782	500	0	0	0	558663702
784	502	0	0	0	558663709
786	503	0	0	0	558663717
789	503	0	0	0	558663724
792	503	0	0	0	558663732
795	502	0	0	0	558663739
799	500	0	0	0	558663747
801	498	0	0	0	558663754
804	495	0	0	0	558663762
806	493	0	0	0	558663769
807	491	0	0	0	558663777
807	488	0	0	0	558663784
807	486	0	0	0	558663792
806	485	0	0	0	558663799
805	484	0	0	0	558663807
804	484	0	0	0	558663814
802	484	0	0	0	558663822
800	484	0	0	0	558663829
798	484	0	0	0	558663837
797	483	0	0	0	558663844
795	483	0	0	0	558663852
22	49
844	483	0	0	0	558664163
843	482	0	0	0	558664171
843	482	0	0	0	558664178
844	482	0	0	0	558664186
845	484	0	0	0	558664193
846	486	0	0	0	558664201
849	488	0	0	0	558664208
851	492	0	0	0	558664216
853	496	0	0	0	558664223
856	501	0	0	0	558664231
858	507	0	0	0	558664238
861	513	0	0	0	558664246
863	519	0	0	0	558664253
865	525	0	0	0	558664261
867	531	0	0	0	558664268
869	536	0	0	0	558664276
869	540	0	0	0	558664283
870	543	0	0	0	558664291
871	545	0	0	0	558664298
870	546	0	0	0	558664306
870	546	0	0	0	558664313
868	544	0	0	0	558664321
19	49
830	452	0	0	0	558664436
829	448	0	0	0	558664443
829	445	0	0	0	558664451
829	443	0	0	0	558664458
829	443	0	0	0	558664466
830	445	0	0	0	558664473
830	448	0	0	0	558664481
832	452	0	0	0	558664488
833	457	0	0	0	558664496
834	463	0	0	0	558664503
836	470	0	0	0	558664511
837	476	0	0	0	558664518
839	483	0	0	0	558664526
840	488	0	0	0	558664533
842	493	0	0	0	558664541
844	496	0	0	0	558664548
846	498	0	0	0	558664556
849	498	0	0	0	558664563
851	497	0	0	0	558664571
16	49
889	436	0	0	0	558664661
889	434	0	0	0	558664669
889	434	0	0	0	558664676
888	435	0	0	0	558664684
886	437	0	0	0	558664691
884	439	0	0	0	558664699
881	443	0	0	0	558664706
878	448	0	0	0	558664714
874	453	0	0	0	558664721
869	459	0	0	0	558664729
865	464	0	0	0	558664736
861	470	0	0	0	558664744
856	476	0	0	0	558664751
853	481	0	0	0	558664759
849	485	0	0	0	558664766
847	488	0	0	0	558664774
15	49
812	502	0	0	0	558665169
812	502	0	0	0	558665176
814	501	0	0	0	558665184
815	501	0	0	0	558665191
816	500	0	0	0	558665199
817	500	0	0	0	558665206
819	500	0	0	0	558665214
821	500	0	0	0	558665221
823	500	0	0	0	558665229
826	500	0	0	0	558665236
828	501	0	0	0	558665244
831	501	0	0	0	558665251
834	501	0	0	0	558665259
836	501	0	0	0	558665266
839	500	0	0	0	558665274
