48
29	0
354	390	0	0	0	603067563
353	390	0	0	0	603067571
353	390	0	0	0	603067578
353	393	0	0	0	603067586
352	396	0	0	0	603067594
352	400	0	0	0	603067601
352	406	0	0	0	603067609
353	413	0	0	0	603067616
353	423	0	0	0	603067624
353	433	0	0	0	603067631
354	445	0	0	0	603067639
354	457	0	0	0	603067646
354	470	0	0	0	603067654
353	483	0	0	0	603067661
353	496	0	0	0	603067669
352	507	0	0	0	603067676
351	517	0	0	0	603067684
350	526	0	0	0	603067691
349	533	0	0	0	603067699
349	538	0	0	0	603067706
348	541	0	0	0	603067714
348	543	0	0	0	603067721
348	543	0	0	0	603067729
348	545	0	0	0	603067736
348	545	0	0	0	603067744
349	543	0	0	0	603067751
349	542	0	0	0	603067759
350	539	0	0	0	603067766
349	537	0	0	0	603067774
42	1
345	384	0	0	0	603068028
345	384	0	0	0	603068035
343	383	0	0	0	603068043
343	383	0	0	0	603068050
343	383	0	0	0	603068058
346	383	0	0	0	603068065
350	383	0	0	0	603068073
355	382	0	0	0	603068080
361	381	0	0	0	603068088
368	381	0	0	0	603068095
377	381	0	0	0	603068103
385	381	0	0	0	603068110
395	383	0	0	0	603068118
404	385	0	0	0	603068125
413	389	0	0	0	603068133
421	394	0	0	0	603068140
428	400	0	0	0	603068148
434	407	0	0	0	603068156
438	416	0	0	0	603068163
441	425	0	0	0	603068171
443	434	0	0	0	603068178
443	444	0	0	0	603068186
442	454	0	0	0	603068193
440	464	0	0	0	603068201
436	475	0	0	0	603068208
432	484	0	0	0	603068216
427	492	0	0	0	603068223
420	500	0	0	0	603068231
414	506	0	0	0	603068238
407	511	0	0	0	603068246
401	515	0	0	0	603068253
394	517	0	0	0	603068261
388	520	0	0	0	603068268
383	521	0	0	0	603068276
378	522	0	0	0	603068283
375	523	0	0	0	603068291
372	525	0	0	0	603068298
371	526	0	0	0	603068306
371	526	0	0	0	603068313
371	526	0	0	0	603068321
371	526	0	0	0	603068328
372	524	0	0	0	603068336
66	1
452	447	0	0	0	603104441
450	447	0	0	0	603104449
449	447	0	0	0	603104456
449	447	0	0	0	603104464
447	448	0	0	0	603104471
447	448	0	0	0	603104479
446	449	0	0	0	603104486
446	449	0	0	0	603104494
446	452	0	0	0	603104501
446	452	0	0	0	603104509
447	454	0	0	0	603104516
448	454	0	0	0	603104524
450	454	0	0	0	603104531
452	454	0	0	0	603104539
455	454	0	0	0	603104547
458	453	0	0	0	603104554
462	452	0	0	0	603104562
467	452	0	0	0	603104569
472	451	0	0	0	603104577
478	451	0	0	0	603104584
484	450	0	0	0	603104592
490	450	0	0	0	603104599
497	450	0	0	0	603104607
504	450	0	0	0	603104614
510	450	0	0	0	603104622
517	449	0	0	0	603104629
524	449	0	0	0	603104637
530	448	0	0	0	603104644
535	448	0	0	0	603104652
540	448	0	0	0	603104659
545	448	0	0	0	603104667
549	449	0	0	0	603104674
552	450	0	0	0	603104682
556	451	0	0	0	603104689
558	452	0	0	0	603104697
560	453	0	0	0	603104704
562	453	0	0	0	603104712
564	454	0	0	0	603104719
565	454	0	0	0	603104727
565	454	0	0	0	603104734
566	455	0	0	0	603104742
566	455	0	0	0	603104750
566	455	0	0	0	603104757
566	455	0	0	0	603104765
566	455	0	0	0	603104772
566	455	0	0	0	603104780
566	455	0	0	0	603104787
566	455	0	0	0	603104795
566	455	0	0	0	603104802
566	455	0	0	0	603104810
566	455	0	0	0	603104817
566	455	0	0	0	603104825
567	455	0	0	0	603104832
567	455	0	0	0	603104840
567	455	0	0	0	603104847
567	455	0	0	0	603104855
567	455	0	0	0	603104862
567	455	0	0	0	603104870
567	455	0	0	0	603104877
567	455	0	0	0	603104885
567	453	0	0	0	603104892
567	453	0	0	0	603104900
567	452	0	0	0	603104907
567	452	0	0	0	603104915
567	450	0	0	0	603104922
566	448	0	0	0	603104930
44	3
362	337	0	0	0	603106763
362	337	0	0	0	603106770
361	335	0	0	0	603106778
359	335	0	0	0	603106785
357	335	0	0	0	603106793
355	336	0	0	0	603106800
353	338	0	0	0	603106808
350	340	0	0	0	603106815
348	344	0	0	0	603106823
346	347	0	0	0	603106830
343	351	0	0	0	603106838
342	355	0	0	0	603106845
341	358	0	0	0	603106853
340	361	0	0	0	603106860
340	363	0	0	0	603106868
341	364	0	0	0	603106875
341	364	0	0	0	603106883
342	366	0	0	0	603106890
344	366	0	0	0	603106898
345	366	0	0	0	603106906
346	366	0	0	0	603106913
348	365	0	0	0	603106921
350	364	0	0	0	603106928
352	363	0	0	0	603106936
353	361	0	0	0	603106943
354	358	0	0	0	603106951
355	356	0	0	0	603106958
357	353	0	0	0	603106966
357	351	0	0	0	603106973
358	349	0	0	0	603106981
358	347	0	0	0	603106988
358	346	0	0	0	603106996
358	346	0	0	0	603107003
358	346	0	0	0	603107011
360	346	0	0	0	603107018
360	348	0	0	0	603107026
361	349	0	0	0	603107033
362	351	0	0	0	603107041
364	353	0	0	0	603107048
365	355	0	0	0	603107056
366	358	0	0	0	603107063
368	359	0	0	0	603107071
369	361	0	0	0	603107078
371	361	0	0	0	603107086
20	3
379	341	0	0	0	603107178
379	339	0	0	0	603107186
379	338	0	0	0	603107193
379	337	0	0	0	603107201
379	337	0	0	0	603107208
379	337	0	0	0	603107216
379	337	0	0	0	603107223
378	338	0	0	0	603107231
378	339	0	0	0	603107238
377	341	0	0	0	603107246
377	344	0	0	0	603107253
377	346	0	0	0	603107261
377	349	0	0	0	603107268
377	352	0	0	0	603107276
377	354	0	0	0	603107283
377	356	0	0	0	603107291
377	358	0	0	0	603107298
377	358	0	0	0	603107306
378	359	0	0	0	603107313
378	359	0	0	0	603107321
8	3
379	357	0	0	0	603107328
380	356	0	0	0	603107336
381	353	0	0	0	603107344
382	350	0	0	0	603107351
383	346	0	0	0	603107359
384	343	0	0	0	603107366
386	339	0	0	0	603107374
387	336	0	0	0	603107381
19	3
389	333	0	0	0	603107389
390	332	0	0	0	603107396
390	332	0	0	0	603107404
391	331	0	0	0	603107411
392	332	0	0	0	603107419
393	335	0	0	0	603107426
393	337	0	0	0	603107434
394	341	0	0	0	603107441
394	344	0	0	0	603107449
395	347	0	0	0	603107456
395	351	0	0	0	603107464
397	353	0	0	0	603107471
397	356	0	0	0	603107479
399	357	0	0	0	603107486
400	358	0	0	0	603107494
401	359	0	0	0	603107501
403	358	0	0	0	603107509
404	357	0	0	0	603107516
406	355	0	0	0	603107524
51	3
417	322	0	0	0	603107632
416	320	0	0	0	603107640
416	317	0	0	0	603107647
415	316	0	0	0	603107655
415	314	0	0	0	603107662
415	314	0	0	0	603107670
414	312	0	0	0	603107677
414	312	0	0	0	603107685
414	312	0	0	0	603107692
414	315	0	0	0	603107700
414	317	0	0	0	603107707
415	319	0	0	0	603107715
415	322	0	0	0	603107722
416	326	0	0	0	603107730
416	330	0	0	0	603107737
417	334	0	0	0	603107745
417	338	0	0	0	603107752
418	341	0	0	0	603107760
418	345	0	0	0	603107767
419	347	0	0	0	603107775
419	350	0	0	0	603107782
419	351	0	0	0	603107790
419	351	0	0	0	603107797
419	351	0	0	0	603107805
419	351	0	0	0	603107812
419	349	0	0	0	603107820
418	347	0	0	0	603107828
417	344	0	0	0	603107835
416	342	0	0	0	603107843
415	339	0	0	0	603107850
414	337	0	0	0	603107858
412	335	0	0	0	603107865
410	335	0	0	0	603107873
409	335	0	0	0	603107880
407	336	0	0	0	603107888
405	337	0	0	0	603107895
404	339	0	0	0	603107903
403	342	0	0	0	603107910
402	344	0	0	0	603107918
402	346	0	0	0	603107925
402	348	0	0	0	603107933
403	350	0	0	0	603107940
404	351	0	0	0	603107948
407	352	0	0	0	603107955
409	353	0	0	0	603107963
412	353	0	0	0	603107970
415	353	0	0	0	603107978
418	354	0	0	0	603107985
422	353	0	0	0	603107993
425	353	0	0	0	603108000
429	352	0	0	0	603108008
30	3
447	336	0	0	0	603108123
447	335	0	0	0	603108130
447	335	0	0	0	603108138
445	334	0	0	0	603108145
445	334	0	0	0	603108153
443	334	0	0	0	603108160
442	335	0	0	0	603108168
440	336	0	0	0	603108175
438	337	0	0	0	603108183
437	339	0	0	0	603108190
435	341	0	0	0	603108198
434	343	0	0	0	603108205
433	345	0	0	0	603108213
432	346	0	0	0	603108220
432	348	0	0	0	603108228
432	348	0	0	0	603108235
434	349	0	0	0	603108243
435	350	0	0	0	603108250
436	349	0	0	0	603108258
438	349	0	0	0	603108265
440	348	0	0	0	603108273
443	346	0	0	0	603108281
445	345	0	0	0	603108288
446	343	0	0	0	603108296
448	342	0	0	0	603108303
450	340	0	0	0	603108311
451	338	0	0	0	603108318
451	337	0	0	0	603108326
452	336	0	0	0	603108333
452	336	0	0	0	603108341
18	3
452	336	0	0	0	603108348
452	336	0	0	0	603108356
452	336	0	0	0	603108363
451	338	0	0	0	603108371
451	340	0	0	0	603108378
451	342	0	0	0	603108386
450	345	0	0	0	603108393
450	349	0	0	0	603108401
450	352	0	0	0	603108408
449	357	0	0	0	603108416
449	361	0	0	0	603108423
449	366	0	0	0	603108431
448	372	0	0	0	603108438
447	376	0	0	0	603108446
447	381	0	0	0	603108453
446	384	0	0	0	603108461
446	388	0	0	0	603108468
445	389	0	0	0	603108476
25	3
445	389	0	0	0	603108484
443	390	0	0	0	603108491
442	389	0	0	0	603108499
441	386	0	0	0	603108506
439	384	0	0	0	603108514
437	380	0	0	0	603108521
435	376	0	0	0	603108529
433	373	0	0	0	603108536
431	370	0	0	0	603108544
430	367	0	0	0	603108551
429	364	0	0	0	603108559
428	362	0	0	0	603108566
428	361	0	0	0	603108574
428	361	0	0	0	603108581
429	361	0	0	0	603108589
430	361	0	0	0	603108596
432	362	0	0	0	603108604
435	362	0	0	0	603108611
438	362	0	0	0	603108619
442	362	0	0	0	603108626
447	361	0	0	0	603108634
451	360	0	0	0	603108641
456	358	0	0	0	603108649
460	357	0	0	0	603108656
464	354	0	0	0	603108664
40	3
475	343	0	0	0	603108731
474	342	0	0	0	603108738
473	341	0	0	0	603108746
472	340	0	0	0	603108753
471	339	0	0	0	603108761
471	339	0	0	0	603108768
469	339	0	0	0	603108776
469	339	0	0	0	603108783
467	341	0	0	0	603108791
466	342	0	0	0	603108798
465	344	0	0	0	603108806
465	346	0	0	0	603108813
464	349	0	0	0	603108821
464	351	0	0	0	603108828
464	353	0	0	0	603108836
464	355	0	0	0	603108844
465	356	0	0	0	603108851
465	356	0	0	0	603108859
467	356	0	0	0	603108866
468	355	0	0	0	603108874
469	353	0	0	0	603108881
470	351	0	0	0	603108889
471	349	0	0	0	603108896
473	346	0	0	0	603108904
474	344	0	0	0	603108911
475	341	0	0	0	603108919
476	340	0	0	0	603108926
476	340	0	0	0	603108934
477	340	0	0	0	603108941
478	341	0	0	0	603108949
479	344	0	0	0	603108956
480	346	0	0	0	603108964
481	349	0	0	0	603108971
482	352	0	0	0	603108979
484	354	0	0	0	603108986
485	356	0	0	0	603108994
487	357	0	0	0	603109001
489	357	0	0	0	603109009
490	357	0	0	0	603109016
492	356	0	0	0	603109024
18	12
497	334	0	0	0	603109099
498	332	0	0	0	603109107
498	332	0	0	0	603109114
498	332	0	0	0	603109122
498	332	0	0	0	603109129
498	334	0	0	0	603109137
498	336	0	0	0	603109144
499	338	0	0	0	603109152
499	341	0	0	0	603109159
500	344	0	0	0	603109167
501	347	0	0	0	603109174
502	350	0	0	0	603109182
502	353	0	0	0	603109189
503	356	0	0	0	603109197
503	357	0	0	0	603109204
503	358	0	0	0	603109212
503	358	0	0	0	603109219
503	358	0	0	0	603109227
16	12
494	345	0	0	0	603109286
494	345	0	0	0	603109294
493	345	0	0	0	603109301
493	345	0	0	0	603109309
493	345	0	0	0	603109316
494	345	0	0	0	603109324
496	345	0	0	0	603109331
497	346	0	0	0	603109339
499	346	0	0	0	603109346
502	346	0	0	0	603109354
504	346	0	0	0	603109361
506	346	0	0	0	603109369
509	345	0	0	0	603109376
511	345	0	0	0	603109384
513	343	0	0	0	603109391
515	343	0	0	0	603109399
15	12
520	341	0	0	0	603109464
520	341	0	0	0	603109471
520	341	0	0	0	603109479
520	341	0	0	0	603109486
521	342	0	0	0	603109494
523	342	0	0	0	603109501
524	341	0	0	0	603109509
526	340	0	0	0	603109516
529	339	0	0	0	603109524
531	338	0	0	0	603109531
533	336	0	0	0	603109539
535	334	0	0	0	603109547
537	333	0	0	0	603109554
537	331	0	0	0	603109562
538	329	0	0	0	603109569
21	12
537	327	0	0	0	603109577
536	326	0	0	0	603109584
534	325	0	0	0	603109592
532	326	0	0	0	603109599
529	327	0	0	0	603109607
526	329	0	0	0	603109614
524	332	0	0	0	603109622
522	336	0	0	0	603109629
520	340	0	0	0	603109637
519	345	0	0	0	603109644
519	348	0	0	0	603109652
520	351	0	0	0	603109659
521	353	0	0	0	603109667
523	354	0	0	0	603109674
526	355	0	0	0	603109682
529	355	0	0	0	603109689
532	355	0	0	0	603109697
536	354	0	0	0	603109704
539	354	0	0	0	603109712
542	354	0	0	0	603109719
545	354	0	0	0	603109727
57	16
494	415	0	0	0	603112587
494	415	0	0	0	603112594
494	414	0	0	0	603112602
494	414	0	0	0	603112609
495	412	0	0	0	603112617
495	412	0	0	0	603112625
495	412	0	0	0	603112632
493	412	0	0	0	603112640
493	412	0	0	0	603112647
490	411	0	0	0	603112655
489	411	0	0	0	603112662
487	412	0	0	0	603112670
485	413	0	0	0	603112677
484	414	0	0	0	603112685
482	416	0	0	0	603112692
481	418	0	0	0	603112700
479	420	0	0	0	603112707
478	423	0	0	0	603112715
478	425	0	0	0	603112722
478	427	0	0	0	603112730
478	430	0	0	0	603112737
478	432	0	0	0	603112745
479	434	0	0	0	603112752
480	436	0	0	0	603112760
482	437	0	0	0	603112767
483	439	0	0	0	603112775
485	439	0	0	0	603112782
488	439	0	0	0	603112790
490	439	0	0	0	603112797
493	438	0	0	0	603112805
496	436	0	0	0	603112812
499	434	0	0	0	603112820
502	431	0	0	0	603112828
505	429	0	0	0	603112835
508	426	0	0	0	603112843
510	423	0	0	0	603112850
511	421	0	0	0	603112858
512	418	0	0	0	603112865
512	416	0	0	0	603112873
512	414	0	0	0	603112880
511	413	0	0	0	603112888
510	411	0	0	0	603112895
508	410	0	0	0	603112903
506	409	0	0	0	603112910
504	408	0	0	0	603112918
503	408	0	0	0	603112925
502	408	0	0	0	603112933
502	408	0	0	0	603112940
500	408	0	0	0	603112948
500	408	0	0	0	603112955
500	408	0	0	0	603112963
500	408	0	0	0	603112970
502	409	0	0	0	603112978
502	409	0	0	0	603112985
504	409	0	0	0	603112993
505	410	0	0	0	603113000
507	410	0	0	0	603113008
35	17
533	408	0	0	0	603113158
533	408	0	0	0	603113166
532	407	0	0	0	603113173
532	407	0	0	0	603113181
529	409	0	0	0	603113188
529	409	0	0	0	603113196
527	413	0	0	0	603113203
526	415	0	0	0	603113211
525	418	0	0	0	603113218
525	421	0	0	0	603113226
525	424	0	0	0	603113234
526	426	0	0	0	603113241
527	429	0	0	0	603113249
528	431	0	0	0	603113256
530	432	0	0	0	603113264
532	434	0	0	0	603113271
535	435	0	0	0	603113279
537	434	0	0	0	603113286
539	434	0	0	0	603113294
542	432	0	0	0	603113301
544	431	0	0	0	603113309
546	429	0	0	0	603113316
548	426	0	0	0	603113324
550	422	0	0	0	603113331
551	419	0	0	0	603113339
552	415	0	0	0	603113346
553	412	0	0	0	603113354
553	410	0	0	0	603113361
553	407	0	0	0	603113369
553	405	0	0	0	603113376
552	404	0	0	0	603113384
552	403	0	0	0	603113391
552	403	0	0	0	603113399
552	403	0	0	0	603113406
551	403	0	0	0	603113414
19	18
571	401	0	0	0	603113529
571	401	0	0	0	603113536
571	400	0	0	0	603113544
571	400	0	0	0	603113551
571	401	0	0	0	603113559
571	401	0	0	0	603113566
570	404	0	0	0	603113574
570	407	0	0	0	603113581
570	411	0	0	0	603113589
569	414	0	0	0	603113596
569	419	0	0	0	603113604
569	422	0	0	0	603113611
569	426	0	0	0	603113619
569	429	0	0	0	603113626
568	431	0	0	0	603113634
568	431	0	0	0	603113641
568	431	0	0	0	603113649
567	430	0	0	0	603113656
565	429	0	0	0	603113664
14	18
561	415	0	0	0	603113723
562	414	0	0	0	603113731
562	414	0	0	0	603113738
564	413	0	0	0	603113746
567	412	0	0	0	603113753
569	412	0	0	0	603113761
571	412	0	0	0	603113768
575	411	0	0	0	603113776
577	411	0	0	0	603113783
580	411	0	0	0	603113791
583	411	0	0	0	603113798
586	411	0	0	0	603113806
588	412	0	0	0	603113813
590	413	0	0	0	603113821
71	1
559	453	0	0	0	603125185
559	453	0	0	0	603125192
559	453	0	0	0	603125200
559	453	0	0	0	603125207
559	453	0	0	0	603125215
559	453	0	0	0	603125222
559	453	0	0	0	603125230
559	453	0	0	0	603125237
559	453	0	0	0	603125245
561	453	0	0	0	603125252
561	453	0	0	0	603125260
562	454	0	0	0	603125267
562	454	0	0	0	603125275
564	454	0	0	0	603125282
564	454	0	0	0	603125290
566	454	0	0	0	603125297
566	454	0	0	0	603125305
568	454	0	0	0	603125312
569	455	0	0	0	603125320
570	455	0	0	0	603125328
572	455	0	0	0	603125335
574	455	0	0	0	603125343
576	455	0	0	0	603125350
578	455	0	0	0	603125358
580	455	0	0	0	603125365
583	455	0	0	0	603125373
585	455	0	0	0	603125380
588	454	0	0	0	603125388
591	454	0	0	0	603125395
594	453	0	0	0	603125403
596	453	0	0	0	603125410
599	452	0	0	0	603125418
602	452	0	0	0	603125425
605	452	0	0	0	603125433
608	453	0	0	0	603125440
611	453	0	0	0	603125448
613	453	0	0	0	603125455
616	453	0	0	0	603125463
618	454	0	0	0	603125470
621	454	0	0	0	603125478
623	454	0	0	0	603125485
625	454	0	0	0	603125493
627	453	0	0	0	603125500
630	453	0	0	0	603125508
632	453	0	0	0	603125515
635	453	0	0	0	603125523
638	453	0	0	0	603125531
640	453	0	0	0	603125538
643	453	0	0	0	603125546
645	453	0	0	0	603125553
647	453	0	0	0	603125561
649	453	0	0	0	603125568
650	453	0	0	0	603125576
651	454	0	0	0	603125583
651	454	0	0	0	603125591
653	454	0	0	0	603125598
653	454	0	0	0	603125606
655	454	0	0	0	603125613
655	454	0	0	0	603125621
656	454	0	0	0	603125628
656	454	0	0	0	603125636
657	452	0	0	0	603125643
657	452	0	0	0	603125651
657	452	0	0	0	603125658
657	451	0	0	0	603125666
657	451	0	0	0	603125673
656	450	0	0	0	603125681
656	450	0	0	0	603125688
655	450	0	0	0	603125696
655	450	0	0	0	603125703
654	449	0	0	0	603125711
34	1
658	415	0	0	0	603125979
658	415	0	0	0	603125986
658	414	0	0	0	603125994
658	414	0	0	0	603126001
658	414	0	0	0	603126009
657	412	0	0	0	603126016
657	412	0	0	0	603126024
657	414	0	0	0	603126031
657	416	0	0	0	603126039
657	418	0	0	0	603126047
656	423	0	0	0	603126054
656	428	0	0	0	603126062
656	435	0	0	0	603126069
656	442	0	0	0	603126077
656	450	0	0	0	603126084
655	458	0	0	0	603126092
655	466	0	0	0	603126099
655	474	0	0	0	603126107
654	481	0	0	0	603126114
653	488	0	0	0	603126122
653	493	0	0	0	603126129
652	497	0	0	0	603126137
652	500	0	0	0	603126144
652	502	0	0	0	603126152
651	504	0	0	0	603126159
651	504	0	0	0	603126167
651	504	0	0	0	603126174
651	504	0	0	0	603126182
652	502	0	0	0	603126189
652	502	0	0	0	603126197
653	500	0	0	0	603126204
654	498	0	0	0	603126212
655	495	0	0	0	603126219
656	493	0	0	0	603126227
35	1
662	416	0	0	0	603126599
661	416	0	0	0	603126607
661	416	0	0	0	603126614
661	416	0	0	0	603126622
659	415	0	0	0	603126629
659	415	0	0	0	603126637
659	415	0	0	0	603126644
659	414	0	0	0	603126652
659	414	0	0	0	603126659
659	414	0	0	0	603126667
659	414	0	0	0	603126674
659	414	0	0	0	603126682
660	414	0	0	0	603126689
660	414	0	0	0	603126697
663	415	0	0	0	603126704
665	416	0	0	0	603126712
667	417	0	0	0	603126719
670	419	0	0	0	603126727
673	421	0	0	0	603126734
676	423	0	0	0	603126742
680	425	0	0	0	603126750
684	427	0	0	0	603126757
687	430	0	0	0	603126765
690	432	0	0	0	603126772
693	435	0	0	0	603126780
696	437	0	0	0	603126787
698	439	0	0	0	603126795
700	441	0	0	0	603126802
702	443	0	0	0	603126810
703	445	0	0	0	603126817
704	446	0	0	0	603126825
704	446	0	0	0	603126832
705	448	0	0	0	603126840
705	448	0	0	0	603126847
706	449	0	0	0	603126855
37	1
706	449	0	0	0	603126862
706	449	0	0	0	603126870
705	451	0	0	0	603126877
705	451	0	0	0	603126885
704	452	0	0	0	603126892
704	452	0	0	0	603126900
703	455	0	0	0	603126907
701	456	0	0	0	603126915
699	458	0	0	0	603126922
697	460	0	0	0	603126930
694	463	0	0	0	603126937
691	466	0	0	0	603126945
687	469	0	0	0	603126953
684	472	0	0	0	603126960
680	476	0	0	0	603126968
676	479	0	0	0	603126975
672	482	0	0	0	603126983
669	484	0	0	0	603126990
666	486	0	0	0	603126998
664	488	0	0	0	603127005
661	490	0	0	0	603127013
659	492	0	0	0	603127020
658	494	0	0	0	603127028
656	495	0	0	0	603127035
655	497	0	0	0	603127043
654	499	0	0	0	603127050
654	499	0	0	0	603127058
654	500	0	0	0	603127065
654	500	0	0	0	603127073
655	499	0	0	0	603127080
656	498	0	0	0	603127088
658	495	0	0	0	603127095
660	494	0	0	0	603127103
661	492	0	0	0	603127110
663	491	0	0	0	603127118
665	489	0	0	0	603127125
667	488	0	0	0	603127133
58	1
731	438	0	0	0	603127532
732	436	0	0	0	603127540
732	436	0	0	0	603127547
732	435	0	0	0	603127555
732	435	0	0	0	603127562
732	434	0	0	0	603127570
732	433	0	0	0	603127578
732	433	0	0	0	603127585
732	433	0	0	0	603127593
730	432	0	0	0	603127600
730	432	0	0	0	603127608
728	432	0	0	0	603127615
727	432	0	0	0	603127623
725	432	0	0	0	603127630
724	433	0	0	0	603127638
722	435	0	0	0	603127645
720	436	0	0	0	603127653
718	438	0	0	0	603127660
717	440	0	0	0	603127668
715	443	0	0	0	603127675
714	446	0	0	0	603127683
713	448	0	0	0	603127690
712	451	0	0	0	603127698
712	453	0	0	0	603127705
712	456	0	0	0	603127713
713	459	0	0	0	603127720
714	461	0	0	0	603127728
715	463	0	0	0	603127735
718	464	0	0	0	603127743
720	465	0	0	0	603127750
723	465	0	0	0	603127758
727	465	0	0	0	603127765
730	464	0	0	0	603127773
733	461	0	0	0	603127781
736	459	0	0	0	603127788
739	456	0	0	0	603127796
741	454	0	0	0	603127803
743	451	0	0	0	603127811
745	448	0	0	0	603127818
745	445	0	0	0	603127826
745	443	0	0	0	603127833
745	441	0	0	0	603127841
743	439	0	0	0	603127848
742	438	0	0	0	603127856
740	436	0	0	0	603127863
738	435	0	0	0	603127871
735	435	0	0	0	603127878
733	434	0	0	0	603127886
731	434	0	0	0	603127893
729	434	0	0	0	603127901
728	434	0	0	0	603127908
728	434	0	0	0	603127916
726	435	0	0	0	603127923
726	435	0	0	0	603127931
726	435	0	0	0	603127938
726	435	0	0	0	603127946
726	435	0	0	0	603127953
727	435	0	0	0	603127961
17	25
648	377	0	0	0	603130732
648	377	0	0	0	603130739
648	377	0	0	0	603130747
648	377	0	0	0	603130754
647	379	0	0	0	603130762
647	381	0	0	0	603130769
647	383	0	0	0	603130777
646	386	0	0	0	603130784
646	389	0	0	0	603130792
646	393	0	0	0	603130799
646	396	0	0	0	603130807
646	399	0	0	0	603130814
646	401	0	0	0	603130822
646	403	0	0	0	603130829
646	404	0	0	0	603130837
646	404	0	0	0	603130844
646	404	0	0	0	603130852
10	25
650	371	0	0	0	603130940
650	371	0	0	0	603130948
651	369	0	0	0	603130955
651	369	0	0	0	603130963
651	369	0	0	0	603130970
652	370	0	0	0	603130978
652	372	0	0	0	603130985
652	372	0	0	0	603130993
654	376	0	0	0	603131000
655	378	0	0	0	603131008
22	27
662	394	0	0	0	603131102
661	393	0	0	0	603131110
661	391	0	0	0	603131117
661	390	0	0	0	603131125
661	388	0	0	0	603131132
661	386	0	0	0	603131140
661	385	0	0	0	603131147
661	383	0	0	0	603131155
661	383	0	0	0	603131162
661	383	0	0	0	603131170
661	383	0	0	0	603131177
662	384	0	0	0	603131185
662	386	0	0	0	603131192
662	388	0	0	0	603131200
662	390	0	0	0	603131207
662	392	0	0	0	603131215
662	395	0	0	0	603131222
662	397	0	0	0	603131230
662	399	0	0	0	603131237
662	400	0	0	0	603131245
662	401	0	0	0	603131252
662	401	0	0	0	603131260
13	27
663	403	0	0	0	603131267
663	403	0	0	0	603131275
663	403	0	0	0	603131282
664	401	0	0	0	603131290
665	399	0	0	0	603131297
666	397	0	0	0	603131305
667	394	0	0	0	603131313
668	391	0	0	0	603131320
670	389	0	0	0	603131328
671	386	0	0	0	603131335
673	384	0	0	0	603131343
674	382	0	0	0	603131350
674	382	0	0	0	603131358
18	27
676	382	0	0	0	603131365
676	382	0	0	0	603131373
678	384	0	0	0	603131380
678	386	0	0	0	603131388
679	388	0	0	0	603131395
680	391	0	0	0	603131403
680	394	0	0	0	603131410
681	396	0	0	0	603131418
681	399	0	0	0	603131425
682	401	0	0	0	603131433
683	403	0	0	0	603131440
684	404	0	0	0	603131448
684	405	0	0	0	603131455
684	405	0	0	0	603131463
685	404	0	0	0	603131470
685	403	0	0	0	603131478
686	402	0	0	0	603131485
686	401	0	0	0	603131493
17	30
688	382	0	0	0	603131597
688	382	0	0	0	603131605
687	380	0	0	0	603131612
687	380	0	0	0	603131620
687	380	0	0	0	603131627
688	382	0	0	0	603131635
688	384	0	0	0	603131642
690	386	0	0	0	603131650
691	388	0	0	0	603131657
692	391	0	0	0	603131665
693	394	0	0	0	603131672
695	396	0	0	0	603131680
696	398	0	0	0	603131688
697	400	0	0	0	603131695
699	401	0	0	0	603131703
699	401	0	0	0	603131710
700	403	0	0	0	603131718
20	30
700	403	0	0	0	603131725
702	402	0	0	0	603131733
702	402	0	0	0	603131740
703	401	0	0	0	603131748
703	399	0	0	0	603131755
703	396	0	0	0	603131763
704	394	0	0	0	603131770
705	390	0	0	0	603131778
705	388	0	0	0	603131785
706	385	0	0	0	603131793
706	383	0	0	0	603131800
707	380	0	0	0	603131808
707	380	0	0	0	603131815
708	379	0	0	0	603131823
708	379	0	0	0	603131830
708	379	0	0	0	603131838
708	379	0	0	0	603131845
709	380	0	0	0	603131853
709	380	0	0	0	603131860
710	382	0	0	0	603131868
55	30
711	388	0	0	0	603131912
711	389	0	0	0	603131920
711	389	0	0	0	603131927
711	389	0	0	0	603131935
712	389	0	0	0	603131942
714	388	0	0	0	603131950
714	388	0	0	0	603131957
717	388	0	0	0	603131965
718	388	0	0	0	603131972
720	387	0	0	0	603131980
721	387	0	0	0	603131987
723	386	0	0	0	603131995
724	385	0	0	0	603132002
724	384	0	0	0	603132010
725	382	0	0	0	603132017
725	381	0	0	0	603132025
725	379	0	0	0	603132032
725	378	0	0	0	603132040
725	377	0	0	0	603132047
725	377	0	0	0	603132055
723	377	0	0	0	603132062
722	377	0	0	0	603132070
720	379	0	0	0	603132078
719	381	0	0	0	603132085
718	383	0	0	0	603132093
717	386	0	0	0	603132100
716	388	0	0	0	603132108
715	391	0	0	0	603132115
715	393	0	0	0	603132123
716	395	0	0	0	603132130
717	397	0	0	0	603132138
718	398	0	0	0	603132145
719	400	0	0	0	603132153
721	400	0	0	0	603132160
723	401	0	0	0	603132168
724	401	0	0	0	603132175
726	400	0	0	0	603132183
727	400	0	0	0	603132190
728	398	0	0	0	603132198
729	396	0	0	0	603132205
730	395	0	0	0	603132213
730	392	0	0	0	603132220
730	391	0	0	0	603132228
731	389	0	0	0	603132235
731	389	0	0	0	603132243
731	388	0	0	0	603132250
731	388	0	0	0	603132258
730	389	0	0	0	603132265
730	391	0	0	0	603132273
730	392	0	0	0	603132281
730	394	0	0	0	603132288
730	396	0	0	0	603132296
731	397	0	0	0	603132303
731	399	0	0	0	603132311
731	399	0	0	0	603132318
19	30
732	400	0	0	0	603132326
732	400	0	0	0	603132333
733	400	0	0	0	603132341
733	400	0	0	0	603132348
735	398	0	0	0	603132356
736	396	0	0	0	603132363
737	395	0	0	0	603132371
739	392	0	0	0	603132378
741	390	0	0	0	603132386
743	388	0	0	0	603132393
744	386	0	0	0	603132401
747	383	0	0	0	603132408
748	382	0	0	0	603132416
750	381	0	0	0	603132423
751	380	0	0	0	603132431
751	380	0	0	0	603132438
753	380	0	0	0	603132446
753	380	0	0	0	603132453
753	382	0	0	0	603132461
20	30
757	376	0	0	0	603132553
757	376	0	0	0	603132561
759	375	0	0	0	603132568
759	375	0	0	0	603132576
759	375	0	0	0	603132583
760	377	0	0	0	603132591
760	379	0	0	0	603132598
761	381	0	0	0	603132606
761	385	0	0	0	603132613
761	388	0	0	0	603132621
760	392	0	0	0	603132628
760	396	0	0	0	603132636
760	400	0	0	0	603132643
760	404	0	0	0	603132651
760	406	0	0	0	603132658
760	408	0	0	0	603132666
760	408	0	0	0	603132673
760	408	0	0	0	603132681
759	408	0	0	0	603132688
758	406	0	0	0	603132696
18	30
751	396	0	0	0	603132740
751	396	0	0	0	603132748
751	396	0	0	0	603132755
751	396	0	0	0	603132763
752	396	0	0	0	603132770
754	396	0	0	0	603132778
755	397	0	0	0	603132785
758	397	0	0	0	603132793
760	397	0	0	0	603132800
762	396	0	0	0	603132808
764	396	0	0	0	603132815
766	396	0	0	0	603132823
769	395	0	0	0	603132830
771	395	0	0	0	603132838
772	395	0	0	0	603132845
774	394	0	0	0	603132853
774	394	0	0	0	603132860
776	393	0	0	0	603132868
75	30
775	391	0	0	0	603132921
775	391	0	0	0	603132928
775	391	0	0	0	603132936
775	391	0	0	0	603132943
775	391	0	0	0	603132951
775	391	0	0	0	603132958
775	391	0	0	0	603132966
777	391	0	0	0	603132973
778	391	0	0	0	603132981
779	390	0	0	0	603132988
781	389	0	0	0	603132996
782	388	0	0	0	603133003
783	386	0	0	0	603133011
783	384	0	0	0	603133018
784	382	0	0	0	603133026
784	381	0	0	0	603133033
784	381	0	0	0	603133041
783	379	0	0	0	603133048
783	379	0	0	0	603133056
781	380	0	0	0	603133063
780	381	0	0	0	603133071
779	383	0	0	0	603133078
778	385	0	0	0	603133086
778	388	0	0	0	603133094
777	390	0	0	0	603133101
777	392	0	0	0	603133109
777	395	0	0	0	603133116
777	397	0	0	0	603133124
778	398	0	0	0	603133131
779	400	0	0	0	603133139
780	401	0	0	0	603133146
782	402	0	0	0	603133154
783	402	0	0	0	603133161
785	403	0	0	0	603133169
786	402	0	0	0	603133176
788	402	0	0	0	603133184
788	402	0	0	0	603133191
790	400	0	0	0	603133199
791	398	0	0	0	603133206
791	396	0	0	0	603133214
791	395	0	0	0	603133221
792	393	0	0	0	603133229
792	392	0	0	0	603133236
792	391	0	0	0	603133244
792	391	0	0	0	603133251
792	391	0	0	0	603133259
792	391	0	0	0	603133266
792	393	0	0	0	603133274
792	395	0	0	0	603133281
792	397	0	0	0	603133289
792	400	0	0	0	603133297
792	402	0	0	0	603133304
791	404	0	0	0	603133312
791	406	0	0	0	603133319
791	407	0	0	0	603133327
791	407	0	0	0	603133334
791	407	0	0	0	603133342
792	407	0	0	0	603133349
793	407	0	0	0	603133357
794	405	0	0	0	603133364
796	404	0	0	0	603133372
798	402	0	0	0	603133379
799	400	0	0	0	603133387
801	398	0	0	0	603133394
803	396	0	0	0	603133402
805	394	0	0	0	603133409
808	393	0	0	0	603133417
810	392	0	0	0	603133424
812	392	0	0	0	603133432
814	392	0	0	0	603133439
816	392	0	0	0	603133447
818	393	0	0	0	603133454
820	394	0	0	0	603133462
821	395	0	0	0	603133469
823	395	0	0	0	603133477
30	37
265	401	0	0	0	603135446
265	401	0	0	0	603135453
265	400	0	0	0	603135461
266	399	0	0	0	603135468
267	400	0	0	0	603135476
270	399	0	0	0	603135484
272	400	0	0	0	603135491
276	400	0	0	0	603135499
281	401	0	0	0	603135506
286	400	0	0	0	603135514
292	401	0	0	0	603135521
298	400	0	0	0	603135529
304	399	0	0	0	603135536
311	399	0	0	0	603135544
317	398	0	0	0	603135551
323	397	0	0	0	603135559
328	397	0	0	0	603135566
332	396	0	0	0	603135574
336	396	0	0	0	603135581
340	396	0	0	0	603135589
342	396	0	0	0	603135596
343	397	0	0	0	603135604
344	397	0	0	0	603135611
344	397	0	0	0	603135619
344	397	0	0	0	603135626
344	397	0	0	0	603135634
343	399	0	0	0	603135641
342	398	0	0	0	603135649
340	399	0	0	0	603135656
339	398	0	0	0	603135664
25	0
274	448	0	0	0	603136000
274	448	0	0	0	603136007
274	448	0	0	0	603136015
277	448	0	0	0	603136022
279	449	0	0	0	603136030
283	449	0	0	0	603136037
287	449	0	0	0	603136045
293	449	0	0	0	603136052
299	449	0	0	0	603136060
306	449	0	0	0	603136067
313	447	0	0	0	603136075
320	446	0	0	0	603136082
328	445	0	0	0	603136090
335	444	0	0	0	603136097
341	443	0	0	0	603136105
347	442	0	0	0	603136112
352	442	0	0	0	603136120
355	442	0	0	0	603136127
358	443	0	0	0	603136135
359	444	0	0	0	603136142
359	444	0	0	0	603136150
359	445	0	0	0	603136157
357	446	0	0	0	603136165
356	447	0	0	0	603136172
353	448	0	0	0	603136180
22	39
267	521	0	0	0	603136491
267	523	0	0	0	603136499
269	523	0	0	0	603136506
272	523	0	0	0	603136514
275	524	0	0	0	603136521
281	524	0	0	0	603136529
287	525	0	0	0	603136536
294	524	0	0	0	603136544
302	524	0	0	0	603136551
310	524	0	0	0	603136559
317	524	0	0	0	603136566
324	524	0	0	0	603136574
329	523	0	0	0	603136581
334	523	0	0	0	603136589
337	522	0	0	0	603136596
340	523	0	0	0	603136604
341	522	0	0	0	603136611
341	522	0	0	0	603136619
341	522	0	0	0	603136626
341	522	0	0	0	603136634
339	521	0	0	0	603136641
337	521	0	0	0	603136649
20	40
206	394	0	0	0	603137272
206	392	0	0	0	603137280
206	392	0	0	0	603137287
206	390	0	0	0	603137295
206	390	0	0	0	603137302
204	389	0	0	0	603137310
204	389	0	0	0	603137317
202	388	0	0	0	603137325
200	389	0	0	0	603137332
198	390	0	0	0	603137340
197	391	0	0	0	603137347
195	393	0	0	0	603137355
193	396	0	0	0	603137362
191	399	0	0	0	603137370
191	402	0	0	0	603137377
190	405	0	0	0	603137385
190	408	0	0	0	603137392
190	410	0	0	0	603137400
191	413	0	0	0	603137407
192	414	0	0	0	603137415
27	40
194	415	0	0	0	603137422
196	415	0	0	0	603137430
197	415	0	0	0	603137438
199	414	0	0	0	603137445
200	412	0	0	0	603137453
202	409	0	0	0	603137460
203	406	0	0	0	603137468
204	403	0	0	0	603137475
205	399	0	0	0	603137483
207	396	0	0	0	603137490
208	393	0	0	0	603137498
209	390	0	0	0	603137505
210	388	0	0	0	603137513
212	387	0	0	0	603137520
213	387	0	0	0	603137528
214	389	0	0	0	603137535
215	391	0	0	0	603137543
216	393	0	0	0	603137550
217	396	0	0	0	603137558
217	399	0	0	0	603137565
218	403	0	0	0	603137573
219	406	0	0	0	603137580
220	408	0	0	0	603137588
220	411	0	0	0	603137595
220	412	0	0	0	603137603
220	414	0	0	0	603137610
220	414	0	0	0	603137618
57	42
199	444	0	0	0	603138197
199	440	0	0	0	603138204
198	437	0	0	0	603138212
197	434	0	0	0	603138219
197	432	0	0	0	603138227
196	430	0	0	0	603138235
196	427	0	0	0	603138242
196	427	0	0	0	603138250
195	426	0	0	0	603138257
195	426	0	0	0	603138265
195	426	0	0	0	603138272
195	428	0	0	0	603138280
196	429	0	0	0	603138287
196	432	0	0	0	603138295
197	434	0	0	0	603138302
198	437	0	0	0	603138310
199	441	0	0	0	603138317
199	444	0	0	0	603138325
200	447	0	0	0	603138332
201	450	0	0	0	603138340
202	453	0	0	0	603138347
202	455	0	0	0	603138355
203	457	0	0	0	603138362
203	458	0	0	0	603138370
203	458	0	0	0	603138377
204	458	0	0	0	603138385
204	458	0	0	0	603138392
205	457	0	0	0	603138400
206	455	0	0	0	603138407
207	452	0	0	0	603138415
208	450	0	0	0	603138422
209	447	0	0	0	603138430
211	445	0	0	0	603138438
212	443	0	0	0	603138445
214	441	0	0	0	603138453
216	440	0	0	0	603138460
219	440	0	0	0	603138468
221	441	0	0	0	603138475
223	442	0	0	0	603138483
225	443	0	0	0	603138490
227	445	0	0	0	603138498
228	447	0	0	0	603138505
229	450	0	0	0	603138513
229	453	0	0	0	603138520
229	455	0	0	0	603138528
228	458	0	0	0	603138535
227	460	0	0	0	603138543
225	463	0	0	0	603138550
223	464	0	0	0	603138558
220	465	0	0	0	603138565
218	465	0	0	0	603138573
216	465	0	0	0	603138580
214	464	0	0	0	603138588
212	464	0	0	0	603138595
212	462	0	0	0	603138603
211	460	0	0	0	603138610
211	460	0	0	0	603138618
31	43
225	502	0	0	0	603138907
225	501	0	0	0	603138915
224	499	0	0	0	603138922
224	498	0	0	0	603138930
222	497	0	0	0	603138937
221	497	0	0	0	603138945
218	498	0	0	0	603138953
216	498	0	0	0	603138960
213	500	0	0	0	603138968
211	503	0	0	0	603138975
209	507	0	0	0	603138983
206	511	0	0	0	603138990
204	516	0	0	0	603138998
203	520	0	0	0	603139005
203	524	0	0	0	603139013
203	527	0	0	0	603139020
203	530	0	0	0	603139028
205	531	0	0	0	603139035
207	532	0	0	0	603139043
209	532	0	0	0	603139050
213	532	0	0	0	603139058
216	532	0	0	0	603139065
221	531	0	0	0	603139073
225	530	0	0	0	603139080
229	529	0	0	0	603139088
232	528	0	0	0	603139095
236	527	0	0	0	603139103
238	526	0	0	0	603139110
240	526	0	0	0	603139118
240	526	0	0	0	603139125
240	526	0	0	0	603139133
50	1
753	449	0	0	0	603169796
751	449	0	0	0	603169803
751	449	0	0	0	603169811
751	449	0	0	0	603169818
750	449	0	0	0	603169826
750	449	0	0	0	603169833
751	449	0	0	0	603169841
753	449	0	0	0	603169848
755	450	0	0	0	603169856
758	450	0	0	0	603169863
761	451	0	0	0	603169871
765	453	0	0	0	603169878
770	454	0	0	0	603169886
776	455	0	0	0	603169893
783	457	0	0	0	603169901
791	458	0	0	0	603169908
800	459	0	0	0	603169916
810	459	0	0	0	603169923
822	458	0	0	0	603169931
835	457	0	0	0	603169938
848	456	0	0	0	603169946
862	454	0	0	0	603169953
876	453	0	0	0	603169961
890	452	0	0	0	603169968
902	452	0	0	0	603169976
913	452	0	0	0	603169984
923	453	0	0	0	603169991
932	454	0	0	0	603169999
940	455	0	0	0	603170006
947	456	0	0	0	603170014
952	457	0	0	0	603170021
956	458	0	0	0	603170029
959	458	0	0	0	603170036
962	458	0	0	0	603170044
964	458	0	0	0	603170051
965	458	0	0	0	603170059
965	458	0	0	0	603170066
965	458	0	0	0	603170074
965	457	0	0	0	603170081
965	457	0	0	0	603170089
965	457	0	0	0	603170096
965	457	0	0	0	603170104
965	455	0	0	0	603170111
965	455	0	0	0	603170119
964	453	0	0	0	603170126
964	453	0	0	0	603170134
963	452	0	0	0	603170141
963	452	0	0	0	603170149
960	451	0	0	0	603170156
958	450	0	0	0	603170164
20	45
1002	452	0	0	0	603170678
1002	452	0	0	0	603170686
1001	451	0	0	0	603170693
1001	451	0	0	0	603170701
1000	453	0	0	0	603170708
1001	455	0	0	0	603170716
1001	458	0	0	0	603170723
1002	461	0	0	0	603170731
1002	466	0	0	0	603170738
1004	471	0	0	0	603170746
1005	476	0	0	0	603170753
1006	482	0	0	0	603170761
1007	487	0	0	0	603170768
1008	491	0	0	0	603170776
1009	495	0	0	0	603170783
1009	497	0	0	0	603170791
1009	498	0	0	0	603170798
1009	498	0	0	0	603170806
1006	497	0	0	0	603170813
1006	494	0	0	0	603170821
13	45
979	412	0	0	0	603170949
979	412	0	0	0	603170956
979	412	0	0	0	603170964
978	415	0	0	0	603170971
979	418	0	0	0	603170979
980	423	0	0	0	603170986
982	428	0	0	0	603170994
985	434	0	0	0	603171001
988	440	0	0	0	603171009
991	446	0	0	0	603171016
995	450	0	0	0	603171024
997	453	0	0	0	603171031
1001	455	0	0	0	603171039
21	47
1036	415	0	0	0	603171108
1036	413	0	0	0	603171115
1036	413	0	0	0	603171123
1034	414	0	0	0	603171130
1032	415	0	0	0	603171138
1029	417	0	0	0	603171145
1026	420	0	0	0	603171153
1022	424	0	0	0	603171160
1019	428	0	0	0	603171168
1016	433	0	0	0	603171175
1013	439	0	0	0	603171183
1011	444	0	0	0	603171190
1010	449	0	0	0	603171198
1009	453	0	0	0	603171205
1008	456	0	0	0	603171213
1008	457	0	0	0	603171220
1008	457	0	0	0	603171228
1008	457	0	0	0	603171235
1009	457	0	0	0	603171243
1009	455	0	0	0	603171250
1009	452	0	0	0	603171258
