42
57	6
276	280	0	0	0	302846212
276	280	0	0	0	302846219
276	280	0	0	0	302846227
276	280	0	0	0	302846234
276	280	0	0	0	302846242
276	279	0	0	0	302846250
276	279	0	0	0	302846257
276	279	0	0	0	302846265
276	279	0	0	0	302846272
276	279	0	0	0	302846280
276	279	0	0	0	302846287
276	279	0	0	0	302846295
276	279	0	0	0	302846302
276	279	0	0	0	302846310
276	279	0	0	0	302846317
276	280	0	0	0	302846325
276	281	0	0	0	302846332
276	282	0	0	0	302846340
276	283	0	0	0	302846347
276	284	0	0	0	302846355
276	286	0	0	0	302846362
276	288	0	0	0	302846370
276	290	0	0	0	302846377
276	293	0	0	0	302846385
276	295	0	0	0	302846392
276	298	0	0	0	302846400
276	300	0	0	0	302846407
276	303	0	0	0	302846415
276	306	0	0	0	302846422
276	308	0	0	0	302846430
276	311	0	0	0	302846437
276	314	0	0	0	302846445
276	316	0	0	0	302846453
277	319	0	0	0	302846460
277	321	0	0	0	302846468
277	323	0	0	0	302846475
277	326	0	0	0	302846483
277	328	0	0	0	302846490
277	331	0	0	0	302846498
277	333	0	0	0	302846505
277	335	0	0	0	302846513
277	337	0	0	0	302846520
276	339	0	0	0	302846528
276	341	0	0	0	302846535
276	343	0	0	0	302846543
276	345	0	0	0	302846550
276	347	0	0	0	302846558
276	348	0	0	0	302846565
276	349	0	0	0	302846573
276	350	0	0	0	302846580
276	350	0	0	0	302846588
275	351	0	0	0	302846595
275	351	0	0	0	302846603
275	351	0	0	0	302846610
275	351	0	0	0	302846618
275	350	0	0	0	302846625
275	349	0	0	0	302846633
187	6
279	284	0	0	0	302847219
279	284	0	0	0	302847227
279	284	0	0	0	302847235
279	284	0	0	0	302847242
279	284	0	0	0	302847250
279	284	0	0	0	302847257
279	284	0	0	0	302847265
279	284	0	0	0	302847272
279	284	0	0	0	302847280
279	284	0	0	0	302847287
280	285	0	0	0	302847295
280	285	0	0	0	302847302
280	285	0	0	0	302847310
281	285	0	0	0	302847317
281	285	0	0	0	302847325
282	285	0	0	0	302847332
283	285	0	0	0	302847340
283	285	0	0	0	302847347
285	285	0	0	0	302847355
286	285	0	0	0	302847362
287	285	0	0	0	302847370
288	284	0	0	0	302847377
289	284	0	0	0	302847385
290	284	0	0	0	302847392
291	284	0	0	0	302847400
292	284	0	0	0	302847407
294	284	0	0	0	302847415
294	284	0	0	0	302847422
296	284	0	0	0	302847430
296	284	0	0	0	302847438
297	284	0	0	0	302847445
298	284	0	0	0	302847453
299	284	0	0	0	302847460
300	284	0	0	0	302847468
301	284	0	0	0	302847475
301	284	0	0	0	302847483
302	284	0	0	0	302847490
302	284	0	0	0	302847498
304	285	0	0	0	302847505
304	285	0	0	0	302847513
305	286	0	0	0	302847520
306	286	0	0	0	302847528
307	287	0	0	0	302847535
308	287	0	0	0	302847543
309	288	0	0	0	302847550
310	288	0	0	0	302847558
311	289	0	0	0	302847565
312	289	0	0	0	302847573
314	289	0	0	0	302847580
315	290	0	0	0	302847588
316	290	0	0	0	302847595
318	290	0	0	0	302847603
319	290	0	0	0	302847610
321	290	0	0	0	302847618
322	291	0	0	0	302847626
323	291	0	0	0	302847633
325	291	0	0	0	302847641
326	292	0	0	0	302847648
327	292	0	0	0	302847656
328	293	0	0	0	302847663
329	294	0	0	0	302847671
330	294	0	0	0	302847678
331	295	0	0	0	302847686
332	296	0	0	0	302847693
333	296	0	0	0	302847701
335	297	0	0	0	302847708
336	298	0	0	0	302847716
336	299	0	0	0	302847723
337	300	0	0	0	302847731
338	301	0	0	0	302847738
339	302	0	0	0	302847746
340	303	0	0	0	302847753
341	304	0	0	0	302847761
341	305	0	0	0	302847768
342	306	0	0	0	302847776
343	307	0	0	0	302847783
344	308	0	0	0	302847791
345	309	0	0	0	302847798
345	310	0	0	0	302847806
346	310	0	0	0	302847813
347	311	0	0	0	302847821
347	312	0	0	0	302847829
348	313	0	0	0	302847836
348	314	0	0	0	302847844
349	315	0	0	0	302847851
349	316	0	0	0	302847859
350	317	0	0	0	302847866
350	318	0	0	0	302847874
350	319	0	0	0	302847881
351	320	0	0	0	302847889
351	321	0	0	0	302847896
351	323	0	0	0	302847904
351	324	0	0	0	302847911
351	325	0	0	0	302847919
351	326	0	0	0	302847926
351	327	0	0	0	302847934
350	328	0	0	0	302847941
350	330	0	0	0	302847949
350	331	0	0	0	302847956
349	332	0	0	0	302847964
349	333	0	0	0	302847971
348	334	0	0	0	302847979
348	334	0	0	0	302847986
347	335	0	0	0	302847994
346	336	0	0	0	302848001
346	337	0	0	0	302848009
345	338	0	0	0	302848016
344	339	0	0	0	302848024
343	339	0	0	0	302848032
342	340	0	0	0	302848039
341	341	0	0	0	302848047
340	342	0	0	0	302848054
339	343	0	0	0	302848062
338	343	0	0	0	302848069
337	344	0	0	0	302848077
336	345	0	0	0	302848084
335	346	0	0	0	302848092
334	346	0	0	0	302848099
333	347	0	0	0	302848107
332	347	0	0	0	302848114
331	348	0	0	0	302848122
330	349	0	0	0	302848129
329	349	0	0	0	302848137
328	350	0	0	0	302848144
327	351	0	0	0	302848152
326	351	0	0	0	302848159
325	352	0	0	0	302848167
324	352	0	0	0	302848174
323	353	0	0	0	302848182
322	353	0	0	0	302848189
321	354	0	0	0	302848197
320	354	0	0	0	302848204
320	354	0	0	0	302848212
319	355	0	0	0	302848219
319	355	0	0	0	302848227
317	355	0	0	0	302848235
317	356	0	0	0	302848242
316	356	0	0	0	302848250
315	356	0	0	0	302848257
314	356	0	0	0	302848265
313	357	0	0	0	302848272
312	357	0	0	0	302848280
311	357	0	0	0	302848287
310	358	0	0	0	302848295
309	358	0	0	0	302848302
309	358	0	0	0	302848310
308	358	0	0	0	302848317
307	358	0	0	0	302848325
306	358	0	0	0	302848332
305	358	0	0	0	302848340
303	359	0	0	0	302848347
302	359	0	0	0	302848355
301	360	0	0	0	302848362
300	360	0	0	0	302848370
299	361	0	0	0	302848377
298	361	0	0	0	302848385
297	361	0	0	0	302848392
297	361	0	0	0	302848400
295	361	0	0	0	302848407
295	361	0	0	0	302848415
294	361	0	0	0	302848422
294	361	0	0	0	302848430
293	360	0	0	0	302848438
293	360	0	0	0	302848445
292	359	0	0	0	302848453
292	359	0	0	0	302848460
291	358	0	0	0	302848468
291	358	0	0	0	302848475
289	357	0	0	0	302848483
289	356	0	0	0	302848490
288	356	0	0	0	302848498
287	356	0	0	0	302848505
286	356	0	0	0	302848513
285	356	0	0	0	302848520
284	356	0	0	0	302848528
284	356	0	0	0	302848535
283	356	0	0	0	302848543
283	356	0	0	0	302848550
283	356	0	0	0	302848558
283	356	0	0	0	302848565
283	356	0	0	0	302848573
283	356	0	0	0	302848580
283	356	0	0	0	302848588
284	356	0	0	0	302848595
285	357	0	0	0	302848603
286	357	0	0	0	302848610
287	357	0	0	0	302848618
47	6
284	411	0	0	0	302849897
284	411	0	0	0	302849905
284	411	0	0	0	302849912
284	411	0	0	0	302849920
284	411	0	0	0	302849927
284	411	0	0	0	302849935
284	411	0	0	0	302849942
284	412	0	0	0	302849950
283	413	0	0	0	302849957
283	413	0	0	0	302849965
283	415	0	0	0	302849972
284	416	0	0	0	302849980
284	418	0	0	0	302849987
284	419	0	0	0	302849995
284	421	0	0	0	302850002
284	423	0	0	0	302850010
284	425	0	0	0	302850017
284	427	0	0	0	302850025
284	429	0	0	0	302850032
284	431	0	0	0	302850040
285	433	0	0	0	302850047
285	436	0	0	0	302850055
285	438	0	0	0	302850063
285	441	0	0	0	302850070
285	443	0	0	0	302850078
285	445	0	0	0	302850085
285	448	0	0	0	302850093
285	450	0	0	0	302850100
286	453	0	0	0	302850108
286	455	0	0	0	302850115
286	458	0	0	0	302850123
286	460	0	0	0	302850130
286	463	0	0	0	302850138
285	465	0	0	0	302850145
285	467	0	0	0	302850153
285	469	0	0	0	302850160
285	471	0	0	0	302850168
285	473	0	0	0	302850175
285	474	0	0	0	302850183
284	475	0	0	0	302850190
284	475	0	0	0	302850198
284	476	0	0	0	302850205
284	476	0	0	0	302850213
284	476	0	0	0	302850220
284	475	0	0	0	302850228
284	474	0	0	0	302850235
284	473	0	0	0	302850243
195	6
288	413	0	0	0	302850596
288	413	0	0	0	302850604
288	413	0	0	0	302850611
288	413	0	0	0	302850619
288	413	0	0	0	302850626
289	414	0	0	0	302850634
289	414	0	0	0	302850641
289	414	0	0	0	302850649
290	414	0	0	0	302850656
290	414	0	0	0	302850664
291	414	0	0	0	302850672
291	414	0	0	0	302850679
293	414	0	0	0	302850687
293	414	0	0	0	302850694
294	413	0	0	0	302850702
295	413	0	0	0	302850709
297	413	0	0	0	302850717
298	413	0	0	0	302850724
299	413	0	0	0	302850732
300	413	0	0	0	302850739
301	412	0	0	0	302850747
303	412	0	0	0	302850754
304	412	0	0	0	302850762
305	412	0	0	0	302850769
306	412	0	0	0	302850777
307	412	0	0	0	302850784
308	412	0	0	0	302850792
309	412	0	0	0	302850799
310	412	0	0	0	302850807
311	412	0	0	0	302850814
313	412	0	0	0	302850822
314	412	0	0	0	302850829
315	413	0	0	0	302850837
317	413	0	0	0	302850844
318	413	0	0	0	302850852
319	414	0	0	0	302850859
320	414	0	0	0	302850867
321	414	0	0	0	302850875
322	415	0	0	0	302850882
323	415	0	0	0	302850890
324	416	0	0	0	302850897
326	416	0	0	0	302850905
327	417	0	0	0	302850912
328	417	0	0	0	302850920
330	418	0	0	0	302850927
331	418	0	0	0	302850935
333	419	0	0	0	302850942
334	419	0	0	0	302850950
336	420	0	0	0	302850957
338	420	0	0	0	302850965
339	420	0	0	0	302850972
341	421	0	0	0	302850980
343	421	0	0	0	302850987
344	422	0	0	0	302850995
346	422	0	0	0	302851002
347	423	0	0	0	302851010
349	424	0	0	0	302851017
350	425	0	0	0	302851025
352	425	0	0	0	302851032
353	426	0	0	0	302851040
355	427	0	0	0	302851047
356	428	0	0	0	302851055
358	429	0	0	0	302851063
359	430	0	0	0	302851070
361	431	0	0	0	302851078
362	432	0	0	0	302851085
363	434	0	0	0	302851093
364	435	0	0	0	302851100
365	436	0	0	0	302851108
365	437	0	0	0	302851115
366	439	0	0	0	302851123
367	440	0	0	0	302851130
367	441	0	0	0	302851138
368	443	0	0	0	302851145
369	444	0	0	0	302851153
369	445	0	0	0	302851160
369	446	0	0	0	302851168
370	447	0	0	0	302851175
370	449	0	0	0	302851183
370	450	0	0	0	302851190
370	451	0	0	0	302851198
370	452	0	0	0	302851205
370	453	0	0	0	302851213
370	455	0	0	0	302851220
369	456	0	0	0	302851228
369	457	0	0	0	302851235
369	458	0	0	0	302851243
369	459	0	0	0	302851250
368	460	0	0	0	302851258
368	461	0	0	0	302851266
367	462	0	0	0	302851273
366	464	0	0	0	302851281
365	465	0	0	0	302851288
365	466	0	0	0	302851296
364	467	0	0	0	302851303
363	468	0	0	0	302851311
362	469	0	0	0	302851318
361	470	0	0	0	302851326
360	471	0	0	0	302851333
359	472	0	0	0	302851341
358	472	0	0	0	302851348
357	473	0	0	0	302851356
355	474	0	0	0	302851363
354	475	0	0	0	302851371
352	476	0	0	0	302851378
351	477	0	0	0	302851386
349	478	0	0	0	302851393
348	479	0	0	0	302851401
347	480	0	0	0	302851408
345	480	0	0	0	302851416
344	481	0	0	0	302851423
343	481	0	0	0	302851431
342	482	0	0	0	302851438
341	482	0	0	0	302851446
339	483	0	0	0	302851453
338	483	0	0	0	302851461
337	484	0	0	0	302851469
336	484	0	0	0	302851476
335	484	0	0	0	302851484
334	485	0	0	0	302851491
333	485	0	0	0	302851499
332	485	0	0	0	302851506
331	485	0	0	0	302851514
330	485	0	0	0	302851521
329	485	0	0	0	302851529
329	486	0	0	0	302851536
328	486	0	0	0	302851544
327	486	0	0	0	302851551
326	486	0	0	0	302851559
325	486	0	0	0	302851566
324	487	0	0	0	302851574
323	487	0	0	0	302851581
322	487	0	0	0	302851589
321	487	0	0	0	302851596
320	488	0	0	0	302851604
319	488	0	0	0	302851611
318	488	0	0	0	302851619
317	488	0	0	0	302851626
316	488	0	0	0	302851634
316	488	0	0	0	302851641
315	488	0	0	0	302851649
314	488	0	0	0	302851656
313	488	0	0	0	302851664
312	488	0	0	0	302851672
311	488	0	0	0	302851679
310	487	0	0	0	302851687
309	487	0	0	0	302851694
308	487	0	0	0	302851702
307	487	0	0	0	302851709
306	487	0	0	0	302851717
305	487	0	0	0	302851724
304	487	0	0	0	302851732
303	487	0	0	0	302851739
302	487	0	0	0	302851747
302	487	0	0	0	302851754
301	487	0	0	0	302851762
301	487	0	0	0	302851769
300	486	0	0	0	302851777
300	486	0	0	0	302851784
299	486	0	0	0	302851792
299	486	0	0	0	302851799
298	486	0	0	0	302851807
298	486	0	0	0	302851814
297	485	0	0	0	302851822
297	485	0	0	0	302851829
296	485	0	0	0	302851837
296	485	0	0	0	302851844
295	485	0	0	0	302851852
295	485	0	0	0	302851859
294	485	0	0	0	302851867
294	485	0	0	0	302851875
293	485	0	0	0	302851882
293	485	0	0	0	302851890
292	485	0	0	0	302851897
292	485	0	0	0	302851905
291	485	0	0	0	302851912
291	485	0	0	0	302851920
291	485	0	0	0	302851927
290	485	0	0	0	302851935
290	485	0	0	0	302851942
290	485	0	0	0	302851950
290	485	0	0	0	302851957
289	485	0	0	0	302851965
289	485	0	0	0	302851972
289	485	0	0	0	302851980
289	485	0	0	0	302851987
289	485	0	0	0	302851995
289	485	0	0	0	302852002
289	485	0	0	0	302852010
290	484	0	0	0	302852017
290	484	0	0	0	302852025
290	484	0	0	0	302852032
290	483	0	0	0	302852040
290	483	0	0	0	302852047
290	483	0	0	0	302852055
52	6
467	355	0	0	0	302853375
467	354	0	0	0	302853382
466	353	0	0	0	302853390
466	352	0	0	0	302853397
466	352	0	0	0	302853405
466	350	0	0	0	302853412
466	350	0	0	0	302853420
466	348	0	0	0	302853427
466	348	0	0	0	302853435
466	347	0	0	0	302853442
466	346	0	0	0	302853450
465	345	0	0	0	302853457
465	344	0	0	0	302853465
465	343	0	0	0	302853472
465	343	0	0	0	302853480
465	342	0	0	0	302853487
465	342	0	0	0	302853495
465	342	0	0	0	302853502
465	342	0	0	0	302853510
465	342	0	0	0	302853517
465	342	0	0	0	302853525
465	342	0	0	0	302853532
465	343	0	0	0	302853540
465	344	0	0	0	302853547
465	346	0	0	0	302853555
465	348	0	0	0	302853562
465	351	0	0	0	302853570
465	354	0	0	0	302853578
465	357	0	0	0	302853585
465	361	0	0	0	302853593
465	365	0	0	0	302853600
465	369	0	0	0	302853608
466	373	0	0	0	302853615
466	377	0	0	0	302853623
466	381	0	0	0	302853630
466	385	0	0	0	302853638
466	388	0	0	0	302853645
466	391	0	0	0	302853653
466	395	0	0	0	302853660
466	398	0	0	0	302853668
466	400	0	0	0	302853675
466	403	0	0	0	302853683
466	406	0	0	0	302853690
466	408	0	0	0	302853698
466	410	0	0	0	302853705
465	411	0	0	0	302853713
465	411	0	0	0	302853720
465	413	0	0	0	302853728
465	413	0	0	0	302853735
465	413	0	0	0	302853743
465	411	0	0	0	302853750
465	410	0	0	0	302853758
169	6
468	346	0	0	0	302853995
468	346	0	0	0	302854002
468	346	0	0	0	302854010
468	346	0	0	0	302854017
469	345	0	0	0	302854025
469	345	0	0	0	302854032
469	345	0	0	0	302854040
469	345	0	0	0	302854047
469	345	0	0	0	302854055
470	345	0	0	0	302854062
470	345	0	0	0	302854070
471	345	0	0	0	302854078
471	345	0	0	0	302854085
473	345	0	0	0	302854093
474	346	0	0	0	302854100
474	346	0	0	0	302854108
476	347	0	0	0	302854115
477	347	0	0	0	302854123
478	347	0	0	0	302854130
479	347	0	0	0	302854138
481	348	0	0	0	302854145
482	348	0	0	0	302854153
484	348	0	0	0	302854160
485	348	0	0	0	302854168
486	349	0	0	0	302854175
488	349	0	0	0	302854183
489	349	0	0	0	302854190
491	349	0	0	0	302854198
492	349	0	0	0	302854205
494	349	0	0	0	302854213
496	349	0	0	0	302854220
498	349	0	0	0	302854228
500	349	0	0	0	302854235
501	350	0	0	0	302854243
503	350	0	0	0	302854250
505	350	0	0	0	302854258
507	350	0	0	0	302854266
509	351	0	0	0	302854273
510	351	0	0	0	302854281
512	352	0	0	0	302854288
514	352	0	0	0	302854296
515	353	0	0	0	302854303
517	353	0	0	0	302854311
518	354	0	0	0	302854318
520	354	0	0	0	302854326
521	355	0	0	0	302854333
522	356	0	0	0	302854341
523	357	0	0	0	302854348
525	358	0	0	0	302854356
526	359	0	0	0	302854363
527	360	0	0	0	302854371
528	360	0	0	0	302854378
529	361	0	0	0	302854386
531	362	0	0	0	302854393
532	363	0	0	0	302854401
534	364	0	0	0	302854408
535	365	0	0	0	302854416
536	366	0	0	0	302854423
538	366	0	0	0	302854431
539	367	0	0	0	302854438
540	368	0	0	0	302854446
541	369	0	0	0	302854453
542	370	0	0	0	302854461
543	370	0	0	0	302854469
544	371	0	0	0	302854476
545	372	0	0	0	302854484
546	373	0	0	0	302854491
547	374	0	0	0	302854499
547	375	0	0	0	302854506
548	376	0	0	0	302854514
549	377	0	0	0	302854521
549	378	0	0	0	302854529
550	380	0	0	0	302854536
550	381	0	0	0	302854544
551	383	0	0	0	302854551
551	384	0	0	0	302854559
551	386	0	0	0	302854566
551	387	0	0	0	302854574
551	389	0	0	0	302854581
551	390	0	0	0	302854589
552	391	0	0	0	302854596
551	392	0	0	0	302854604
551	393	0	0	0	302854611
551	394	0	0	0	302854619
551	396	0	0	0	302854626
551	397	0	0	0	302854634
550	398	0	0	0	302854641
550	399	0	0	0	302854649
550	400	0	0	0	302854656
549	401	0	0	0	302854664
548	402	0	0	0	302854672
548	403	0	0	0	302854679
547	404	0	0	0	302854687
546	405	0	0	0	302854694
546	406	0	0	0	302854702
545	407	0	0	0	302854709
544	408	0	0	0	302854717
543	408	0	0	0	302854724
542	409	0	0	0	302854732
540	410	0	0	0	302854739
539	411	0	0	0	302854747
537	412	0	0	0	302854754
536	413	0	0	0	302854762
534	414	0	0	0	302854769
532	415	0	0	0	302854777
531	416	0	0	0	302854784
529	417	0	0	0	302854792
528	417	0	0	0	302854799
526	418	0	0	0	302854807
525	419	0	0	0	302854814
523	419	0	0	0	302854822
521	420	0	0	0	302854829
520	420	0	0	0	302854837
518	421	0	0	0	302854844
517	421	0	0	0	302854852
515	422	0	0	0	302854859
513	422	0	0	0	302854867
512	422	0	0	0	302854875
511	423	0	0	0	302854882
509	423	0	0	0	302854890
508	423	0	0	0	302854897
507	422	0	0	0	302854905
506	422	0	0	0	302854912
505	422	0	0	0	302854920
504	422	0	0	0	302854927
502	422	0	0	0	302854935
501	422	0	0	0	302854942
500	422	0	0	0	302854950
498	422	0	0	0	302854957
497	422	0	0	0	302854965
496	422	0	0	0	302854972
494	422	0	0	0	302854980
493	422	0	0	0	302854987
491	422	0	0	0	302854995
490	422	0	0	0	302855002
489	422	0	0	0	302855010
487	422	0	0	0	302855017
486	423	0	0	0	302855025
485	423	0	0	0	302855032
484	423	0	0	0	302855040
483	423	0	0	0	302855047
482	423	0	0	0	302855055
482	423	0	0	0	302855062
481	423	0	0	0	302855070
481	423	0	0	0	302855078
480	423	0	0	0	302855085
480	423	0	0	0	302855093
479	423	0	0	0	302855100
479	423	0	0	0	302855108
478	423	0	0	0	302855115
478	423	0	0	0	302855123
477	423	0	0	0	302855130
477	423	0	0	0	302855138
476	423	0	0	0	302855145
476	423	0	0	0	302855153
475	422	0	0	0	302855160
475	422	0	0	0	302855168
474	422	0	0	0	302855175
474	422	0	0	0	302855183
473	422	0	0	0	302855190
473	422	0	0	0	302855198
472	422	0	0	0	302855205
472	422	0	0	0	302855213
472	422	0	0	0	302855220
471	422	0	0	0	302855228
471	422	0	0	0	302855235
471	422	0	0	0	302855243
471	422	0	0	0	302855250
470	422	0	0	0	302855258
58	6
644	488	0	0	0	302857079
644	488	0	0	0	302857087
644	487	0	0	0	302857094
644	487	0	0	0	302857102
644	487	0	0	0	302857109
643	485	0	0	0	302857117
643	485	0	0	0	302857125
643	485	0	0	0	302857132
643	485	0	0	0	302857140
643	485	0	0	0	302857147
643	485	0	0	0	302857155
643	486	0	0	0	302857162
643	487	0	0	0	302857170
643	488	0	0	0	302857177
643	489	0	0	0	302857185
643	491	0	0	0	302857192
643	492	0	0	0	302857200
643	494	0	0	0	302857207
644	496	0	0	0	302857215
644	498	0	0	0	302857222
644	500	0	0	0	302857230
644	502	0	0	0	302857237
644	504	0	0	0	302857245
644	506	0	0	0	302857252
644	508	0	0	0	302857260
645	510	0	0	0	302857267
645	513	0	0	0	302857275
645	515	0	0	0	302857282
645	518	0	0	0	302857290
646	520	0	0	0	302857297
646	522	0	0	0	302857305
646	525	0	0	0	302857312
646	527	0	0	0	302857320
646	529	0	0	0	302857328
646	532	0	0	0	302857335
646	534	0	0	0	302857343
646	536	0	0	0	302857350
646	538	0	0	0	302857358
646	540	0	0	0	302857365
647	542	0	0	0	302857373
647	544	0	0	0	302857380
647	546	0	0	0	302857388
647	549	0	0	0	302857395
647	551	0	0	0	302857403
647	553	0	0	0	302857410
647	555	0	0	0	302857418
647	557	0	0	0	302857425
647	559	0	0	0	302857433
647	560	0	0	0	302857440
647	561	0	0	0	302857448
647	561	0	0	0	302857455
647	561	0	0	0	302857463
647	561	0	0	0	302857470
647	561	0	0	0	302857478
647	560	0	0	0	302857485
647	558	0	0	0	302857493
648	557	0	0	0	302857500
648	554	0	0	0	302857508
176	6
647	486	0	0	0	302857848
647	486	0	0	0	302857856
647	486	0	0	0	302857863
647	486	0	0	0	302857871
647	486	0	0	0	302857878
647	486	0	0	0	302857886
647	486	0	0	0	302857893
647	486	0	0	0	302857901
648	485	0	0	0	302857908
648	485	0	0	0	302857916
649	485	0	0	0	302857923
649	485	0	0	0	302857931
650	485	0	0	0	302857938
650	485	0	0	0	302857946
651	484	0	0	0	302857953
652	484	0	0	0	302857961
653	484	0	0	0	302857968
655	484	0	0	0	302857976
656	483	0	0	0	302857984
657	483	0	0	0	302857991
658	483	0	0	0	302857999
659	483	0	0	0	302858006
661	483	0	0	0	302858014
662	483	0	0	0	302858021
664	483	0	0	0	302858029
665	483	0	0	0	302858036
667	483	0	0	0	302858044
668	483	0	0	0	302858051
670	484	0	0	0	302858059
671	484	0	0	0	302858066
673	484	0	0	0	302858074
674	484	0	0	0	302858081
676	484	0	0	0	302858089
677	485	0	0	0	302858096
679	485	0	0	0	302858104
681	485	0	0	0	302858111
682	485	0	0	0	302858119
684	486	0	0	0	302858126
686	486	0	0	0	302858134
687	487	0	0	0	302858141
689	487	0	0	0	302858149
690	488	0	0	0	302858156
692	488	0	0	0	302858164
694	489	0	0	0	302858172
695	489	0	0	0	302858179
697	490	0	0	0	302858187
699	490	0	0	0	302858194
701	491	0	0	0	302858202
703	492	0	0	0	302858209
704	493	0	0	0	302858217
706	493	0	0	0	302858224
707	494	0	0	0	302858232
709	495	0	0	0	302858239
710	496	0	0	0	302858247
712	497	0	0	0	302858254
713	498	0	0	0	302858262
714	499	0	0	0	302858269
716	499	0	0	0	302858277
717	500	0	0	0	302858284
719	501	0	0	0	302858292
720	501	0	0	0	302858299
722	502	0	0	0	302858307
724	503	0	0	0	302858314
725	504	0	0	0	302858322
727	504	0	0	0	302858329
728	505	0	0	0	302858337
730	506	0	0	0	302858344
731	507	0	0	0	302858352
732	508	0	0	0	302858359
734	509	0	0	0	302858367
735	509	0	0	0	302858375
736	510	0	0	0	302858382
737	511	0	0	0	302858390
737	513	0	0	0	302858397
738	514	0	0	0	302858405
738	515	0	0	0	302858412
739	516	0	0	0	302858420
739	518	0	0	0	302858427
739	519	0	0	0	302858435
739	520	0	0	0	302858442
739	521	0	0	0	302858450
739	523	0	0	0	302858457
739	524	0	0	0	302858465
739	525	0	0	0	302858472
739	527	0	0	0	302858480
739	528	0	0	0	302858487
739	529	0	0	0	302858495
738	530	0	0	0	302858502
738	532	0	0	0	302858510
738	533	0	0	0	302858517
737	534	0	0	0	302858525
737	535	0	0	0	302858532
736	537	0	0	0	302858540
736	538	0	0	0	302858547
735	539	0	0	0	302858555
735	540	0	0	0	302858562
734	541	0	0	0	302858570
733	542	0	0	0	302858578
733	543	0	0	0	302858585
732	544	0	0	0	302858593
731	545	0	0	0	302858600
730	546	0	0	0	302858608
728	546	0	0	0	302858615
727	547	0	0	0	302858623
726	548	0	0	0	302858630
724	549	0	0	0	302858638
723	550	0	0	0	302858645
721	551	0	0	0	302858653
719	552	0	0	0	302858660
718	552	0	0	0	302858668
716	553	0	0	0	302858675
714	554	0	0	0	302858683
712	555	0	0	0	302858690
710	555	0	0	0	302858698
708	556	0	0	0	302858705
706	557	0	0	0	302858713
704	557	0	0	0	302858720
702	558	0	0	0	302858728
700	559	0	0	0	302858735
699	559	0	0	0	302858743
697	560	0	0	0	302858750
695	560	0	0	0	302858758
694	560	0	0	0	302858765
693	561	0	0	0	302858773
691	561	0	0	0	302858781
690	561	0	0	0	302858788
689	562	0	0	0	302858796
688	562	0	0	0	302858803
686	562	0	0	0	302858811
685	563	0	0	0	302858818
684	563	0	0	0	302858826
683	563	0	0	0	302858833
681	564	0	0	0	302858841
680	564	0	0	0	302858848
679	565	0	0	0	302858856
677	565	0	0	0	302858863
676	565	0	0	0	302858871
675	566	0	0	0	302858878
674	566	0	0	0	302858886
673	566	0	0	0	302858893
672	566	0	0	0	302858901
671	567	0	0	0	302858908
670	567	0	0	0	302858916
669	567	0	0	0	302858923
668	567	0	0	0	302858931
666	568	0	0	0	302858938
666	568	0	0	0	302858946
665	568	0	0	0	302858953
664	568	0	0	0	302858961
663	568	0	0	0	302858968
662	568	0	0	0	302858976
661	567	0	0	0	302858984
660	567	0	0	0	302858991
659	567	0	0	0	302858999
658	567	0	0	0	302859006
658	567	0	0	0	302859014
657	566	0	0	0	302859021
656	566	0	0	0	302859029
656	566	0	0	0	302859036
655	566	0	0	0	302859044
654	566	0	0	0	302859051
654	566	0	0	0	302859059
652	566	0	0	0	302859066
652	566	0	0	0	302859074
651	567	0	0	0	302859081
651	567	0	0	0	302859089
650	568	0	0	0	302859096
650	568	0	0	0	302859104
649	568	0	0	0	302859111
649	568	0	0	0	302859119
649	568	0	0	0	302859126
649	568	0	0	0	302859134
649	568	0	0	0	302859141
649	568	0	0	0	302859149
649	568	0	0	0	302859156
649	568	0	0	0	302859164
41	8
193	284	0	0	0	302860933
193	284	0	0	0	302860940
193	284	0	0	0	302860948
194	283	0	0	0	302860955
194	283	0	0	0	302860963
194	283	0	0	0	302860970
194	283	0	0	0	302860978
195	284	0	0	0	302860985
194	285	0	0	0	302860993
195	287	0	0	0	302861000
194	289	0	0	0	302861008
194	291	0	0	0	302861016
194	293	0	0	0	302861023
193	296	0	0	0	302861031
193	300	0	0	0	302861038
192	303	0	0	0	302861046
192	306	0	0	0	302861053
191	308	0	0	0	302861061
191	310	0	0	0	302861068
191	312	0	0	0	302861076
191	313	0	0	0	302861083
191	313	0	0	0	302861091
191	314	0	0	0	302861098
191	314	0	0	0	302861106
191	313	0	0	0	302861113
191	312	0	0	0	302861121
191	310	0	0	0	302861128
191	309	0	0	0	302861136
192	306	0	0	0	302861143
192	304	0	0	0	302861151
192	301	0	0	0	302861158
193	298	0	0	0	302861166
194	296	0	0	0	302861173
194	293	0	0	0	302861181
195	290	0	0	0	302861188
196	288	0	0	0	302861196
197	286	0	0	0	302861203
198	284	0	0	0	302861211
198	283	0	0	0	302861219
199	282	0	0	0	302861226
200	281	0	0	0	302861234
22	8
201	281	0	0	0	302861241
202	281	0	0	0	302861249
203	282	0	0	0	302861256
204	283	0	0	0	302861264
204	285	0	0	0	302861271
205	287	0	0	0	302861279
206	290	0	0	0	302861286
207	292	0	0	0	302861294
207	296	0	0	0	302861301
208	299	0	0	0	302861309
209	302	0	0	0	302861316
209	304	0	0	0	302861324
210	306	0	0	0	302861331
210	308	0	0	0	302861339
210	310	0	0	0	302861346
211	310	0	0	0	302861354
211	311	0	0	0	302861361
211	311	0	0	0	302861369
211	311	0	0	0	302861376
210	312	0	0	0	302861384
210	312	0	0	0	302861391
208	312	0	0	0	302861399
22	8
195	307	0	0	0	302861506
195	307	0	0	0	302861514
194	307	0	0	0	302861521
194	307	0	0	0	302861529
194	307	0	0	0	302861536
195	308	0	0	0	302861544
196	308	0	0	0	302861551
197	308	0	0	0	302861559
198	308	0	0	0	302861566
200	308	0	0	0	302861574
202	308	0	0	0	302861581
204	308	0	0	0	302861589
205	308	0	0	0	302861596
207	308	0	0	0	302861604
208	308	0	0	0	302861611
209	308	0	0	0	302861619
209	308	0	0	0	302861626
209	309	0	0	0	302861634
209	309	0	0	0	302861641
209	309	0	0	0	302861649
209	309	0	0	0	302861656
209	310	0	0	0	302861664
21	11
197	345	0	0	0	302861905
197	345	0	0	0	302861912
197	346	0	0	0	302861920
197	346	0	0	0	302861927
196	347	0	0	0	302861935
196	349	0	0	0	302861942
196	350	0	0	0	302861950
196	352	0	0	0	302861957
197	353	0	0	0	302861965
197	355	0	0	0	302861972
197	357	0	0	0	302861980
197	358	0	0	0	302861987
197	360	0	0	0	302861995
197	361	0	0	0	302862002
197	362	0	0	0	302862010
197	362	0	0	0	302862017
197	362	0	0	0	302862025
197	362	0	0	0	302862032
197	362	0	0	0	302862040
197	360	0	0	0	302862047
197	359	0	0	0	302862055
71	11
197	350	0	0	0	302862092
197	348	0	0	0	302862099
197	347	0	0	0	302862107
197	345	0	0	0	302862114
197	344	0	0	0	302862122
197	342	0	0	0	302862129
198	341	0	0	0	302862137
198	340	0	0	0	302862144
198	340	0	0	0	302862152
200	339	0	0	0	302862159
201	339	0	0	0	302862167
202	338	0	0	0	302862174
203	338	0	0	0	302862182
205	337	0	0	0	302862189
206	337	0	0	0	302862197
207	337	0	0	0	302862204
208	338	0	0	0	302862212
209	338	0	0	0	302862219
209	338	0	0	0	302862227
210	340	0	0	0	302862235
210	341	0	0	0	302862242
210	342	0	0	0	302862250
210	343	0	0	0	302862257
209	345	0	0	0	302862265
209	346	0	0	0	302862272
208	347	0	0	0	302862280
208	348	0	0	0	302862287
208	348	0	0	0	302862295
206	349	0	0	0	302862302
206	349	0	0	0	302862310
206	349	0	0	0	302862317
206	349	0	0	0	302862325
206	349	0	0	0	302862332
206	349	0	0	0	302862340
206	349	0	0	0	302862347
206	348	0	0	0	302862355
206	348	0	0	0	302862362
206	348	0	0	0	302862370
207	348	0	0	0	302862377
207	348	0	0	0	302862385
208	347	0	0	0	302862392
209	347	0	0	0	302862400
210	348	0	0	0	302862407
211	348	0	0	0	302862415
212	348	0	0	0	302862422
214	349	0	0	0	302862430
215	350	0	0	0	302862438
216	351	0	0	0	302862445
217	352	0	0	0	302862453
218	353	0	0	0	302862460
218	355	0	0	0	302862468
218	356	0	0	0	302862475
218	358	0	0	0	302862483
218	359	0	0	0	302862490
217	361	0	0	0	302862498
216	362	0	0	0	302862505
214	363	0	0	0	302862513
213	364	0	0	0	302862520
212	365	0	0	0	302862528
210	366	0	0	0	302862535
208	367	0	0	0	302862543
206	367	0	0	0	302862550
205	368	0	0	0	302862558
203	368	0	0	0	302862565
202	368	0	0	0	302862573
201	368	0	0	0	302862580
200	367	0	0	0	302862588
200	366	0	0	0	302862595
200	364	0	0	0	302862603
201	362	0	0	0	302862610
202	360	0	0	0	302862618
80	6
231	305	0	0	0	302862977
230	305	0	0	0	302862985
230	305	0	0	0	302862992
230	305	0	0	0	302863000
230	305	0	0	0	302863007
230	305	0	0	0	302863015
230	305	0	0	0	302863022
230	305	0	0	0	302863030
230	305	0	0	0	302863037
230	305	0	0	0	302863045
230	305	0	0	0	302863052
231	304	0	0	0	302863060
231	304	0	0	0	302863067
232	304	0	0	0	302863075
232	304	0	0	0	302863082
234	304	0	0	0	302863090
235	304	0	0	0	302863097
236	304	0	0	0	302863105
236	305	0	0	0	302863112
237	305	0	0	0	302863120
238	305	0	0	0	302863127
239	305	0	0	0	302863135
240	306	0	0	0	302863142
241	306	0	0	0	302863150
242	306	0	0	0	302863157
243	306	0	0	0	302863165
244	306	0	0	0	302863172
245	307	0	0	0	302863180
245	307	0	0	0	302863188
245	307	0	0	0	302863195
247	307	0	0	0	302863203
247	307	0	0	0	302863210
248	308	0	0	0	302863218
248	308	0	0	0	302863225
250	308	0	0	0	302863233
250	308	0	0	0	302863240
250	308	0	0	0	302863248
252	308	0	0	0	302863255
253	308	0	0	0	302863263
253	308	0	0	0	302863270
254	308	0	0	0	302863278
255	308	0	0	0	302863285
256	309	0	0	0	302863293
257	309	0	0	0	302863300
258	309	0	0	0	302863308
259	309	0	0	0	302863315
260	309	0	0	0	302863323
260	309	0	0	0	302863330
261	309	0	0	0	302863338
261	309	0	0	0	302863345
262	309	0	0	0	302863353
262	309	0	0	0	302863360
263	310	0	0	0	302863368
263	310	0	0	0	302863375
264	310	0	0	0	302863383
264	310	0	0	0	302863391
265	310	0	0	0	302863398
265	310	0	0	0	302863406
267	310	0	0	0	302863413
267	310	0	0	0	302863421
268	310	0	0	0	302863428
268	310	0	0	0	302863436
269	310	0	0	0	302863443
269	310	0	0	0	302863451
271	310	0	0	0	302863458
271	310	0	0	0	302863466
272	310	0	0	0	302863473
272	310	0	0	0	302863481
273	310	0	0	0	302863488
273	310	0	0	0	302863496
274	310	0	0	0	302863503
274	310	0	0	0	302863511
276	310	0	0	0	302863518
276	310	0	0	0	302863526
277	310	0	0	0	302863533
277	310	0	0	0	302863541
277	310	0	0	0	302863548
277	310	0	0	0	302863556
277	310	0	0	0	302863563
277	310	0	0	0	302863571
79	6
229	349	0	0	0	302864032
229	349	0	0	0	302864039
230	350	0	0	0	302864047
231	350	0	0	0	302864054
231	350	0	0	0	302864062
233	350	0	0	0	302864069
233	351	0	0	0	302864077
235	351	0	0	0	302864084
236	351	0	0	0	302864092
237	351	0	0	0	302864099
238	351	0	0	0	302864107
240	351	0	0	0	302864114
241	351	0	0	0	302864122
242	351	0	0	0	302864129
244	351	0	0	0	302864137
245	351	0	0	0	302864144
246	351	0	0	0	302864152
248	351	0	0	0	302864159
249	351	0	0	0	302864167
250	350	0	0	0	302864174
251	350	0	0	0	302864182
252	350	0	0	0	302864189
252	350	0	0	0	302864197
253	350	0	0	0	302864204
253	350	0	0	0	302864212
255	350	0	0	0	302864219
256	350	0	0	0	302864227
257	350	0	0	0	302864235
257	349	0	0	0	302864242
258	349	0	0	0	302864250
259	349	0	0	0	302864257
260	349	0	0	0	302864265
261	349	0	0	0	302864272
262	349	0	0	0	302864280
262	349	0	0	0	302864287
263	348	0	0	0	302864295
264	348	0	0	0	302864302
265	348	0	0	0	302864310
265	348	0	0	0	302864317
266	348	0	0	0	302864325
266	348	0	0	0	302864332
267	347	0	0	0	302864340
267	347	0	0	0	302864347
268	347	0	0	0	302864355
268	347	0	0	0	302864362
269	347	0	0	0	302864370
269	347	0	0	0	302864377
270	347	0	0	0	302864385
270	347	0	0	0	302864392
271	347	0	0	0	302864400
271	347	0	0	0	302864407
272	347	0	0	0	302864415
272	347	0	0	0	302864422
273	347	0	0	0	302864430
273	347	0	0	0	302864438
274	347	0	0	0	302864445
274	347	0	0	0	302864453
275	347	0	0	0	302864460
275	347	0	0	0	302864468
276	347	0	0	0	302864475
276	347	0	0	0	302864483
277	347	0	0	0	302864490
277	347	0	0	0	302864498
277	347	0	0	0	302864505
277	347	0	0	0	302864513
277	347	0	0	0	302864520
277	347	0	0	0	302864528
277	347	0	0	0	302864535
278	348	0	0	0	302864543
278	348	0	0	0	302864550
279	347	0	0	0	302864558
279	347	0	0	0	302864565
280	347	0	0	0	302864573
280	347	0	0	0	302864580
280	347	0	0	0	302864588
281	347	0	0	0	302864595
281	347	0	0	0	302864603
281	347	0	0	0	302864610
281	347	0	0	0	302864618
15	15
203	419	0	0	0	302865952
202	420	0	0	0	302865959
202	420	0	0	0	302865967
202	420	0	0	0	302865974
202	420	0	0	0	302865982
202	420	0	0	0	302865989
201	420	0	0	0	302865997
201	420	0	0	0	302866004
201	420	0	0	0	302866012
201	419	0	0	0	302866019
201	419	0	0	0	302866027
200	418	0	0	0	302866034
200	418	0	0	0	302866042
200	417	0	0	0	302866049
200	417	0	0	0	302866057
33	15
199	415	0	0	0	302866064
199	415	0	0	0	302866072
197	415	0	0	0	302866079
196	415	0	0	0	302866087
195	416	0	0	0	302866094
194	417	0	0	0	302866102
193	418	0	0	0	302866109
193	419	0	0	0	302866117
192	421	0	0	0	302866125
191	423	0	0	0	302866132
190	425	0	0	0	302866140
190	427	0	0	0	302866147
190	429	0	0	0	302866155
190	431	0	0	0	302866162
191	433	0	0	0	302866170
192	435	0	0	0	302866177
193	437	0	0	0	302866185
194	438	0	0	0	302866192
195	439	0	0	0	302866200
197	439	0	0	0	302866207
198	439	0	0	0	302866215
200	439	0	0	0	302866222
201	438	0	0	0	302866230
202	438	0	0	0	302866237
203	437	0	0	0	302866245
204	436	0	0	0	302866252
204	436	0	0	0	302866260
205	435	0	0	0	302866267
205	435	0	0	0	302866275
205	435	0	0	0	302866282
205	435	0	0	0	302866290
205	435	0	0	0	302866297
205	435	0	0	0	302866305
27	17
196	470	0	0	0	302866609
196	469	0	0	0	302866617
196	469	0	0	0	302866625
196	469	0	0	0	302866632
196	468	0	0	0	302866640
196	468	0	0	0	302866647
196	468	0	0	0	302866655
196	470	0	0	0	302866662
196	471	0	0	0	302866670
196	472	0	0	0	302866677
196	473	0	0	0	302866685
196	475	0	0	0	302866692
196	477	0	0	0	302866700
196	479	0	0	0	302866707
196	481	0	0	0	302866715
196	483	0	0	0	302866722
196	484	0	0	0	302866730
196	486	0	0	0	302866737
196	487	0	0	0	302866745
196	487	0	0	0	302866752
196	488	0	0	0	302866760
196	488	0	0	0	302866767
196	488	0	0	0	302866775
196	488	0	0	0	302866782
196	487	0	0	0	302866790
196	485	0	0	0	302866797
196	484	0	0	0	302866805
46	17
197	476	0	0	0	302866842
197	475	0	0	0	302866849
197	474	0	0	0	302866857
197	473	0	0	0	302866864
197	472	0	0	0	302866872
197	471	0	0	0	302866879
197	471	0	0	0	302866887
197	469	0	0	0	302866894
197	469	0	0	0	302866902
198	468	0	0	0	302866909
198	468	0	0	0	302866917
200	466	0	0	0	302866924
201	466	0	0	0	302866932
203	465	0	0	0	302866939
204	465	0	0	0	302866947
205	464	0	0	0	302866954
207	464	0	0	0	302866962
208	464	0	0	0	302866969
209	464	0	0	0	302866977
210	465	0	0	0	302866984
212	465	0	0	0	302866992
213	466	0	0	0	302867000
213	467	0	0	0	302867007
214	469	0	0	0	302867015
214	471	0	0	0	302867022
215	472	0	0	0	302867030
215	474	0	0	0	302867037
214	476	0	0	0	302867045
214	478	0	0	0	302867052
213	480	0	0	0	302867060
213	482	0	0	0	302867067
211	484	0	0	0	302867075
210	485	0	0	0	302867082
209	487	0	0	0	302867090
208	488	0	0	0	302867097
206	489	0	0	0	302867105
205	490	0	0	0	302867112
203	490	0	0	0	302867120
202	490	0	0	0	302867127
200	491	0	0	0	302867135
199	490	0	0	0	302867142
198	489	0	0	0	302867150
198	489	0	0	0	302867157
197	487	0	0	0	302867165
197	486	0	0	0	302867172
197	484	0	0	0	302867180
89	6
226	431	0	0	0	302867518
226	431	0	0	0	302867526
226	431	0	0	0	302867533
226	431	0	0	0	302867541
226	431	0	0	0	302867548
226	431	0	0	0	302867556
227	431	0	0	0	302867563
227	431	0	0	0	302867571
228	432	0	0	0	302867578
228	432	0	0	0	302867586
229	432	0	0	0	302867594
229	432	0	0	0	302867601
231	432	0	0	0	302867609
232	432	0	0	0	302867616
233	432	0	0	0	302867624
233	432	0	0	0	302867631
234	432	0	0	0	302867639
235	433	0	0	0	302867646
236	433	0	0	0	302867654
237	433	0	0	0	302867661
238	433	0	0	0	302867669
239	433	0	0	0	302867676
240	433	0	0	0	302867684
240	433	0	0	0	302867691
241	434	0	0	0	302867699
242	434	0	0	0	302867706
243	434	0	0	0	302867714
244	434	0	0	0	302867721
245	434	0	0	0	302867729
246	434	0	0	0	302867736
247	434	0	0	0	302867744
248	434	0	0	0	302867751
249	434	0	0	0	302867759
250	434	0	0	0	302867766
251	434	0	0	0	302867774
251	434	0	0	0	302867781
252	434	0	0	0	302867789
253	434	0	0	0	302867797
254	434	0	0	0	302867804
255	434	0	0	0	302867812
256	434	0	0	0	302867819
256	434	0	0	0	302867827
257	434	0	0	0	302867834
258	434	0	0	0	302867842
259	434	0	0	0	302867849
260	434	0	0	0	302867857
261	434	0	0	0	302867864
262	434	0	0	0	302867872
263	434	0	0	0	302867879
263	434	0	0	0	302867887
264	434	0	0	0	302867894
265	433	0	0	0	302867902
266	433	0	0	0	302867909
266	433	0	0	0	302867917
267	433	0	0	0	302867924
267	433	0	0	0	302867932
269	433	0	0	0	302867939
269	433	0	0	0	302867947
270	433	0	0	0	302867954
270	433	0	0	0	302867962
271	433	0	0	0	302867969
272	433	0	0	0	302867977
272	433	0	0	0	302867984
273	433	0	0	0	302867992
273	433	0	0	0	302868000
275	433	0	0	0	302868007
275	433	0	0	0	302868015
276	433	0	0	0	302868022
276	433	0	0	0	302868030
277	433	0	0	0	302868037
277	433	0	0	0	302868045
278	433	0	0	0	302868052
278	433	0	0	0	302868060
279	433	0	0	0	302868067
279	433	0	0	0	302868075
280	433	0	0	0	302868082
280	433	0	0	0	302868090
281	433	0	0	0	302868097
281	433	0	0	0	302868105
282	433	0	0	0	302868112
282	433	0	0	0	302868120
282	433	0	0	0	302868127
282	433	0	0	0	302868135
282	433	0	0	0	302868142
282	433	0	0	0	302868150
282	433	0	0	0	302868157
283	433	0	0	0	302868165
283	433	0	0	0	302868172
284	433	0	0	0	302868180
87	6
227	482	0	0	0	302868752
228	482	0	0	0	302868760
228	482	0	0	0	302868767
230	482	0	0	0	302868775
230	482	0	0	0	302868782
231	482	0	0	0	302868790
231	482	0	0	0	302868797
233	482	0	0	0	302868805
234	482	0	0	0	302868813
236	482	0	0	0	302868820
237	482	0	0	0	302868828
238	482	0	0	0	302868835
239	481	0	0	0	302868843
241	481	0	0	0	302868850
242	481	0	0	0	302868858
244	481	0	0	0	302868865
245	481	0	0	0	302868873
246	480	0	0	0	302868880
247	480	0	0	0	302868888
249	480	0	0	0	302868895
250	480	0	0	0	302868903
251	480	0	0	0	302868910
252	480	0	0	0	302868918
253	480	0	0	0	302868925
254	480	0	0	0	302868933
255	480	0	0	0	302868940
256	480	0	0	0	302868948
257	480	0	0	0	302868955
258	480	0	0	0	302868963
259	480	0	0	0	302868970
260	480	0	0	0	302868978
261	480	0	0	0	302868985
262	480	0	0	0	302868993
262	480	0	0	0	302869000
263	480	0	0	0	302869008
264	480	0	0	0	302869016
265	479	0	0	0	302869023
266	479	0	0	0	302869031
267	479	0	0	0	302869038
267	479	0	0	0	302869046
268	479	0	0	0	302869053
268	479	0	0	0	302869061
269	479	0	0	0	302869068
269	479	0	0	0	302869076
271	479	0	0	0	302869083
271	479	0	0	0	302869091
272	479	0	0	0	302869098
273	479	0	0	0	302869106
274	479	0	0	0	302869113
274	479	0	0	0	302869121
275	479	0	0	0	302869128
275	479	0	0	0	302869136
277	479	0	0	0	302869143
277	479	0	0	0	302869151
278	479	0	0	0	302869158
278	479	0	0	0	302869166
279	479	0	0	0	302869173
279	479	0	0	0	302869181
281	479	0	0	0	302869188
281	479	0	0	0	302869196
282	479	0	0	0	302869203
282	479	0	0	0	302869211
283	479	0	0	0	302869219
283	479	0	0	0	302869226
284	479	0	0	0	302869234
284	479	0	0	0	302869241
285	480	0	0	0	302869249
285	480	0	0	0	302869256
286	480	0	0	0	302869264
286	480	0	0	0	302869271
288	480	0	0	0	302869279
288	480	0	0	0	302869286
289	480	0	0	0	302869294
289	480	0	0	0	302869301
290	480	0	0	0	302869309
290	480	0	0	0	302869316
291	480	0	0	0	302869324
291	480	0	0	0	302869331
291	480	0	0	0	302869339
291	480	0	0	0	302869346
292	479	0	0	0	302869354
292	479	0	0	0	302869361
292	479	0	0	0	302869369
292	479	0	0	0	302869376
293	480	0	0	0	302869384
293	480	0	0	0	302869391
293	480	0	0	0	302869399
20	21
215	538	0	0	0	302872963
215	538	0	0	0	302872970
215	538	0	0	0	302872978
215	538	0	0	0	302872985
215	538	0	0	0	302872993
214	538	0	0	0	302873000
214	538	0	0	0	302873008
212	538	0	0	0	302873015
211	538	0	0	0	302873023
210	538	0	0	0	302873031
209	538	0	0	0	302873038
208	538	0	0	0	302873046
207	538	0	0	0	302873053
206	538	0	0	0	302873061
205	539	0	0	0	302873068
204	539	0	0	0	302873076
203	539	0	0	0	302873083
203	539	0	0	0	302873091
202	540	0	0	0	302873098
202	540	0	0	0	302873106
41	21
201	540	0	0	0	302873113
201	540	0	0	0	302873121
200	541	0	0	0	302873128
200	542	0	0	0	302873136
199	543	0	0	0	302873143
199	544	0	0	0	302873151
199	545	0	0	0	302873158
199	546	0	0	0	302873166
199	548	0	0	0	302873173
198	549	0	0	0	302873181
198	551	0	0	0	302873188
198	552	0	0	0	302873196
198	554	0	0	0	302873203
199	556	0	0	0	302873211
199	557	0	0	0	302873218
199	559	0	0	0	302873226
199	561	0	0	0	302873234
199	562	0	0	0	302873241
199	563	0	0	0	302873249
200	565	0	0	0	302873256
200	566	0	0	0	302873264
201	567	0	0	0	302873271
202	567	0	0	0	302873279
203	568	0	0	0	302873286
204	569	0	0	0	302873294
205	569	0	0	0	302873301
206	569	0	0	0	302873309
207	570	0	0	0	302873316
209	570	0	0	0	302873324
210	569	0	0	0	302873331
212	569	0	0	0	302873339
213	569	0	0	0	302873346
215	568	0	0	0	302873354
217	567	0	0	0	302873361
218	567	0	0	0	302873369
219	566	0	0	0	302873376
220	565	0	0	0	302873384
220	564	0	0	0	302873391
220	563	0	0	0	302873399
220	563	0	0	0	302873406
220	562	0	0	0	302873414
17	21
202	557	0	0	0	302873638
202	557	0	0	0	302873645
202	557	0	0	0	302873653
202	557	0	0	0	302873660
203	557	0	0	0	302873668
204	557	0	0	0	302873675
204	557	0	0	0	302873683
205	557	0	0	0	302873690
206	557	0	0	0	302873698
207	557	0	0	0	302873705
209	557	0	0	0	302873713
210	558	0	0	0	302873720
211	558	0	0	0	302873728
212	558	0	0	0	302873735
213	558	0	0	0	302873743
214	557	0	0	0	302873750
215	557	0	0	0	302873758
208	6
255	554	0	0	0	302874202
255	554	0	0	0	302874209
255	554	0	0	0	302874217
256	554	0	0	0	302874224
257	555	0	0	0	302874232
257	555	0	0	0	302874239
259	555	0	0	0	302874247
260	556	0	0	0	302874254
261	556	0	0	0	302874262
262	556	0	0	0	302874269
264	556	0	0	0	302874277
266	557	0	0	0	302874284
268	557	0	0	0	302874292
270	557	0	0	0	302874299
272	557	0	0	0	302874307
274	557	0	0	0	302874314
277	557	0	0	0	302874322
280	557	0	0	0	302874329
282	557	0	0	0	302874337
285	557	0	0	0	302874344
288	557	0	0	0	302874352
291	557	0	0	0	302874359
294	557	0	0	0	302874367
296	557	0	0	0	302874375
299	557	0	0	0	302874382
301	557	0	0	0	302874390
304	557	0	0	0	302874397
306	558	0	0	0	302874405
308	558	0	0	0	302874412
311	558	0	0	0	302874420
313	558	0	0	0	302874427
315	559	0	0	0	302874435
317	559	0	0	0	302874442
319	559	0	0	0	302874450
322	559	0	0	0	302874457
324	559	0	0	0	302874465
326	559	0	0	0	302874472
328	560	0	0	0	302874480
330	560	0	0	0	302874487
333	560	0	0	0	302874495
335	560	0	0	0	302874502
338	560	0	0	0	302874510
340	561	0	0	0	302874517
343	561	0	0	0	302874525
346	561	0	0	0	302874532
348	561	0	0	0	302874540
351	561	0	0	0	302874547
354	561	0	0	0	302874555
356	561	0	0	0	302874562
359	561	0	0	0	302874570
361	561	0	0	0	302874578
364	561	0	0	0	302874585
366	561	0	0	0	302874593
369	562	0	0	0	302874600
371	562	0	0	0	302874608
374	562	0	0	0	302874615
377	562	0	0	0	302874623
380	562	0	0	0	302874630
383	562	0	0	0	302874638
386	562	0	0	0	302874645
389	562	0	0	0	302874653
392	562	0	0	0	302874660
395	562	0	0	0	302874668
398	562	0	0	0	302874675
401	562	0	0	0	302874683
404	562	0	0	0	302874690
406	562	0	0	0	302874698
409	562	0	0	0	302874705
412	562	0	0	0	302874713
415	562	0	0	0	302874720
418	562	0	0	0	302874728
421	562	0	0	0	302874735
423	562	0	0	0	302874743
426	561	0	0	0	302874750
429	561	0	0	0	302874758
432	561	0	0	0	302874766
434	561	0	0	0	302874773
437	561	0	0	0	302874781
440	560	0	0	0	302874788
443	560	0	0	0	302874796
445	560	0	0	0	302874803
448	560	0	0	0	302874811
451	559	0	0	0	302874818
454	559	0	0	0	302874826
456	559	0	0	0	302874833
459	558	0	0	0	302874841
462	558	0	0	0	302874848
464	558	0	0	0	302874856
466	558	0	0	0	302874863
469	558	0	0	0	302874871
471	557	0	0	0	302874878
474	557	0	0	0	302874886
476	557	0	0	0	302874893
478	557	0	0	0	302874901
481	557	0	0	0	302874908
483	557	0	0	0	302874916
485	557	0	0	0	302874923
487	556	0	0	0	302874931
489	556	0	0	0	302874938
491	556	0	0	0	302874946
494	556	0	0	0	302874953
496	556	0	0	0	302874961
498	556	0	0	0	302874969
500	556	0	0	0	302874976
503	556	0	0	0	302874984
505	556	0	0	0	302874991
507	556	0	0	0	302874999
510	555	0	0	0	302875006
512	555	0	0	0	302875014
514	555	0	0	0	302875021
516	555	0	0	0	302875029
519	555	0	0	0	302875036
521	555	0	0	0	302875044
523	555	0	0	0	302875051
525	555	0	0	0	302875059
527	554	0	0	0	302875066
529	554	0	0	0	302875074
532	554	0	0	0	302875081
534	554	0	0	0	302875089
536	554	0	0	0	302875096
538	554	0	0	0	302875104
541	554	0	0	0	302875111
543	554	0	0	0	302875119
545	554	0	0	0	302875126
548	553	0	0	0	302875134
550	553	0	0	0	302875141
552	553	0	0	0	302875149
555	553	0	0	0	302875156
557	553	0	0	0	302875164
559	553	0	0	0	302875172
562	553	0	0	0	302875179
564	552	0	0	0	302875187
566	552	0	0	0	302875194
569	552	0	0	0	302875202
571	552	0	0	0	302875209
573	552	0	0	0	302875217
575	552	0	0	0	302875224
577	552	0	0	0	302875232
578	552	0	0	0	302875239
580	552	0	0	0	302875247
581	552	0	0	0	302875254
583	552	0	0	0	302875262
584	552	0	0	0	302875269
585	552	0	0	0	302875277
587	552	0	0	0	302875284
588	552	0	0	0	302875292
590	552	0	0	0	302875299
591	552	0	0	0	302875307
592	552	0	0	0	302875314
594	552	0	0	0	302875322
595	552	0	0	0	302875329
597	552	0	0	0	302875337
598	552	0	0	0	302875344
599	552	0	0	0	302875352
600	552	0	0	0	302875359
602	552	0	0	0	302875367
603	552	0	0	0	302875375
604	552	0	0	0	302875382
605	552	0	0	0	302875390
606	552	0	0	0	302875397
608	552	0	0	0	302875405
609	552	0	0	0	302875412
610	552	0	0	0	302875420
612	552	0	0	0	302875427
613	552	0	0	0	302875435
615	552	0	0	0	302875442
616	552	0	0	0	302875450
618	552	0	0	0	302875457
620	552	0	0	0	302875465
622	552	0	0	0	302875472
623	552	0	0	0	302875480
625	552	0	0	0	302875487
627	552	0	0	0	302875495
629	552	0	0	0	302875502
630	552	0	0	0	302875510
631	552	0	0	0	302875517
633	552	0	0	0	302875525
634	552	0	0	0	302875532
635	552	0	0	0	302875540
636	552	0	0	0	302875547
637	552	0	0	0	302875555
639	552	0	0	0	302875562
640	553	0	0	0	302875570
641	553	0	0	0	302875578
642	553	0	0	0	302875585
643	553	0	0	0	302875593
644	553	0	0	0	302875600
645	553	0	0	0	302875608
646	554	0	0	0	302875615
647	554	0	0	0	302875623
648	554	0	0	0	302875630
649	554	0	0	0	302875638
650	554	0	0	0	302875645
650	554	0	0	0	302875653
651	554	0	0	0	302875660
651	554	0	0	0	302875668
652	554	0	0	0	302875675
652	554	0	0	0	302875683
652	554	0	0	0	302875690
653	554	0	0	0	302875698
653	554	0	0	0	302875705
653	554	0	0	0	302875713
653	554	0	0	0	302875720
652	554	0	0	0	302875728
652	554	0	0	0	302875735
652	554	0	0	0	302875743
652	554	0	0	0	302875750
650	554	0	0	0	302875758
66	6
358	317	0	0	0	302877488
358	317	0	0	0	302877496
358	316	0	0	0	302877503
358	316	0	0	0	302877511
358	316	0	0	0	302877518
358	316	0	0	0	302877526
358	316	0	0	0	302877533
358	316	0	0	0	302877541
358	316	0	0	0	302877548
358	316	0	0	0	302877556
358	316	0	0	0	302877563
358	316	0	0	0	302877571
357	317	0	0	0	302877578
357	318	0	0	0	302877586
357	319	0	0	0	302877594
356	320	0	0	0	302877601
356	321	0	0	0	302877609
356	323	0	0	0	302877616
357	324	0	0	0	302877624
357	326	0	0	0	302877631
357	327	0	0	0	302877639
357	329	0	0	0	302877646
358	330	0	0	0	302877654
359	331	0	0	0	302877661
359	332	0	0	0	302877669
360	333	0	0	0	302877676
361	333	0	0	0	302877684
362	334	0	0	0	302877691
363	334	0	0	0	302877699
364	334	0	0	0	302877706
365	333	0	0	0	302877714
366	333	0	0	0	302877721
367	332	0	0	0	302877729
368	331	0	0	0	302877736
369	330	0	0	0	302877744
370	329	0	0	0	302877751
370	328	0	0	0	302877759
371	327	0	0	0	302877766
371	326	0	0	0	302877774
370	325	0	0	0	302877781
370	324	0	0	0	302877789
370	323	0	0	0	302877797
369	322	0	0	0	302877804
369	322	0	0	0	302877812
368	321	0	0	0	302877819
368	321	0	0	0	302877827
367	320	0	0	0	302877834
366	319	0	0	0	302877842
365	319	0	0	0	302877849
365	319	0	0	0	302877857
364	318	0	0	0	302877864
364	318	0	0	0	302877872
363	318	0	0	0	302877879
363	318	0	0	0	302877887
361	318	0	0	0	302877894
361	318	0	0	0	302877902
360	318	0	0	0	302877909
359	318	0	0	0	302877917
358	319	0	0	0	302877924
358	319	0	0	0	302877932
356	320	0	0	0	302877939
356	321	0	0	0	302877947
355	322	0	0	0	302877954
354	322	0	0	0	302877962
353	324	0	0	0	302877969
353	325	0	0	0	302877977
70	6
383	444	0	0	0	302878770
382	443	0	0	0	302878778
382	443	0	0	0	302878785
382	443	0	0	0	302878793
382	443	0	0	0	302878800
381	443	0	0	0	302878808
381	443	0	0	0	302878815
380	443	0	0	0	302878823
380	443	0	0	0	302878830
378	444	0	0	0	302878838
378	444	0	0	0	302878845
377	445	0	0	0	302878853
377	445	0	0	0	302878860
376	446	0	0	0	302878868
376	446	0	0	0	302878875
375	448	0	0	0	302878883
375	449	0	0	0	302878890
374	450	0	0	0	302878898
374	451	0	0	0	302878906
374	452	0	0	0	302878913
374	454	0	0	0	302878921
374	455	0	0	0	302878928
374	456	0	0	0	302878936
374	457	0	0	0	302878943
374	458	0	0	0	302878951
374	459	0	0	0	302878958
375	461	0	0	0	302878966
375	461	0	0	0	302878973
375	462	0	0	0	302878981
375	462	0	0	0	302878988
376	464	0	0	0	302878996
376	464	0	0	0	302879003
378	464	0	0	0	302879011
378	465	0	0	0	302879018
379	465	0	0	0	302879026
380	464	0	0	0	302879033
381	464	0	0	0	302879041
382	464	0	0	0	302879048
383	463	0	0	0	302879056
384	463	0	0	0	302879063
385	462	0	0	0	302879071
386	461	0	0	0	302879078
387	460	0	0	0	302879086
388	459	0	0	0	302879093
389	458	0	0	0	302879101
389	457	0	0	0	302879109
389	456	0	0	0	302879116
390	455	0	0	0	302879124
390	454	0	0	0	302879131
390	453	0	0	0	302879139
390	452	0	0	0	302879146
389	451	0	0	0	302879154
389	451	0	0	0	302879161
389	450	0	0	0	302879169
388	449	0	0	0	302879176
388	448	0	0	0	302879184
388	448	0	0	0	302879191
387	447	0	0	0	302879199
387	447	0	0	0	302879206
386	446	0	0	0	302879214
386	446	0	0	0	302879221
384	445	0	0	0	302879229
384	445	0	0	0	302879236
384	445	0	0	0	302879244
382	445	0	0	0	302879251
382	445	0	0	0	302879259
381	445	0	0	0	302879266
381	445	0	0	0	302879274
381	445	0	0	0	302879281
381	445	0	0	0	302879289
70	6
376	327	0	0	0	302881198
376	327	0	0	0	302881205
376	327	0	0	0	302881213
376	327	0	0	0	302881220
376	327	0	0	0	302881228
376	327	0	0	0	302881235
376	327	0	0	0	302881243
376	327	0	0	0	302881250
376	327	0	0	0	302881258
376	327	0	0	0	302881266
376	327	0	0	0	302881273
376	327	0	0	0	302881281
376	327	0	0	0	302881288
377	327	0	0	0	302881296
377	327	0	0	0	302881303
378	327	0	0	0	302881311
378	327	0	0	0	302881318
379	327	0	0	0	302881326
380	327	0	0	0	302881333
381	327	0	0	0	302881341
382	327	0	0	0	302881348
383	326	0	0	0	302881356
384	326	0	0	0	302881363
384	326	0	0	0	302881371
385	326	0	0	0	302881378
386	326	0	0	0	302881386
387	326	0	0	0	302881393
387	326	0	0	0	302881401
388	326	0	0	0	302881408
388	326	0	0	0	302881416
390	326	0	0	0	302881423
390	326	0	0	0	302881431
391	326	0	0	0	302881438
391	326	0	0	0	302881446
392	326	0	0	0	302881454
392	326	0	0	0	302881461
393	326	0	0	0	302881469
393	326	0	0	0	302881476
394	325	0	0	0	302881484
394	325	0	0	0	302881491
395	325	0	0	0	302881499
395	325	0	0	0	302881506
396	325	0	0	0	302881514
396	325	0	0	0	302881521
397	325	0	0	0	302881529
397	325	0	0	0	302881536
398	325	0	0	0	302881544
398	325	0	0	0	302881551
398	325	0	0	0	302881559
398	325	0	0	0	302881566
398	325	0	0	0	302881574
398	325	0	0	0	302881581
399	325	0	0	0	302881589
399	325	0	0	0	302881596
399	325	0	0	0	302881604
399	325	0	0	0	302881611
399	325	0	0	0	302881619
399	325	0	0	0	302881626
399	325	0	0	0	302881634
399	325	0	0	0	302881641
399	325	0	0	0	302881649
400	326	0	0	0	302881657
400	326	0	0	0	302881664
400	326	0	0	0	302881672
400	326	0	0	0	302881679
400	326	0	0	0	302881687
400	326	0	0	0	302881694
400	326	0	0	0	302881702
401	326	0	0	0	302881709
401	326	0	0	0	302881717
110	6
401	326	0	0	0	302881724
401	326	0	0	0	302881732
401	326	0	0	0	302881739
401	326	0	0	0	302881747
401	326	0	0	0	302881754
402	326	0	0	0	302881762
402	326	0	0	0	302881769
402	326	0	0	0	302881777
402	326	0	0	0	302881784
402	326	0	0	0	302881792
402	326	0	0	0	302881799
402	326	0	0	0	302881807
402	326	0	0	0	302881814
402	326	0	0	0	302881822
402	326	0	0	0	302881829
402	326	0	0	0	302881837
402	326	0	0	0	302881844
402	326	0	0	0	302881852
402	326	0	0	0	302881860
402	326	0	0	0	302881867
402	326	0	0	0	302881875
402	326	0	0	0	302881882
402	326	0	0	0	302881890
401	327	0	0	0	302881897
401	327	0	0	0	302881905
401	327	0	0	0	302881912
401	327	0	0	0	302881920
401	327	0	0	0	302881927
401	327	0	0	0	302881935
401	327	0	0	0	302881942
401	327	0	0	0	302881950
400	328	0	0	0	302881957
400	328	0	0	0	302881965
400	328	0	0	0	302881972
400	328	0	0	0	302881980
400	328	0	0	0	302881987
400	328	0	0	0	302881995
400	328	0	0	0	302882002
400	328	0	0	0	302882010
400	329	0	0	0	302882017
400	329	0	0	0	302882025
400	329	0	0	0	302882032
400	329	0	0	0	302882040
400	330	0	0	0	302882047
400	330	0	0	0	302882055
400	330	0	0	0	302882063
400	331	0	0	0	302882070
400	331	0	0	0	302882078
400	331	0	0	0	302882085
400	331	0	0	0	302882093
400	332	0	0	0	302882100
400	332	0	0	0	302882108
400	333	0	0	0	302882115
400	333	0	0	0	302882123
400	334	0	0	0	302882130
400	334	0	0	0	302882138
400	335	0	0	0	302882145
400	335	0	0	0	302882153
400	336	0	0	0	302882160
400	336	0	0	0	302882168
400	338	0	0	0	302882175
400	338	0	0	0	302882183
400	339	0	0	0	302882190
400	339	0	0	0	302882198
400	341	0	0	0	302882205
400	341	0	0	0	302882213
400	341	0	0	0	302882220
400	343	0	0	0	302882228
401	344	0	0	0	302882235
401	344	0	0	0	302882243
400	345	0	0	0	302882250
400	346	0	0	0	302882258
400	347	0	0	0	302882266
400	348	0	0	0	302882273
400	349	0	0	0	302882281
400	350	0	0	0	302882288
400	350	0	0	0	302882296
400	351	0	0	0	302882303
400	351	0	0	0	302882311
400	352	0	0	0	302882318
400	352	0	0	0	302882326
400	353	0	0	0	302882333
400	353	0	0	0	302882341
400	354	0	0	0	302882348
400	354	0	0	0	302882356
400	355	0	0	0	302882363
400	355	0	0	0	302882371
399	356	0	0	0	302882378
399	356	0	0	0	302882386
399	357	0	0	0	302882393
399	357	0	0	0	302882401
399	357	0	0	0	302882408
399	358	0	0	0	302882416
399	358	0	0	0	302882423
399	358	0	0	0	302882431
399	358	0	0	0	302882438
399	358	0	0	0	302882446
399	358	0	0	0	302882454
399	358	0	0	0	302882461
399	358	0	0	0	302882469
399	358	0	0	0	302882476
399	359	0	0	0	302882484
399	359	0	0	0	302882491
399	359	0	0	0	302882499
399	360	0	0	0	302882506
399	360	0	0	0	302882514
399	361	0	0	0	302882521
399	361	0	0	0	302882529
399	362	0	0	0	302882536
399	362	0	0	0	302882544
120	6
399	362	0	0	0	302882551
399	363	0	0	0	302882559
399	363	0	0	0	302882566
399	363	0	0	0	302882574
399	363	0	0	0	302882581
399	364	0	0	0	302882589
399	364	0	0	0	302882596
399	364	0	0	0	302882604
399	364	0	0	0	302882611
399	364	0	0	0	302882619
399	364	0	0	0	302882626
399	364	0	0	0	302882634
400	365	0	0	0	302882641
400	365	0	0	0	302882649
400	365	0	0	0	302882657
401	364	0	0	0	302882664
401	364	0	0	0	302882672
401	364	0	0	0	302882679
402	364	0	0	0	302882687
402	364	0	0	0	302882694
403	364	0	0	0	302882702
403	364	0	0	0	302882709
404	364	0	0	0	302882717
404	364	0	0	0	302882724
406	364	0	0	0	302882732
406	364	0	0	0	302882739
407	364	0	0	0	302882747
408	364	0	0	0	302882754
409	364	0	0	0	302882762
410	364	0	0	0	302882769
410	364	0	0	0	302882777
411	364	0	0	0	302882784
412	364	0	0	0	302882792
413	364	0	0	0	302882799
414	364	0	0	0	302882807
415	364	0	0	0	302882814
415	364	0	0	0	302882822
416	364	0	0	0	302882829
417	364	0	0	0	302882837
418	364	0	0	0	302882844
419	364	0	0	0	302882852
420	364	0	0	0	302882860
421	364	0	0	0	302882867
421	364	0	0	0	302882875
423	364	0	0	0	302882882
424	364	0	0	0	302882890
425	364	0	0	0	302882897
426	364	0	0	0	302882905
427	364	0	0	0	302882912
428	364	0	0	0	302882920
430	364	0	0	0	302882927
431	364	0	0	0	302882935
432	363	0	0	0	302882942
433	363	0	0	0	302882950
434	363	0	0	0	302882957
435	364	0	0	0	302882965
436	364	0	0	0	302882972
437	364	0	0	0	302882980
438	364	0	0	0	302882987
439	364	0	0	0	302882995
440	365	0	0	0	302883002
441	365	0	0	0	302883010
442	365	0	0	0	302883017
443	365	0	0	0	302883025
443	366	0	0	0	302883032
444	366	0	0	0	302883040
445	366	0	0	0	302883047
446	367	0	0	0	302883055
446	367	0	0	0	302883063
447	367	0	0	0	302883070
447	367	0	0	0	302883078
448	368	0	0	0	302883085
448	368	0	0	0	302883093
449	368	0	0	0	302883100
449	368	0	0	0	302883108
450	369	0	0	0	302883115
450	369	0	0	0	302883123
451	369	0	0	0	302883130
451	369	0	0	0	302883138
453	369	0	0	0	302883145
453	369	0	0	0	302883153
454	369	0	0	0	302883160
455	369	0	0	0	302883168
455	369	0	0	0	302883175
456	369	0	0	0	302883183
457	369	0	0	0	302883190
457	369	0	0	0	302883198
458	369	0	0	0	302883205
458	369	0	0	0	302883213
460	369	0	0	0	302883220
460	369	0	0	0	302883228
461	369	0	0	0	302883235
461	369	0	0	0	302883243
462	369	0	0	0	302883250
462	369	0	0	0	302883258
463	369	0	0	0	302883266
463	369	0	0	0	302883273
463	369	0	0	0	302883281
464	369	0	0	0	302883288
464	369	0	0	0	302883296
465	369	0	0	0	302883303
465	369	0	0	0	302883311
465	369	0	0	0	302883318
466	369	0	0	0	302883326
466	369	0	0	0	302883333
466	370	0	0	0	302883341
466	370	0	0	0	302883348
467	370	0	0	0	302883356
467	370	0	0	0	302883363
468	369	0	0	0	302883371
468	369	0	0	0	302883378
469	369	0	0	0	302883386
469	369	0	0	0	302883393
470	369	0	0	0	302883401
470	369	0	0	0	302883408
471	370	0	0	0	302883416
471	370	0	0	0	302883423
471	370	0	0	0	302883431
471	370	0	0	0	302883438
471	371	0	0	0	302883446
59	6
393	455	0	0	0	302884294
394	455	0	0	0	302884301
394	455	0	0	0	302884309
395	455	0	0	0	302884316
395	455	0	0	0	302884324
396	455	0	0	0	302884331
396	455	0	0	0	302884339
397	455	0	0	0	302884346
397	455	0	0	0	302884354
399	455	0	0	0	302884361
400	455	0	0	0	302884369
401	455	0	0	0	302884376
401	454	0	0	0	302884384
402	454	0	0	0	302884391
402	454	0	0	0	302884399
403	454	0	0	0	302884407
403	454	0	0	0	302884414
405	454	0	0	0	302884422
405	454	0	0	0	302884429
406	453	0	0	0	302884437
406	453	0	0	0	302884444
407	453	0	0	0	302884452
407	453	0	0	0	302884459
408	453	0	0	0	302884467
408	453	0	0	0	302884474
409	453	0	0	0	302884482
409	453	0	0	0	302884489
410	453	0	0	0	302884497
410	453	0	0	0	302884504
410	453	0	0	0	302884512
410	453	0	0	0	302884519
411	453	0	0	0	302884527
411	453	0	0	0	302884534
412	453	0	0	0	302884542
412	453	0	0	0	302884549
413	453	0	0	0	302884557
413	453	0	0	0	302884564
414	453	0	0	0	302884572
414	453	0	0	0	302884579
415	453	0	0	0	302884587
415	453	0	0	0	302884594
416	453	0	0	0	302884602
416	453	0	0	0	302884610
416	453	0	0	0	302884617
417	453	0	0	0	302884625
417	453	0	0	0	302884632
417	453	0	0	0	302884640
417	452	0	0	0	302884647
417	452	0	0	0	302884655
417	452	0	0	0	302884662
417	452	0	0	0	302884670
418	452	0	0	0	302884677
418	452	0	0	0	302884685
418	452	0	0	0	302884692
418	452	0	0	0	302884700
418	452	0	0	0	302884707
418	452	0	0	0	302884715
419	452	0	0	0	302884722
419	452	0	0	0	302884730
114	6
419	452	0	0	0	302884737
419	452	0	0	0	302884745
419	452	0	0	0	302884752
419	452	0	0	0	302884760
419	452	0	0	0	302884767
419	452	0	0	0	302884775
419	452	0	0	0	302884782
420	451	0	0	0	302884790
420	451	0	0	0	302884797
420	451	0	0	0	302884805
420	451	0	0	0	302884813
420	451	0	0	0	302884820
420	451	0	0	0	302884828
420	451	0	0	0	302884835
420	451	0	0	0	302884843
420	451	0	0	0	302884850
420	451	0	0	0	302884858
420	451	0	0	0	302884865
421	452	0	0	0	302884873
421	452	0	0	0	302884880
421	452	0	0	0	302884888
421	452	0	0	0	302884895
421	452	0	0	0	302884903
421	452	0	0	0	302884910
421	452	0	0	0	302884918
421	452	0	0	0	302884925
421	452	0	0	0	302884933
421	452	0	0	0	302884940
421	452	0	0	0	302884948
421	452	0	0	0	302884955
421	451	0	0	0	302884963
421	451	0	0	0	302884970
421	451	0	0	0	302884978
421	450	0	0	0	302884985
421	450	0	0	0	302884993
421	449	0	0	0	302885000
421	449	0	0	0	302885008
421	448	0	0	0	302885016
421	448	0	0	0	302885023
420	447	0	0	0	302885031
420	447	0	0	0	302885038
420	446	0	0	0	302885046
420	446	0	0	0	302885053
420	445	0	0	0	302885061
420	445	0	0	0	302885068
419	443	0	0	0	302885076
419	443	0	0	0	302885083
419	442	0	0	0	302885091
419	442	0	0	0	302885098
419	441	0	0	0	302885106
419	441	0	0	0	302885113
418	439	0	0	0	302885121
418	439	0	0	0	302885128
418	438	0	0	0	302885136
418	437	0	0	0	302885143
417	436	0	0	0	302885151
417	435	0	0	0	302885158
417	435	0	0	0	302885166
417	434	0	0	0	302885173
417	433	0	0	0	302885181
416	432	0	0	0	302885188
416	431	0	0	0	302885196
416	430	0	0	0	302885204
416	429	0	0	0	302885211
416	428	0	0	0	302885219
416	427	0	0	0	302885226
416	426	0	0	0	302885234
416	425	0	0	0	302885241
416	424	0	0	0	302885249
415	423	0	0	0	302885256
415	422	0	0	0	302885264
415	421	0	0	0	302885271
415	419	0	0	0	302885279
415	418	0	0	0	302885286
415	417	0	0	0	302885294
415	416	0	0	0	302885301
415	415	0	0	0	302885309
414	415	0	0	0	302885316
414	415	0	0	0	302885324
414	413	0	0	0	302885331
414	413	0	0	0	302885339
414	412	0	0	0	302885346
414	412	0	0	0	302885354
414	412	0	0	0	302885361
413	411	0	0	0	302885369
413	411	0	0	0	302885376
413	411	0	0	0	302885384
412	411	0	0	0	302885391
412	411	0	0	0	302885399
412	410	0	0	0	302885407
412	410	0	0	0	302885414
412	409	0	0	0	302885422
412	409	0	0	0	302885429
411	408	0	0	0	302885437
411	408	0	0	0	302885444
411	408	0	0	0	302885452
411	408	0	0	0	302885459
411	407	0	0	0	302885467
411	407	0	0	0	302885474
411	407	0	0	0	302885482
411	407	0	0	0	302885489
411	407	0	0	0	302885497
411	407	0	0	0	302885504
411	407	0	0	0	302885512
412	406	0	0	0	302885519
412	406	0	0	0	302885527
412	406	0	0	0	302885534
413	407	0	0	0	302885542
413	407	0	0	0	302885549
414	407	0	0	0	302885557
414	407	0	0	0	302885564
415	408	0	0	0	302885572
415	408	0	0	0	302885579
416	408	0	0	0	302885587
81	6
416	408	0	0	0	302885594
418	409	0	0	0	302885602
418	409	0	0	0	302885610
419	409	0	0	0	302885617
419	409	0	0	0	302885625
421	409	0	0	0	302885632
421	409	0	0	0	302885640
422	409	0	0	0	302885647
423	410	0	0	0	302885655
424	410	0	0	0	302885662
424	410	0	0	0	302885670
425	410	0	0	0	302885677
426	410	0	0	0	302885685
426	410	0	0	0	302885692
427	410	0	0	0	302885700
427	410	0	0	0	302885707
429	410	0	0	0	302885715
429	410	0	0	0	302885722
430	409	0	0	0	302885730
431	409	0	0	0	302885737
431	409	0	0	0	302885745
432	409	0	0	0	302885752
432	409	0	0	0	302885760
433	409	0	0	0	302885767
433	409	0	0	0	302885775
435	409	0	0	0	302885782
435	409	0	0	0	302885790
436	409	0	0	0	302885797
436	409	0	0	0	302885805
437	409	0	0	0	302885813
437	409	0	0	0	302885820
438	409	0	0	0	302885828
438	409	0	0	0	302885835
439	409	0	0	0	302885843
440	409	0	0	0	302885850
441	409	0	0	0	302885858
441	409	0	0	0	302885865
442	409	0	0	0	302885873
442	409	0	0	0	302885880
444	409	0	0	0	302885888
444	409	0	0	0	302885895
445	409	0	0	0	302885903
445	409	0	0	0	302885910
446	410	0	0	0	302885918
446	410	0	0	0	302885925
448	410	0	0	0	302885933
449	409	0	0	0	302885940
449	409	0	0	0	302885948
450	409	0	0	0	302885955
451	409	0	0	0	302885963
451	409	0	0	0	302885970
452	409	0	0	0	302885978
452	409	0	0	0	302885985
453	408	0	0	0	302885993
453	408	0	0	0	302886000
454	408	0	0	0	302886008
454	408	0	0	0	302886016
454	408	0	0	0	302886023
455	408	0	0	0	302886031
455	408	0	0	0	302886038
455	408	0	0	0	302886046
456	409	0	0	0	302886053
456	409	0	0	0	302886061
456	409	0	0	0	302886068
457	409	0	0	0	302886076
457	409	0	0	0	302886083
458	409	0	0	0	302886091
458	409	0	0	0	302886098
459	409	0	0	0	302886106
459	409	0	0	0	302886113
461	409	0	0	0	302886121
461	409	0	0	0	302886128
461	409	0	0	0	302886136
461	409	0	0	0	302886143
461	409	0	0	0	302886151
463	409	0	0	0	302886158
463	409	0	0	0	302886166
463	409	0	0	0	302886173
463	409	0	0	0	302886181
462	409	0	0	0	302886188
462	409	0	0	0	302886196
79	6
565	387	0	0	0	302887047
565	387	0	0	0	302887054
565	387	0	0	0	302887062
566	386	0	0	0	302887069
566	386	0	0	0	302887077
566	386	0	0	0	302887084
566	386	0	0	0	302887092
567	385	0	0	0	302887099
567	385	0	0	0	302887107
567	385	0	0	0	302887114
567	385	0	0	0	302887122
566	384	0	0	0	302887129
566	384	0	0	0	302887137
565	384	0	0	0	302887144
564	384	0	0	0	302887152
564	384	0	0	0	302887159
563	385	0	0	0	302887167
562	385	0	0	0	302887174
561	386	0	0	0	302887182
560	387	0	0	0	302887189
559	388	0	0	0	302887197
559	389	0	0	0	302887204
558	391	0	0	0	302887212
558	392	0	0	0	302887219
557	393	0	0	0	302887227
557	394	0	0	0	302887234
557	396	0	0	0	302887242
557	397	0	0	0	302887250
558	398	0	0	0	302887257
558	398	0	0	0	302887265
559	399	0	0	0	302887272
560	399	0	0	0	302887280
561	400	0	0	0	302887287
563	400	0	0	0	302887295
564	400	0	0	0	302887302
565	400	0	0	0	302887310
567	400	0	0	0	302887317
568	400	0	0	0	302887325
569	400	0	0	0	302887332
571	400	0	0	0	302887340
572	400	0	0	0	302887347
573	399	0	0	0	302887355
574	399	0	0	0	302887362
574	399	0	0	0	302887370
575	398	0	0	0	302887377
575	398	0	0	0	302887385
576	397	0	0	0	302887392
576	397	0	0	0	302887400
577	396	0	0	0	302887407
577	396	0	0	0	302887415
578	395	0	0	0	302887422
578	395	0	0	0	302887430
578	394	0	0	0	302887437
578	394	0	0	0	302887445
578	393	0	0	0	302887453
578	393	0	0	0	302887460
578	392	0	0	0	302887468
578	392	0	0	0	302887475
577	391	0	0	0	302887483
577	391	0	0	0	302887490
576	389	0	0	0	302887498
576	389	0	0	0	302887505
575	388	0	0	0	302887513
575	388	0	0	0	302887520
574	387	0	0	0	302887528
574	387	0	0	0	302887535
573	387	0	0	0	302887543
572	387	0	0	0	302887550
571	387	0	0	0	302887558
570	387	0	0	0	302887565
569	387	0	0	0	302887573
568	387	0	0	0	302887580
567	388	0	0	0	302887588
566	389	0	0	0	302887595
565	390	0	0	0	302887603
564	391	0	0	0	302887610
563	392	0	0	0	302887618
563	393	0	0	0	302887625
563	395	0	0	0	302887633
60	6
582	395	0	0	0	302889903
582	395	0	0	0	302889910
582	395	0	0	0	302889918
582	395	0	0	0	302889925
582	395	0	0	0	302889933
582	395	0	0	0	302889940
582	395	0	0	0	302889948
582	395	0	0	0	302889955
582	395	0	0	0	302889963
582	395	0	0	0	302889970
582	395	0	0	0	302889978
582	395	0	0	0	302889985
582	395	0	0	0	302889993
583	396	0	0	0	302890000
583	396	0	0	0	302890008
584	396	0	0	0	302890015
584	396	0	0	0	302890023
585	396	0	0	0	302890031
585	396	0	0	0	302890038
586	395	0	0	0	302890046
586	395	0	0	0	302890053
587	395	0	0	0	302890061
588	395	0	0	0	302890068
589	395	0	0	0	302890076
590	395	0	0	0	302890083
590	395	0	0	0	302890091
591	395	0	0	0	302890098
592	395	0	0	0	302890106
592	395	0	0	0	302890113
594	395	0	0	0	302890121
594	395	0	0	0	302890128
594	395	0	0	0	302890136
594	395	0	0	0	302890143
595	395	0	0	0	302890151
595	395	0	0	0	302890158
596	395	0	0	0	302890166
596	395	0	0	0	302890173
597	395	0	0	0	302890181
597	395	0	0	0	302890188
598	395	0	0	0	302890196
598	395	0	0	0	302890203
599	395	0	0	0	302890211
599	395	0	0	0	302890219
600	395	0	0	0	302890226
600	395	0	0	0	302890234
601	395	0	0	0	302890241
601	395	0	0	0	302890249
602	395	0	0	0	302890256
602	395	0	0	0	302890264
603	395	0	0	0	302890271
603	395	0	0	0	302890279
604	395	0	0	0	302890286
604	395	0	0	0	302890294
605	395	0	0	0	302890301
605	395	0	0	0	302890309
605	395	0	0	0	302890316
606	395	0	0	0	302890324
606	395	0	0	0	302890331
606	395	0	0	0	302890339
606	395	0	0	0	302890346
134	6
607	395	0	0	0	302890354
607	395	0	0	0	302890361
607	395	0	0	0	302890369
607	395	0	0	0	302890376
607	395	0	0	0	302890384
607	395	0	0	0	302890391
607	395	0	0	0	302890399
607	396	0	0	0	302890406
607	396	0	0	0	302890414
607	396	0	0	0	302890422
607	396	0	0	0	302890429
607	396	0	0	0	302890437
607	397	0	0	0	302890444
607	397	0	0	0	302890452
607	398	0	0	0	302890459
607	398	0	0	0	302890467
608	400	0	0	0	302890474
608	400	0	0	0	302890482
608	402	0	0	0	302890489
608	403	0	0	0	302890497
608	404	0	0	0	302890504
608	405	0	0	0	302890512
608	406	0	0	0	302890519
608	408	0	0	0	302890527
608	409	0	0	0	302890534
608	411	0	0	0	302890542
608	412	0	0	0	302890549
608	414	0	0	0	302890557
608	415	0	0	0	302890564
608	417	0	0	0	302890572
608	418	0	0	0	302890579
608	419	0	0	0	302890587
608	421	0	0	0	302890594
608	422	0	0	0	302890602
608	423	0	0	0	302890609
608	424	0	0	0	302890617
608	425	0	0	0	302890625
608	426	0	0	0	302890632
608	427	0	0	0	302890640
608	428	0	0	0	302890647
608	429	0	0	0	302890655
608	430	0	0	0	302890662
608	431	0	0	0	302890670
608	432	0	0	0	302890677
608	433	0	0	0	302890685
608	434	0	0	0	302890692
608	435	0	0	0	302890700
608	436	0	0	0	302890707
608	437	0	0	0	302890715
608	438	0	0	0	302890722
608	440	0	0	0	302890730
608	441	0	0	0	302890737
608	442	0	0	0	302890745
608	443	0	0	0	302890752
608	444	0	0	0	302890760
608	445	0	0	0	302890767
608	446	0	0	0	302890775
608	448	0	0	0	302890782
608	449	0	0	0	302890790
608	450	0	0	0	302890797
608	451	0	0	0	302890805
607	452	0	0	0	302890812
607	454	0	0	0	302890820
607	455	0	0	0	302890828
608	456	0	0	0	302890835
608	457	0	0	0	302890843
608	458	0	0	0	302890850
608	459	0	0	0	302890858
608	460	0	0	0	302890865
608	461	0	0	0	302890873
608	462	0	0	0	302890880
608	463	0	0	0	302890888
608	464	0	0	0	302890895
608	465	0	0	0	302890903
608	466	0	0	0	302890910
608	467	0	0	0	302890918
608	468	0	0	0	302890925
608	469	0	0	0	302890933
608	470	0	0	0	302890940
608	470	0	0	0	302890948
608	471	0	0	0	302890955
608	472	0	0	0	302890963
608	473	0	0	0	302890970
608	474	0	0	0	302890978
608	475	0	0	0	302890985
608	476	0	0	0	302890993
608	476	0	0	0	302891000
608	477	0	0	0	302891008
608	478	0	0	0	302891015
608	479	0	0	0	302891023
608	480	0	0	0	302891031
608	481	0	0	0	302891038
608	481	0	0	0	302891046
608	482	0	0	0	302891053
608	483	0	0	0	302891061
608	484	0	0	0	302891068
608	484	0	0	0	302891076
609	485	0	0	0	302891083
609	486	0	0	0	302891091
609	487	0	0	0	302891098
609	488	0	0	0	302891106
609	489	0	0	0	302891113
609	489	0	0	0	302891121
609	490	0	0	0	302891128
609	491	0	0	0	302891136
609	492	0	0	0	302891143
609	493	0	0	0	302891151
609	493	0	0	0	302891158
609	494	0	0	0	302891166
609	494	0	0	0	302891173
609	495	0	0	0	302891181
609	495	0	0	0	302891188
609	497	0	0	0	302891196
609	497	0	0	0	302891203
609	498	0	0	0	302891211
609	498	0	0	0	302891219
609	499	0	0	0	302891226
609	499	0	0	0	302891234
609	499	0	0	0	302891241
609	499	0	0	0	302891249
609	500	0	0	0	302891256
609	500	0	0	0	302891264
609	501	0	0	0	302891271
609	501	0	0	0	302891279
609	501	0	0	0	302891286
610	502	0	0	0	302891294
610	502	0	0	0	302891301
610	502	0	0	0	302891309
610	503	0	0	0	302891316
610	503	0	0	0	302891324
610	503	0	0	0	302891331
610	504	0	0	0	302891339
610	504	0	0	0	302891346
610	504	0	0	0	302891354
114	6
610	505	0	0	0	302891361
610	505	0	0	0	302891369
610	505	0	0	0	302891376
610	505	0	0	0	302891384
610	505	0	0	0	302891391
610	505	0	0	0	302891399
611	505	0	0	0	302891406
611	505	0	0	0	302891414
611	505	0	0	0	302891422
612	505	0	0	0	302891429
612	505	0	0	0	302891437
612	505	0	0	0	302891444
613	505	0	0	0	302891452
613	505	0	0	0	302891459
613	505	0	0	0	302891467
613	505	0	0	0	302891474
614	505	0	0	0	302891482
614	505	0	0	0	302891489
615	504	0	0	0	302891497
615	504	0	0	0	302891504
616	504	0	0	0	302891512
616	504	0	0	0	302891519
617	504	0	0	0	302891527
617	504	0	0	0	302891534
618	504	0	0	0	302891542
618	504	0	0	0	302891549
619	504	0	0	0	302891557
619	504	0	0	0	302891564
620	504	0	0	0	302891572
620	504	0	0	0	302891579
621	504	0	0	0	302891587
621	504	0	0	0	302891594
622	505	0	0	0	302891602
622	505	0	0	0	302891609
623	505	0	0	0	302891617
623	505	0	0	0	302891625
624	505	0	0	0	302891632
624	505	0	0	0	302891640
625	505	0	0	0	302891647
625	505	0	0	0	302891655
626	505	0	0	0	302891662
626	505	0	0	0	302891670
627	505	0	0	0	302891677
627	505	0	0	0	302891685
627	505	0	0	0	302891692
627	505	0	0	0	302891700
628	505	0	0	0	302891707
628	505	0	0	0	302891715
629	505	0	0	0	302891722
629	505	0	0	0	302891730
630	505	0	0	0	302891737
630	505	0	0	0	302891745
631	505	0	0	0	302891752
631	505	0	0	0	302891760
631	505	0	0	0	302891767
631	505	0	0	0	302891775
632	505	0	0	0	302891782
632	505	0	0	0	302891790
633	505	0	0	0	302891797
633	505	0	0	0	302891805
634	504	0	0	0	302891812
634	504	0	0	0	302891820
635	504	0	0	0	302891828
635	504	0	0	0	302891835
635	504	0	0	0	302891843
636	504	0	0	0	302891850
636	504	0	0	0	302891858
636	504	0	0	0	302891865
637	504	0	0	0	302891873
637	504	0	0	0	302891880
637	504	0	0	0	302891888
638	504	0	0	0	302891895
638	504	0	0	0	302891903
638	504	0	0	0	302891910
639	504	0	0	0	302891918
639	504	0	0	0	302891925
639	504	0	0	0	302891933
639	504	0	0	0	302891940
639	504	0	0	0	302891948
639	504	0	0	0	302891955
639	504	0	0	0	302891963
639	504	0	0	0	302891970
639	504	0	0	0	302891978
639	504	0	0	0	302891985
639	504	0	0	0	302891993
639	504	0	0	0	302892000
639	504	0	0	0	302892008
639	504	0	0	0	302892015
639	504	0	0	0	302892023
639	504	0	0	0	302892031
639	504	0	0	0	302892038
639	504	0	0	0	302892046
639	505	0	0	0	302892053
639	505	0	0	0	302892061
639	505	0	0	0	302892068
639	505	0	0	0	302892076
639	505	0	0	0	302892083
639	505	0	0	0	302892091
639	505	0	0	0	302892098
639	505	0	0	0	302892106
639	505	0	0	0	302892113
639	506	0	0	0	302892121
639	506	0	0	0	302892128
639	506	0	0	0	302892136
639	506	0	0	0	302892143
639	506	0	0	0	302892151
640	506	0	0	0	302892158
640	506	0	0	0	302892166
640	506	0	0	0	302892173
640	506	0	0	0	302892181
640	506	0	0	0	302892188
640	506	0	0	0	302892196
640	506	0	0	0	302892203
640	506	0	0	0	302892211
77	6
748	521	0	0	0	302900640
747	521	0	0	0	302900647
747	521	0	0	0	302900655
747	521	0	0	0	302900662
747	521	0	0	0	302900670
747	522	0	0	0	302900677
747	522	0	0	0	302900685
747	522	0	0	0	302900692
746	523	0	0	0	302900700
746	523	0	0	0	302900707
745	524	0	0	0	302900715
745	524	0	0	0	302900722
744	525	0	0	0	302900730
744	525	0	0	0	302900737
743	526	0	0	0	302900745
743	526	0	0	0	302900752
743	527	0	0	0	302900760
743	527	0	0	0	302900767
742	529	0	0	0	302900775
742	529	0	0	0	302900782
741	530	0	0	0	302900790
741	531	0	0	0	302900797
741	532	0	0	0	302900805
740	533	0	0	0	302900812
740	534	0	0	0	302900820
740	534	0	0	0	302900828
740	535	0	0	0	302900835
741	536	0	0	0	302900843
741	537	0	0	0	302900850
741	537	0	0	0	302900858
742	538	0	0	0	302900865
743	538	0	0	0	302900873
743	538	0	0	0	302900880
745	539	0	0	0	302900888
746	539	0	0	0	302900895
746	539	0	0	0	302900903
747	539	0	0	0	302900910
748	539	0	0	0	302900918
749	539	0	0	0	302900925
750	538	0	0	0	302900933
751	537	0	0	0	302900940
752	536	0	0	0	302900948
754	536	0	0	0	302900955
755	535	0	0	0	302900963
755	534	0	0	0	302900970
756	533	0	0	0	302900978
757	532	0	0	0	302900985
758	531	0	0	0	302900993
758	530	0	0	0	302901000
759	529	0	0	0	302901008
759	528	0	0	0	302901015
759	528	0	0	0	302901023
759	528	0	0	0	302901031
758	526	0	0	0	302901038
758	526	0	0	0	302901046
757	525	0	0	0	302901053
757	525	0	0	0	302901061
756	524	0	0	0	302901068
756	524	0	0	0	302901076
755	523	0	0	0	302901083
755	523	0	0	0	302901091
753	522	0	0	0	302901098
753	522	0	0	0	302901106
752	521	0	0	0	302901113
752	521	0	0	0	302901121
751	520	0	0	0	302901128
751	520	0	0	0	302901136
750	520	0	0	0	302901143
750	520	0	0	0	302901151
749	520	0	0	0	302901158
749	520	0	0	0	302901166
748	521	0	0	0	302901173
748	521	0	0	0	302901181
747	522	0	0	0	302901188
747	522	0	0	0	302901196
747	523	0	0	0	302901203
747	523	0	0	0	302901211
53	6
762	531	0	0	0	302901555
762	531	0	0	0	302901563
762	531	0	0	0	302901570
762	531	0	0	0	302901578
763	531	0	0	0	302901585
763	531	0	0	0	302901593
764	531	0	0	0	302901600
764	531	0	0	0	302901608
764	531	0	0	0	302901615
766	531	0	0	0	302901623
767	531	0	0	0	302901630
768	531	0	0	0	302901638
769	531	0	0	0	302901645
770	531	0	0	0	302901653
771	531	0	0	0	302901660
772	531	0	0	0	302901668
773	531	0	0	0	302901675
774	531	0	0	0	302901683
776	531	0	0	0	302901690
777	531	0	0	0	302901698
779	531	0	0	0	302901705
780	531	0	0	0	302901713
781	531	0	0	0	302901720
783	530	0	0	0	302901728
784	530	0	0	0	302901735
785	530	0	0	0	302901743
787	531	0	0	0	302901750
788	531	0	0	0	302901758
790	531	0	0	0	302901766
792	531	0	0	0	302901773
793	530	0	0	0	302901781
795	530	0	0	0	302901788
797	530	0	0	0	302901796
799	530	0	0	0	302901803
801	530	0	0	0	302901811
803	529	0	0	0	302901818
805	529	0	0	0	302901826
807	529	0	0	0	302901833
809	529	0	0	0	302901841
810	528	0	0	0	302901848
812	528	0	0	0	302901856
814	528	0	0	0	302901863
815	527	0	0	0	302901871
817	527	0	0	0	302901878
819	527	0	0	0	302901886
820	527	0	0	0	302901893
821	526	0	0	0	302901901
822	526	0	0	0	302901908
823	526	0	0	0	302901916
824	526	0	0	0	302901923
825	525	0	0	0	302901931
826	525	0	0	0	302901938
826	525	0	0	0	302901946
34	39
847	497	0	0	0	302902307
847	497	0	0	0	302902314
847	497	0	0	0	302902322
847	497	0	0	0	302902329
847	497	0	0	0	302902337
848	497	0	0	0	302902344
848	497	0	0	0	302902352
848	498	0	0	0	302902359
849	499	0	0	0	302902367
850	499	0	0	0	302902375
851	500	0	0	0	302902382
852	501	0	0	0	302902390
853	502	0	0	0	302902397
854	503	0	0	0	302902405
855	504	0	0	0	302902412
855	505	0	0	0	302902420
856	506	0	0	0	302902427
857	507	0	0	0	302902435
858	508	0	0	0	302902442
858	509	0	0	0	302902450
859	510	0	0	0	302902457
859	511	0	0	0	302902465
860	512	0	0	0	302902472
860	512	0	0	0	302902480
861	514	0	0	0	302902487
861	514	0	0	0	302902495
861	514	0	0	0	302902502
861	514	0	0	0	302902510
861	514	0	0	0	302902517
862	515	0	0	0	302902525
862	515	0	0	0	302902532
862	515	0	0	0	302902540
863	514	0	0	0	302902547
863	514	0	0	0	302902555
28	39
875	499	0	0	0	302902711
875	499	0	0	0	302902718
875	499	0	0	0	302902726
875	499	0	0	0	302902734
874	499	0	0	0	302902741
874	499	0	0	0	302902749
873	501	0	0	0	302902756
873	501	0	0	0	302902764
872	503	0	0	0	302902771
872	504	0	0	0	302902779
871	505	0	0	0	302902786
870	507	0	0	0	302902794
869	508	0	0	0	302902801
868	510	0	0	0	302902809
866	511	0	0	0	302902816
866	513	0	0	0	302902824
865	514	0	0	0	302902831
864	515	0	0	0	302902839
864	515	0	0	0	302902846
863	516	0	0	0	302902854
863	516	0	0	0	302902861
863	516	0	0	0	302902869
863	516	0	0	0	302902876
863	517	0	0	0	302902884
863	517	0	0	0	302902891
863	517	0	0	0	302902899
863	517	0	0	0	302902906
863	517	0	0	0	302902914
30	39
864	515	0	0	0	302902962
864	515	0	0	0	302902969
864	515	0	0	0	302902977
864	515	0	0	0	302902984
864	515	0	0	0	302902992
864	515	0	0	0	302903000
864	516	0	0	0	302903007
864	516	0	0	0	302903015
864	517	0	0	0	302903022
864	517	0	0	0	302903030
864	518	0	0	0	302903037
864	519	0	0	0	302903045
863	521	0	0	0	302903052
863	522	0	0	0	302903060
863	524	0	0	0	302903067
863	525	0	0	0	302903075
862	527	0	0	0	302903082
862	529	0	0	0	302903090
862	531	0	0	0	302903097
861	532	0	0	0	302903105
861	534	0	0	0	302903112
861	535	0	0	0	302903120
861	536	0	0	0	302903127
861	537	0	0	0	302903135
861	537	0	0	0	302903142
861	538	0	0	0	302903150
861	538	0	0	0	302903157
861	538	0	0	0	302903165
862	537	0	0	0	302903172
862	537	0	0	0	302903180
