40
32	0
273	293	0	0	0	302938025
273	293	0	0	0	302938032
272	292	0	0	0	302938040
272	292	0	0	0	302938047
272	292	0	0	0	302938055
272	291	0	0	0	302938062
272	291	0	0	0	302938070
272	291	0	0	0	302938078
272	292	0	0	0	302938085
272	293	0	0	0	302938093
272	295	0	0	0	302938100
272	297	0	0	0	302938108
272	299	0	0	0	302938115
272	303	0	0	0	302938123
272	307	0	0	0	302938130
271	312	0	0	0	302938138
271	316	0	0	0	302938145
271	322	0	0	0	302938153
271	327	0	0	0	302938160
271	332	0	0	0	302938168
271	337	0	0	0	302938175
271	342	0	0	0	302938183
271	346	0	0	0	302938190
271	350	0	0	0	302938198
271	353	0	0	0	302938205
271	356	0	0	0	302938213
272	357	0	0	0	302938220
272	359	0	0	0	302938228
272	360	0	0	0	302938235
272	360	0	0	0	302938243
272	360	0	0	0	302938250
272	360	0	0	0	302938258
110	1
281	293	0	0	0	302938469
281	291	0	0	0	302938477
281	291	0	0	0	302938484
282	290	0	0	0	302938492
282	290	0	0	0	302938500
283	289	0	0	0	302938507
284	289	0	0	0	302938515
284	289	0	0	0	302938522
286	288	0	0	0	302938530
287	289	0	0	0	302938537
288	289	0	0	0	302938545
290	289	0	0	0	302938552
292	289	0	0	0	302938560
294	290	0	0	0	302938567
296	290	0	0	0	302938575
299	291	0	0	0	302938582
302	291	0	0	0	302938590
304	292	0	0	0	302938597
307	293	0	0	0	302938605
310	295	0	0	0	302938612
313	296	0	0	0	302938620
315	297	0	0	0	302938627
318	299	0	0	0	302938635
321	300	0	0	0	302938642
324	301	0	0	0	302938650
326	302	0	0	0	302938657
329	303	0	0	0	302938665
332	304	0	0	0	302938672
334	305	0	0	0	302938680
336	306	0	0	0	302938687
338	307	0	0	0	302938695
340	308	0	0	0	302938703
343	310	0	0	0	302938710
345	311	0	0	0	302938718
347	312	0	0	0	302938725
348	314	0	0	0	302938733
350	315	0	0	0	302938740
352	317	0	0	0	302938748
353	318	0	0	0	302938755
355	319	0	0	0	302938763
356	321	0	0	0	302938770
357	322	0	0	0	302938778
357	323	0	0	0	302938785
358	325	0	0	0	302938793
358	327	0	0	0	302938800
358	328	0	0	0	302938808
358	330	0	0	0	302938815
358	332	0	0	0	302938823
358	333	0	0	0	302938830
357	335	0	0	0	302938838
357	337	0	0	0	302938845
356	339	0	0	0	302938853
356	340	0	0	0	302938860
355	342	0	0	0	302938868
354	343	0	0	0	302938875
353	344	0	0	0	302938883
352	346	0	0	0	302938890
351	347	0	0	0	302938898
350	348	0	0	0	302938906
349	350	0	0	0	302938913
348	351	0	0	0	302938921
346	352	0	0	0	302938928
345	353	0	0	0	302938936
344	354	0	0	0	302938943
342	355	0	0	0	302938951
340	356	0	0	0	302938958
339	357	0	0	0	302938966
337	358	0	0	0	302938973
335	359	0	0	0	302938981
333	360	0	0	0	302938988
330	361	0	0	0	302938996
328	362	0	0	0	302939003
325	363	0	0	0	302939011
323	364	0	0	0	302939018
320	364	0	0	0	302939026
317	365	0	0	0	302939033
315	366	0	0	0	302939041
313	367	0	0	0	302939048
311	367	0	0	0	302939056
309	368	0	0	0	302939063
307	368	0	0	0	302939071
306	368	0	0	0	302939078
304	369	0	0	0	302939086
303	369	0	0	0	302939093
301	369	0	0	0	302939101
300	369	0	0	0	302939109
299	369	0	0	0	302939116
297	369	0	0	0	302939124
296	368	0	0	0	302939131
294	368	0	0	0	302939139
293	368	0	0	0	302939146
291	367	0	0	0	302939154
289	367	0	0	0	302939161
288	367	0	0	0	302939169
286	366	0	0	0	302939176
284	366	0	0	0	302939184
282	366	0	0	0	302939191
281	366	0	0	0	302939199
279	366	0	0	0	302939206
277	366	0	0	0	302939214
276	366	0	0	0	302939221
274	367	0	0	0	302939229
273	367	0	0	0	302939236
271	367	0	0	0	302939244
270	368	0	0	0	302939251
269	367	0	0	0	302939259
267	368	0	0	0	302939266
266	368	0	0	0	302939274
265	368	0	0	0	302939281
264	368	0	0	0	302939289
29	2
266	449	0	0	0	302939891
266	449	0	0	0	302939899
266	448	0	0	0	302939906
266	448	0	0	0	302939914
266	448	0	0	0	302939922
266	448	0	0	0	302939929
266	448	0	0	0	302939937
267	448	0	0	0	302939944
267	449	0	0	0	302939952
267	451	0	0	0	302939959
267	453	0	0	0	302939967
267	455	0	0	0	302939974
267	458	0	0	0	302939982
267	461	0	0	0	302939989
267	466	0	0	0	302939997
267	470	0	0	0	302940004
267	475	0	0	0	302940012
267	480	0	0	0	302940019
267	484	0	0	0	302940027
266	489	0	0	0	302940034
266	493	0	0	0	302940042
266	497	0	0	0	302940049
266	500	0	0	0	302940057
266	503	0	0	0	302940064
266	505	0	0	0	302940072
266	506	0	0	0	302940079
266	506	0	0	0	302940087
266	506	0	0	0	302940094
266	506	0	0	0	302940102
133	2
271	443	0	0	0	302940297
271	443	0	0	0	302940304
271	442	0	0	0	302940312
271	442	0	0	0	302940319
273	441	0	0	0	302940327
274	441	0	0	0	302940334
275	441	0	0	0	302940342
277	440	0	0	0	302940349
278	440	0	0	0	302940357
280	440	0	0	0	302940364
282	440	0	0	0	302940372
285	440	0	0	0	302940379
287	440	0	0	0	302940387
290	440	0	0	0	302940394
292	440	0	0	0	302940402
295	440	0	0	0	302940409
297	441	0	0	0	302940417
299	441	0	0	0	302940424
301	442	0	0	0	302940432
303	442	0	0	0	302940439
305	443	0	0	0	302940447
307	443	0	0	0	302940454
309	444	0	0	0	302940462
311	445	0	0	0	302940469
313	446	0	0	0	302940477
315	446	0	0	0	302940484
317	447	0	0	0	302940492
319	448	0	0	0	302940500
321	449	0	0	0	302940507
322	450	0	0	0	302940515
324	451	0	0	0	302940522
326	453	0	0	0	302940530
327	454	0	0	0	302940537
329	455	0	0	0	302940545
330	456	0	0	0	302940552
332	458	0	0	0	302940560
333	459	0	0	0	302940567
335	461	0	0	0	302940575
336	462	0	0	0	302940582
337	463	0	0	0	302940590
338	465	0	0	0	302940597
339	467	0	0	0	302940605
340	468	0	0	0	302940612
340	470	0	0	0	302940620
341	472	0	0	0	302940627
342	474	0	0	0	302940635
342	475	0	0	0	302940642
342	477	0	0	0	302940650
342	479	0	0	0	302940657
342	481	0	0	0	302940665
342	483	0	0	0	302940672
342	485	0	0	0	302940680
342	487	0	0	0	302940687
341	488	0	0	0	302940695
341	490	0	0	0	302940703
340	492	0	0	0	302940710
339	494	0	0	0	302940718
338	495	0	0	0	302940725
338	497	0	0	0	302940733
337	498	0	0	0	302940740
336	500	0	0	0	302940748
335	501	0	0	0	302940755
333	502	0	0	0	302940763
332	504	0	0	0	302940770
331	505	0	0	0	302940778
330	506	0	0	0	302940785
328	508	0	0	0	302940793
327	509	0	0	0	302940800
325	510	0	0	0	302940808
324	511	0	0	0	302940815
322	511	0	0	0	302940823
321	512	0	0	0	302940830
319	513	0	0	0	302940838
318	514	0	0	0	302940845
316	515	0	0	0	302940853
315	516	0	0	0	302940860
313	516	0	0	0	302940868
312	517	0	0	0	302940875
311	517	0	0	0	302940883
309	518	0	0	0	302940890
308	518	0	0	0	302940898
307	519	0	0	0	302940906
305	519	0	0	0	302940913
304	519	0	0	0	302940921
302	520	0	0	0	302940928
301	520	0	0	0	302940936
299	521	0	0	0	302940943
297	521	0	0	0	302940951
296	521	0	0	0	302940958
294	521	0	0	0	302940966
292	521	0	0	0	302940973
290	521	0	0	0	302940981
288	520	0	0	0	302940988
287	520	0	0	0	302940996
285	520	0	0	0	302941003
284	519	0	0	0	302941011
282	519	0	0	0	302941018
281	518	0	0	0	302941026
280	518	0	0	0	302941033
279	517	0	0	0	302941041
278	517	0	0	0	302941048
278	517	0	0	0	302941056
277	516	0	0	0	302941063
277	516	0	0	0	302941071
276	515	0	0	0	302941078
276	515	0	0	0	302941086
275	513	0	0	0	302941093
275	513	0	0	0	302941101
274	513	0	0	0	302941109
274	513	0	0	0	302941116
273	512	0	0	0	302941124
273	512	0	0	0	302941131
273	512	0	0	0	302941139
273	512	0	0	0	302941146
272	511	0	0	0	302941154
272	511	0	0	0	302941161
271	511	0	0	0	302941169
271	511	0	0	0	302941176
269	511	0	0	0	302941184
269	511	0	0	0	302941191
268	510	0	0	0	302941199
267	510	0	0	0	302941206
267	510	0	0	0	302941214
266	510	0	0	0	302941221
266	510	0	0	0	302941229
264	510	0	0	0	302941236
264	510	0	0	0	302941244
264	510	0	0	0	302941251
264	511	0	0	0	302941259
264	511	0	0	0	302941266
264	511	0	0	0	302941274
264	511	0	0	0	302941281
265	512	0	0	0	302941289
33	4
683	511	0	0	0	302944267
683	511	0	0	0	302944275
683	510	0	0	0	302944282
683	510	0	0	0	302944290
683	509	0	0	0	302944297
683	509	0	0	0	302944305
683	509	0	0	0	302944312
684	509	0	0	0	302944320
684	510	0	0	0	302944328
684	511	0	0	0	302944335
685	513	0	0	0	302944343
685	516	0	0	0	302944350
685	519	0	0	0	302944358
685	522	0	0	0	302944365
685	527	0	0	0	302944373
685	532	0	0	0	302944380
685	537	0	0	0	302944388
685	543	0	0	0	302944395
685	548	0	0	0	302944403
685	554	0	0	0	302944410
685	560	0	0	0	302944418
685	566	0	0	0	302944425
684	571	0	0	0	302944433
684	576	0	0	0	302944440
683	581	0	0	0	302944448
683	585	0	0	0	302944455
683	588	0	0	0	302944463
682	591	0	0	0	302944470
682	592	0	0	0	302944478
682	592	0	0	0	302944485
682	592	0	0	0	302944493
682	591	0	0	0	302944500
682	589	0	0	0	302944508
105	4
684	511	0	0	0	302944695
684	510	0	0	0	302944703
684	510	0	0	0	302944710
684	510	0	0	0	302944718
684	510	0	0	0	302944725
685	509	0	0	0	302944733
685	509	0	0	0	302944740
686	508	0	0	0	302944748
687	508	0	0	0	302944755
689	507	0	0	0	302944763
690	507	0	0	0	302944770
692	507	0	0	0	302944778
695	506	0	0	0	302944785
698	506	0	0	0	302944793
701	506	0	0	0	302944800
704	506	0	0	0	302944808
707	506	0	0	0	302944815
710	507	0	0	0	302944823
713	507	0	0	0	302944830
715	508	0	0	0	302944838
718	509	0	0	0	302944845
720	509	0	0	0	302944853
722	510	0	0	0	302944860
723	511	0	0	0	302944868
725	512	0	0	0	302944875
726	513	0	0	0	302944883
728	515	0	0	0	302944891
729	516	0	0	0	302944898
730	517	0	0	0	302944906
731	519	0	0	0	302944913
733	520	0	0	0	302944921
734	522	0	0	0	302944928
735	524	0	0	0	302944936
736	526	0	0	0	302944943
737	527	0	0	0	302944951
739	529	0	0	0	302944958
740	531	0	0	0	302944966
741	533	0	0	0	302944973
743	535	0	0	0	302944981
744	537	0	0	0	302944988
745	539	0	0	0	302944996
747	541	0	0	0	302945003
748	543	0	0	0	302945011
748	545	0	0	0	302945018
749	547	0	0	0	302945026
750	550	0	0	0	302945033
750	552	0	0	0	302945041
751	554	0	0	0	302945048
751	556	0	0	0	302945056
752	558	0	0	0	302945063
752	560	0	0	0	302945071
752	562	0	0	0	302945078
752	564	0	0	0	302945086
752	566	0	0	0	302945094
752	568	0	0	0	302945101
752	569	0	0	0	302945109
751	571	0	0	0	302945116
751	572	0	0	0	302945124
750	574	0	0	0	302945131
749	576	0	0	0	302945139
749	577	0	0	0	302945146
748	579	0	0	0	302945154
747	580	0	0	0	302945161
746	581	0	0	0	302945169
745	583	0	0	0	302945176
743	584	0	0	0	302945184
742	585	0	0	0	302945191
740	586	0	0	0	302945199
738	587	0	0	0	302945206
737	588	0	0	0	302945214
734	588	0	0	0	302945221
732	589	0	0	0	302945229
730	590	0	0	0	302945236
728	591	0	0	0	302945244
725	591	0	0	0	302945251
723	592	0	0	0	302945259
720	593	0	0	0	302945266
718	593	0	0	0	302945274
716	593	0	0	0	302945281
713	594	0	0	0	302945289
711	594	0	0	0	302945297
709	594	0	0	0	302945304
707	594	0	0	0	302945312
705	594	0	0	0	302945319
703	595	0	0	0	302945327
701	595	0	0	0	302945334
699	595	0	0	0	302945342
697	595	0	0	0	302945349
695	596	0	0	0	302945357
694	596	0	0	0	302945364
692	596	0	0	0	302945372
690	596	0	0	0	302945379
689	596	0	0	0	302945387
687	596	0	0	0	302945394
686	596	0	0	0	302945402
685	595	0	0	0	302945409
684	595	0	0	0	302945417
683	595	0	0	0	302945424
682	595	0	0	0	302945432
682	595	0	0	0	302945439
682	595	0	0	0	302945447
682	595	0	0	0	302945454
682	595	0	0	0	302945462
682	594	0	0	0	302945469
682	594	0	0	0	302945477
37	6
201	287	0	0	0	302946219
201	286	0	0	0	302946227
201	286	0	0	0	302946235
200	286	0	0	0	302946242
200	286	0	0	0	302946250
200	286	0	0	0	302946257
200	286	0	0	0	302946265
199	287	0	0	0	302946272
199	288	0	0	0	302946280
198	289	0	0	0	302946287
197	291	0	0	0	302946295
196	294	0	0	0	302946302
195	297	0	0	0	302946310
194	300	0	0	0	302946317
193	303	0	0	0	302946325
193	306	0	0	0	302946332
192	308	0	0	0	302946340
191	311	0	0	0	302946347
191	312	0	0	0	302946355
191	313	0	0	0	302946362
191	313	0	0	0	302946370
191	313	0	0	0	302946377
191	313	0	0	0	302946385
192	311	0	0	0	302946392
192	309	0	0	0	302946400
193	307	0	0	0	302946407
193	304	0	0	0	302946415
194	301	0	0	0	302946422
195	297	0	0	0	302946430
196	294	0	0	0	302946438
196	291	0	0	0	302946445
197	289	0	0	0	302946453
198	286	0	0	0	302946460
199	284	0	0	0	302946468
200	282	0	0	0	302946475
200	281	0	0	0	302946483
201	280	0	0	0	302946490
17	6
202	280	0	0	0	302946498
203	280	0	0	0	302946505
203	281	0	0	0	302946513
204	283	0	0	0	302946520
205	284	0	0	0	302946528
205	287	0	0	0	302946535
206	289	0	0	0	302946543
206	292	0	0	0	302946550
207	294	0	0	0	302946558
207	296	0	0	0	302946565
207	298	0	0	0	302946573
207	300	0	0	0	302946580
207	301	0	0	0	302946588
206	302	0	0	0	302946595
206	302	0	0	0	302946603
205	303	0	0	0	302946610
204	303	0	0	0	302946618
13	6
193	299	0	0	0	302946699
193	299	0	0	0	302946706
193	300	0	0	0	302946714
193	300	0	0	0	302946721
194	301	0	0	0	302946729
196	301	0	0	0	302946736
197	301	0	0	0	302946744
199	301	0	0	0	302946751
200	301	0	0	0	302946759
202	301	0	0	0	302946766
203	301	0	0	0	302946774
204	301	0	0	0	302946781
204	301	0	0	0	302946789
22	9
191	340	0	0	0	302947022
191	339	0	0	0	302947030
191	339	0	0	0	302947037
191	339	0	0	0	302947045
191	339	0	0	0	302947052
191	339	0	0	0	302947060
191	339	0	0	0	302947067
191	341	0	0	0	302947075
191	342	0	0	0	302947082
191	344	0	0	0	302947090
191	347	0	0	0	302947097
191	349	0	0	0	302947105
191	352	0	0	0	302947112
191	354	0	0	0	302947120
191	356	0	0	0	302947127
191	358	0	0	0	302947135
190	360	0	0	0	302947142
190	361	0	0	0	302947150
190	362	0	0	0	302947157
190	362	0	0	0	302947165
190	362	0	0	0	302947172
190	362	0	0	0	302947180
55	9
190	349	0	0	0	302947227
190	347	0	0	0	302947234
190	345	0	0	0	302947242
190	344	0	0	0	302947250
191	342	0	0	0	302947257
191	341	0	0	0	302947265
192	340	0	0	0	302947272
193	339	0	0	0	302947280
194	338	0	0	0	302947287
195	337	0	0	0	302947295
197	337	0	0	0	302947302
198	336	0	0	0	302947310
200	336	0	0	0	302947317
201	335	0	0	0	302947325
203	335	0	0	0	302947332
204	336	0	0	0	302947340
205	336	0	0	0	302947347
206	337	0	0	0	302947355
206	338	0	0	0	302947362
206	339	0	0	0	302947370
205	341	0	0	0	302947377
204	342	0	0	0	302947385
203	343	0	0	0	302947392
202	345	0	0	0	302947400
201	346	0	0	0	302947407
200	347	0	0	0	302947415
199	347	0	0	0	302947422
199	347	0	0	0	302947430
197	348	0	0	0	302947437
197	348	0	0	0	302947445
197	348	0	0	0	302947453
197	348	0	0	0	302947460
199	347	0	0	0	302947468
200	347	0	0	0	302947475
201	347	0	0	0	302947483
202	346	0	0	0	302947490
204	346	0	0	0	302947498
205	347	0	0	0	302947505
206	347	0	0	0	302947513
208	348	0	0	0	302947520
209	348	0	0	0	302947528
209	350	0	0	0	302947535
210	351	0	0	0	302947543
209	352	0	0	0	302947550
209	354	0	0	0	302947558
208	356	0	0	0	302947565
206	357	0	0	0	302947573
204	359	0	0	0	302947580
202	361	0	0	0	302947588
200	362	0	0	0	302947595
198	363	0	0	0	302947603
196	363	0	0	0	302947610
195	363	0	0	0	302947618
193	363	0	0	0	302947625
192	362	0	0	0	302947633
35	11
222	296	0	0	0	302947908
222	296	0	0	0	302947916
222	296	0	0	0	302947923
222	296	0	0	0	302947931
222	296	0	0	0	302947938
223	296	0	0	0	302947946
223	296	0	0	0	302947953
224	297	0	0	0	302947961
225	297	0	0	0	302947968
227	297	0	0	0	302947976
228	298	0	0	0	302947984
231	298	0	0	0	302947991
233	298	0	0	0	302947999
235	298	0	0	0	302948006
237	298	0	0	0	302948014
239	298	0	0	0	302948021
242	298	0	0	0	302948029
244	298	0	0	0	302948036
246	298	0	0	0	302948044
248	298	0	0	0	302948051
249	298	0	0	0	302948059
251	298	0	0	0	302948066
252	298	0	0	0	302948074
253	298	0	0	0	302948081
254	299	0	0	0	302948089
254	299	0	0	0	302948096
255	299	0	0	0	302948104
255	299	0	0	0	302948111
257	300	0	0	0	302948119
257	300	0	0	0	302948126
257	300	0	0	0	302948134
258	300	0	0	0	302948141
258	300	0	0	0	302948149
258	300	0	0	0	302948156
259	301	0	0	0	302948164
42	0
232	347	0	0	0	302948513
231	347	0	0	0	302948520
231	347	0	0	0	302948528
231	347	0	0	0	302948535
230	348	0	0	0	302948543
230	348	0	0	0	302948550
230	348	0	0	0	302948558
230	348	0	0	0	302948565
231	349	0	0	0	302948573
231	349	0	0	0	302948580
232	350	0	0	0	302948588
233	350	0	0	0	302948595
234	350	0	0	0	302948603
235	350	0	0	0	302948610
236	350	0	0	0	302948618
238	350	0	0	0	302948625
239	350	0	0	0	302948633
241	350	0	0	0	302948641
243	350	0	0	0	302948648
245	350	0	0	0	302948656
246	350	0	0	0	302948663
248	350	0	0	0	302948671
249	350	0	0	0	302948678
251	350	0	0	0	302948686
252	350	0	0	0	302948693
254	350	0	0	0	302948701
255	350	0	0	0	302948708
257	350	0	0	0	302948716
258	350	0	0	0	302948723
259	350	0	0	0	302948731
260	351	0	0	0	302948738
261	351	0	0	0	302948746
263	351	0	0	0	302948753
264	351	0	0	0	302948761
264	351	0	0	0	302948768
264	351	0	0	0	302948776
266	351	0	0	0	302948783
266	351	0	0	0	302948791
266	351	0	0	0	302948798
266	351	0	0	0	302948806
266	351	0	0	0	302948813
266	351	0	0	0	302948821
34	13
199	443	0	0	0	302949229
200	441	0	0	0	302949236
200	441	0	0	0	302949244
200	440	0	0	0	302949251
200	439	0	0	0	302949259
200	439	0	0	0	302949266
200	437	0	0	0	302949274
200	437	0	0	0	302949281
199	435	0	0	0	302949289
199	435	0	0	0	302949297
198	434	0	0	0	302949304
197	434	0	0	0	302949312
197	434	0	0	0	302949319
195	434	0	0	0	302949327
194	435	0	0	0	302949334
193	435	0	0	0	302949342
192	437	0	0	0	302949349
191	438	0	0	0	302949357
190	439	0	0	0	302949364
190	441	0	0	0	302949372
190	443	0	0	0	302949379
190	445	0	0	0	302949387
191	447	0	0	0	302949394
193	449	0	0	0	302949402
194	451	0	0	0	302949409
196	452	0	0	0	302949417
198	454	0	0	0	302949424
200	454	0	0	0	302949432
202	455	0	0	0	302949439
203	455	0	0	0	302949447
205	455	0	0	0	302949454
206	454	0	0	0	302949462
207	454	0	0	0	302949469
207	454	0	0	0	302949477
38	2
226	436	0	0	0	302950199
226	437	0	0	0	302950206
226	437	0	0	0	302950214
227	438	0	0	0	302950221
228	438	0	0	0	302950229
228	439	0	0	0	302950236
230	439	0	0	0	302950244
231	440	0	0	0	302950251
233	440	0	0	0	302950259
235	441	0	0	0	302950266
237	441	0	0	0	302950274
239	441	0	0	0	302950281
241	441	0	0	0	302950289
242	441	0	0	0	302950297
244	441	0	0	0	302950304
246	440	0	0	0	302950312
248	440	0	0	0	302950319
249	441	0	0	0	302950327
251	441	0	0	0	302950334
252	441	0	0	0	302950342
254	441	0	0	0	302950349
255	441	0	0	0	302950357
256	442	0	0	0	302950364
257	442	0	0	0	302950372
257	442	0	0	0	302950379
258	443	0	0	0	302950387
258	443	0	0	0	302950394
259	443	0	0	0	302950402
259	443	0	0	0	302950409
260	444	0	0	0	302950417
260	444	0	0	0	302950424
261	444	0	0	0	302950432
261	444	0	0	0	302950439
261	444	0	0	0	302950447
261	444	0	0	0	302950454
262	444	0	0	0	302950462
262	444	0	0	0	302950469
262	444	0	0	0	302950477
22	15
195	480	0	0	0	302954600
195	480	0	0	0	302954608
195	480	0	0	0	302954615
195	480	0	0	0	302954623
195	480	0	0	0	302954630
196	479	0	0	0	302954638
196	479	0	0	0	302954645
196	481	0	0	0	302954653
197	482	0	0	0	302954660
197	484	0	0	0	302954668
197	486	0	0	0	302954675
197	489	0	0	0	302954683
197	492	0	0	0	302954690
197	495	0	0	0	302954698
197	498	0	0	0	302954705
197	501	0	0	0	302954713
197	503	0	0	0	302954720
197	506	0	0	0	302954728
196	507	0	0	0	302954735
196	508	0	0	0	302954743
196	508	0	0	0	302954750
196	508	0	0	0	302954758
33	15
193	485	0	0	0	302954861
193	484	0	0	0	302954869
193	483	0	0	0	302954876
193	482	0	0	0	302954884
193	482	0	0	0	302954891
195	481	0	0	0	302954899
196	480	0	0	0	302954906
198	480	0	0	0	302954914
199	479	0	0	0	302954922
202	479	0	0	0	302954929
204	479	0	0	0	302954937
207	479	0	0	0	302954944
209	480	0	0	0	302954952
212	481	0	0	0	302954959
214	482	0	0	0	302954967
216	484	0	0	0	302954974
217	486	0	0	0	302954982
218	489	0	0	0	302954989
218	491	0	0	0	302954997
218	494	0	0	0	302955004
217	496	0	0	0	302955012
216	499	0	0	0	302955019
214	501	0	0	0	302955027
212	502	0	0	0	302955034
210	504	0	0	0	302955042
208	505	0	0	0	302955049
206	506	0	0	0	302955057
204	507	0	0	0	302955064
203	507	0	0	0	302955072
202	506	0	0	0	302955079
201	506	0	0	0	302955087
200	505	0	0	0	302955094
200	504	0	0	0	302955102
47	2
229	490	0	0	0	302955350
229	490	0	0	0	302955358
229	490	0	0	0	302955365
229	490	0	0	0	302955373
230	491	0	0	0	302955380
230	491	0	0	0	302955388
231	491	0	0	0	302955395
232	491	0	0	0	302955403
233	492	0	0	0	302955410
235	492	0	0	0	302955418
236	492	0	0	0	302955425
237	493	0	0	0	302955433
238	493	0	0	0	302955440
239	494	0	0	0	302955448
241	494	0	0	0	302955455
242	494	0	0	0	302955463
243	494	0	0	0	302955470
244	495	0	0	0	302955478
245	495	0	0	0	302955485
246	495	0	0	0	302955493
247	495	0	0	0	302955500
248	495	0	0	0	302955508
249	495	0	0	0	302955516
250	495	0	0	0	302955523
251	495	0	0	0	302955531
252	495	0	0	0	302955538
253	495	0	0	0	302955546
253	495	0	0	0	302955553
254	495	0	0	0	302955561
254	495	0	0	0	302955568
255	496	0	0	0	302955576
255	496	0	0	0	302955583
256	496	0	0	0	302955591
256	496	0	0	0	302955598
258	497	0	0	0	302955606
258	497	0	0	0	302955613
259	497	0	0	0	302955621
259	497	0	0	0	302955628
260	497	0	0	0	302955636
260	497	0	0	0	302955643
260	497	0	0	0	302955651
260	497	0	0	0	302955658
260	497	0	0	0	302955666
260	497	0	0	0	302955673
260	497	0	0	0	302955681
260	497	0	0	0	302955688
260	497	0	0	0	302955696
30	2
345	484	0	0	0	302958466
346	485	0	0	0	302958473
346	485	0	0	0	302958481
347	485	0	0	0	302958488
347	485	0	0	0	302958496
349	485	0	0	0	302958503
349	485	0	0	0	302958511
350	485	0	0	0	302958518
351	485	0	0	0	302958526
352	485	0	0	0	302958533
353	486	0	0	0	302958541
355	486	0	0	0	302958548
356	486	0	0	0	302958556
357	486	0	0	0	302958563
358	486	0	0	0	302958571
359	486	0	0	0	302958578
361	486	0	0	0	302958586
362	486	0	0	0	302958593
364	486	0	0	0	302958601
365	486	0	0	0	302958609
367	485	0	0	0	302958616
369	485	0	0	0	302958624
371	485	0	0	0	302958631
373	484	0	0	0	302958639
374	484	0	0	0	302958646
376	484	0	0	0	302958654
377	483	0	0	0	302958661
378	483	0	0	0	302958669
379	482	0	0	0	302958676
379	482	0	0	0	302958684
42	2
381	481	0	0	0	302958691
381	481	0	0	0	302958699
381	479	0	0	0	302958706
381	479	0	0	0	302958714
381	477	0	0	0	302958721
381	476	0	0	0	302958729
381	475	0	0	0	302958736
381	473	0	0	0	302958744
381	471	0	0	0	302958751
381	468	0	0	0	302958759
380	466	0	0	0	302958766
380	463	0	0	0	302958774
380	461	0	0	0	302958781
380	458	0	0	0	302958789
380	456	0	0	0	302958797
379	454	0	0	0	302958804
379	452	0	0	0	302958812
379	450	0	0	0	302958819
379	448	0	0	0	302958827
379	446	0	0	0	302958834
379	444	0	0	0	302958842
379	442	0	0	0	302958849
380	440	0	0	0	302958857
380	438	0	0	0	302958864
380	437	0	0	0	302958872
380	435	0	0	0	302958879
380	434	0	0	0	302958887
381	433	0	0	0	302958894
381	432	0	0	0	302958902
381	431	0	0	0	302958909
381	431	0	0	0	302958917
381	430	0	0	0	302958924
381	430	0	0	0	302958932
381	429	0	0	0	302958939
381	428	0	0	0	302958947
381	427	0	0	0	302958954
381	426	0	0	0	302958962
381	426	0	0	0	302958969
382	425	0	0	0	302958977
382	425	0	0	0	302958984
382	424	0	0	0	302958992
382	424	0	0	0	302959000
105	2
382	424	0	0	0	302959007
382	424	0	0	0	302959015
382	423	0	0	0	302959022
382	423	0	0	0	302959030
383	423	0	0	0	302959037
383	423	0	0	0	302959045
385	423	0	0	0	302959052
386	422	0	0	0	302959060
387	422	0	0	0	302959067
388	422	0	0	0	302959075
389	422	0	0	0	302959082
391	422	0	0	0	302959090
392	423	0	0	0	302959097
393	423	0	0	0	302959105
395	422	0	0	0	302959112
396	422	0	0	0	302959120
398	422	0	0	0	302959127
400	422	0	0	0	302959135
402	421	0	0	0	302959142
403	421	0	0	0	302959150
405	420	0	0	0	302959157
407	420	0	0	0	302959165
408	420	0	0	0	302959172
410	419	0	0	0	302959180
411	419	0	0	0	302959187
413	419	0	0	0	302959195
414	419	0	0	0	302959203
415	419	0	0	0	302959210
416	419	0	0	0	302959218
418	419	0	0	0	302959225
419	418	0	0	0	302959233
420	418	0	0	0	302959240
422	418	0	0	0	302959248
423	418	0	0	0	302959255
424	418	0	0	0	302959263
426	418	0	0	0	302959270
427	418	0	0	0	302959278
428	418	0	0	0	302959285
429	418	0	0	0	302959293
430	418	0	0	0	302959300
431	418	0	0	0	302959308
432	418	0	0	0	302959315
433	418	0	0	0	302959323
435	418	0	0	0	302959330
435	418	0	0	0	302959338
437	418	0	0	0	302959345
438	418	0	0	0	302959353
438	418	0	0	0	302959360
440	418	0	0	0	302959368
440	417	0	0	0	302959375
441	417	0	0	0	302959383
442	417	0	0	0	302959390
443	417	0	0	0	302959398
443	417	0	0	0	302959406
445	417	0	0	0	302959413
445	417	0	0	0	302959421
446	417	0	0	0	302959428
446	417	0	0	0	302959436
447	417	0	0	0	302959443
447	417	0	0	0	302959451
448	417	0	0	0	302959458
448	417	0	0	0	302959466
450	417	0	0	0	302959473
450	417	0	0	0	302959481
451	417	0	0	0	302959488
451	417	0	0	0	302959496
452	417	0	0	0	302959503
452	417	0	0	0	302959511
453	417	0	0	0	302959518
453	417	0	0	0	302959526
454	417	0	0	0	302959533
454	417	0	0	0	302959541
455	417	0	0	0	302959548
455	417	0	0	0	302959556
456	417	0	0	0	302959563
456	417	0	0	0	302959571
457	417	0	0	0	302959578
457	417	0	0	0	302959586
458	417	0	0	0	302959593
458	417	0	0	0	302959601
459	417	0	0	0	302959609
459	417	0	0	0	302959616
460	417	0	0	0	302959624
460	417	0	0	0	302959631
461	416	0	0	0	302959639
461	416	0	0	0	302959646
461	416	0	0	0	302959654
462	416	0	0	0	302959661
462	416	0	0	0	302959669
462	416	0	0	0	302959676
463	417	0	0	0	302959684
463	417	0	0	0	302959691
464	417	0	0	0	302959699
464	417	0	0	0	302959706
465	417	0	0	0	302959714
465	417	0	0	0	302959721
466	417	0	0	0	302959729
466	417	0	0	0	302959736
467	417	0	0	0	302959744
467	417	0	0	0	302959751
468	417	0	0	0	302959759
468	417	0	0	0	302959766
469	416	0	0	0	302959774
469	416	0	0	0	302959781
471	415	0	0	0	302959789
39	4
561	404	0	0	0	302960722
561	404	0	0	0	302960730
561	404	0	0	0	302960737
562	404	0	0	0	302960745
562	404	0	0	0	302960752
564	404	0	0	0	302960760
564	404	0	0	0	302960767
565	405	0	0	0	302960775
566	405	0	0	0	302960782
567	405	0	0	0	302960790
568	405	0	0	0	302960797
569	405	0	0	0	302960805
570	405	0	0	0	302960812
571	405	0	0	0	302960820
571	405	0	0	0	302960828
572	405	0	0	0	302960835
572	405	0	0	0	302960843
574	404	0	0	0	302960850
574	404	0	0	0	302960858
575	404	0	0	0	302960865
575	404	0	0	0	302960873
576	404	0	0	0	302960880
576	404	0	0	0	302960888
577	405	0	0	0	302960895
577	405	0	0	0	302960903
579	405	0	0	0	302960910
579	405	0	0	0	302960918
580	405	0	0	0	302960925
581	405	0	0	0	302960933
582	404	0	0	0	302960940
584	404	0	0	0	302960948
585	404	0	0	0	302960955
586	404	0	0	0	302960963
588	404	0	0	0	302960970
589	404	0	0	0	302960978
591	404	0	0	0	302960985
592	404	0	0	0	302960993
593	404	0	0	0	302961000
593	404	0	0	0	302961008
76	4
597	404	0	0	0	302961195
597	405	0	0	0	302961203
597	405	0	0	0	302961210
596	406	0	0	0	302961218
596	407	0	0	0	302961225
596	408	0	0	0	302961233
596	409	0	0	0	302961240
596	411	0	0	0	302961248
595	412	0	0	0	302961255
595	414	0	0	0	302961263
595	416	0	0	0	302961270
595	418	0	0	0	302961278
595	419	0	0	0	302961285
595	422	0	0	0	302961293
595	424	0	0	0	302961300
595	426	0	0	0	302961308
595	428	0	0	0	302961315
596	430	0	0	0	302961323
596	431	0	0	0	302961330
596	433	0	0	0	302961338
596	435	0	0	0	302961345
597	437	0	0	0	302961353
597	439	0	0	0	302961360
597	441	0	0	0	302961368
597	442	0	0	0	302961375
598	444	0	0	0	302961383
598	446	0	0	0	302961391
598	448	0	0	0	302961398
598	450	0	0	0	302961406
598	451	0	0	0	302961413
599	453	0	0	0	302961421
599	455	0	0	0	302961428
599	456	0	0	0	302961436
599	458	0	0	0	302961443
599	460	0	0	0	302961451
599	461	0	0	0	302961458
599	463	0	0	0	302961466
599	465	0	0	0	302961473
598	466	0	0	0	302961481
598	468	0	0	0	302961488
598	469	0	0	0	302961496
598	471	0	0	0	302961503
597	473	0	0	0	302961511
597	474	0	0	0	302961518
597	476	0	0	0	302961526
597	477	0	0	0	302961533
597	479	0	0	0	302961541
597	480	0	0	0	302961548
597	482	0	0	0	302961556
597	483	0	0	0	302961563
597	485	0	0	0	302961571
597	487	0	0	0	302961579
596	488	0	0	0	302961586
596	489	0	0	0	302961594
597	490	0	0	0	302961601
597	492	0	0	0	302961609
597	493	0	0	0	302961616
597	494	0	0	0	302961624
597	494	0	0	0	302961631
597	496	0	0	0	302961639
597	497	0	0	0	302961646
597	498	0	0	0	302961654
597	499	0	0	0	302961661
597	500	0	0	0	302961669
597	502	0	0	0	302961676
597	503	0	0	0	302961684
597	504	0	0	0	302961691
597	505	0	0	0	302961699
597	505	0	0	0	302961706
596	506	0	0	0	302961714
596	506	0	0	0	302961721
596	507	0	0	0	302961729
596	507	0	0	0	302961736
596	507	0	0	0	302961744
596	508	0	0	0	302961751
596	508	0	0	0	302961759
108	4
596	508	0	0	0	302961766
596	509	0	0	0	302961774
596	509	0	0	0	302961782
596	509	0	0	0	302961789
597	509	0	0	0	302961797
597	509	0	0	0	302961804
598	510	0	0	0	302961812
598	510	0	0	0	302961819
599	510	0	0	0	302961827
599	510	0	0	0	302961834
601	510	0	0	0	302961842
602	510	0	0	0	302961849
603	510	0	0	0	302961857
604	510	0	0	0	302961864
605	510	0	0	0	302961872
606	511	0	0	0	302961879
608	511	0	0	0	302961887
609	511	0	0	0	302961894
610	511	0	0	0	302961902
612	511	0	0	0	302961909
613	511	0	0	0	302961917
615	511	0	0	0	302961924
616	511	0	0	0	302961932
617	512	0	0	0	302961939
619	512	0	0	0	302961947
620	512	0	0	0	302961954
621	512	0	0	0	302961962
623	512	0	0	0	302961969
624	513	0	0	0	302961977
625	513	0	0	0	302961985
626	513	0	0	0	302961992
627	513	0	0	0	302962000
629	513	0	0	0	302962007
630	514	0	0	0	302962015
631	514	0	0	0	302962022
632	514	0	0	0	302962030
633	514	0	0	0	302962037
634	514	0	0	0	302962045
635	515	0	0	0	302962052
636	515	0	0	0	302962060
638	515	0	0	0	302962067
639	515	0	0	0	302962075
640	516	0	0	0	302962082
641	516	0	0	0	302962090
642	516	0	0	0	302962097
643	516	0	0	0	302962105
644	517	0	0	0	302962112
645	517	0	0	0	302962120
646	517	0	0	0	302962127
647	517	0	0	0	302962135
648	517	0	0	0	302962142
649	517	0	0	0	302962150
649	518	0	0	0	302962157
650	518	0	0	0	302962165
651	518	0	0	0	302962172
652	518	0	0	0	302962180
653	518	0	0	0	302962188
654	518	0	0	0	302962195
655	518	0	0	0	302962203
656	519	0	0	0	302962210
656	519	0	0	0	302962218
656	519	0	0	0	302962225
658	519	0	0	0	302962233
659	519	0	0	0	302962240
660	519	0	0	0	302962248
660	519	0	0	0	302962255
661	519	0	0	0	302962263
661	519	0	0	0	302962270
663	520	0	0	0	302962278
663	520	0	0	0	302962285
664	520	0	0	0	302962293
665	520	0	0	0	302962300
665	520	0	0	0	302962308
666	520	0	0	0	302962315
666	520	0	0	0	302962323
668	520	0	0	0	302962330
668	520	0	0	0	302962338
669	521	0	0	0	302962345
669	521	0	0	0	302962353
670	521	0	0	0	302962360
670	521	0	0	0	302962368
671	521	0	0	0	302962375
671	521	0	0	0	302962383
671	521	0	0	0	302962391
671	521	0	0	0	302962398
672	521	0	0	0	302962406
672	521	0	0	0	302962413
673	521	0	0	0	302962421
673	521	0	0	0	302962428
673	521	0	0	0	302962436
674	521	0	0	0	302962443
674	521	0	0	0	302962451
674	521	0	0	0	302962458
675	521	0	0	0	302962466
675	521	0	0	0	302962473
675	521	0	0	0	302962481
676	521	0	0	0	302962488
676	521	0	0	0	302962496
676	521	0	0	0	302962503
677	521	0	0	0	302962511
677	521	0	0	0	302962518
678	521	0	0	0	302962526
678	521	0	0	0	302962533
679	521	0	0	0	302962541
679	521	0	0	0	302962548
679	521	0	0	0	302962556
679	521	0	0	0	302962563
680	521	0	0	0	302962571
18	24
221	565	0	0	0	302963297
222	565	0	0	0	302963305
222	565	0	0	0	302963313
222	565	0	0	0	302963320
222	565	0	0	0	302963328
222	565	0	0	0	302963335
220	565	0	0	0	302963343
220	565	0	0	0	302963350
218	565	0	0	0	302963358
217	566	0	0	0	302963365
215	566	0	0	0	302963373
213	567	0	0	0	302963380
211	568	0	0	0	302963388
210	568	0	0	0	302963395
208	569	0	0	0	302963403
207	570	0	0	0	302963410
205	571	0	0	0	302963418
205	572	0	0	0	302963425
36	24
204	573	0	0	0	302963433
204	574	0	0	0	302963440
204	575	0	0	0	302963448
204	576	0	0	0	302963455
204	577	0	0	0	302963463
204	578	0	0	0	302963470
204	580	0	0	0	302963478
204	581	0	0	0	302963485
205	583	0	0	0	302963493
205	585	0	0	0	302963500
205	587	0	0	0	302963508
205	588	0	0	0	302963516
206	590	0	0	0	302963523
206	592	0	0	0	302963531
206	593	0	0	0	302963538
206	595	0	0	0	302963546
206	596	0	0	0	302963553
206	597	0	0	0	302963561
206	598	0	0	0	302963568
206	599	0	0	0	302963576
207	600	0	0	0	302963583
207	601	0	0	0	302963591
207	601	0	0	0	302963598
208	602	0	0	0	302963606
209	603	0	0	0	302963613
210	603	0	0	0	302963621
212	603	0	0	0	302963628
213	604	0	0	0	302963636
214	603	0	0	0	302963643
215	603	0	0	0	302963651
217	603	0	0	0	302963658
218	602	0	0	0	302963666
218	602	0	0	0	302963673
219	601	0	0	0	302963681
219	601	0	0	0	302963688
219	600	0	0	0	302963696
11	24
208	589	0	0	0	302963855
209	589	0	0	0	302963862
210	589	0	0	0	302963870
211	589	0	0	0	302963877
212	589	0	0	0	302963885
213	589	0	0	0	302963892
215	589	0	0	0	302963900
216	589	0	0	0	302963907
217	589	0	0	0	302963915
218	589	0	0	0	302963922
219	589	0	0	0	302963930
208	4
256	576	0	0	0	302964249
257	576	0	0	0	302964256
257	576	0	0	0	302964264
258	576	0	0	0	302964271
258	576	0	0	0	302964279
260	577	0	0	0	302964286
260	578	0	0	0	302964294
262	578	0	0	0	302964301
263	578	0	0	0	302964309
264	579	0	0	0	302964316
266	579	0	0	0	302964324
268	579	0	0	0	302964331
270	579	0	0	0	302964339
271	579	0	0	0	302964346
273	579	0	0	0	302964354
275	579	0	0	0	302964361
277	579	0	0	0	302964369
279	578	0	0	0	302964376
281	578	0	0	0	302964384
282	578	0	0	0	302964391
284	578	0	0	0	302964399
286	577	0	0	0	302964406
288	577	0	0	0	302964414
291	577	0	0	0	302964422
293	576	0	0	0	302964429
296	576	0	0	0	302964437
299	576	0	0	0	302964444
303	576	0	0	0	302964452
307	576	0	0	0	302964459
311	576	0	0	0	302964467
316	576	0	0	0	302964474
322	576	0	0	0	302964482
328	576	0	0	0	302964489
334	576	0	0	0	302964497
341	576	0	0	0	302964504
348	576	0	0	0	302964512
354	575	0	0	0	302964519
360	575	0	0	0	302964527
367	575	0	0	0	302964534
372	575	0	0	0	302964542
378	575	0	0	0	302964549
383	575	0	0	0	302964557
388	575	0	0	0	302964564
393	575	0	0	0	302964572
397	575	0	0	0	302964579
401	575	0	0	0	302964587
404	575	0	0	0	302964594
407	575	0	0	0	302964602
411	574	0	0	0	302964609
414	574	0	0	0	302964617
417	574	0	0	0	302964625
419	574	0	0	0	302964632
422	573	0	0	0	302964640
425	573	0	0	0	302964647
427	573	0	0	0	302964655
430	573	0	0	0	302964662
433	573	0	0	0	302964670
435	572	0	0	0	302964677
438	572	0	0	0	302964685
441	572	0	0	0	302964692
444	572	0	0	0	302964700
446	572	0	0	0	302964707
449	572	0	0	0	302964715
452	572	0	0	0	302964722
455	573	0	0	0	302964730
459	573	0	0	0	302964737
462	573	0	0	0	302964745
465	573	0	0	0	302964752
469	574	0	0	0	302964760
472	574	0	0	0	302964767
476	574	0	0	0	302964775
479	574	0	0	0	302964782
483	574	0	0	0	302964790
486	575	0	0	0	302964797
490	575	0	0	0	302964805
494	575	0	0	0	302964813
497	575	0	0	0	302964820
500	576	0	0	0	302964828
504	576	0	0	0	302964835
507	576	0	0	0	302964843
510	576	0	0	0	302964850
513	576	0	0	0	302964858
516	576	0	0	0	302964865
519	576	0	0	0	302964873
523	576	0	0	0	302964880
526	576	0	0	0	302964888
529	576	0	0	0	302964895
533	575	0	0	0	302964903
536	575	0	0	0	302964910
540	575	0	0	0	302964918
544	575	0	0	0	302964925
547	574	0	0	0	302964933
551	574	0	0	0	302964940
554	574	0	0	0	302964948
558	574	0	0	0	302964955
562	574	0	0	0	302964963
565	573	0	0	0	302964970
569	573	0	0	0	302964978
572	573	0	0	0	302964985
575	573	0	0	0	302964993
579	573	0	0	0	302965000
582	573	0	0	0	302965008
585	573	0	0	0	302965016
588	573	0	0	0	302965023
591	574	0	0	0	302965031
594	574	0	0	0	302965038
597	574	0	0	0	302965046
600	574	0	0	0	302965053
602	574	0	0	0	302965061
605	575	0	0	0	302965068
607	575	0	0	0	302965076
610	575	0	0	0	302965083
613	575	0	0	0	302965091
615	575	0	0	0	302965098
618	575	0	0	0	302965106
620	575	0	0	0	302965113
622	575	0	0	0	302965121
624	575	0	0	0	302965128
626	575	0	0	0	302965136
628	575	0	0	0	302965143
629	575	0	0	0	302965151
631	575	0	0	0	302965158
633	575	0	0	0	302965166
634	575	0	0	0	302965173
635	575	0	0	0	302965181
637	575	0	0	0	302965188
638	575	0	0	0	302965196
639	575	0	0	0	302965203
640	575	0	0	0	302965211
642	575	0	0	0	302965219
643	575	0	0	0	302965226
644	576	0	0	0	302965234
645	576	0	0	0	302965241
646	576	0	0	0	302965249
647	576	0	0	0	302965256
649	576	0	0	0	302965264
650	576	0	0	0	302965271
651	576	0	0	0	302965279
652	576	0	0	0	302965286
654	576	0	0	0	302965294
655	576	0	0	0	302965301
656	576	0	0	0	302965309
656	576	0	0	0	302965316
657	576	0	0	0	302965324
657	576	0	0	0	302965331
659	577	0	0	0	302965339
659	577	0	0	0	302965346
660	577	0	0	0	302965354
660	577	0	0	0	302965361
661	577	0	0	0	302965369
661	577	0	0	0	302965376
662	577	0	0	0	302965384
662	577	0	0	0	302965391
663	578	0	0	0	302965399
663	578	0	0	0	302965406
664	578	0	0	0	302965414
664	578	0	0	0	302965422
664	578	0	0	0	302965429
664	578	0	0	0	302965437
664	578	0	0	0	302965444
664	578	0	0	0	302965452
664	578	0	0	0	302965459
664	578	0	0	0	302965467
665	578	0	0	0	302965474
665	578	0	0	0	302965482
665	578	0	0	0	302965489
665	578	0	0	0	302965497
666	578	0	0	0	302965504
666	578	0	0	0	302965512
667	578	0	0	0	302965519
667	578	0	0	0	302965527
668	578	0	0	0	302965534
668	578	0	0	0	302965542
669	578	0	0	0	302965549
669	578	0	0	0	302965557
671	578	0	0	0	302965564
671	578	0	0	0	302965572
672	578	0	0	0	302965579
672	578	0	0	0	302965587
672	578	0	0	0	302965594
672	578	0	0	0	302965602
673	578	0	0	0	302965609
673	578	0	0	0	302965617
674	578	0	0	0	302965625
674	578	0	0	0	302965632
675	578	0	0	0	302965640
675	578	0	0	0	302965647
675	578	0	0	0	302965655
676	578	0	0	0	302965662
676	578	0	0	0	302965670
676	578	0	0	0	302965677
677	578	0	0	0	302965685
677	578	0	0	0	302965692
678	578	0	0	0	302965700
678	578	0	0	0	302965707
679	578	0	0	0	302965715
679	578	0	0	0	302965722
680	578	0	0	0	302965730
680	578	0	0	0	302965737
681	578	0	0	0	302965745
681	578	0	0	0	302965752
681	578	0	0	0	302965760
682	577	0	0	0	302965767
682	577	0	0	0	302965775
682	577	0	0	0	302965782
683	576	0	0	0	302965790
683	576	0	0	0	302965797
683	576	0	0	0	302965805
54	4
765	548	0	0	0	302966390
765	548	0	0	0	302966398
765	548	0	0	0	302966406
764	547	0	0	0	302966413
764	547	0	0	0	302966421
764	547	0	0	0	302966428
763	548	0	0	0	302966436
763	548	0	0	0	302966443
761	549	0	0	0	302966451
761	549	0	0	0	302966458
760	551	0	0	0	302966466
759	552	0	0	0	302966473
758	553	0	0	0	302966481
757	554	0	0	0	302966488
757	556	0	0	0	302966496
756	557	0	0	0	302966503
756	558	0	0	0	302966511
757	559	0	0	0	302966518
757	560	0	0	0	302966526
758	561	0	0	0	302966533
759	562	0	0	0	302966541
760	563	0	0	0	302966548
761	563	0	0	0	302966556
762	563	0	0	0	302966563
763	563	0	0	0	302966571
765	562	0	0	0	302966578
766	562	0	0	0	302966586
767	561	0	0	0	302966593
768	560	0	0	0	302966601
770	559	0	0	0	302966609
770	558	0	0	0	302966616
771	557	0	0	0	302966624
772	556	0	0	0	302966631
772	555	0	0	0	302966639
772	554	0	0	0	302966646
772	553	0	0	0	302966654
772	552	0	0	0	302966661
772	551	0	0	0	302966669
772	551	0	0	0	302966676
772	550	0	0	0	302966684
772	550	0	0	0	302966691
771	549	0	0	0	302966699
771	549	0	0	0	302966706
770	548	0	0	0	302966714
770	548	0	0	0	302966721
768	548	0	0	0	302966729
768	548	0	0	0	302966736
767	548	0	0	0	302966744
767	548	0	0	0	302966751
765	548	0	0	0	302966759
765	548	0	0	0	302966766
764	548	0	0	0	302966774
764	548	0	0	0	302966781
763	548	0	0	0	302966789
50	4
774	555	0	0	0	302967031
774	555	0	0	0	302967038
775	555	0	0	0	302967046
776	554	0	0	0	302967053
777	555	0	0	0	302967061
779	554	0	0	0	302967068
780	555	0	0	0	302967076
782	555	0	0	0	302967083
783	555	0	0	0	302967091
785	555	0	0	0	302967098
787	555	0	0	0	302967106
790	555	0	0	0	302967113
792	554	0	0	0	302967121
794	554	0	0	0	302967128
796	554	0	0	0	302967136
798	554	0	0	0	302967143
800	554	0	0	0	302967151
801	554	0	0	0	302967158
803	554	0	0	0	302967166
804	554	0	0	0	302967173
806	554	0	0	0	302967181
807	554	0	0	0	302967188
808	554	0	0	0	302967196
809	554	0	0	0	302967203
810	554	0	0	0	302967211
812	554	0	0	0	302967219
813	554	0	0	0	302967226
814	554	0	0	0	302967234
815	554	0	0	0	302967241
817	554	0	0	0	302967249
818	554	0	0	0	302967256
819	554	0	0	0	302967264
820	554	0	0	0	302967271
822	554	0	0	0	302967279
823	553	0	0	0	302967286
825	553	0	0	0	302967294
826	553	0	0	0	302967301
828	553	0	0	0	302967309
829	553	0	0	0	302967316
830	553	0	0	0	302967324
831	553	0	0	0	302967331
832	553	0	0	0	302967339
834	552	0	0	0	302967346
834	552	0	0	0	302967354
835	552	0	0	0	302967361
835	552	0	0	0	302967369
836	552	0	0	0	302967376
836	552	0	0	0	302967384
836	552	0	0	0	302967391
836	552	0	0	0	302967399
23	30
856	518	0	0	0	302967718
856	517	0	0	0	302967725
856	517	0	0	0	302967733
857	517	0	0	0	302967740
857	517	0	0	0	302967748
858	517	0	0	0	302967755
858	518	0	0	0	302967763
858	518	0	0	0	302967770
859	520	0	0	0	302967778
860	521	0	0	0	302967785
861	523	0	0	0	302967793
862	524	0	0	0	302967800
863	526	0	0	0	302967808
864	528	0	0	0	302967815
865	530	0	0	0	302967823
866	532	0	0	0	302967830
867	533	0	0	0	302967838
868	535	0	0	0	302967845
869	536	0	0	0	302967853
870	536	0	0	0	302967860
870	536	0	0	0	302967868
871	537	0	0	0	302967875
871	537	0	0	0	302967883
24	30
886	517	0	0	0	302968054
886	517	0	0	0	302968062
886	517	0	0	0	302968069
885	518	0	0	0	302968077
885	519	0	0	0	302968084
884	520	0	0	0	302968092
883	522	0	0	0	302968099
883	523	0	0	0	302968107
882	525	0	0	0	302968114
880	526	0	0	0	302968122
879	528	0	0	0	302968129
878	530	0	0	0	302968137
877	532	0	0	0	302968144
876	534	0	0	0	302968152
875	535	0	0	0	302968159
874	536	0	0	0	302968167
874	536	0	0	0	302968174
873	537	0	0	0	302968182
873	537	0	0	0	302968189
873	537	0	0	0	302968197
873	537	0	0	0	302968204
873	537	0	0	0	302968212
874	537	0	0	0	302968219
874	537	0	0	0	302968227
39	30
875	534	0	0	0	302968347
875	534	0	0	0	302968355
875	534	0	0	0	302968362
875	534	0	0	0	302968370
875	535	0	0	0	302968377
874	536	0	0	0	302968385
874	536	0	0	0	302968392
874	537	0	0	0	302968400
874	538	0	0	0	302968407
874	540	0	0	0	302968415
874	541	0	0	0	302968422
874	543	0	0	0	302968430
874	545	0	0	0	302968437
873	546	0	0	0	302968445
873	548	0	0	0	302968453
873	550	0	0	0	302968460
873	551	0	0	0	302968468
873	552	0	0	0	302968475
873	553	0	0	0	302968483
873	554	0	0	0	302968490
872	555	0	0	0	302968498
872	555	0	0	0	302968505
872	556	0	0	0	302968513
872	556	0	0	0	302968520
872	557	0	0	0	302968528
872	557	0	0	0	302968535
872	557	0	0	0	302968543
872	557	0	0	0	302968550
871	558	0	0	0	302968558
871	558	0	0	0	302968565
871	558	0	0	0	302968573
871	558	0	0	0	302968580
871	558	0	0	0	302968588
871	558	0	0	0	302968595
870	558	0	0	0	302968603
870	558	0	0	0	302968610
870	558	0	0	0	302968618
870	558	0	0	0	302968625
870	558	0	0	0	302968633
57	4
469	366	0	0	0	535837556
469	366	0	0	0	535837563
468	365	0	0	0	535837571
468	365	0	0	0	535837578
468	365	0	0	0	535837586
468	365	0	0	0	535837594
468	365	0	0	0	535837601
468	365	0	0	0	535837609
468	365	0	0	0	535837616
468	365	0	0	0	535837624
468	365	0	0	0	535837631
468	365	0	0	0	535837639
468	365	0	0	0	535837646
468	365	0	0	0	535837654
468	365	0	0	0	535837661
469	366	0	0	0	535837669
469	366	0	0	0	535837676
469	366	0	0	0	535837684
471	368	0	0	0	535837691
471	369	0	0	0	535837699
472	371	0	0	0	535837706
473	372	0	0	0	535837714
474	373	0	0	0	535837721
475	375	0	0	0	535837729
476	377	0	0	0	535837736
478	379	0	0	0	535837744
479	381	0	0	0	535837751
480	383	0	0	0	535837759
481	385	0	0	0	535837766
482	387	0	0	0	535837774
483	390	0	0	0	535837781
484	392	0	0	0	535837789
485	394	0	0	0	535837797
485	397	0	0	0	535837804
486	399	0	0	0	535837812
487	402	0	0	0	535837819
487	405	0	0	0	535837827
488	408	0	0	0	535837834
488	411	0	0	0	535837842
488	414	0	0	0	535837849
488	417	0	0	0	535837857
487	420	0	0	0	535837864
486	423	0	0	0	535837872
486	426	0	0	0	535837879
485	429	0	0	0	535837887
483	431	0	0	0	535837894
482	433	0	0	0	535837902
481	435	0	0	0	535837909
480	436	0	0	0	535837917
478	437	0	0	0	535837924
477	438	0	0	0	535837932
476	439	0	0	0	535837939
475	439	0	0	0	535837947
474	439	0	0	0	535837954
474	439	0	0	0	535837962
474	438	0	0	0	535837969
474	437	0	0	0	535837977
82	4
473	359	0	0	0	535838555
473	359	0	0	0	535838562
473	359	0	0	0	535838570
474	359	0	0	0	535838578
474	359	0	0	0	535838585
475	359	0	0	0	535838593
475	359	0	0	0	535838600
476	359	0	0	0	535838608
476	359	0	0	0	535838615
478	360	0	0	0	535838623
479	360	0	0	0	535838630
480	360	0	0	0	535838638
481	360	0	0	0	535838645
483	361	0	0	0	535838653
484	361	0	0	0	535838660
486	361	0	0	0	535838668
487	361	0	0	0	535838675
489	361	0	0	0	535838683
491	362	0	0	0	535838690
493	362	0	0	0	535838698
494	362	0	0	0	535838705
496	363	0	0	0	535838713
498	363	0	0	0	535838720
499	364	0	0	0	535838728
501	365	0	0	0	535838735
503	365	0	0	0	535838743
504	366	0	0	0	535838750
506	366	0	0	0	535838758
507	367	0	0	0	535838765
509	367	0	0	0	535838773
511	368	0	0	0	535838781
513	368	0	0	0	535838788
514	369	0	0	0	535838796
516	369	0	0	0	535838803
517	370	0	0	0	535838811
518	371	0	0	0	535838818
520	372	0	0	0	535838826
521	373	0	0	0	535838833
522	374	0	0	0	535838841
524	375	0	0	0	535838848
525	376	0	0	0	535838856
526	377	0	0	0	535838863
528	378	0	0	0	535838871
529	379	0	0	0	535838878
531	379	0	0	0	535838886
532	380	0	0	0	535838893
534	381	0	0	0	535838901
535	382	0	0	0	535838908
537	383	0	0	0	535838916
538	384	0	0	0	535838923
539	385	0	0	0	535838931
541	386	0	0	0	535838938
542	387	0	0	0	535838946
543	388	0	0	0	535838953
544	389	0	0	0	535838961
545	390	0	0	0	535838968
547	390	0	0	0	535838976
548	391	0	0	0	535838984
549	392	0	0	0	535838991
550	393	0	0	0	535838999
551	394	0	0	0	535839006
552	395	0	0	0	535839014
553	396	0	0	0	535839021
553	397	0	0	0	535839029
554	398	0	0	0	535839036
554	399	0	0	0	535839044
555	400	0	0	0	535839051
555	401	0	0	0	535839059
556	402	0	0	0	535839066
556	403	0	0	0	535839074
556	404	0	0	0	535839081
556	404	0	0	0	535839089
556	404	0	0	0	535839096
557	405	0	0	0	535839104
557	405	0	0	0	535839111
557	405	0	0	0	535839119
557	405	0	0	0	535839126
557	405	0	0	0	535839134
558	404	0	0	0	535839141
558	404	0	0	0	535839149
558	403	0	0	0	535839156
558	403	0	0	0	535839164
78	4
481	438	0	0	0	535839632
481	438	0	0	0	535839640
481	438	0	0	0	535839647
480	438	0	0	0	535839655
480	438	0	0	0	535839662
480	438	0	0	0	535839670
480	438	0	0	0	535839677
480	439	0	0	0	535839685
480	439	0	0	0	535839692
480	439	0	0	0	535839700
480	439	0	0	0	535839707
480	440	0	0	0	535839715
480	440	0	0	0	535839722
481	441	0	0	0	535839730
481	441	0	0	0	535839737
482	441	0	0	0	535839745
483	441	0	0	0	535839752
484	441	0	0	0	535839760
485	441	0	0	0	535839767
486	441	0	0	0	535839775
488	441	0	0	0	535839782
489	440	0	0	0	535839790
491	440	0	0	0	535839797
493	439	0	0	0	535839805
494	439	0	0	0	535839812
496	438	0	0	0	535839820
498	437	0	0	0	535839828
500	436	0	0	0	535839835
502	435	0	0	0	535839843
504	434	0	0	0	535839850
506	433	0	0	0	535839858
507	431	0	0	0	535839865
509	430	0	0	0	535839873
511	429	0	0	0	535839880
513	428	0	0	0	535839888
515	427	0	0	0	535839895
516	426	0	0	0	535839903
518	425	0	0	0	535839910
520	424	0	0	0	535839918
522	423	0	0	0	535839925
523	422	0	0	0	535839933
524	421	0	0	0	535839940
526	420	0	0	0	535839948
527	420	0	0	0	535839955
528	419	0	0	0	535839963
529	418	0	0	0	535839970
531	417	0	0	0	535839978
532	417	0	0	0	535839985
533	416	0	0	0	535839993
535	415	0	0	0	535840000
536	415	0	0	0	535840008
537	414	0	0	0	535840015
538	413	0	0	0	535840023
539	413	0	0	0	535840031
540	412	0	0	0	535840038
541	412	0	0	0	535840046
542	411	0	0	0	535840053
543	410	0	0	0	535840061
544	410	0	0	0	535840068
545	409	0	0	0	535840076
546	409	0	0	0	535840083
547	408	0	0	0	535840091
547	408	0	0	0	535840098
548	407	0	0	0	535840106
548	407	0	0	0	535840113
549	406	0	0	0	535840121
549	406	0	0	0	535840128
550	405	0	0	0	535840136
550	405	0	0	0	535840143
550	405	0	0	0	535840151
551	404	0	0	0	535840158
551	404	0	0	0	535840166
551	404	0	0	0	535840173
551	404	0	0	0	535840181
551	404	0	0	0	535840188
551	403	0	0	0	535840196
551	403	0	0	0	535840203
552	402	0	0	0	535840211
23	1
360	341	0	0	0	535841874
360	341	0	0	0	535841881
360	341	0	0	0	535841889
360	341	0	0	0	535841896
360	341	0	0	0	535841904
360	341	0	0	0	535841911
360	341	0	0	0	535841919
361	340	0	0	0	535841926
361	340	0	0	0	535841934
361	340	0	0	0	535841941
361	340	0	0	0	535841949
361	340	0	0	0	535841956
361	340	0	0	0	535841964
361	340	0	0	0	535841971
361	340	0	0	0	535841979
361	340	0	0	0	535841986
361	340	0	0	0	535841994
361	340	0	0	0	535842001
361	340	0	0	0	535842009
361	340	0	0	0	535842016
361	340	0	0	0	535842024
361	340	0	0	0	535842031
360	340	0	0	0	535842039
43	1
361	339	0	0	0	535842084
361	339	0	0	0	535842092
361	338	0	0	0	535842099
361	338	0	0	0	535842107
361	338	0	0	0	535842114
361	338	0	0	0	535842122
361	338	0	0	0	535842129
361	338	0	0	0	535842137
361	338	0	0	0	535842144
361	338	0	0	0	535842152
361	338	0	0	0	535842159
361	338	0	0	0	535842167
361	338	0	0	0	535842174
362	337	0	0	0	535842182
362	337	0	0	0	535842189
363	337	0	0	0	535842197
363	337	0	0	0	535842204
364	336	0	0	0	535842212
364	336	0	0	0	535842219
366	336	0	0	0	535842227
366	336	0	0	0	535842234
368	336	0	0	0	535842242
369	336	0	0	0	535842250
370	335	0	0	0	535842257
372	335	0	0	0	535842265
373	335	0	0	0	535842272
375	335	0	0	0	535842280
377	335	0	0	0	535842287
379	335	0	0	0	535842295
381	335	0	0	0	535842302
383	334	0	0	0	535842310
385	334	0	0	0	535842317
386	335	0	0	0	535842325
388	335	0	0	0	535842332
389	335	0	0	0	535842340
391	335	0	0	0	535842347
392	335	0	0	0	535842355
393	335	0	0	0	535842362
394	335	0	0	0	535842370
395	335	0	0	0	535842377
395	335	0	0	0	535842385
396	336	0	0	0	535842392
396	336	0	0	0	535842400
45	1
396	336	0	0	0	535842407
397	336	0	0	0	535842415
397	336	0	0	0	535842422
397	337	0	0	0	535842430
397	337	0	0	0	535842438
397	339	0	0	0	535842445
398	340	0	0	0	535842453
397	342	0	0	0	535842460
397	343	0	0	0	535842468
397	345	0	0	0	535842475
397	347	0	0	0	535842483
397	350	0	0	0	535842490
396	352	0	0	0	535842498
396	355	0	0	0	535842505
395	357	0	0	0	535842513
395	359	0	0	0	535842520
395	362	0	0	0	535842528
394	364	0	0	0	535842535
394	366	0	0	0	535842543
394	367	0	0	0	535842550
394	369	0	0	0	535842558
394	371	0	0	0	535842565
393	372	0	0	0	535842573
393	373	0	0	0	535842580
393	375	0	0	0	535842588
393	376	0	0	0	535842595
394	377	0	0	0	535842603
394	378	0	0	0	535842610
394	379	0	0	0	535842618
394	380	0	0	0	535842625
394	381	0	0	0	535842633
394	382	0	0	0	535842641
394	383	0	0	0	535842648
394	383	0	0	0	535842656
394	384	0	0	0	535842663
394	385	0	0	0	535842671
394	386	0	0	0	535842678
394	387	0	0	0	535842686
394	387	0	0	0	535842693
394	388	0	0	0	535842701
394	388	0	0	0	535842708
394	389	0	0	0	535842716
394	389	0	0	0	535842723
394	390	0	0	0	535842731
394	390	0	0	0	535842738
92	1
394	390	0	0	0	535842746
394	390	0	0	0	535842753
394	390	0	0	0	535842761
394	390	0	0	0	535842768
395	391	0	0	0	535842776
395	391	0	0	0	535842783
395	391	0	0	0	535842791
396	391	0	0	0	535842798
396	391	0	0	0	535842806
397	391	0	0	0	535842813
398	391	0	0	0	535842821
399	390	0	0	0	535842828
400	390	0	0	0	535842836
401	390	0	0	0	535842844
402	390	0	0	0	535842851
404	390	0	0	0	535842859
405	390	0	0	0	535842866
407	390	0	0	0	535842874
408	390	0	0	0	535842881
410	390	0	0	0	535842889
411	390	0	0	0	535842896
413	390	0	0	0	535842904
414	390	0	0	0	535842911
416	390	0	0	0	535842919
417	390	0	0	0	535842926
418	390	0	0	0	535842934
420	390	0	0	0	535842941
421	390	0	0	0	535842949
422	390	0	0	0	535842956
424	390	0	0	0	535842964
425	390	0	0	0	535842971
426	390	0	0	0	535842979
428	390	0	0	0	535842986
429	390	0	0	0	535842994
430	390	0	0	0	535843001
432	390	0	0	0	535843009
433	391	0	0	0	535843016
434	391	0	0	0	535843024
436	391	0	0	0	535843031
437	391	0	0	0	535843039
439	391	0	0	0	535843047
440	391	0	0	0	535843054
442	390	0	0	0	535843062
443	390	0	0	0	535843069
444	390	0	0	0	535843077
445	390	0	0	0	535843084
447	390	0	0	0	535843092
447	390	0	0	0	535843099
448	390	0	0	0	535843107
449	390	0	0	0	535843114
450	390	0	0	0	535843122
450	390	0	0	0	535843129
451	390	0	0	0	535843137
451	390	0	0	0	535843144
453	390	0	0	0	535843152
453	390	0	0	0	535843159
454	390	0	0	0	535843167
454	390	0	0	0	535843174
455	390	0	0	0	535843182
456	390	0	0	0	535843189
456	390	0	0	0	535843197
458	390	0	0	0	535843204
458	390	0	0	0	535843212
459	390	0	0	0	535843219
459	390	0	0	0	535843227
460	390	0	0	0	535843234
461	390	0	0	0	535843242
461	390	0	0	0	535843250
462	390	0	0	0	535843257
462	390	0	0	0	535843265
464	390	0	0	0	535843272
464	390	0	0	0	535843280
465	390	0	0	0	535843287
465	390	0	0	0	535843295
466	390	0	0	0	535843302
466	390	0	0	0	535843310
466	391	0	0	0	535843317
466	391	0	0	0	535843325
466	391	0	0	0	535843332
466	391	0	0	0	535843340
467	391	0	0	0	535843347
467	391	0	0	0	535843355
467	391	0	0	0	535843362
467	391	0	0	0	535843370
467	391	0	0	0	535843377
467	391	0	0	0	535843385
467	391	0	0	0	535843392
467	391	0	0	0	535843400
467	391	0	0	0	535843407
468	392	0	0	0	535843415
468	392	0	0	0	535843422
468	392	0	0	0	535843430
