33
186	28
306	323	0	0	0	551820195
305	323	0	0	0	551820203
305	323	0	0	0	551820210
305	323	0	0	0	551820218
304	324	0	0	0	551820225
304	324	0	0	0	551820233
304	325	0	0	0	551820240
304	325	0	0	0	551820248
304	327	0	0	0	551820255
304	327	0	0	0	551820263
304	328	0	0	0	551820270
304	329	0	0	0	551820278
304	330	0	0	0	551820285
304	331	0	0	0	551820293
304	333	0	0	0	551820300
304	334	0	0	0	551820308
304	335	0	0	0	551820315
304	337	0	0	0	551820323
304	339	0	0	0	551820330
304	341	0	0	0	551820338
304	342	0	0	0	551820345
304	344	0	0	0	551820353
304	347	0	0	0	551820360
304	349	0	0	0	551820368
304	352	0	0	0	551820375
304	354	0	0	0	551820383
304	357	0	0	0	551820390
304	361	0	0	0	551820398
304	364	0	0	0	551820406
304	368	0	0	0	551820413
303	371	0	0	0	551820421
303	375	0	0	0	551820428
303	379	0	0	0	551820436
303	383	0	0	0	551820443
304	387	0	0	0	551820451
304	391	0	0	0	551820458
304	396	0	0	0	551820466
304	400	0	0	0	551820473
304	404	0	0	0	551820481
304	407	0	0	0	551820488
305	411	0	0	0	551820496
305	415	0	0	0	551820503
305	418	0	0	0	551820511
305	422	0	0	0	551820518
305	425	0	0	0	551820526
305	429	0	0	0	551820533
305	432	0	0	0	551820541
305	435	0	0	0	551820548
305	438	0	0	0	551820556
305	442	0	0	0	551820563
305	445	0	0	0	551820571
305	448	0	0	0	551820578
305	451	0	0	0	551820586
305	454	0	0	0	551820594
304	457	0	0	0	551820601
304	459	0	0	0	551820609
304	462	0	0	0	551820616
303	465	0	0	0	551820624
303	469	0	0	0	551820631
303	472	0	0	0	551820639
303	475	0	0	0	551820646
302	478	0	0	0	551820654
302	482	0	0	0	551820661
302	485	0	0	0	551820669
301	488	0	0	0	551820676
301	492	0	0	0	551820684
301	495	0	0	0	551820691
301	499	0	0	0	551820699
301	502	0	0	0	551820706
301	506	0	0	0	551820714
301	509	0	0	0	551820721
301	512	0	0	0	551820729
301	516	0	0	0	551820736
301	519	0	0	0	551820744
301	522	0	0	0	551820751
300	525	0	0	0	551820759
300	528	0	0	0	551820766
300	531	0	0	0	551820774
300	534	0	0	0	551820781
301	537	0	0	0	551820789
301	540	0	0	0	551820797
301	543	0	0	0	551820804
301	546	0	0	0	551820812
301	549	0	0	0	551820819
301	552	0	0	0	551820827
301	555	0	0	0	551820834
301	558	0	0	0	551820842
301	560	0	0	0	551820849
301	563	0	0	0	551820857
301	566	0	0	0	551820864
301	569	0	0	0	551820872
301	571	0	0	0	551820879
301	574	0	0	0	551820887
301	577	0	0	0	551820894
300	580	0	0	0	551820902
300	583	0	0	0	551820909
300	586	0	0	0	551820917
300	589	0	0	0	551820924
300	592	0	0	0	551820932
300	595	0	0	0	551820939
300	598	0	0	0	551820947
299	601	0	0	0	551820954
299	604	0	0	0	551820962
299	607	0	0	0	551820969
299	610	0	0	0	551820977
299	613	0	0	0	551820984
299	616	0	0	0	551820992
299	618	0	0	0	551821000
299	621	0	0	0	551821007
299	624	0	0	0	551821015
299	627	0	0	0	551821022
299	630	0	0	0	551821030
299	632	0	0	0	551821037
299	635	0	0	0	551821045
299	638	0	0	0	551821052
299	641	0	0	0	551821060
299	643	0	0	0	551821067
299	646	0	0	0	551821075
299	649	0	0	0	551821082
299	651	0	0	0	551821090
299	654	0	0	0	551821097
299	656	0	0	0	551821105
299	659	0	0	0	551821112
298	661	0	0	0	551821120
298	663	0	0	0	551821127
298	666	0	0	0	551821135
299	667	0	0	0	551821142
299	669	0	0	0	551821150
299	671	0	0	0	551821157
299	673	0	0	0	551821165
299	674	0	0	0	551821172
299	676	0	0	0	551821180
299	677	0	0	0	551821187
299	679	0	0	0	551821195
299	680	0	0	0	551821203
299	682	0	0	0	551821210
299	683	0	0	0	551821218
299	685	0	0	0	551821225
299	686	0	0	0	551821233
299	687	0	0	0	551821240
299	689	0	0	0	551821248
299	690	0	0	0	551821255
299	691	0	0	0	551821263
299	692	0	0	0	551821270
299	693	0	0	0	551821278
299	694	0	0	0	551821285
299	695	0	0	0	551821293
299	696	0	0	0	551821300
299	696	0	0	0	551821308
299	697	0	0	0	551821315
299	697	0	0	0	551821323
299	698	0	0	0	551821330
299	698	0	0	0	551821338
299	699	0	0	0	551821345
299	699	0	0	0	551821353
299	700	0	0	0	551821360
299	700	0	0	0	551821368
299	702	0	0	0	551821375
299	702	0	0	0	551821383
299	703	0	0	0	551821390
299	704	0	0	0	551821398
299	705	0	0	0	551821406
299	706	0	0	0	551821413
299	706	0	0	0	551821421
299	707	0	0	0	551821428
299	707	0	0	0	551821436
299	708	0	0	0	551821443
299	708	0	0	0	551821451
299	708	0	0	0	551821458
299	709	0	0	0	551821466
299	709	0	0	0	551821473
299	709	0	0	0	551821481
299	710	0	0	0	551821488
299	710	0	0	0	551821496
299	710	0	0	0	551821503
299	711	0	0	0	551821511
299	711	0	0	0	551821518
299	711	0	0	0	551821526
299	711	0	0	0	551821533
299	712	0	0	0	551821541
299	712	0	0	0	551821548
299	711	0	0	0	551821556
299	711	0	0	0	551821563
298	710	0	0	0	551821571
298	709	0	0	0	551821578
298	709	0	0	0	551821586
25	28
294	288	0	0	0	551823641
294	288	0	0	0	551823648
295	288	0	0	0	551823656
295	288	0	0	0	551823663
295	288	0	0	0	551823671
295	288	0	0	0	551823678
295	288	0	0	0	551823686
295	288	0	0	0	551823693
295	288	0	0	0	551823701
295	289	0	0	0	551823708
296	290	0	0	0	551823716
296	292	0	0	0	551823723
296	294	0	0	0	551823731
296	296	0	0	0	551823738
296	298	0	0	0	551823746
296	301	0	0	0	551823753
296	304	0	0	0	551823761
296	306	0	0	0	551823768
296	308	0	0	0	551823776
297	310	0	0	0	551823783
297	311	0	0	0	551823791
297	311	0	0	0	551823798
298	312	0	0	0	551823806
298	312	0	0	0	551823813
298	312	0	0	0	551823821
85	28
295	291	0	0	0	551823923
294	291	0	0	0	551823931
293	290	0	0	0	551823938
293	290	0	0	0	551823946
293	289	0	0	0	551823953
293	288	0	0	0	551823961
293	288	0	0	0	551823969
295	286	0	0	0	551823976
296	286	0	0	0	551823984
297	285	0	0	0	551823991
299	284	0	0	0	551823999
301	283	0	0	0	551824006
304	282	0	0	0	551824014
306	281	0	0	0	551824021
309	281	0	0	0	551824029
312	280	0	0	0	551824036
315	280	0	0	0	551824044
317	280	0	0	0	551824051
320	280	0	0	0	551824059
321	280	0	0	0	551824066
323	281	0	0	0	551824074
324	282	0	0	0	551824081
324	283	0	0	0	551824089
323	284	0	0	0	551824096
322	286	0	0	0	551824104
320	288	0	0	0	551824111
319	289	0	0	0	551824119
317	291	0	0	0	551824126
315	292	0	0	0	551824134
313	293	0	0	0	551824141
311	294	0	0	0	551824149
310	295	0	0	0	551824156
310	295	0	0	0	551824164
309	295	0	0	0	551824172
309	295	0	0	0	551824179
309	295	0	0	0	551824187
310	295	0	0	0	551824194
311	295	0	0	0	551824202
312	294	0	0	0	551824209
314	294	0	0	0	551824217
315	293	0	0	0	551824224
317	293	0	0	0	551824232
318	293	0	0	0	551824239
320	293	0	0	0	551824247
321	293	0	0	0	551824254
323	293	0	0	0	551824262
324	293	0	0	0	551824269
325	293	0	0	0	551824277
327	293	0	0	0	551824284
328	294	0	0	0	551824292
329	295	0	0	0	551824299
329	296	0	0	0	551824307
330	297	0	0	0	551824314
330	298	0	0	0	551824322
331	299	0	0	0	551824329
331	301	0	0	0	551824337
330	303	0	0	0	551824344
330	304	0	0	0	551824352
330	306	0	0	0	551824359
329	307	0	0	0	551824367
328	309	0	0	0	551824375
327	310	0	0	0	551824382
326	312	0	0	0	551824390
325	313	0	0	0	551824397
323	314	0	0	0	551824405
322	315	0	0	0	551824412
320	316	0	0	0	551824420
318	317	0	0	0	551824427
316	318	0	0	0	551824435
314	319	0	0	0	551824442
312	320	0	0	0	551824450
310	320	0	0	0	551824457
309	321	0	0	0	551824465
308	321	0	0	0	551824472
307	322	0	0	0	551824480
307	322	0	0	0	551824487
306	322	0	0	0	551824495
306	322	0	0	0	551824502
306	322	0	0	0	551824510
305	323	0	0	0	551824517
305	323	0	0	0	551824525
305	323	0	0	0	551824532
305	324	0	0	0	551824540
305	324	0	0	0	551824547
305	325	0	0	0	551824555
78	28
574	393	0	0	0	551825617
574	393	0	0	0	551825625
574	392	0	0	0	551825632
574	392	0	0	0	551825640
574	392	0	0	0	551825647
574	391	0	0	0	551825655
574	391	0	0	0	551825662
574	391	0	0	0	551825670
574	391	0	0	0	551825677
574	391	0	0	0	551825685
574	391	0	0	0	551825692
574	391	0	0	0	551825700
574	391	0	0	0	551825707
574	391	0	0	0	551825715
574	392	0	0	0	551825722
574	392	0	0	0	551825730
574	394	0	0	0	551825737
574	395	0	0	0	551825745
574	396	0	0	0	551825752
575	398	0	0	0	551825760
575	399	0	0	0	551825767
575	401	0	0	0	551825775
575	403	0	0	0	551825782
575	405	0	0	0	551825790
575	407	0	0	0	551825797
575	409	0	0	0	551825805
576	412	0	0	0	551825813
576	414	0	0	0	551825820
576	416	0	0	0	551825828
576	419	0	0	0	551825835
576	421	0	0	0	551825843
576	423	0	0	0	551825850
576	425	0	0	0	551825858
576	428	0	0	0	551825865
576	430	0	0	0	551825873
577	432	0	0	0	551825880
577	434	0	0	0	551825888
577	436	0	0	0	551825895
577	438	0	0	0	551825903
578	441	0	0	0	551825910
578	443	0	0	0	551825918
579	445	0	0	0	551825925
579	447	0	0	0	551825933
580	449	0	0	0	551825940
580	451	0	0	0	551825948
581	453	0	0	0	551825955
581	455	0	0	0	551825963
581	457	0	0	0	551825970
582	459	0	0	0	551825978
582	461	0	0	0	551825985
582	464	0	0	0	551825993
582	466	0	0	0	551826000
582	468	0	0	0	551826008
582	470	0	0	0	551826016
582	473	0	0	0	551826023
582	475	0	0	0	551826031
581	477	0	0	0	551826038
581	479	0	0	0	551826046
581	481	0	0	0	551826053
581	483	0	0	0	551826061
581	485	0	0	0	551826068
580	486	0	0	0	551826076
580	488	0	0	0	551826083
580	490	0	0	0	551826091
580	491	0	0	0	551826098
579	493	0	0	0	551826106
579	494	0	0	0	551826113
579	495	0	0	0	551826121
579	497	0	0	0	551826128
579	498	0	0	0	551826136
579	498	0	0	0	551826143
579	499	0	0	0	551826151
579	499	0	0	0	551826158
579	499	0	0	0	551826166
579	499	0	0	0	551826173
579	498	0	0	0	551826181
579	497	0	0	0	551826188
580	495	0	0	0	551826196
134	28
579	396	0	0	0	551826743
580	395	0	0	0	551826751
580	395	0	0	0	551826758
581	395	0	0	0	551826766
582	395	0	0	0	551826773
582	395	0	0	0	551826781
584	395	0	0	0	551826788
585	395	0	0	0	551826796
587	394	0	0	0	551826803
589	394	0	0	0	551826811
591	394	0	0	0	551826818
593	394	0	0	0	551826826
595	394	0	0	0	551826833
598	394	0	0	0	551826841
600	393	0	0	0	551826848
603	393	0	0	0	551826856
606	393	0	0	0	551826863
608	393	0	0	0	551826871
611	393	0	0	0	551826878
613	393	0	0	0	551826886
616	394	0	0	0	551826893
618	394	0	0	0	551826901
621	394	0	0	0	551826908
623	395	0	0	0	551826916
626	395	0	0	0	551826923
629	396	0	0	0	551826931
631	396	0	0	0	551826938
634	397	0	0	0	551826946
637	398	0	0	0	551826954
639	398	0	0	0	551826961
642	399	0	0	0	551826969
645	400	0	0	0	551826976
648	401	0	0	0	551826984
650	402	0	0	0	551826991
653	403	0	0	0	551826999
655	404	0	0	0	551827006
658	405	0	0	0	551827014
660	406	0	0	0	551827021
662	407	0	0	0	551827029
664	409	0	0	0	551827036
666	410	0	0	0	551827044
667	411	0	0	0	551827051
669	413	0	0	0	551827059
671	415	0	0	0	551827066
672	416	0	0	0	551827074
673	418	0	0	0	551827081
674	420	0	0	0	551827089
676	422	0	0	0	551827096
677	423	0	0	0	551827104
678	425	0	0	0	551827111
679	427	0	0	0	551827119
680	429	0	0	0	551827126
681	431	0	0	0	551827134
682	433	0	0	0	551827141
682	435	0	0	0	551827149
683	437	0	0	0	551827157
684	440	0	0	0	551827164
684	442	0	0	0	551827172
684	443	0	0	0	551827179
684	445	0	0	0	551827187
685	447	0	0	0	551827194
685	449	0	0	0	551827202
685	451	0	0	0	551827209
685	452	0	0	0	551827217
685	454	0	0	0	551827224
685	455	0	0	0	551827232
684	457	0	0	0	551827239
684	458	0	0	0	551827247
684	459	0	0	0	551827254
683	461	0	0	0	551827262
683	462	0	0	0	551827269
682	464	0	0	0	551827277
682	465	0	0	0	551827284
681	467	0	0	0	551827292
681	468	0	0	0	551827299
680	469	0	0	0	551827307
679	471	0	0	0	551827314
679	472	0	0	0	551827322
678	473	0	0	0	551827329
677	474	0	0	0	551827337
676	476	0	0	0	551827344
675	477	0	0	0	551827352
674	478	0	0	0	551827360
672	480	0	0	0	551827367
671	481	0	0	0	551827375
670	482	0	0	0	551827382
668	484	0	0	0	551827390
667	485	0	0	0	551827397
666	486	0	0	0	551827405
664	487	0	0	0	551827412
663	488	0	0	0	551827420
661	489	0	0	0	551827427
659	489	0	0	0	551827435
657	490	0	0	0	551827442
655	491	0	0	0	551827450
653	491	0	0	0	551827457
651	492	0	0	0	551827465
648	493	0	0	0	551827472
646	493	0	0	0	551827480
643	494	0	0	0	551827487
640	495	0	0	0	551827495
637	496	0	0	0	551827502
635	497	0	0	0	551827510
632	498	0	0	0	551827517
629	498	0	0	0	551827525
625	499	0	0	0	551827532
622	500	0	0	0	551827540
619	501	0	0	0	551827547
617	501	0	0	0	551827555
614	502	0	0	0	551827563
611	503	0	0	0	551827570
609	503	0	0	0	551827578
606	504	0	0	0	551827585
604	504	0	0	0	551827593
602	505	0	0	0	551827600
600	506	0	0	0	551827608
597	506	0	0	0	551827615
595	507	0	0	0	551827623
593	507	0	0	0	551827630
592	508	0	0	0	551827638
590	508	0	0	0	551827645
589	509	0	0	0	551827653
588	509	0	0	0	551827660
587	509	0	0	0	551827668
587	509	0	0	0	551827675
586	509	0	0	0	551827683
586	509	0	0	0	551827690
585	509	0	0	0	551827698
585	509	0	0	0	551827705
585	509	0	0	0	551827713
585	509	0	0	0	551827720
585	509	0	0	0	551827728
585	508	0	0	0	551827735
585	508	0	0	0	551827743
68	28
576	599	0	0	0	551828395
576	598	0	0	0	551828403
576	598	0	0	0	551828410
575	597	0	0	0	551828418
575	597	0	0	0	551828425
575	597	0	0	0	551828433
576	596	0	0	0	551828440
576	596	0	0	0	551828448
576	596	0	0	0	551828455
576	596	0	0	0	551828463
576	596	0	0	0	551828470
576	596	0	0	0	551828478
576	596	0	0	0	551828485
576	596	0	0	0	551828493
577	596	0	0	0	551828500
577	596	0	0	0	551828508
577	597	0	0	0	551828516
577	598	0	0	0	551828523
577	599	0	0	0	551828531
577	601	0	0	0	551828538
577	603	0	0	0	551828546
578	605	0	0	0	551828553
578	607	0	0	0	551828561
578	610	0	0	0	551828568
578	613	0	0	0	551828576
579	616	0	0	0	551828583
579	619	0	0	0	551828591
579	622	0	0	0	551828598
579	625	0	0	0	551828606
579	628	0	0	0	551828613
579	631	0	0	0	551828621
579	635	0	0	0	551828628
579	638	0	0	0	551828636
579	641	0	0	0	551828643
579	644	0	0	0	551828651
580	647	0	0	0	551828658
580	650	0	0	0	551828666
579	654	0	0	0	551828673
579	657	0	0	0	551828681
579	660	0	0	0	551828688
579	663	0	0	0	551828696
579	667	0	0	0	551828703
578	670	0	0	0	551828711
578	673	0	0	0	551828719
578	675	0	0	0	551828726
577	678	0	0	0	551828734
577	680	0	0	0	551828741
577	682	0	0	0	551828749
577	684	0	0	0	551828756
577	686	0	0	0	551828764
576	688	0	0	0	551828771
576	689	0	0	0	551828779
576	691	0	0	0	551828786
576	692	0	0	0	551828794
576	694	0	0	0	551828801
576	695	0	0	0	551828809
575	696	0	0	0	551828816
575	697	0	0	0	551828824
575	698	0	0	0	551828831
575	698	0	0	0	551828839
575	699	0	0	0	551828846
575	699	0	0	0	551828854
575	699	0	0	0	551828861
577	699	0	0	0	551828869
577	699	0	0	0	551828876
578	697	0	0	0	551828884
579	696	0	0	0	551828891
580	694	0	0	0	551828899
136	28
581	597	0	0	0	551829274
581	596	0	0	0	551829281
581	596	0	0	0	551829289
581	596	0	0	0	551829297
582	595	0	0	0	551829304
582	595	0	0	0	551829312
584	595	0	0	0	551829319
584	595	0	0	0	551829327
586	594	0	0	0	551829334
587	594	0	0	0	551829342
588	594	0	0	0	551829349
590	593	0	0	0	551829357
592	593	0	0	0	551829364
594	593	0	0	0	551829372
597	593	0	0	0	551829379
599	592	0	0	0	551829387
602	592	0	0	0	551829394
605	592	0	0	0	551829402
608	592	0	0	0	551829409
610	592	0	0	0	551829417
613	592	0	0	0	551829424
616	592	0	0	0	551829432
618	592	0	0	0	551829439
621	593	0	0	0	551829447
624	593	0	0	0	551829454
626	594	0	0	0	551829462
629	594	0	0	0	551829469
631	595	0	0	0	551829477
633	595	0	0	0	551829484
636	596	0	0	0	551829492
638	597	0	0	0	551829500
641	598	0	0	0	551829507
644	599	0	0	0	551829515
646	600	0	0	0	551829522
649	602	0	0	0	551829530
651	603	0	0	0	551829537
654	604	0	0	0	551829545
656	606	0	0	0	551829552
658	607	0	0	0	551829560
660	609	0	0	0	551829567
662	610	0	0	0	551829575
664	612	0	0	0	551829582
666	613	0	0	0	551829590
667	614	0	0	0	551829597
669	616	0	0	0	551829605
670	617	0	0	0	551829612
672	619	0	0	0	551829620
673	620	0	0	0	551829627
674	622	0	0	0	551829635
675	623	0	0	0	551829642
676	625	0	0	0	551829650
677	627	0	0	0	551829657
678	629	0	0	0	551829665
679	630	0	0	0	551829672
679	632	0	0	0	551829680
679	634	0	0	0	551829687
679	636	0	0	0	551829695
679	638	0	0	0	551829703
679	641	0	0	0	551829710
679	643	0	0	0	551829718
679	645	0	0	0	551829725
678	647	0	0	0	551829733
678	649	0	0	0	551829740
678	650	0	0	0	551829748
678	652	0	0	0	551829755
678	654	0	0	0	551829763
677	656	0	0	0	551829770
677	658	0	0	0	551829778
677	659	0	0	0	551829785
677	661	0	0	0	551829793
676	662	0	0	0	551829800
676	664	0	0	0	551829808
675	665	0	0	0	551829815
675	667	0	0	0	551829823
674	668	0	0	0	551829830
673	669	0	0	0	551829838
672	670	0	0	0	551829845
671	671	0	0	0	551829853
670	673	0	0	0	551829860
669	674	0	0	0	551829868
668	675	0	0	0	551829875
667	676	0	0	0	551829883
666	677	0	0	0	551829890
664	678	0	0	0	551829898
663	679	0	0	0	551829906
661	680	0	0	0	551829913
659	681	0	0	0	551829921
657	683	0	0	0	551829928
655	684	0	0	0	551829936
653	685	0	0	0	551829943
651	686	0	0	0	551829951
649	688	0	0	0	551829958
647	689	0	0	0	551829966
645	690	0	0	0	551829973
644	691	0	0	0	551829981
642	692	0	0	0	551829988
640	692	0	0	0	551829996
638	693	0	0	0	551830003
636	694	0	0	0	551830011
634	694	0	0	0	551830018
632	695	0	0	0	551830026
630	696	0	0	0	551830033
628	696	0	0	0	551830041
626	697	0	0	0	551830048
624	697	0	0	0	551830056
622	697	0	0	0	551830063
620	698	0	0	0	551830071
617	698	0	0	0	551830078
615	699	0	0	0	551830086
613	699	0	0	0	551830093
612	699	0	0	0	551830101
610	699	0	0	0	551830109
608	699	0	0	0	551830116
607	699	0	0	0	551830124
605	700	0	0	0	551830131
604	700	0	0	0	551830139
602	699	0	0	0	551830146
601	699	0	0	0	551830154
600	699	0	0	0	551830161
598	699	0	0	0	551830169
597	699	0	0	0	551830176
596	698	0	0	0	551830184
594	698	0	0	0	551830191
593	698	0	0	0	551830199
591	697	0	0	0	551830206
590	697	0	0	0	551830214
589	697	0	0	0	551830221
588	696	0	0	0	551830229
587	696	0	0	0	551830236
587	696	0	0	0	551830244
586	696	0	0	0	551830251
586	696	0	0	0	551830259
586	696	0	0	0	551830266
586	696	0	0	0	551830274
586	696	0	0	0	551830281
587	696	0	0	0	551830289
62	7
848	482	0	0	0	551831237
848	482	0	0	0	551831245
848	482	0	0	0	551831252
848	482	0	0	0	551831260
847	483	0	0	0	551831267
847	483	0	0	0	551831275
848	483	0	0	0	551831282
848	483	0	0	0	551831290
849	485	0	0	0	551831297
850	485	0	0	0	551831305
851	487	0	0	0	551831313
852	487	0	0	0	551831320
854	489	0	0	0	551831328
856	490	0	0	0	551831335
857	492	0	0	0	551831343
859	493	0	0	0	551831350
861	495	0	0	0	551831358
862	498	0	0	0	551831365
864	500	0	0	0	551831373
866	503	0	0	0	551831380
867	506	0	0	0	551831388
869	509	0	0	0	551831395
870	512	0	0	0	551831403
871	515	0	0	0	551831410
872	518	0	0	0	551831418
873	521	0	0	0	551831425
874	524	0	0	0	551831433
874	527	0	0	0	551831440
875	531	0	0	0	551831448
875	534	0	0	0	551831455
875	538	0	0	0	551831463
875	541	0	0	0	551831470
874	545	0	0	0	551831478
874	549	0	0	0	551831485
874	552	0	0	0	551831493
874	556	0	0	0	551831500
873	559	0	0	0	551831508
873	563	0	0	0	551831516
873	566	0	0	0	551831523
872	569	0	0	0	551831531
872	572	0	0	0	551831538
871	575	0	0	0	551831546
870	578	0	0	0	551831553
869	581	0	0	0	551831561
868	584	0	0	0	551831568
867	587	0	0	0	551831576
866	590	0	0	0	551831583
864	592	0	0	0	551831591
863	594	0	0	0	551831598
862	596	0	0	0	551831606
861	598	0	0	0	551831613
860	599	0	0	0	551831621
859	601	0	0	0	551831628
858	601	0	0	0	551831636
858	601	0	0	0	551831643
857	602	0	0	0	551831651
857	602	0	0	0	551831658
857	602	0	0	0	551831666
857	601	0	0	0	551831673
857	600	0	0	0	551831681
858	599	0	0	0	551831688
858	597	0	0	0	551831696
61	7
858	485	0	0	0	551832385
858	485	0	0	0	551832392
858	485	0	0	0	551832400
858	485	0	0	0	551832407
858	486	0	0	0	551832415
858	486	0	0	0	551832422
858	486	0	0	0	551832430
858	486	0	0	0	551832437
858	486	0	0	0	551832445
858	486	0	0	0	551832453
858	486	0	0	0	551832460
858	486	0	0	0	551832468
859	485	0	0	0	551832475
859	485	0	0	0	551832483
861	485	0	0	0	551832490
862	485	0	0	0	551832498
864	485	0	0	0	551832505
866	485	0	0	0	551832513
868	485	0	0	0	551832520
871	485	0	0	0	551832528
874	486	0	0	0	551832535
877	486	0	0	0	551832543
881	487	0	0	0	551832550
885	487	0	0	0	551832558
889	488	0	0	0	551832565
894	489	0	0	0	551832573
899	490	0	0	0	551832580
904	491	0	0	0	551832588
909	492	0	0	0	551832595
914	493	0	0	0	551832603
919	495	0	0	0	551832610
923	496	0	0	0	551832618
927	498	0	0	0	551832625
931	500	0	0	0	551832633
935	501	0	0	0	551832640
939	503	0	0	0	551832648
942	505	0	0	0	551832656
945	507	0	0	0	551832663
947	509	0	0	0	551832671
950	510	0	0	0	551832678
952	512	0	0	0	551832686
954	515	0	0	0	551832693
955	517	0	0	0	551832701
957	519	0	0	0	551832708
959	521	0	0	0	551832716
960	523	0	0	0	551832723
961	525	0	0	0	551832731
963	527	0	0	0	551832738
964	528	0	0	0	551832746
965	529	0	0	0	551832753
965	530	0	0	0	551832761
965	530	0	0	0	551832768
967	531	0	0	0	551832776
967	531	0	0	0	551832783
967	531	0	0	0	551832791
967	531	0	0	0	551832798
967	531	0	0	0	551832806
967	531	0	0	0	551832813
967	531	0	0	0	551832821
965	529	0	0	0	551832828
965	529	0	0	0	551832836
83	7
860	603	0	0	0	551833626
860	603	0	0	0	551833634
860	603	0	0	0	551833641
860	603	0	0	0	551833649
860	603	0	0	0	551833657
860	603	0	0	0	551833664
860	602	0	0	0	551833672
860	602	0	0	0	551833679
860	602	0	0	0	551833687
860	602	0	0	0	551833694
860	602	0	0	0	551833702
860	602	0	0	0	551833709
862	602	0	0	0	551833717
862	602	0	0	0	551833724
863	601	0	0	0	551833732
864	601	0	0	0	551833739
865	601	0	0	0	551833747
866	601	0	0	0	551833754
868	600	0	0	0	551833762
870	600	0	0	0	551833769
872	599	0	0	0	551833777
874	598	0	0	0	551833784
877	597	0	0	0	551833792
879	596	0	0	0	551833799
881	595	0	0	0	551833807
884	595	0	0	0	551833814
886	594	0	0	0	551833822
889	593	0	0	0	551833829
891	592	0	0	0	551833837
893	591	0	0	0	551833844
896	590	0	0	0	551833852
898	589	0	0	0	551833860
900	588	0	0	0	551833867
902	587	0	0	0	551833875
905	586	0	0	0	551833882
906	585	0	0	0	551833890
908	583	0	0	0	551833897
910	582	0	0	0	551833905
912	581	0	0	0	551833912
914	580	0	0	0	551833920
916	578	0	0	0	551833927
918	577	0	0	0	551833935
920	575	0	0	0	551833942
922	574	0	0	0	551833950
924	572	0	0	0	551833957
926	571	0	0	0	551833965
928	569	0	0	0	551833972
930	567	0	0	0	551833980
931	566	0	0	0	551833987
933	564	0	0	0	551833995
935	562	0	0	0	551834002
936	561	0	0	0	551834010
938	559	0	0	0	551834017
939	557	0	0	0	551834025
940	555	0	0	0	551834032
942	554	0	0	0	551834040
943	552	0	0	0	551834047
944	550	0	0	0	551834055
945	549	0	0	0	551834063
946	548	0	0	0	551834070
947	547	0	0	0	551834078
948	545	0	0	0	551834085
949	544	0	0	0	551834093
950	543	0	0	0	551834100
950	543	0	0	0	551834108
951	542	0	0	0	551834115
951	541	0	0	0	551834123
951	541	0	0	0	551834130
951	540	0	0	0	551834138
951	540	0	0	0	551834145
951	540	0	0	0	551834153
951	539	0	0	0	551834160
951	539	0	0	0	551834168
951	539	0	0	0	551834175
949	539	0	0	0	551834183
949	539	0	0	0	551834190
948	540	0	0	0	551834198
948	540	0	0	0	551834205
947	540	0	0	0	551834213
947	540	0	0	0	551834220
945	541	0	0	0	551834228
945	541	0	0	0	551834235
944	542	0	0	0	551834243
42	7
946	548	0	0	0	551834997
947	548	0	0	0	551835004
947	548	0	0	0	551835012
948	547	0	0	0	551835019
948	547	0	0	0	551835027
949	546	0	0	0	551835034
949	546	0	0	0	551835042
950	546	0	0	0	551835049
950	546	0	0	0	551835057
951	545	0	0	0	551835064
951	545	0	0	0	551835072
952	544	0	0	0	551835079
952	544	0	0	0	551835087
953	543	0	0	0	551835094
953	543	0	0	0	551835102
954	542	0	0	0	551835109
954	542	0	0	0	551835117
955	540	0	0	0	551835125
955	540	0	0	0	551835132
956	539	0	0	0	551835140
956	539	0	0	0	551835147
957	537	0	0	0	551835155
957	537	0	0	0	551835162
958	536	0	0	0	551835170
958	536	0	0	0	551835177
958	535	0	0	0	551835185
958	535	0	0	0	551835192
958	535	0	0	0	551835200
959	534	0	0	0	551835207
959	534	0	0	0	551835215
959	534	0	0	0	551835222
959	534	0	0	0	551835230
959	534	0	0	0	551835237
959	534	0	0	0	551835245
959	534	0	0	0	551835252
959	534	0	0	0	551835260
959	534	0	0	0	551835267
959	534	0	0	0	551835275
959	534	0	0	0	551835282
958	534	0	0	0	551835290
958	534	0	0	0	551835297
957	535	0	0	0	551835305
113	28
221	419	0	0	0	551838135
222	419	0	0	0	551838142
227	419	0	0	0	551838150
231	419	0	0	0	551838157
235	419	0	0	0	551838165
239	419	0	0	0	551838172
242	419	0	0	0	551838180
246	420	0	0	0	551838188
250	420	0	0	0	551838195
254	420	0	0	0	551838203
258	420	0	0	0	551838210
262	420	0	0	0	551838218
267	420	0	0	0	551838225
271	421	0	0	0	551838233
275	420	0	0	0	551838240
279	420	0	0	0	551838248
283	420	0	0	0	551838255
287	421	0	0	0	551838263
291	421	0	0	0	551838270
295	421	0	0	0	551838278
299	421	0	0	0	551838285
303	421	0	0	0	551838293
307	421	0	0	0	551838300
311	420	0	0	0	551838308
315	420	0	0	0	551838315
319	420	0	0	0	551838323
323	420	0	0	0	551838330
327	420	0	0	0	551838338
331	421	0	0	0	551838345
335	421	0	0	0	551838353
339	421	0	0	0	551838360
343	421	0	0	0	551838368
347	422	0	0	0	551838375
351	422	0	0	0	551838383
355	422	0	0	0	551838391
359	422	0	0	0	551838398
363	422	0	0	0	551838406
368	422	0	0	0	551838413
372	422	0	0	0	551838421
376	422	0	0	0	551838428
380	422	0	0	0	551838436
384	422	0	0	0	551838443
388	422	0	0	0	551838451
392	422	0	0	0	551838458
396	422	0	0	0	551838466
400	422	0	0	0	551838473
404	422	0	0	0	551838481
409	422	0	0	0	551838488
413	422	0	0	0	551838496
418	422	0	0	0	551838503
422	422	0	0	0	551838511
427	422	0	0	0	551838518
431	422	0	0	0	551838526
436	422	0	0	0	551838533
440	422	0	0	0	551838541
445	422	0	0	0	551838548
449	422	0	0	0	551838556
454	422	0	0	0	551838563
458	422	0	0	0	551838571
462	422	0	0	0	551838578
466	422	0	0	0	551838586
470	422	0	0	0	551838594
474	423	0	0	0	551838601
478	423	0	0	0	551838609
482	423	0	0	0	551838616
485	423	0	0	0	551838624
489	423	0	0	0	551838631
492	423	0	0	0	551838639
496	423	0	0	0	551838646
499	423	0	0	0	551838654
502	423	0	0	0	551838661
505	423	0	0	0	551838669
508	423	0	0	0	551838676
511	423	0	0	0	551838684
514	424	0	0	0	551838691
517	424	0	0	0	551838699
519	424	0	0	0	551838706
521	424	0	0	0	551838714
524	424	0	0	0	551838721
526	424	0	0	0	551838729
529	424	0	0	0	551838736
531	425	0	0	0	551838744
534	425	0	0	0	551838751
536	425	0	0	0	551838759
538	425	0	0	0	551838766
541	425	0	0	0	551838774
543	425	0	0	0	551838781
545	425	0	0	0	551838789
547	425	0	0	0	551838797
548	425	0	0	0	551838804
550	425	0	0	0	551838812
552	425	0	0	0	551838819
553	425	0	0	0	551838827
555	425	0	0	0	551838834
556	425	0	0	0	551838842
557	425	0	0	0	551838849
559	425	0	0	0	551838857
561	425	0	0	0	551838864
562	425	0	0	0	551838872
564	425	0	0	0	551838879
566	425	0	0	0	551838887
568	425	0	0	0	551838894
570	425	0	0	0	551838902
572	425	0	0	0	551838909
573	425	0	0	0	551838917
575	425	0	0	0	551838924
576	425	0	0	0	551838932
577	425	0	0	0	551838939
577	425	0	0	0	551838947
577	425	0	0	0	551838954
577	426	0	0	0	551838962
577	426	0	0	0	551838969
575	426	0	0	0	551838977
89	28
312	486	0	0	0	551839675
312	486	0	0	0	551839683
314	486	0	0	0	551839690
315	486	0	0	0	551839698
317	486	0	0	0	551839705
318	485	0	0	0	551839713
320	485	0	0	0	551839720
322	485	0	0	0	551839728
323	485	0	0	0	551839735
325	485	0	0	0	551839743
327	485	0	0	0	551839750
330	485	0	0	0	551839758
333	485	0	0	0	551839766
337	485	0	0	0	551839773
341	485	0	0	0	551839781
345	485	0	0	0	551839788
350	485	0	0	0	551839796
355	484	0	0	0	551839803
361	484	0	0	0	551839811
367	484	0	0	0	551839818
372	484	0	0	0	551839826
378	484	0	0	0	551839833
383	484	0	0	0	551839841
388	483	0	0	0	551839848
393	483	0	0	0	551839856
397	483	0	0	0	551839863
402	484	0	0	0	551839871
406	483	0	0	0	551839878
410	483	0	0	0	551839886
414	483	0	0	0	551839893
418	483	0	0	0	551839901
422	483	0	0	0	551839908
426	483	0	0	0	551839916
430	482	0	0	0	551839923
434	482	0	0	0	551839931
438	482	0	0	0	551839938
442	482	0	0	0	551839946
446	481	0	0	0	551839954
450	481	0	0	0	551839961
454	481	0	0	0	551839969
457	481	0	0	0	551839976
461	481	0	0	0	551839984
465	480	0	0	0	551839991
468	480	0	0	0	551839999
472	480	0	0	0	551840006
476	480	0	0	0	551840014
479	480	0	0	0	551840021
483	479	0	0	0	551840029
486	479	0	0	0	551840036
489	479	0	0	0	551840044
493	479	0	0	0	551840051
496	479	0	0	0	551840059
498	479	0	0	0	551840066
501	479	0	0	0	551840074
503	479	0	0	0	551840081
505	479	0	0	0	551840089
507	479	0	0	0	551840096
510	479	0	0	0	551840104
512	479	0	0	0	551840111
514	479	0	0	0	551840119
516	479	0	0	0	551840126
518	479	0	0	0	551840134
520	479	0	0	0	551840141
522	479	0	0	0	551840149
524	479	0	0	0	551840157
526	479	0	0	0	551840164
528	478	0	0	0	551840172
530	478	0	0	0	551840179
532	478	0	0	0	551840187
534	478	0	0	0	551840194
536	478	0	0	0	551840202
537	478	0	0	0	551840209
539	477	0	0	0	551840217
541	477	0	0	0	551840224
543	477	0	0	0	551840232
544	477	0	0	0	551840239
546	477	0	0	0	551840247
547	477	0	0	0	551840254
548	476	0	0	0	551840262
549	476	0	0	0	551840269
550	476	0	0	0	551840277
551	476	0	0	0	551840284
552	476	0	0	0	551840292
553	476	0	0	0	551840299
554	476	0	0	0	551840307
555	476	0	0	0	551840314
556	476	0	0	0	551840322
557	476	0	0	0	551840329
558	475	0	0	0	551840337
81	28
559	475	0	0	0	551840344
561	475	0	0	0	551840352
562	475	0	0	0	551840360
563	476	0	0	0	551840367
565	476	0	0	0	551840375
566	476	0	0	0	551840382
567	476	0	0	0	551840390
568	476	0	0	0	551840397
569	476	0	0	0	551840405
570	476	0	0	0	551840412
571	476	0	0	0	551840420
572	476	0	0	0	551840427
572	476	0	0	0	551840435
573	475	0	0	0	551840442
573	475	0	0	0	551840450
574	475	0	0	0	551840457
574	475	0	0	0	551840465
574	475	0	0	0	551840472
575	475	0	0	0	551840480
575	475	0	0	0	551840487
575	475	0	0	0	551840495
575	475	0	0	0	551840502
576	474	0	0	0	551840510
576	474	0	0	0	551840517
576	474	0	0	0	551840525
576	473	0	0	0	551840532
576	473	0	0	0	551840540
576	473	0	0	0	551840547
575	472	0	0	0	551840555
575	472	0	0	0	551840563
574	472	0	0	0	551840570
574	472	0	0	0	551840578
573	471	0	0	0	551840585
573	471	0	0	0	551840593
571	471	0	0	0	551840600
571	471	0	0	0	551840608
570	471	0	0	0	551840615
569	471	0	0	0	551840623
568	472	0	0	0	551840630
567	472	0	0	0	551840638
566	472	0	0	0	551840645
565	473	0	0	0	551840653
564	473	0	0	0	551840660
563	474	0	0	0	551840668
562	475	0	0	0	551840675
561	476	0	0	0	551840683
561	477	0	0	0	551840690
560	478	0	0	0	551840698
560	479	0	0	0	551840705
559	480	0	0	0	551840713
560	481	0	0	0	551840720
560	482	0	0	0	551840728
561	483	0	0	0	551840735
562	484	0	0	0	551840743
563	485	0	0	0	551840750
564	486	0	0	0	551840758
566	486	0	0	0	551840766
568	486	0	0	0	551840773
570	487	0	0	0	551840781
572	486	0	0	0	551840788
574	486	0	0	0	551840796
576	485	0	0	0	551840803
578	485	0	0	0	551840811
580	484	0	0	0	551840818
581	483	0	0	0	551840826
582	482	0	0	0	551840833
582	481	0	0	0	551840841
582	481	0	0	0	551840848
582	480	0	0	0	551840856
582	479	0	0	0	551840863
581	478	0	0	0	551840871
580	477	0	0	0	551840878
579	477	0	0	0	551840886
578	476	0	0	0	551840893
576	476	0	0	0	551840901
574	475	0	0	0	551840908
572	475	0	0	0	551840916
570	475	0	0	0	551840923
567	475	0	0	0	551840931
565	475	0	0	0	551840938
564	475	0	0	0	551840946
90	28
217	604	0	0	0	551841953
221	604	0	0	0	551841961
228	604	0	0	0	551841969
234	604	0	0	0	551841976
240	605	0	0	0	551841984
246	605	0	0	0	551841991
251	606	0	0	0	551841999
257	606	0	0	0	551842006
262	607	0	0	0	551842014
267	608	0	0	0	551842021
273	608	0	0	0	551842029
278	609	0	0	0	551842036
283	610	0	0	0	551842044
288	610	0	0	0	551842051
294	611	0	0	0	551842059
299	611	0	0	0	551842066
304	612	0	0	0	551842074
310	612	0	0	0	551842081
315	612	0	0	0	551842089
321	612	0	0	0	551842096
326	612	0	0	0	551842104
332	612	0	0	0	551842111
337	612	0	0	0	551842119
342	612	0	0	0	551842126
347	612	0	0	0	551842134
352	612	0	0	0	551842141
357	612	0	0	0	551842149
362	612	0	0	0	551842157
367	613	0	0	0	551842164
372	613	0	0	0	551842172
377	613	0	0	0	551842179
382	613	0	0	0	551842187
387	614	0	0	0	551842194
392	614	0	0	0	551842202
397	614	0	0	0	551842209
402	614	0	0	0	551842217
407	615	0	0	0	551842224
411	615	0	0	0	551842232
416	615	0	0	0	551842239
421	616	0	0	0	551842247
426	616	0	0	0	551842254
430	616	0	0	0	551842262
435	617	0	0	0	551842269
440	617	0	0	0	551842277
444	617	0	0	0	551842284
448	617	0	0	0	551842292
452	618	0	0	0	551842299
456	618	0	0	0	551842307
460	618	0	0	0	551842314
464	618	0	0	0	551842322
468	618	0	0	0	551842329
472	618	0	0	0	551842337
476	618	0	0	0	551842344
480	618	0	0	0	551842352
483	618	0	0	0	551842360
487	618	0	0	0	551842367
490	618	0	0	0	551842375
494	618	0	0	0	551842382
497	619	0	0	0	551842390
500	619	0	0	0	551842397
503	619	0	0	0	551842405
506	619	0	0	0	551842412
509	619	0	0	0	551842420
512	618	0	0	0	551842427
515	618	0	0	0	551842435
518	618	0	0	0	551842442
521	618	0	0	0	551842450
523	618	0	0	0	551842457
525	618	0	0	0	551842465
528	618	0	0	0	551842472
530	618	0	0	0	551842480
531	618	0	0	0	551842487
533	619	0	0	0	551842495
535	619	0	0	0	551842502
536	619	0	0	0	551842510
537	619	0	0	0	551842517
539	619	0	0	0	551842525
540	619	0	0	0	551842532
541	619	0	0	0	551842540
543	619	0	0	0	551842547
544	619	0	0	0	551842555
545	619	0	0	0	551842563
546	619	0	0	0	551842570
547	619	0	0	0	551842578
548	618	0	0	0	551842585
549	618	0	0	0	551842593
550	618	0	0	0	551842600
551	618	0	0	0	551842608
552	618	0	0	0	551842615
553	618	0	0	0	551842623
70	28
554	618	0	0	0	551842630
555	618	0	0	0	551842638
556	617	0	0	0	551842645
558	617	0	0	0	551842653
559	617	0	0	0	551842660
560	617	0	0	0	551842668
562	617	0	0	0	551842675
563	617	0	0	0	551842683
564	617	0	0	0	551842690
565	616	0	0	0	551842698
566	616	0	0	0	551842705
567	616	0	0	0	551842713
567	616	0	0	0	551842720
568	616	0	0	0	551842728
568	616	0	0	0	551842735
569	616	0	0	0	551842743
569	616	0	0	0	551842750
569	616	0	0	0	551842758
569	616	0	0	0	551842766
569	616	0	0	0	551842773
570	615	0	0	0	551842781
570	615	0	0	0	551842788
570	615	0	0	0	551842796
569	614	0	0	0	551842803
569	614	0	0	0	551842811
568	613	0	0	0	551842818
568	613	0	0	0	551842826
567	613	0	0	0	551842833
566	613	0	0	0	551842841
564	613	0	0	0	551842848
563	613	0	0	0	551842856
561	613	0	0	0	551842863
560	614	0	0	0	551842871
558	615	0	0	0	551842878
557	616	0	0	0	551842886
556	617	0	0	0	551842893
555	618	0	0	0	551842901
555	620	0	0	0	551842908
555	621	0	0	0	551842916
555	622	0	0	0	551842923
555	623	0	0	0	551842931
556	624	0	0	0	551842938
557	625	0	0	0	551842946
559	626	0	0	0	551842953
560	627	0	0	0	551842961
562	627	0	0	0	551842969
563	627	0	0	0	551842976
565	627	0	0	0	551842984
567	627	0	0	0	551842991
568	627	0	0	0	551842999
570	627	0	0	0	551843006
571	626	0	0	0	551843014
573	626	0	0	0	551843021
574	625	0	0	0	551843029
575	624	0	0	0	551843036
576	623	0	0	0	551843044
577	622	0	0	0	551843051
578	621	0	0	0	551843059
578	620	0	0	0	551843066
578	619	0	0	0	551843074
577	618	0	0	0	551843081
576	617	0	0	0	551843089
575	616	0	0	0	551843096
574	616	0	0	0	551843104
572	615	0	0	0	551843111
570	615	0	0	0	551843119
568	615	0	0	0	551843126
566	615	0	0	0	551843134
564	615	0	0	0	551843141
561	615	0	0	0	551843149
101	28
305	676	0	0	0	551843772
305	676	0	0	0	551843780
305	676	0	0	0	551843787
306	676	0	0	0	551843795
306	676	0	0	0	551843802
307	675	0	0	0	551843810
308	675	0	0	0	551843817
309	675	0	0	0	551843825
311	675	0	0	0	551843832
313	675	0	0	0	551843840
315	675	0	0	0	551843847
318	675	0	0	0	551843855
321	674	0	0	0	551843862
325	674	0	0	0	551843870
329	674	0	0	0	551843877
333	674	0	0	0	551843885
337	674	0	0	0	551843892
343	674	0	0	0	551843900
348	674	0	0	0	551843907
354	673	0	0	0	551843915
360	673	0	0	0	551843922
367	673	0	0	0	551843930
374	673	0	0	0	551843938
380	673	0	0	0	551843945
386	673	0	0	0	551843953
393	673	0	0	0	551843960
398	673	0	0	0	551843968
404	673	0	0	0	551843975
409	673	0	0	0	551843983
414	672	0	0	0	551843990
418	672	0	0	0	551843998
423	672	0	0	0	551844005
427	672	0	0	0	551844013
431	672	0	0	0	551844020
435	672	0	0	0	551844028
440	672	0	0	0	551844035
444	672	0	0	0	551844043
448	673	0	0	0	551844050
452	673	0	0	0	551844058
456	673	0	0	0	551844065
461	673	0	0	0	551844073
465	672	0	0	0	551844080
469	672	0	0	0	551844088
474	672	0	0	0	551844095
478	672	0	0	0	551844103
482	672	0	0	0	551844110
486	672	0	0	0	551844118
489	672	0	0	0	551844125
493	671	0	0	0	551844133
496	671	0	0	0	551844141
499	671	0	0	0	551844148
502	671	0	0	0	551844156
504	671	0	0	0	551844163
507	670	0	0	0	551844171
509	670	0	0	0	551844178
512	670	0	0	0	551844186
514	670	0	0	0	551844193
516	670	0	0	0	551844201
518	670	0	0	0	551844208
520	670	0	0	0	551844216
522	670	0	0	0	551844223
524	669	0	0	0	551844231
526	669	0	0	0	551844238
528	669	0	0	0	551844246
530	669	0	0	0	551844253
531	669	0	0	0	551844261
533	669	0	0	0	551844268
535	669	0	0	0	551844276
536	669	0	0	0	551844283
537	669	0	0	0	551844291
539	669	0	0	0	551844298
540	669	0	0	0	551844306
541	669	0	0	0	551844313
543	669	0	0	0	551844321
544	669	0	0	0	551844328
545	669	0	0	0	551844336
547	669	0	0	0	551844344
548	669	0	0	0	551844351
549	669	0	0	0	551844359
550	669	0	0	0	551844366
551	669	0	0	0	551844374
552	669	0	0	0	551844381
553	669	0	0	0	551844389
554	669	0	0	0	551844396
555	669	0	0	0	551844404
555	669	0	0	0	551844411
556	669	0	0	0	551844419
556	669	0	0	0	551844426
557	669	0	0	0	551844434
557	669	0	0	0	551844441
558	669	0	0	0	551844449
558	669	0	0	0	551844456
559	669	0	0	0	551844464
559	669	0	0	0	551844471
561	668	0	0	0	551844479
561	668	0	0	0	551844486
561	668	0	0	0	551844494
561	668	0	0	0	551844501
563	667	0	0	0	551844509
563	667	0	0	0	551844516
565	666	0	0	0	551844524
25	28
683	456	0	0	0	551845291
684	456	0	0	0	551845298
684	456	0	0	0	551845306
685	455	0	0	0	551845313
685	455	0	0	0	551845321
686	455	0	0	0	551845328
687	455	0	0	0	551845336
689	455	0	0	0	551845344
690	455	0	0	0	551845351
691	455	0	0	0	551845359
693	455	0	0	0	551845366
695	455	0	0	0	551845374
697	455	0	0	0	551845381
699	455	0	0	0	551845389
701	455	0	0	0	551845396
703	455	0	0	0	551845404
705	455	0	0	0	551845411
707	455	0	0	0	551845419
708	455	0	0	0	551845426
710	455	0	0	0	551845434
711	455	0	0	0	551845441
712	455	0	0	0	551845449
712	455	0	0	0	551845456
713	456	0	0	0	551845464
713	456	0	0	0	551845471
40	28
714	457	0	0	0	551845479
714	457	0	0	0	551845486
715	458	0	0	0	551845494
715	458	0	0	0	551845501
715	459	0	0	0	551845509
715	460	0	0	0	551845516
715	461	0	0	0	551845524
716	462	0	0	0	551845531
716	463	0	0	0	551845539
716	464	0	0	0	551845547
716	466	0	0	0	551845554
716	467	0	0	0	551845562
717	469	0	0	0	551845569
717	470	0	0	0	551845577
717	472	0	0	0	551845584
718	474	0	0	0	551845592
718	475	0	0	0	551845599
719	477	0	0	0	551845607
720	479	0	0	0	551845614
720	481	0	0	0	551845622
721	483	0	0	0	551845629
721	485	0	0	0	551845637
721	487	0	0	0	551845644
722	489	0	0	0	551845652
722	491	0	0	0	551845659
722	493	0	0	0	551845667
722	494	0	0	0	551845674
722	496	0	0	0	551845682
722	497	0	0	0	551845689
723	499	0	0	0	551845697
723	500	0	0	0	551845704
723	501	0	0	0	551845712
723	502	0	0	0	551845719
723	503	0	0	0	551845727
723	504	0	0	0	551845734
723	504	0	0	0	551845742
724	505	0	0	0	551845750
724	505	0	0	0	551845757
724	506	0	0	0	551845765
724	506	0	0	0	551845772
75	28
724	506	0	0	0	551845780
726	507	0	0	0	551845787
726	507	0	0	0	551845795
727	507	0	0	0	551845802
728	507	0	0	0	551845810
729	508	0	0	0	551845817
730	508	0	0	0	551845825
732	508	0	0	0	551845832
733	508	0	0	0	551845840
735	508	0	0	0	551845847
737	508	0	0	0	551845855
739	508	0	0	0	551845862
741	508	0	0	0	551845870
743	509	0	0	0	551845877
746	509	0	0	0	551845885
748	509	0	0	0	551845892
750	509	0	0	0	551845900
752	510	0	0	0	551845907
754	510	0	0	0	551845915
757	510	0	0	0	551845922
759	511	0	0	0	551845930
761	511	0	0	0	551845937
763	511	0	0	0	551845945
765	511	0	0	0	551845953
767	512	0	0	0	551845960
769	512	0	0	0	551845968
771	512	0	0	0	551845975
773	512	0	0	0	551845983
776	513	0	0	0	551845990
778	513	0	0	0	551845998
780	513	0	0	0	551846005
782	513	0	0	0	551846013
784	513	0	0	0	551846020
787	514	0	0	0	551846028
789	514	0	0	0	551846035
791	514	0	0	0	551846043
793	514	0	0	0	551846050
795	514	0	0	0	551846058
797	514	0	0	0	551846065
800	514	0	0	0	551846073
802	514	0	0	0	551846080
805	514	0	0	0	551846088
807	514	0	0	0	551846095
809	514	0	0	0	551846103
812	514	0	0	0	551846110
814	514	0	0	0	551846118
816	514	0	0	0	551846125
818	514	0	0	0	551846133
820	514	0	0	0	551846140
822	514	0	0	0	551846148
824	514	0	0	0	551846156
826	515	0	0	0	551846163
828	515	0	0	0	551846171
830	515	0	0	0	551846178
833	515	0	0	0	551846186
835	515	0	0	0	551846193
837	515	0	0	0	551846201
839	515	0	0	0	551846208
841	515	0	0	0	551846216
842	515	0	0	0	551846223
844	515	0	0	0	551846231
846	516	0	0	0	551846238
847	516	0	0	0	551846246
849	516	0	0	0	551846253
850	516	0	0	0	551846261
851	516	0	0	0	551846268
852	516	0	0	0	551846276
854	516	0	0	0	551846283
854	516	0	0	0	551846291
855	517	0	0	0	551846298
855	517	0	0	0	551846306
855	517	0	0	0	551846313
855	517	0	0	0	551846321
854	518	0	0	0	551846328
854	518	0	0	0	551846336
32	28
682	648	0	0	0	551847071
683	648	0	0	0	551847078
684	648	0	0	0	551847086
685	648	0	0	0	551847093
687	648	0	0	0	551847101
689	648	0	0	0	551847109
690	647	0	0	0	551847116
693	647	0	0	0	551847124
695	647	0	0	0	551847131
698	647	0	0	0	551847139
701	646	0	0	0	551847146
704	646	0	0	0	551847154
708	646	0	0	0	551847161
711	645	0	0	0	551847169
714	645	0	0	0	551847176
718	645	0	0	0	551847184
721	644	0	0	0	551847191
724	644	0	0	0	551847199
727	643	0	0	0	551847206
730	643	0	0	0	551847214
733	643	0	0	0	551847221
736	642	0	0	0	551847229
738	642	0	0	0	551847236
741	641	0	0	0	551847244
742	641	0	0	0	551847251
744	641	0	0	0	551847259
745	641	0	0	0	551847266
746	641	0	0	0	551847274
746	641	0	0	0	551847281
747	640	0	0	0	551847289
747	640	0	0	0	551847297
747	640	0	0	0	551847304
39	28
748	640	0	0	0	551847312
748	640	0	0	0	551847319
748	640	0	0	0	551847327
748	639	0	0	0	551847334
748	639	0	0	0	551847342
748	637	0	0	0	551847349
748	636	0	0	0	551847357
748	635	0	0	0	551847364
749	633	0	0	0	551847372
749	632	0	0	0	551847379
749	630	0	0	0	551847387
749	627	0	0	0	551847394
750	625	0	0	0	551847402
750	623	0	0	0	551847409
750	620	0	0	0	551847417
750	618	0	0	0	551847424
751	615	0	0	0	551847432
750	612	0	0	0	551847439
750	609	0	0	0	551847447
750	607	0	0	0	551847454
749	604	0	0	0	551847462
748	602	0	0	0	551847469
747	600	0	0	0	551847477
747	598	0	0	0	551847484
746	596	0	0	0	551847492
745	595	0	0	0	551847500
745	593	0	0	0	551847507
745	592	0	0	0	551847515
745	591	0	0	0	551847522
745	589	0	0	0	551847530
746	588	0	0	0	551847537
746	587	0	0	0	551847545
747	586	0	0	0	551847552
747	585	0	0	0	551847560
747	585	0	0	0	551847567
748	584	0	0	0	551847575
748	584	0	0	0	551847582
748	583	0	0	0	551847590
748	583	0	0	0	551847597
92	28
748	583	0	0	0	551847605
748	583	0	0	0	551847612
748	583	0	0	0	551847620
748	583	0	0	0	551847627
748	583	0	0	0	551847635
750	583	0	0	0	551847642
750	583	0	0	0	551847650
751	583	0	0	0	551847657
752	583	0	0	0	551847665
753	583	0	0	0	551847672
755	584	0	0	0	551847680
756	584	0	0	0	551847687
758	584	0	0	0	551847695
760	584	0	0	0	551847703
763	584	0	0	0	551847710
765	584	0	0	0	551847718
768	584	0	0	0	551847725
771	583	0	0	0	551847733
773	583	0	0	0	551847740
776	583	0	0	0	551847748
779	583	0	0	0	551847755
782	583	0	0	0	551847763
784	583	0	0	0	551847770
787	582	0	0	0	551847778
790	582	0	0	0	551847785
792	582	0	0	0	551847793
794	582	0	0	0	551847800
797	582	0	0	0	551847808
799	582	0	0	0	551847815
801	582	0	0	0	551847823
803	582	0	0	0	551847830
805	582	0	0	0	551847838
806	582	0	0	0	551847845
808	582	0	0	0	551847853
809	582	0	0	0	551847860
811	582	0	0	0	551847868
812	582	0	0	0	551847875
814	582	0	0	0	551847883
815	582	0	0	0	551847890
816	582	0	0	0	551847898
818	582	0	0	0	551847906
819	582	0	0	0	551847913
820	582	0	0	0	551847921
822	582	0	0	0	551847928
823	582	0	0	0	551847936
824	582	0	0	0	551847943
825	582	0	0	0	551847951
826	582	0	0	0	551847958
827	582	0	0	0	551847966
828	582	0	0	0	551847973
828	582	0	0	0	551847981
828	582	0	0	0	551847988
830	582	0	0	0	551847996
831	582	0	0	0	551848003
831	582	0	0	0	551848011
832	582	0	0	0	551848018
833	582	0	0	0	551848026
834	582	0	0	0	551848033
835	582	0	0	0	551848041
836	582	0	0	0	551848048
837	582	0	0	0	551848056
837	582	0	0	0	551848063
837	582	0	0	0	551848071
839	581	0	0	0	551848078
839	581	0	0	0	551848086
840	581	0	0	0	551848093
840	581	0	0	0	551848101
841	581	0	0	0	551848109
841	581	0	0	0	551848116
842	581	0	0	0	551848124
842	581	0	0	0	551848131
843	581	0	0	0	551848139
843	581	0	0	0	551848146
844	581	0	0	0	551848154
844	581	0	0	0	551848161
845	581	0	0	0	551848169
845	581	0	0	0	551848176
846	581	0	0	0	551848184
846	581	0	0	0	551848191
847	581	0	0	0	551848199
847	581	0	0	0	551848206
849	581	0	0	0	551848214
849	581	0	0	0	551848221
850	581	0	0	0	551848229
850	581	0	0	0	551848236
851	581	0	0	0	551848244
851	581	0	0	0	551848251
851	581	0	0	0	551848259
851	581	0	0	0	551848266
851	581	0	0	0	551848274
851	581	0	0	0	551848281
851	581	0	0	0	551848289
62	7
958	534	0	0	0	551849034
958	534	0	0	0	551849042
960	534	0	0	0	551849049
961	534	0	0	0	551849057
962	534	0	0	0	551849064
963	534	0	0	0	551849072
964	534	0	0	0	551849079
966	534	0	0	0	551849087
967	534	0	0	0	551849094
968	534	0	0	0	551849102
968	534	0	0	0	551849110
969	534	0	0	0	551849117
970	534	0	0	0	551849125
971	534	0	0	0	551849132
972	534	0	0	0	551849140
974	534	0	0	0	551849147
975	534	0	0	0	551849155
976	534	0	0	0	551849162
977	534	0	0	0	551849170
979	534	0	0	0	551849177
980	534	0	0	0	551849185
981	534	0	0	0	551849192
982	534	0	0	0	551849200
984	535	0	0	0	551849207
985	535	0	0	0	551849215
987	535	0	0	0	551849222
988	535	0	0	0	551849230
989	535	0	0	0	551849237
991	535	0	0	0	551849245
992	535	0	0	0	551849252
993	535	0	0	0	551849260
995	535	0	0	0	551849267
996	535	0	0	0	551849275
998	535	0	0	0	551849282
999	535	0	0	0	551849290
1001	535	0	0	0	551849297
1003	535	0	0	0	551849305
1004	536	0	0	0	551849313
1006	536	0	0	0	551849320
1008	536	0	0	0	551849328
1009	536	0	0	0	551849335
1011	536	0	0	0	551849343
1013	536	0	0	0	551849350
1015	536	0	0	0	551849358
1017	536	0	0	0	551849365
1019	536	0	0	0	551849373
1021	536	0	0	0	551849380
1023	536	0	0	0	551849388
1025	536	0	0	0	551849395
1026	536	0	0	0	551849403
1028	536	0	0	0	551849410
1030	536	0	0	0	551849418
1032	535	0	0	0	551849425
1033	535	0	0	0	551849433
1035	535	0	0	0	551849440
1036	535	0	0	0	551849448
1038	535	0	0	0	551849455
1039	535	0	0	0	551849463
1040	535	0	0	0	551849470
1041	535	0	0	0	551849478
1041	535	0	0	0	551849485
1043	536	0	0	0	551849493
23	24
1076	519	0	0	0	551850187
1076	519	0	0	0	551850194
1076	518	0	0	0	551850202
1076	518	0	0	0	551850209
1077	518	0	0	0	551850217
1079	518	0	0	0	551850224
1079	519	0	0	0	551850232
1080	520	0	0	0	551850239
1081	522	0	0	0	551850247
1083	523	0	0	0	551850254
1084	525	0	0	0	551850262
1086	528	0	0	0	551850269
1087	530	0	0	0	551850277
1089	532	0	0	0	551850284
1091	535	0	0	0	551850292
1092	537	0	0	0	551850299
1094	539	0	0	0	551850307
1096	541	0	0	0	551850314
1098	542	0	0	0	551850322
1099	543	0	0	0	551850329
1100	544	0	0	0	551850337
1102	544	0	0	0	551850344
1103	544	0	0	0	551850352
19	25
1114	526	0	0	0	551850498
1114	526	0	0	0	551850505
1112	527	0	0	0	551850513
1111	528	0	0	0	551850520
1110	529	0	0	0	551850528
1109	530	0	0	0	551850535
1108	532	0	0	0	551850543
1106	534	0	0	0	551850550
1105	536	0	0	0	551850558
1104	538	0	0	0	551850565
1103	540	0	0	0	551850573
1102	542	0	0	0	551850580
1101	543	0	0	0	551850588
1101	545	0	0	0	551850595
1100	546	0	0	0	551850603
1100	547	0	0	0	551850610
1099	548	0	0	0	551850618
1099	549	0	0	0	551850625
1099	549	0	0	0	551850633
30	26
1100	550	0	0	0	551850743
1100	550	0	0	0	551850750
1100	550	0	0	0	551850758
1100	549	0	0	0	551850765
1100	549	0	0	0	551850773
1100	549	0	0	0	551850781
1100	549	0	0	0	551850788
1100	549	0	0	0	551850796
1101	550	0	0	0	551850803
1101	550	0	0	0	551850811
1101	552	0	0	0	551850818
1101	553	0	0	0	551850826
1101	555	0	0	0	551850833
1101	557	0	0	0	551850841
1101	559	0	0	0	551850848
1101	562	0	0	0	551850856
1101	564	0	0	0	551850863
1101	566	0	0	0	551850871
1101	568	0	0	0	551850878
1101	570	0	0	0	551850886
1102	572	0	0	0	551850893
1102	573	0	0	0	551850901
1102	575	0	0	0	551850908
1102	576	0	0	0	551850916
1102	577	0	0	0	551850923
1102	577	0	0	0	551850931
1102	578	0	0	0	551850938
1102	578	0	0	0	551850946
1102	579	0	0	0	551850953
1102	579	0	0	0	551850961
17	28
216	319	0	0	0	553302326
216	319	0	0	0	553302333
216	318	0	0	0	553302341
216	318	0	0	0	553302348
216	318	0	0	0	553302356
216	318	0	0	0	553302363
216	317	0	0	0	553302371
216	317	0	0	0	553302378
216	317	0	0	0	553302386
216	318	0	0	0	553302393
216	318	0	0	0	553302401
216	320	0	0	0	553302408
216	321	0	0	0	553302416
216	324	0	0	0	553302423
216	326	0	0	0	553302431
216	329	0	0	0	553302438
216	330	0	0	0	553302446
5	28
214	639	0	0	0	553302416
214	642	0	0	0	553302423
215	644	0	0	0	553302431
215	647	0	0	0	553302438
215	647	0	0	0	553302446
41	28
196	288	0	0	0	553302972
196	288	0	0	0	553302980
197	287	0	0	0	553302987
197	287	0	0	0	553302995
197	287	0	0	0	553303002
197	287	0	0	0	553303010
197	287	0	0	0	553303017
196	288	0	0	0	553303025
195	289	0	0	0	553303032
195	290	0	0	0	553303040
194	292	0	0	0	553303047
193	295	0	0	0	553303055
193	297	0	0	0	553303063
192	301	0	0	0	553303070
191	304	0	0	0	553303078
191	307	0	0	0	553303085
191	309	0	0	0	553303093
190	311	0	0	0	553303100
190	313	0	0	0	553303108
190	314	0	0	0	553303115
190	314	0	0	0	553303123
190	315	0	0	0	553303130
190	315	0	0	0	553303138
190	313	0	0	0	553303145
190	312	0	0	0	553303153
190	310	0	0	0	553303160
191	308	0	0	0	553303168
191	305	0	0	0	553303175
191	302	0	0	0	553303183
192	300	0	0	0	553303190
193	297	0	0	0	553303198
193	295	0	0	0	553303205
194	292	0	0	0	553303213
195	290	0	0	0	553303220
195	289	0	0	0	553303228
196	287	0	0	0	553303235
197	286	0	0	0	553303243
198	285	0	0	0	553303250
199	284	0	0	0	553303258
200	283	0	0	0	553303266
201	282	0	0	0	553303273
23	28
202	282	0	0	0	553303281
203	282	0	0	0	553303288
204	283	0	0	0	553303296
205	283	0	0	0	553303303
207	284	0	0	0	553303311
208	286	0	0	0	553303318
209	288	0	0	0	553303326
210	290	0	0	0	553303333
211	292	0	0	0	553303341
212	295	0	0	0	553303348
213	297	0	0	0	553303356
214	300	0	0	0	553303363
214	303	0	0	0	553303371
215	305	0	0	0	553303378
215	308	0	0	0	553303386
216	310	0	0	0	553303393
216	312	0	0	0	553303401
216	313	0	0	0	553303408
216	314	0	0	0	553303416
216	315	0	0	0	553303423
216	315	0	0	0	553303431
215	315	0	0	0	553303438
215	315	0	0	0	553303446
16	28
200	307	0	0	0	553303567
201	306	0	0	0	553303575
201	306	0	0	0	553303582
201	306	0	0	0	553303590
202	306	0	0	0	553303597
202	306	0	0	0	553303605
203	306	0	0	0	553303612
204	306	0	0	0	553303620
205	306	0	0	0	553303627
207	306	0	0	0	553303635
208	306	0	0	0	553303642
209	306	0	0	0	553303650
211	305	0	0	0	553303657
212	305	0	0	0	553303665
213	305	0	0	0	553303672
214	305	0	0	0	553303680
252	28
222	331	0	0	0	553316168
222	331	0	0	0	553316175
222	331	0	0	0	553316183
222	331	0	0	0	553316190
222	331	0	0	0	553316198
222	331	0	0	0	553316205
222	331	0	0	0	553316213
222	331	0	0	0	553316220
222	331	0	0	0	553316228
222	332	0	0	0	553316235
222	332	0	0	0	553316243
222	334	0	0	0	553316250
222	334	0	0	0	553316258
222	336	0	0	0	553316266
222	337	0	0	0	553316273
222	339	0	0	0	553316281
222	341	0	0	0	553316288
222	343	0	0	0	553316296
222	345	0	0	0	553316303
221	347	0	0	0	553316311
222	349	0	0	0	553316318
222	351	0	0	0	553316326
222	353	0	0	0	553316333
222	355	0	0	0	553316341
222	357	0	0	0	553316348
223	358	0	0	0	553316356
223	360	0	0	0	553316363
224	362	0	0	0	553316371
224	364	0	0	0	553316378
224	366	0	0	0	553316386
225	369	0	0	0	553316393
225	371	0	0	0	553316401
225	373	0	0	0	553316408
225	376	0	0	0	553316416
226	378	0	0	0	553316423
226	380	0	0	0	553316431
226	382	0	0	0	553316438
226	385	0	0	0	553316446
226	387	0	0	0	553316453
226	389	0	0	0	553316461
226	391	0	0	0	553316469
226	394	0	0	0	553316476
227	397	0	0	0	553316484
227	400	0	0	0	553316491
227	402	0	0	0	553316499
226	406	0	0	0	553316506
226	409	0	0	0	553316514
226	412	0	0	0	553316521
227	416	0	0	0	553316529
227	419	0	0	0	553316536
227	422	0	0	0	553316544
227	425	0	0	0	553316551
227	428	0	0	0	553316559
227	432	0	0	0	553316566
227	434	0	0	0	553316574
227	437	0	0	0	553316581
227	440	0	0	0	553316589
227	443	0	0	0	553316596
227	446	0	0	0	553316604
227	448	0	0	0	553316611
227	451	0	0	0	553316619
227	453	0	0	0	553316626
227	456	0	0	0	553316634
227	458	0	0	0	553316641
227	461	0	0	0	553316649
226	463	0	0	0	553316656
226	466	0	0	0	553316664
226	468	0	0	0	553316672
226	471	0	0	0	553316679
226	473	0	0	0	553316687
226	476	0	0	0	553316694
226	478	0	0	0	553316702
226	480	0	0	0	553316709
226	482	0	0	0	553316717
225	485	0	0	0	553316724
225	487	0	0	0	553316732
225	489	0	0	0	553316739
225	492	0	0	0	553316747
225	494	0	0	0	553316754
225	497	0	0	0	553316762
225	499	0	0	0	553316769
225	501	0	0	0	553316777
225	504	0	0	0	553316784
225	506	0	0	0	553316792
225	508	0	0	0	553316799
224	511	0	0	0	553316807
224	513	0	0	0	553316814
224	516	0	0	0	553316822
224	518	0	0	0	553316829
224	520	0	0	0	553316837
224	522	0	0	0	553316844
224	524	0	0	0	553316852
224	526	0	0	0	553316859
224	529	0	0	0	553316867
224	531	0	0	0	553316875
224	533	0	0	0	553316882
223	535	0	0	0	553316890
223	537	0	0	0	553316897
223	539	0	0	0	553316905
223	541	0	0	0	553316912
223	543	0	0	0	553316920
223	545	0	0	0	553316927
223	547	0	0	0	553316935
223	550	0	0	0	553316942
222	552	0	0	0	553316950
222	555	0	0	0	553316957
222	558	0	0	0	553316965
222	561	0	0	0	553316972
222	565	0	0	0	553316980
222	568	0	0	0	553316987
222	571	0	0	0	553316995
222	574	0	0	0	553317002
222	576	0	0	0	553317010
222	579	0	0	0	553317017
222	582	0	0	0	553317025
222	584	0	0	0	553317032
222	586	0	0	0	553317040
222	588	0	0	0	553317047
222	590	0	0	0	553317055
222	591	0	0	0	553317063
222	592	0	0	0	553317070
222	594	0	0	0	553317078
222	595	0	0	0	553317085
222	596	0	0	0	553317093
222	598	0	0	0	553317100
222	599	0	0	0	553317108
222	600	0	0	0	553317115
222	602	0	0	0	553317123
222	603	0	0	0	553317130
222	605	0	0	0	553317138
221	607	0	0	0	553317145
221	608	0	0	0	553317153
221	610	0	0	0	553317160
221	612	0	0	0	553317168
221	614	0	0	0	553317175
221	615	0	0	0	553317183
221	617	0	0	0	553317190
221	619	0	0	0	553317198
221	621	0	0	0	553317205
220	622	0	0	0	553317213
220	624	0	0	0	553317220
220	626	0	0	0	553317228
220	628	0	0	0	553317235
220	629	0	0	0	553317243
220	631	0	0	0	553317250
220	633	0	0	0	553317258
220	635	0	0	0	553317266
220	637	0	0	0	553317273
220	639	0	0	0	553317281
220	641	0	0	0	553317288
220	643	0	0	0	553317296
220	645	0	0	0	553317303
220	646	0	0	0	553317311
220	647	0	0	0	553317318
219	648	0	0	0	553317326
219	649	0	0	0	553317333
219	651	0	0	0	553317341
219	652	0	0	0	553317348
219	653	0	0	0	553317356
219	654	0	0	0	553317363
218	656	0	0	0	553317371
218	657	0	0	0	553317378
218	658	0	0	0	553317386
218	660	0	0	0	553317393
218	661	0	0	0	553317401
218	662	0	0	0	553317408
218	664	0	0	0	553317416
217	665	0	0	0	553317423
217	666	0	0	0	553317431
217	668	0	0	0	553317438
217	669	0	0	0	553317446
217	671	0	0	0	553317453
217	672	0	0	0	553317461
217	674	0	0	0	553317469
217	675	0	0	0	553317476
217	677	0	0	0	553317484
217	678	0	0	0	553317491
217	680	0	0	0	553317499
216	681	0	0	0	553317506
216	682	0	0	0	553317514
216	683	0	0	0	553317521
216	684	0	0	0	553317529
216	685	0	0	0	553317536
216	686	0	0	0	553317544
216	687	0	0	0	553317551
216	689	0	0	0	553317559
216	690	0	0	0	553317566
216	691	0	0	0	553317574
216	692	0	0	0	553317581
216	694	0	0	0	553317589
216	695	0	0	0	553317596
216	696	0	0	0	553317604
216	698	0	0	0	553317611
216	699	0	0	0	553317619
216	700	0	0	0	553317626
216	701	0	0	0	553317634
216	702	0	0	0	553317641
216	703	0	0	0	553317649
216	704	0	0	0	553317656
216	705	0	0	0	553317664
216	706	0	0	0	553317672
216	706	0	0	0	553317679
216	707	0	0	0	553317687
216	707	0	0	0	553317694
216	709	0	0	0	553317702
216	709	0	0	0	553317709
216	710	0	0	0	553317717
216	710	0	0	0	553317724
216	711	0	0	0	553317732
216	711	0	0	0	553317739
216	713	0	0	0	553317747
216	713	0	0	0	553317754
216	714	0	0	0	553317762
216	714	0	0	0	553317769
216	715	0	0	0	553317777
216	715	0	0	0	553317784
216	716	0	0	0	553317792
216	716	0	0	0	553317799
216	717	0	0	0	553317807
216	717	0	0	0	553317814
216	718	0	0	0	553317822
216	718	0	0	0	553317829
216	719	0	0	0	553317837
216	719	0	0	0	553317844
216	720	0	0	0	553317852
216	720	0	0	0	553317859
216	721	0	0	0	553317867
216	721	0	0	0	553317875
216	722	0	0	0	553317882
216	722	0	0	0	553317890
216	723	0	0	0	553317897
216	723	0	0	0	553317905
216	724	0	0	0	553317912
216	724	0	0	0	553317920
216	725	0	0	0	553317927
216	725	0	0	0	553317935
216	727	0	0	0	553317942
216	727	0	0	0	553317950
216	728	0	0	0	553317957
216	728	0	0	0	553317965
216	729	0	0	0	553317972
216	729	0	0	0	553317980
216	730	0	0	0	553317987
216	730	0	0	0	553317995
217	731	0	0	0	553318002
217	731	0	0	0	553318010
217	731	0	0	0	553318017
217	732	0	0	0	553318025
217	732	0	0	0	553318032
217	732	0	0	0	553318040
218	731	0	0	0	553318047
218	731	0	0	0	553318055
