38
150	19
218	353	0	0	0	551929529
218	352	0	0	0	551929536
218	352	0	0	0	551929544
218	352	0	0	0	551929551
218	351	0	0	0	551929559
218	351	0	0	0	551929566
218	351	0	0	0	551929574
218	351	0	0	0	551929581
218	351	0	0	0	551929589
218	351	0	0	0	551929596
218	351	0	0	0	551929604
218	351	0	0	0	551929611
218	353	0	0	0	551929619
218	353	0	0	0	551929626
218	354	0	0	0	551929634
217	356	0	0	0	551929641
217	357	0	0	0	551929649
217	359	0	0	0	551929657
217	361	0	0	0	551929664
217	363	0	0	0	551929672
217	365	0	0	0	551929679
217	368	0	0	0	551929687
217	371	0	0	0	551929694
217	373	0	0	0	551929702
216	376	0	0	0	551929709
216	379	0	0	0	551929717
216	382	0	0	0	551929724
216	384	0	0	0	551929732
216	387	0	0	0	551929739
216	390	0	0	0	551929747
215	393	0	0	0	551929754
215	396	0	0	0	551929762
215	399	0	0	0	551929769
215	402	0	0	0	551929777
215	405	0	0	0	551929784
215	408	0	0	0	551929792
215	411	0	0	0	551929799
214	413	0	0	0	551929807
214	416	0	0	0	551929814
214	419	0	0	0	551929822
214	421	0	0	0	551929829
214	424	0	0	0	551929837
214	427	0	0	0	551929844
213	429	0	0	0	551929852
213	432	0	0	0	551929860
214	435	0	0	0	551929867
214	438	0	0	0	551929875
214	441	0	0	0	551929882
214	444	0	0	0	551929890
214	447	0	0	0	551929897
214	450	0	0	0	551929905
214	453	0	0	0	551929912
214	455	0	0	0	551929920
214	458	0	0	0	551929927
214	461	0	0	0	551929935
214	464	0	0	0	551929942
214	466	0	0	0	551929950
214	469	0	0	0	551929957
214	472	0	0	0	551929965
214	475	0	0	0	551929972
213	478	0	0	0	551929980
213	481	0	0	0	551929987
213	484	0	0	0	551929995
213	487	0	0	0	551930002
213	490	0	0	0	551930010
212	494	0	0	0	551930017
212	497	0	0	0	551930025
212	501	0	0	0	551930032
211	505	0	0	0	551930040
211	509	0	0	0	551930047
210	513	0	0	0	551930055
210	517	0	0	0	551930063
210	521	0	0	0	551930070
209	526	0	0	0	551930078
209	530	0	0	0	551930085
209	534	0	0	0	551930093
209	539	0	0	0	551930100
209	544	0	0	0	551930108
209	549	0	0	0	551930115
209	554	0	0	0	551930123
209	559	0	0	0	551930130
209	564	0	0	0	551930138
209	569	0	0	0	551930145
209	574	0	0	0	551930153
209	579	0	0	0	551930160
209	585	0	0	0	551930168
209	590	0	0	0	551930175
209	596	0	0	0	551930183
209	601	0	0	0	551930190
209	607	0	0	0	551930198
209	612	0	0	0	551930205
209	618	0	0	0	551930213
208	623	0	0	0	551930220
208	628	0	0	0	551930228
208	634	0	0	0	551930235
208	639	0	0	0	551930243
208	644	0	0	0	551930250
208	650	0	0	0	551930258
208	655	0	0	0	551930266
208	660	0	0	0	551930273
208	665	0	0	0	551930281
208	670	0	0	0	551930288
208	674	0	0	0	551930296
208	679	0	0	0	551930303
208	683	0	0	0	551930311
208	687	0	0	0	551930318
209	691	0	0	0	551930326
209	696	0	0	0	551930333
209	700	0	0	0	551930341
209	703	0	0	0	551930348
209	707	0	0	0	551930356
209	711	0	0	0	551930363
210	714	0	0	0	551930371
210	718	0	0	0	551930378
210	721	0	0	0	551930386
210	723	0	0	0	551930393
210	726	0	0	0	551930401
210	728	0	0	0	551930408
210	730	0	0	0	551930416
210	732	0	0	0	551930423
210	734	0	0	0	551930431
210	735	0	0	0	551930438
210	737	0	0	0	551930446
210	738	0	0	0	551930453
210	740	0	0	0	551930461
210	741	0	0	0	551930469
210	743	0	0	0	551930476
210	744	0	0	0	551930484
210	746	0	0	0	551930491
210	747	0	0	0	551930499
210	748	0	0	0	551930506
210	749	0	0	0	551930514
210	751	0	0	0	551930521
210	752	0	0	0	551930529
210	754	0	0	0	551930536
210	755	0	0	0	551930544
210	757	0	0	0	551930551
210	759	0	0	0	551930559
210	760	0	0	0	551930566
210	762	0	0	0	551930574
210	764	0	0	0	551930581
211	765	0	0	0	551930589
211	767	0	0	0	551930596
211	768	0	0	0	551930604
211	770	0	0	0	551930611
211	771	0	0	0	551930619
211	772	0	0	0	551930626
211	773	0	0	0	551930634
211	773	0	0	0	551930641
211	773	0	0	0	551930649
39	1
205	308	0	0	0	551931182
205	308	0	0	0	551931189
204	308	0	0	0	551931197
204	308	0	0	0	551931204
203	308	0	0	0	551931212
203	308	0	0	0	551931219
202	308	0	0	0	551931227
202	308	0	0	0	551931235
201	309	0	0	0	551931242
200	310	0	0	0	551931250
199	311	0	0	0	551931257
198	313	0	0	0	551931265
197	315	0	0	0	551931272
196	317	0	0	0	551931280
194	320	0	0	0	551931287
193	323	0	0	0	551931295
192	326	0	0	0	551931302
191	328	0	0	0	551931310
190	330	0	0	0	551931317
190	331	0	0	0	551931325
190	333	0	0	0	551931332
190	333	0	0	0	551931340
190	333	0	0	0	551931347
191	332	0	0	0	551931355
192	330	0	0	0	551931362
193	329	0	0	0	551931370
194	326	0	0	0	551931377
195	323	0	0	0	551931385
196	320	0	0	0	551931392
198	317	0	0	0	551931400
199	314	0	0	0	551931407
200	311	0	0	0	551931415
201	308	0	0	0	551931422
202	306	0	0	0	551931430
203	304	0	0	0	551931438
204	302	0	0	0	551931445
205	300	0	0	0	551931453
206	299	0	0	0	551931460
206	298	0	0	0	551931468
20	1
206	298	0	0	0	551931475
207	298	0	0	0	551931483
207	298	0	0	0	551931490
208	299	0	0	0	551931498
208	300	0	0	0	551931505
209	302	0	0	0	551931513
209	304	0	0	0	551931520
210	306	0	0	0	551931528
210	308	0	0	0	551931535
211	311	0	0	0	551931543
211	313	0	0	0	551931550
211	315	0	0	0	551931558
211	317	0	0	0	551931565
211	319	0	0	0	551931573
211	321	0	0	0	551931580
210	323	0	0	0	551931588
210	324	0	0	0	551931595
209	325	0	0	0	551931603
208	326	0	0	0	551931610
207	327	0	0	0	551931618
16	1
194	327	0	0	0	551931723
194	327	0	0	0	551931731
194	327	0	0	0	551931738
195	327	0	0	0	551931746
196	327	0	0	0	551931753
198	326	0	0	0	551931761
200	326	0	0	0	551931768
202	325	0	0	0	551931776
204	325	0	0	0	551931783
206	324	0	0	0	551931791
208	324	0	0	0	551931798
209	324	0	0	0	551931806
210	324	0	0	0	551931813
210	324	0	0	0	551931821
210	324	0	0	0	551931828
211	324	0	0	0	551931836
125	19
314	351	0	0	0	551934076
314	351	0	0	0	551934083
314	350	0	0	0	551934091
314	350	0	0	0	551934098
314	350	0	0	0	551934106
314	350	0	0	0	551934113
314	350	0	0	0	551934121
314	350	0	0	0	551934128
314	350	0	0	0	551934136
314	350	0	0	0	551934143
314	350	0	0	0	551934151
315	351	0	0	0	551934158
315	352	0	0	0	551934166
315	353	0	0	0	551934173
315	355	0	0	0	551934181
315	356	0	0	0	551934188
315	358	0	0	0	551934196
315	361	0	0	0	551934203
315	363	0	0	0	551934211
315	366	0	0	0	551934219
315	369	0	0	0	551934226
315	372	0	0	0	551934234
315	375	0	0	0	551934241
315	378	0	0	0	551934249
315	382	0	0	0	551934256
315	386	0	0	0	551934264
315	389	0	0	0	551934271
315	393	0	0	0	551934279
316	397	0	0	0	551934286
316	401	0	0	0	551934294
316	405	0	0	0	551934301
316	410	0	0	0	551934309
317	414	0	0	0	551934316
317	419	0	0	0	551934324
317	424	0	0	0	551934331
317	429	0	0	0	551934339
317	434	0	0	0	551934346
317	439	0	0	0	551934354
318	444	0	0	0	551934361
318	450	0	0	0	551934369
318	455	0	0	0	551934376
319	461	0	0	0	551934384
319	466	0	0	0	551934391
320	471	0	0	0	551934399
320	477	0	0	0	551934406
320	482	0	0	0	551934414
321	488	0	0	0	551934422
321	494	0	0	0	551934429
321	500	0	0	0	551934437
322	506	0	0	0	551934444
322	512	0	0	0	551934452
322	518	0	0	0	551934459
322	525	0	0	0	551934467
322	531	0	0	0	551934474
322	538	0	0	0	551934482
323	544	0	0	0	551934489
323	550	0	0	0	551934497
323	555	0	0	0	551934504
324	561	0	0	0	551934512
324	567	0	0	0	551934519
324	572	0	0	0	551934527
324	578	0	0	0	551934534
324	584	0	0	0	551934542
325	590	0	0	0	551934549
325	596	0	0	0	551934557
324	601	0	0	0	551934564
324	607	0	0	0	551934572
324	613	0	0	0	551934579
324	618	0	0	0	551934587
324	623	0	0	0	551934594
324	628	0	0	0	551934602
324	632	0	0	0	551934609
324	636	0	0	0	551934617
324	641	0	0	0	551934625
324	645	0	0	0	551934632
324	650	0	0	0	551934640
324	655	0	0	0	551934647
324	660	0	0	0	551934655
324	665	0	0	0	551934662
324	670	0	0	0	551934670
324	675	0	0	0	551934677
324	679	0	0	0	551934685
324	683	0	0	0	551934692
324	687	0	0	0	551934700
324	690	0	0	0	551934707
324	693	0	0	0	551934715
323	696	0	0	0	551934722
323	698	0	0	0	551934730
323	700	0	0	0	551934737
323	703	0	0	0	551934745
323	705	0	0	0	551934752
323	707	0	0	0	551934760
323	709	0	0	0	551934767
323	711	0	0	0	551934775
323	713	0	0	0	551934782
323	715	0	0	0	551934790
323	717	0	0	0	551934797
323	718	0	0	0	551934805
323	720	0	0	0	551934812
323	721	0	0	0	551934820
324	722	0	0	0	551934828
324	724	0	0	0	551934835
324	725	0	0	0	551934843
324	726	0	0	0	551934850
324	728	0	0	0	551934858
324	729	0	0	0	551934865
324	730	0	0	0	551934873
324	732	0	0	0	551934880
324	733	0	0	0	551934888
325	735	0	0	0	551934895
325	737	0	0	0	551934903
325	739	0	0	0	551934910
325	741	0	0	0	551934918
325	743	0	0	0	551934925
325	746	0	0	0	551934933
324	748	0	0	0	551934940
324	750	0	0	0	551934948
324	752	0	0	0	551934955
324	753	0	0	0	551934963
324	754	0	0	0	551934970
324	754	0	0	0	551934978
324	754	0	0	0	551934985
323	753	0	0	0	551934993
322	753	0	0	0	551935000
322	752	0	0	0	551935008
20	5
291	293	0	0	0	551935662
291	293	0	0	0	551935670
291	293	0	0	0	551935677
291	293	0	0	0	551935685
291	293	0	0	0	551935692
291	293	0	0	0	551935700
291	294	0	0	0	551935707
292	296	0	0	0	551935715
292	297	0	0	0	551935722
293	299	0	0	0	551935730
293	301	0	0	0	551935737
293	303	0	0	0	551935745
293	306	0	0	0	551935752
293	308	0	0	0	551935760
293	311	0	0	0	551935767
293	313	0	0	0	551935775
293	315	0	0	0	551935782
293	317	0	0	0	551935790
293	318	0	0	0	551935797
293	319	0	0	0	551935805
32	5
288	291	0	0	0	551935934
288	290	0	0	0	551935941
288	289	0	0	0	551935949
288	288	0	0	0	551935956
289	287	0	0	0	551935964
289	287	0	0	0	551935971
290	286	0	0	0	551935979
291	285	0	0	0	551935986
292	284	0	0	0	551935994
293	284	0	0	0	551936001
295	283	0	0	0	551936009
297	282	0	0	0	551936016
299	282	0	0	0	551936024
301	281	0	0	0	551936031
303	280	0	0	0	551936039
305	280	0	0	0	551936047
307	280	0	0	0	551936054
308	280	0	0	0	551936062
308	281	0	0	0	551936069
309	282	0	0	0	551936077
309	283	0	0	0	551936084
308	284	0	0	0	551936092
307	286	0	0	0	551936099
306	288	0	0	0	551936107
305	289	0	0	0	551936114
303	291	0	0	0	551936122
302	293	0	0	0	551936129
301	294	0	0	0	551936137
299	295	0	0	0	551936144
299	296	0	0	0	551936152
298	297	0	0	0	551936159
298	297	0	0	0	551936167
35	5
298	297	0	0	0	551936174
298	297	0	0	0	551936182
299	297	0	0	0	551936189
299	296	0	0	0	551936197
300	296	0	0	0	551936204
301	296	0	0	0	551936212
302	295	0	0	0	551936219
304	295	0	0	0	551936227
305	295	0	0	0	551936234
306	295	0	0	0	551936242
308	296	0	0	0	551936250
309	297	0	0	0	551936257
310	298	0	0	0	551936265
312	299	0	0	0	551936272
312	300	0	0	0	551936280
313	302	0	0	0	551936287
313	304	0	0	0	551936295
313	306	0	0	0	551936302
312	307	0	0	0	551936310
311	309	0	0	0	551936317
310	311	0	0	0	551936325
308	313	0	0	0	551936332
306	315	0	0	0	551936340
304	316	0	0	0	551936347
302	318	0	0	0	551936355
300	319	0	0	0	551936362
298	320	0	0	0	551936370
296	320	0	0	0	551936377
295	320	0	0	0	551936385
294	320	0	0	0	551936392
293	320	0	0	0	551936400
292	320	0	0	0	551936407
292	320	0	0	0	551936415
291	320	0	0	0	551936422
291	320	0	0	0	551936430
47	19
361	512	0	0	0	551950943
361	512	0	0	0	551950951
361	512	0	0	0	551950958
361	511	0	0	0	551950966
361	511	0	0	0	551950973
361	511	0	0	0	551950981
361	511	0	0	0	551950988
361	511	0	0	0	551950996
361	511	0	0	0	551951003
361	511	0	0	0	551951011
361	511	0	0	0	551951018
361	511	0	0	0	551951026
362	512	0	0	0	551951033
362	513	0	0	0	551951041
362	514	0	0	0	551951048
362	515	0	0	0	551951056
362	517	0	0	0	551951063
362	519	0	0	0	551951071
362	522	0	0	0	551951078
362	524	0	0	0	551951086
362	527	0	0	0	551951093
362	530	0	0	0	551951101
362	533	0	0	0	551951109
362	535	0	0	0	551951116
362	538	0	0	0	551951124
362	541	0	0	0	551951131
362	544	0	0	0	551951139
362	547	0	0	0	551951146
362	549	0	0	0	551951154
362	552	0	0	0	551951161
362	555	0	0	0	551951169
362	558	0	0	0	551951176
362	560	0	0	0	551951184
362	563	0	0	0	551951191
362	565	0	0	0	551951199
362	567	0	0	0	551951206
362	569	0	0	0	551951214
362	571	0	0	0	551951221
362	572	0	0	0	551951229
362	573	0	0	0	551951236
362	573	0	0	0	551951244
362	575	0	0	0	551951251
362	575	0	0	0	551951259
362	575	0	0	0	551951266
362	575	0	0	0	551951274
362	574	0	0	0	551951281
362	572	0	0	0	551951289
95	19
358	514	0	0	0	551951598
358	514	0	0	0	551951606
359	513	0	0	0	551951613
359	513	0	0	0	551951621
360	513	0	0	0	551951628
361	513	0	0	0	551951636
363	512	0	0	0	551951643
364	512	0	0	0	551951651
366	512	0	0	0	551951658
367	512	0	0	0	551951666
369	512	0	0	0	551951673
371	512	0	0	0	551951681
374	512	0	0	0	551951688
376	512	0	0	0	551951696
378	513	0	0	0	551951703
381	513	0	0	0	551951711
383	513	0	0	0	551951719
386	514	0	0	0	551951726
388	514	0	0	0	551951734
390	515	0	0	0	551951741
393	515	0	0	0	551951749
395	516	0	0	0	551951756
397	517	0	0	0	551951764
399	517	0	0	0	551951771
401	518	0	0	0	551951779
403	519	0	0	0	551951786
404	520	0	0	0	551951794
406	521	0	0	0	551951801
408	522	0	0	0	551951809
409	523	0	0	0	551951816
411	525	0	0	0	551951824
412	526	0	0	0	551951831
414	527	0	0	0	551951839
415	529	0	0	0	551951846
417	530	0	0	0	551951854
418	531	0	0	0	551951861
419	532	0	0	0	551951869
420	534	0	0	0	551951876
421	535	0	0	0	551951884
422	536	0	0	0	551951891
423	538	0	0	0	551951899
423	539	0	0	0	551951906
423	541	0	0	0	551951914
423	542	0	0	0	551951922
423	544	0	0	0	551951929
423	546	0	0	0	551951937
422	548	0	0	0	551951944
422	550	0	0	0	551951952
421	552	0	0	0	551951959
421	554	0	0	0	551951967
420	556	0	0	0	551951974
419	557	0	0	0	551951982
419	559	0	0	0	551951989
418	561	0	0	0	551951997
417	563	0	0	0	551952004
416	564	0	0	0	551952012
416	565	0	0	0	551952019
415	566	0	0	0	551952027
414	568	0	0	0	551952034
413	569	0	0	0	551952042
411	570	0	0	0	551952049
410	570	0	0	0	551952057
408	571	0	0	0	551952064
407	572	0	0	0	551952072
405	573	0	0	0	551952079
403	574	0	0	0	551952087
402	575	0	0	0	551952094
400	576	0	0	0	551952102
399	576	0	0	0	551952109
397	577	0	0	0	551952117
396	578	0	0	0	551952125
395	578	0	0	0	551952132
393	579	0	0	0	551952140
392	579	0	0	0	551952147
391	579	0	0	0	551952155
389	579	0	0	0	551952162
388	579	0	0	0	551952170
386	579	0	0	0	551952177
384	579	0	0	0	551952185
382	579	0	0	0	551952192
380	579	0	0	0	551952200
378	579	0	0	0	551952207
375	579	0	0	0	551952215
373	579	0	0	0	551952222
370	580	0	0	0	551952230
368	580	0	0	0	551952237
365	580	0	0	0	551952245
363	581	0	0	0	551952252
362	581	0	0	0	551952260
360	581	0	0	0	551952267
360	581	0	0	0	551952275
360	581	0	0	0	551952282
360	581	0	0	0	551952290
360	580	0	0	0	551952297
361	579	0	0	0	551952305
92	19
203	521	0	0	0	551953090
204	521	0	0	0	551953097
205	521	0	0	0	551953105
206	520	0	0	0	551953112
208	520	0	0	0	551953120
209	520	0	0	0	551953127
211	521	0	0	0	551953135
212	521	0	0	0	551953142
214	521	0	0	0	551953150
217	521	0	0	0	551953157
219	521	0	0	0	551953165
221	521	0	0	0	551953172
224	522	0	0	0	551953180
226	522	0	0	0	551953188
229	522	0	0	0	551953195
232	522	0	0	0	551953203
234	522	0	0	0	551953210
237	522	0	0	0	551953218
239	522	0	0	0	551953225
242	523	0	0	0	551953233
244	523	0	0	0	551953240
246	523	0	0	0	551953248
249	523	0	0	0	551953255
251	523	0	0	0	551953263
254	523	0	0	0	551953270
256	524	0	0	0	551953278
258	524	0	0	0	551953285
260	524	0	0	0	551953293
262	524	0	0	0	551953300
265	525	0	0	0	551953308
267	525	0	0	0	551953315
270	525	0	0	0	551953323
272	525	0	0	0	551953330
275	525	0	0	0	551953338
278	525	0	0	0	551953345
280	525	0	0	0	551953353
283	525	0	0	0	551953360
285	525	0	0	0	551953368
288	525	0	0	0	551953375
290	525	0	0	0	551953383
293	525	0	0	0	551953391
295	525	0	0	0	551953398
297	525	0	0	0	551953406
299	525	0	0	0	551953413
301	525	0	0	0	551953421
303	525	0	0	0	551953428
306	525	0	0	0	551953436
308	525	0	0	0	551953443
310	525	0	0	0	551953451
311	526	0	0	0	551953458
313	526	0	0	0	551953466
315	526	0	0	0	551953473
317	526	0	0	0	551953481
319	526	0	0	0	551953488
320	526	0	0	0	551953496
322	526	0	0	0	551953503
324	526	0	0	0	551953511
325	526	0	0	0	551953518
327	526	0	0	0	551953526
328	527	0	0	0	551953533
330	527	0	0	0	551953541
331	527	0	0	0	551953548
333	527	0	0	0	551953556
334	527	0	0	0	551953563
335	527	0	0	0	551953571
337	527	0	0	0	551953578
338	528	0	0	0	551953586
339	528	0	0	0	551953594
340	528	0	0	0	551953601
341	528	0	0	0	551953609
342	528	0	0	0	551953616
342	528	0	0	0	551953624
343	528	0	0	0	551953631
344	528	0	0	0	551953639
345	528	0	0	0	551953646
345	528	0	0	0	551953654
346	528	0	0	0	551953661
346	528	0	0	0	551953669
348	528	0	0	0	551953676
348	528	0	0	0	551953684
349	528	0	0	0	551953691
349	528	0	0	0	551953699
350	528	0	0	0	551953706
350	528	0	0	0	551953714
350	528	0	0	0	551953721
350	527	0	0	0	551953729
350	527	0	0	0	551953736
350	527	0	0	0	551953744
351	527	0	0	0	551953751
351	527	0	0	0	551953759
352	527	0	0	0	551953766
352	527	0	0	0	551953774
63	19
313	567	0	0	0	551954323
313	567	0	0	0	551954330
315	566	0	0	0	551954338
316	566	0	0	0	551954345
317	566	0	0	0	551954353
318	566	0	0	0	551954360
319	565	0	0	0	551954368
321	565	0	0	0	551954375
322	565	0	0	0	551954383
324	565	0	0	0	551954390
325	565	0	0	0	551954398
327	565	0	0	0	551954406
328	565	0	0	0	551954413
329	565	0	0	0	551954421
331	565	0	0	0	551954428
332	565	0	0	0	551954436
333	565	0	0	0	551954443
335	565	0	0	0	551954451
335	565	0	0	0	551954458
337	565	0	0	0	551954466
337	565	0	0	0	551954473
338	565	0	0	0	551954481
339	564	0	0	0	551954488
340	564	0	0	0	551954496
341	564	0	0	0	551954503
342	564	0	0	0	551954511
343	564	0	0	0	551954518
343	564	0	0	0	551954526
343	564	0	0	0	551954533
345	564	0	0	0	551954541
345	564	0	0	0	551954548
346	564	0	0	0	551954556
346	564	0	0	0	551954563
347	565	0	0	0	551954571
347	565	0	0	0	551954578
349	565	0	0	0	551954586
349	565	0	0	0	551954593
350	565	0	0	0	551954601
351	565	0	0	0	551954609
351	565	0	0	0	551954616
352	565	0	0	0	551954624
353	565	0	0	0	551954631
354	565	0	0	0	551954639
355	565	0	0	0	551954646
356	565	0	0	0	551954654
357	565	0	0	0	551954661
358	566	0	0	0	551954669
359	566	0	0	0	551954676
360	566	0	0	0	551954684
361	566	0	0	0	551954691
362	566	0	0	0	551954699
362	566	0	0	0	551954706
363	566	0	0	0	551954714
364	566	0	0	0	551954721
365	566	0	0	0	551954729
366	566	0	0	0	551954736
367	565	0	0	0	551954744
368	565	0	0	0	551954751
368	565	0	0	0	551954759
370	565	0	0	0	551954766
370	565	0	0	0	551954774
371	565	0	0	0	551954781
371	565	0	0	0	551954789
55	19
431	547	0	0	0	551955524
431	546	0	0	0	551955531
431	546	0	0	0	551955539
431	546	0	0	0	551955547
431	546	0	0	0	551955554
431	546	0	0	0	551955562
430	545	0	0	0	551955569
430	545	0	0	0	551955577
429	546	0	0	0	551955584
428	546	0	0	0	551955592
427	547	0	0	0	551955599
426	547	0	0	0	551955607
425	548	0	0	0	551955614
424	549	0	0	0	551955622
423	550	0	0	0	551955629
422	552	0	0	0	551955637
422	553	0	0	0	551955644
421	554	0	0	0	551955652
421	555	0	0	0	551955659
422	556	0	0	0	551955667
422	557	0	0	0	551955674
423	558	0	0	0	551955682
423	559	0	0	0	551955689
424	559	0	0	0	551955697
426	560	0	0	0	551955704
427	560	0	0	0	551955712
428	560	0	0	0	551955719
430	560	0	0	0	551955727
431	559	0	0	0	551955734
433	559	0	0	0	551955742
434	559	0	0	0	551955750
435	558	0	0	0	551955757
436	557	0	0	0	551955765
437	556	0	0	0	551955772
438	555	0	0	0	551955780
438	554	0	0	0	551955787
438	553	0	0	0	551955795
438	552	0	0	0	551955802
438	551	0	0	0	551955810
438	550	0	0	0	551955817
438	549	0	0	0	551955825
437	548	0	0	0	551955832
437	547	0	0	0	551955840
437	547	0	0	0	551955847
435	546	0	0	0	551955855
435	545	0	0	0	551955862
434	545	0	0	0	551955870
433	544	0	0	0	551955877
432	544	0	0	0	551955885
432	544	0	0	0	551955892
431	544	0	0	0	551955900
431	544	0	0	0	551955907
431	544	0	0	0	551955915
431	544	0	0	0	551955922
431	545	0	0	0	551955930
43	19
442	554	0	0	0	551956395
443	553	0	0	0	551956403
443	553	0	0	0	551956410
443	553	0	0	0	551956418
444	553	0	0	0	551956425
444	553	0	0	0	551956433
445	553	0	0	0	551956440
445	553	0	0	0	551956448
447	553	0	0	0	551956455
447	553	0	0	0	551956463
448	553	0	0	0	551956470
449	554	0	0	0	551956478
449	554	0	0	0	551956485
449	554	0	0	0	551956493
451	554	0	0	0	551956500
452	554	0	0	0	551956508
453	554	0	0	0	551956515
453	554	0	0	0	551956523
454	554	0	0	0	551956531
455	554	0	0	0	551956538
456	554	0	0	0	551956546
457	554	0	0	0	551956553
458	555	0	0	0	551956561
459	555	0	0	0	551956568
460	555	0	0	0	551956576
461	555	0	0	0	551956583
462	555	0	0	0	551956591
463	555	0	0	0	551956598
464	555	0	0	0	551956606
465	555	0	0	0	551956613
466	555	0	0	0	551956621
466	555	0	0	0	551956628
467	555	0	0	0	551956636
468	555	0	0	0	551956643
469	555	0	0	0	551956651
470	555	0	0	0	551956658
470	555	0	0	0	551956666
471	556	0	0	0	551956673
471	556	0	0	0	551956681
472	556	0	0	0	551956688
472	556	0	0	0	551956696
472	556	0	0	0	551956703
472	556	0	0	0	551956711
43	19
503	420	0	0	0	551957692
503	420	0	0	0	551957700
503	419	0	0	0	551957707
503	419	0	0	0	551957715
503	419	0	0	0	551957722
503	419	0	0	0	551957730
503	420	0	0	0	551957737
502	421	0	0	0	551957745
503	422	0	0	0	551957752
503	423	0	0	0	551957760
503	424	0	0	0	551957767
503	426	0	0	0	551957775
503	428	0	0	0	551957782
504	430	0	0	0	551957790
504	432	0	0	0	551957797
504	434	0	0	0	551957805
504	437	0	0	0	551957812
504	439	0	0	0	551957820
504	442	0	0	0	551957828
504	445	0	0	0	551957835
504	447	0	0	0	551957843
503	450	0	0	0	551957850
503	452	0	0	0	551957858
502	454	0	0	0	551957865
502	456	0	0	0	551957873
501	458	0	0	0	551957880
501	461	0	0	0	551957888
500	463	0	0	0	551957895
500	465	0	0	0	551957903
499	467	0	0	0	551957910
499	469	0	0	0	551957918
498	470	0	0	0	551957925
498	472	0	0	0	551957933
498	474	0	0	0	551957940
498	475	0	0	0	551957948
498	477	0	0	0	551957955
498	478	0	0	0	551957963
498	479	0	0	0	551957970
498	480	0	0	0	551957978
498	480	0	0	0	551957985
499	481	0	0	0	551957993
499	481	0	0	0	551958000
500	480	0	0	0	551958008
117	19
501	422	0	0	0	551958277
501	422	0	0	0	551958284
501	422	0	0	0	551958292
502	421	0	0	0	551958299
502	421	0	0	0	551958307
503	421	0	0	0	551958314
503	421	0	0	0	551958322
504	421	0	0	0	551958329
506	421	0	0	0	551958337
507	421	0	0	0	551958344
509	420	0	0	0	551958352
510	420	0	0	0	551958360
513	420	0	0	0	551958367
515	420	0	0	0	551958375
518	420	0	0	0	551958382
520	419	0	0	0	551958390
523	419	0	0	0	551958397
526	419	0	0	0	551958405
529	419	0	0	0	551958412
532	419	0	0	0	551958420
535	420	0	0	0	551958427
538	420	0	0	0	551958435
541	420	0	0	0	551958442
544	421	0	0	0	551958450
547	421	0	0	0	551958457
550	422	0	0	0	551958465
553	423	0	0	0	551958472
556	424	0	0	0	551958480
558	425	0	0	0	551958487
561	426	0	0	0	551958495
563	428	0	0	0	551958502
565	429	0	0	0	551958510
567	430	0	0	0	551958517
569	432	0	0	0	551958525
571	433	0	0	0	551958532
573	434	0	0	0	551958540
575	436	0	0	0	551958547
577	437	0	0	0	551958555
578	438	0	0	0	551958563
580	440	0	0	0	551958570
581	441	0	0	0	551958578
583	443	0	0	0	551958585
584	444	0	0	0	551958593
586	445	0	0	0	551958600
587	446	0	0	0	551958608
588	448	0	0	0	551958615
590	449	0	0	0	551958623
591	450	0	0	0	551958630
592	451	0	0	0	551958638
593	453	0	0	0	551958645
594	454	0	0	0	551958653
594	455	0	0	0	551958660
595	456	0	0	0	551958668
595	457	0	0	0	551958675
595	459	0	0	0	551958683
595	460	0	0	0	551958690
594	461	0	0	0	551958698
594	463	0	0	0	551958705
593	464	0	0	0	551958713
591	465	0	0	0	551958720
590	466	0	0	0	551958728
589	468	0	0	0	551958735
587	469	0	0	0	551958743
585	470	0	0	0	551958750
584	471	0	0	0	551958758
582	472	0	0	0	551958766
580	473	0	0	0	551958773
578	473	0	0	0	551958781
576	474	0	0	0	551958788
574	475	0	0	0	551958796
572	476	0	0	0	551958803
570	476	0	0	0	551958811
568	477	0	0	0	551958818
566	477	0	0	0	551958826
564	478	0	0	0	551958833
562	478	0	0	0	551958841
561	479	0	0	0	551958848
559	479	0	0	0	551958856
557	480	0	0	0	551958863
555	480	0	0	0	551958871
554	481	0	0	0	551958878
552	481	0	0	0	551958886
550	481	0	0	0	551958893
548	482	0	0	0	551958901
546	482	0	0	0	551958908
544	483	0	0	0	551958916
543	483	0	0	0	551958923
541	483	0	0	0	551958931
539	484	0	0	0	551958938
537	484	0	0	0	551958946
536	484	0	0	0	551958953
534	484	0	0	0	551958961
533	484	0	0	0	551958969
531	484	0	0	0	551958976
530	484	0	0	0	551958984
528	484	0	0	0	551958991
527	484	0	0	0	551958999
525	484	0	0	0	551959006
524	484	0	0	0	551959014
522	484	0	0	0	551959021
520	484	0	0	0	551959029
518	484	0	0	0	551959036
516	484	0	0	0	551959044
514	484	0	0	0	551959051
512	485	0	0	0	551959059
510	485	0	0	0	551959066
507	485	0	0	0	551959074
505	485	0	0	0	551959081
503	485	0	0	0	551959089
500	485	0	0	0	551959096
498	484	0	0	0	551959104
495	484	0	0	0	551959111
493	484	0	0	0	551959119
491	484	0	0	0	551959126
490	484	0	0	0	551959134
488	483	0	0	0	551959141
487	483	0	0	0	551959149
123	19
208	427	0	0	0	551960294
208	427	0	0	0	551960301
208	427	0	0	0	551960309
209	426	0	0	0	551960316
209	426	0	0	0	551960324
211	426	0	0	0	551960331
212	427	0	0	0	551960339
213	427	0	0	0	551960346
215	427	0	0	0	551960354
217	428	0	0	0	551960361
220	428	0	0	0	551960369
223	429	0	0	0	551960376
226	429	0	0	0	551960384
229	430	0	0	0	551960391
233	431	0	0	0	551960399
237	432	0	0	0	551960406
241	433	0	0	0	551960414
245	433	0	0	0	551960422
250	434	0	0	0	551960429
254	435	0	0	0	551960437
259	435	0	0	0	551960444
264	436	0	0	0	551960452
269	436	0	0	0	551960459
274	437	0	0	0	551960467
279	438	0	0	0	551960474
285	438	0	0	0	551960482
290	439	0	0	0	551960489
295	439	0	0	0	551960497
300	439	0	0	0	551960504
305	439	0	0	0	551960512
311	439	0	0	0	551960519
316	439	0	0	0	551960527
321	438	0	0	0	551960534
326	438	0	0	0	551960542
330	438	0	0	0	551960549
335	437	0	0	0	551960557
339	437	0	0	0	551960564
343	437	0	0	0	551960572
347	437	0	0	0	551960579
351	437	0	0	0	551960587
354	437	0	0	0	551960594
358	437	0	0	0	551960602
361	436	0	0	0	551960609
365	436	0	0	0	551960617
368	436	0	0	0	551960625
372	436	0	0	0	551960632
375	436	0	0	0	551960640
379	436	0	0	0	551960647
382	436	0	0	0	551960655
386	436	0	0	0	551960662
389	436	0	0	0	551960670
393	436	0	0	0	551960677
396	436	0	0	0	551960685
399	436	0	0	0	551960692
402	437	0	0	0	551960700
405	437	0	0	0	551960707
408	437	0	0	0	551960715
410	437	0	0	0	551960722
413	438	0	0	0	551960730
415	438	0	0	0	551960737
418	438	0	0	0	551960745
421	438	0	0	0	551960752
423	438	0	0	0	551960760
426	438	0	0	0	551960767
428	438	0	0	0	551960775
431	438	0	0	0	551960782
433	438	0	0	0	551960790
435	438	0	0	0	551960797
437	438	0	0	0	551960805
439	438	0	0	0	551960812
441	438	0	0	0	551960820
442	438	0	0	0	551960828
444	439	0	0	0	551960835
446	439	0	0	0	551960843
447	439	0	0	0	551960850
449	439	0	0	0	551960858
451	439	0	0	0	551960865
452	439	0	0	0	551960873
453	439	0	0	0	551960880
455	439	0	0	0	551960888
456	439	0	0	0	551960895
457	439	0	0	0	551960903
459	439	0	0	0	551960910
460	439	0	0	0	551960918
462	439	0	0	0	551960925
463	439	0	0	0	551960933
464	439	0	0	0	551960940
466	439	0	0	0	551960948
467	439	0	0	0	551960955
469	439	0	0	0	551960963
470	439	0	0	0	551960970
471	439	0	0	0	551960978
472	439	0	0	0	551960985
473	439	0	0	0	551960993
474	439	0	0	0	551961000
475	439	0	0	0	551961008
476	439	0	0	0	551961015
477	439	0	0	0	551961023
478	439	0	0	0	551961031
479	439	0	0	0	551961038
480	439	0	0	0	551961046
480	440	0	0	0	551961053
481	440	0	0	0	551961061
481	440	0	0	0	551961068
482	440	0	0	0	551961076
482	440	0	0	0	551961083
484	440	0	0	0	551961091
484	440	0	0	0	551961098
484	441	0	0	0	551961106
484	441	0	0	0	551961113
485	441	0	0	0	551961121
485	441	0	0	0	551961128
485	441	0	0	0	551961136
486	441	0	0	0	551961143
486	441	0	0	0	551961151
486	441	0	0	0	551961158
486	441	0	0	0	551961166
486	441	0	0	0	551961173
486	441	0	0	0	551961181
486	441	0	0	0	551961188
486	441	0	0	0	551961196
485	442	0	0	0	551961203
485	442	0	0	0	551961211
78	19
469	552	0	0	0	551961886
468	551	0	0	0	551961893
468	550	0	0	0	551961901
467	549	0	0	0	551961908
467	548	0	0	0	551961916
467	546	0	0	0	551961923
466	546	0	0	0	551961931
466	544	0	0	0	551961938
466	543	0	0	0	551961946
465	542	0	0	0	551961953
465	541	0	0	0	551961961
465	540	0	0	0	551961969
465	538	0	0	0	551961976
465	537	0	0	0	551961984
465	536	0	0	0	551961991
464	534	0	0	0	551961999
464	532	0	0	0	551962006
464	531	0	0	0	551962014
464	529	0	0	0	551962021
464	528	0	0	0	551962029
464	526	0	0	0	551962036
464	524	0	0	0	551962044
463	523	0	0	0	551962051
463	521	0	0	0	551962059
463	519	0	0	0	551962066
462	518	0	0	0	551962074
462	516	0	0	0	551962081
462	514	0	0	0	551962089
461	513	0	0	0	551962096
461	512	0	0	0	551962104
460	510	0	0	0	551962111
460	509	0	0	0	551962119
459	508	0	0	0	551962126
459	506	0	0	0	551962134
458	505	0	0	0	551962141
458	504	0	0	0	551962149
458	503	0	0	0	551962156
457	502	0	0	0	551962164
457	501	0	0	0	551962172
457	500	0	0	0	551962179
457	499	0	0	0	551962187
457	498	0	0	0	551962194
457	497	0	0	0	551962202
457	496	0	0	0	551962209
458	494	0	0	0	551962217
458	493	0	0	0	551962224
458	492	0	0	0	551962232
459	491	0	0	0	551962239
459	491	0	0	0	551962247
459	490	0	0	0	551962254
460	489	0	0	0	551962262
460	488	0	0	0	551962269
460	487	0	0	0	551962277
460	486	0	0	0	551962284
460	485	0	0	0	551962292
460	484	0	0	0	551962299
460	483	0	0	0	551962307
460	482	0	0	0	551962314
460	481	0	0	0	551962322
460	480	0	0	0	551962329
460	479	0	0	0	551962337
459	478	0	0	0	551962344
459	478	0	0	0	551962352
459	477	0	0	0	551962359
459	477	0	0	0	551962367
458	476	0	0	0	551962375
458	476	0	0	0	551962382
458	474	0	0	0	551962390
458	474	0	0	0	551962397
458	473	0	0	0	551962405
458	473	0	0	0	551962412
458	472	0	0	0	551962420
458	472	0	0	0	551962427
459	471	0	0	0	551962435
459	471	0	0	0	551962442
459	470	0	0	0	551962450
459	470	0	0	0	551962457
459	470	0	0	0	551962465
66	19
460	470	0	0	0	551962472
460	470	0	0	0	551962480
460	470	0	0	0	551962487
460	469	0	0	0	551962495
460	469	0	0	0	551962502
460	469	0	0	0	551962510
462	469	0	0	0	551962517
462	469	0	0	0	551962525
463	469	0	0	0	551962532
463	469	0	0	0	551962540
464	470	0	0	0	551962547
464	470	0	0	0	551962555
466	470	0	0	0	551962562
466	470	0	0	0	551962570
467	470	0	0	0	551962578
467	470	0	0	0	551962585
468	470	0	0	0	551962593
468	470	0	0	0	551962600
468	470	0	0	0	551962608
468	470	0	0	0	551962615
468	471	0	0	0	551962623
468	471	0	0	0	551962630
468	471	0	0	0	551962638
469	471	0	0	0	551962645
469	471	0	0	0	551962653
470	471	0	0	0	551962660
471	471	0	0	0	551962668
472	471	0	0	0	551962675
473	471	0	0	0	551962683
474	470	0	0	0	551962690
475	470	0	0	0	551962698
475	470	0	0	0	551962705
476	470	0	0	0	551962713
476	470	0	0	0	551962720
477	469	0	0	0	551962728
477	469	0	0	0	551962735
478	469	0	0	0	551962743
478	469	0	0	0	551962750
479	469	0	0	0	551962758
479	469	0	0	0	551962765
480	469	0	0	0	551962773
480	469	0	0	0	551962781
481	469	0	0	0	551962788
481	469	0	0	0	551962796
481	469	0	0	0	551962803
482	469	0	0	0	551962811
482	469	0	0	0	551962818
482	469	0	0	0	551962826
482	469	0	0	0	551962833
482	469	0	0	0	551962841
482	469	0	0	0	551962848
482	469	0	0	0	551962856
483	470	0	0	0	551962863
483	470	0	0	0	551962871
483	470	0	0	0	551962878
484	471	0	0	0	551962886
485	471	0	0	0	551962893
485	471	0	0	0	551962901
486	471	0	0	0	551962908
486	471	0	0	0	551962916
487	471	0	0	0	551962923
487	471	0	0	0	551962931
488	471	0	0	0	551962938
488	471	0	0	0	551962946
488	471	0	0	0	551962953
488	471	0	0	0	551962961
38	19
475	640	0	0	0	551964293
475	640	0	0	0	551964300
475	640	0	0	0	551964308
476	640	0	0	0	551964315
476	640	0	0	0	551964323
477	640	0	0	0	551964330
477	640	0	0	0	551964338
478	642	0	0	0	551964345
478	643	0	0	0	551964353
479	644	0	0	0	551964360
479	646	0	0	0	551964368
479	648	0	0	0	551964375
479	651	0	0	0	551964383
479	654	0	0	0	551964391
479	658	0	0	0	551964398
479	662	0	0	0	551964406
478	665	0	0	0	551964413
478	669	0	0	0	551964421
477	673	0	0	0	551964428
477	677	0	0	0	551964436
476	681	0	0	0	551964443
476	685	0	0	0	551964451
476	688	0	0	0	551964458
475	692	0	0	0	551964466
475	695	0	0	0	551964473
475	698	0	0	0	551964481
475	701	0	0	0	551964488
475	703	0	0	0	551964496
475	706	0	0	0	551964503
475	708	0	0	0	551964511
475	710	0	0	0	551964518
476	711	0	0	0	551964526
476	713	0	0	0	551964533
476	714	0	0	0	551964541
476	714	0	0	0	551964548
477	715	0	0	0	551964556
477	715	0	0	0	551964563
478	715	0	0	0	551964571
106	19
472	643	0	0	0	551964907
472	643	0	0	0	551964914
473	642	0	0	0	551964922
473	642	0	0	0	551964929
474	642	0	0	0	551964937
475	642	0	0	0	551964944
476	641	0	0	0	551964952
477	641	0	0	0	551964959
479	641	0	0	0	551964967
481	641	0	0	0	551964974
482	641	0	0	0	551964982
485	641	0	0	0	551964989
487	641	0	0	0	551964997
489	642	0	0	0	551965004
492	642	0	0	0	551965012
494	642	0	0	0	551965019
497	642	0	0	0	551965027
499	643	0	0	0	551965034
501	643	0	0	0	551965042
503	644	0	0	0	551965049
505	644	0	0	0	551965057
507	645	0	0	0	551965064
509	646	0	0	0	551965072
511	646	0	0	0	551965079
513	647	0	0	0	551965087
515	648	0	0	0	551965094
517	649	0	0	0	551965102
518	650	0	0	0	551965110
520	651	0	0	0	551965117
522	652	0	0	0	551965125
524	653	0	0	0	551965132
526	654	0	0	0	551965140
527	655	0	0	0	551965147
529	656	0	0	0	551965155
531	658	0	0	0	551965162
532	659	0	0	0	551965170
534	660	0	0	0	551965177
536	661	0	0	0	551965185
537	663	0	0	0	551965192
539	664	0	0	0	551965200
540	665	0	0	0	551965207
542	667	0	0	0	551965215
543	668	0	0	0	551965222
544	669	0	0	0	551965230
545	671	0	0	0	551965237
546	672	0	0	0	551965245
546	673	0	0	0	551965252
547	674	0	0	0	551965260
547	676	0	0	0	551965267
548	677	0	0	0	551965275
549	679	0	0	0	551965282
549	680	0	0	0	551965290
549	682	0	0	0	551965297
550	683	0	0	0	551965305
550	685	0	0	0	551965313
550	686	0	0	0	551965320
551	688	0	0	0	551965328
551	690	0	0	0	551965335
551	691	0	0	0	551965343
551	692	0	0	0	551965350
551	694	0	0	0	551965358
551	695	0	0	0	551965365
552	697	0	0	0	551965373
552	698	0	0	0	551965380
552	699	0	0	0	551965388
552	701	0	0	0	551965395
551	702	0	0	0	551965403
551	703	0	0	0	551965410
550	705	0	0	0	551965418
550	706	0	0	0	551965425
549	708	0	0	0	551965433
548	709	0	0	0	551965440
547	710	0	0	0	551965448
546	712	0	0	0	551965455
546	713	0	0	0	551965463
545	714	0	0	0	551965470
544	715	0	0	0	551965478
544	716	0	0	0	551965485
543	717	0	0	0	551965493
542	718	0	0	0	551965500
540	719	0	0	0	551965508
539	720	0	0	0	551965516
538	721	0	0	0	551965523
536	722	0	0	0	551965531
535	723	0	0	0	551965538
533	723	0	0	0	551965546
532	724	0	0	0	551965553
530	725	0	0	0	551965561
528	725	0	0	0	551965568
525	725	0	0	0	551965576
523	726	0	0	0	551965583
520	726	0	0	0	551965591
517	726	0	0	0	551965598
514	726	0	0	0	551965606
511	727	0	0	0	551965613
507	727	0	0	0	551965621
504	727	0	0	0	551965628
500	727	0	0	0	551965636
497	726	0	0	0	551965643
493	726	0	0	0	551965651
490	726	0	0	0	551965658
487	725	0	0	0	551965666
484	724	0	0	0	551965673
482	723	0	0	0	551965681
479	722	0	0	0	551965688
478	720	0	0	0	551965696
117	19
466	559	0	0	0	551966824
466	559	0	0	0	551966831
466	559	0	0	0	551966839
466	559	0	0	0	551966846
466	559	0	0	0	551966854
466	559	0	0	0	551966861
466	559	0	0	0	551966869
466	559	0	0	0	551966876
466	559	0	0	0	551966884
466	561	0	0	0	551966891
465	561	0	0	0	551966899
465	562	0	0	0	551966907
465	563	0	0	0	551966914
465	564	0	0	0	551966922
464	566	0	0	0	551966929
464	567	0	0	0	551966937
464	569	0	0	0	551966944
463	570	0	0	0	551966952
463	572	0	0	0	551966959
462	574	0	0	0	551966967
462	576	0	0	0	551966974
461	578	0	0	0	551966982
461	580	0	0	0	551966989
460	582	0	0	0	551966997
460	584	0	0	0	551967004
459	586	0	0	0	551967012
459	588	0	0	0	551967019
458	590	0	0	0	551967027
458	592	0	0	0	551967034
457	595	0	0	0	551967042
457	597	0	0	0	551967049
456	599	0	0	0	551967057
456	601	0	0	0	551967064
455	604	0	0	0	551967072
454	606	0	0	0	551967079
454	608	0	0	0	551967087
454	611	0	0	0	551967094
453	613	0	0	0	551967102
453	615	0	0	0	551967110
453	617	0	0	0	551967117
452	618	0	0	0	551967125
452	620	0	0	0	551967132
452	622	0	0	0	551967140
452	624	0	0	0	551967147
452	625	0	0	0	551967155
452	627	0	0	0	551967162
452	629	0	0	0	551967170
452	630	0	0	0	551967177
452	632	0	0	0	551967185
452	633	0	0	0	551967192
452	635	0	0	0	551967200
452	636	0	0	0	551967207
453	638	0	0	0	551967215
453	639	0	0	0	551967222
453	640	0	0	0	551967230
453	641	0	0	0	551967237
453	642	0	0	0	551967245
453	643	0	0	0	551967252
453	644	0	0	0	551967260
453	645	0	0	0	551967267
453	647	0	0	0	551967275
453	648	0	0	0	551967282
453	649	0	0	0	551967290
453	650	0	0	0	551967297
453	651	0	0	0	551967305
453	652	0	0	0	551967313
453	653	0	0	0	551967320
453	654	0	0	0	551967328
453	655	0	0	0	551967335
453	656	0	0	0	551967343
452	656	0	0	0	551967350
452	656	0	0	0	551967358
452	658	0	0	0	551967365
452	658	0	0	0	551967373
452	659	0	0	0	551967380
452	659	0	0	0	551967388
452	660	0	0	0	551967395
452	661	0	0	0	551967403
452	662	0	0	0	551967410
452	662	0	0	0	551967418
452	663	0	0	0	551967425
452	663	0	0	0	551967433
452	665	0	0	0	551967440
452	665	0	0	0	551967448
453	665	0	0	0	551967455
453	665	0	0	0	551967463
453	666	0	0	0	551967470
453	666	0	0	0	551967478
453	666	0	0	0	551967485
454	667	0	0	0	551967493
454	667	0	0	0	551967500
454	667	0	0	0	551967508
454	667	0	0	0	551967516
454	667	0	0	0	551967523
454	667	0	0	0	551967531
454	667	0	0	0	551967538
454	667	0	0	0	551967546
454	667	0	0	0	551967553
454	667	0	0	0	551967561
454	668	0	0	0	551967568
454	668	0	0	0	551967576
454	668	0	0	0	551967583
455	668	0	0	0	551967591
455	668	0	0	0	551967598
457	667	0	0	0	551967606
457	667	0	0	0	551967613
458	667	0	0	0	551967621
459	667	0	0	0	551967628
461	667	0	0	0	551967636
462	667	0	0	0	551967643
464	666	0	0	0	551967651
465	666	0	0	0	551967658
467	666	0	0	0	551967666
468	666	0	0	0	551967673
470	666	0	0	0	551967681
471	665	0	0	0	551967688
471	665	0	0	0	551967696
92	19
323	711	0	0	0	551968262
324	711	0	0	0	551968269
326	710	0	0	0	551968277
327	710	0	0	0	551968284
329	709	0	0	0	551968292
331	709	0	0	0	551968299
333	709	0	0	0	551968307
336	708	0	0	0	551968314
339	708	0	0	0	551968322
342	708	0	0	0	551968329
345	708	0	0	0	551968337
348	708	0	0	0	551968344
351	708	0	0	0	551968352
354	708	0	0	0	551968360
357	708	0	0	0	551968367
360	708	0	0	0	551968375
363	708	0	0	0	551968382
366	708	0	0	0	551968390
369	708	0	0	0	551968397
372	707	0	0	0	551968405
374	707	0	0	0	551968412
377	707	0	0	0	551968420
379	706	0	0	0	551968427
382	706	0	0	0	551968435
384	706	0	0	0	551968442
387	706	0	0	0	551968450
389	705	0	0	0	551968457
391	705	0	0	0	551968465
393	705	0	0	0	551968472
395	705	0	0	0	551968480
397	705	0	0	0	551968487
399	705	0	0	0	551968495
401	705	0	0	0	551968502
402	705	0	0	0	551968510
404	704	0	0	0	551968517
406	704	0	0	0	551968525
408	704	0	0	0	551968532
410	704	0	0	0	551968540
412	704	0	0	0	551968547
414	704	0	0	0	551968555
416	704	0	0	0	551968563
417	704	0	0	0	551968570
419	704	0	0	0	551968578
420	704	0	0	0	551968585
422	704	0	0	0	551968593
423	703	0	0	0	551968600
425	703	0	0	0	551968608
426	703	0	0	0	551968615
427	703	0	0	0	551968623
428	703	0	0	0	551968630
430	703	0	0	0	551968638
431	703	0	0	0	551968645
432	703	0	0	0	551968653
434	703	0	0	0	551968660
435	703	0	0	0	551968668
437	703	0	0	0	551968675
438	703	0	0	0	551968683
440	703	0	0	0	551968690
441	702	0	0	0	551968698
442	702	0	0	0	551968705
443	702	0	0	0	551968713
444	702	0	0	0	551968720
446	702	0	0	0	551968728
447	702	0	0	0	551968735
448	702	0	0	0	551968743
449	702	0	0	0	551968750
449	702	0	0	0	551968758
451	702	0	0	0	551968766
451	701	0	0	0	551968773
452	701	0	0	0	551968781
453	701	0	0	0	551968788
454	701	0	0	0	551968796
455	701	0	0	0	551968803
456	701	0	0	0	551968811
456	701	0	0	0	551968818
457	701	0	0	0	551968826
458	701	0	0	0	551968833
458	701	0	0	0	551968841
459	700	0	0	0	551968848
459	700	0	0	0	551968856
461	700	0	0	0	551968863
461	700	0	0	0	551968871
462	700	0	0	0	551968878
462	700	0	0	0	551968886
463	699	0	0	0	551968893
463	699	0	0	0	551968901
465	699	0	0	0	551968908
465	699	0	0	0	551968916
466	699	0	0	0	551968923
467	698	0	0	0	551968931
467	698	0	0	0	551968938
469	697	0	0	0	551968946
64	19
606	452	0	0	0	551969581
606	452	0	0	0	551969589
606	451	0	0	0	551969596
606	451	0	0	0	551969604
606	451	0	0	0	551969611
607	450	0	0	0	551969619
607	450	0	0	0	551969626
607	450	0	0	0	551969634
607	450	0	0	0	551969641
606	450	0	0	0	551969649
606	450	0	0	0	551969656
605	451	0	0	0	551969664
604	451	0	0	0	551969672
603	452	0	0	0	551969679
603	453	0	0	0	551969687
602	454	0	0	0	551969694
602	456	0	0	0	551969702
602	457	0	0	0	551969709
602	458	0	0	0	551969717
602	459	0	0	0	551969724
602	460	0	0	0	551969732
602	462	0	0	0	551969739
603	463	0	0	0	551969747
604	464	0	0	0	551969754
604	465	0	0	0	551969762
605	466	0	0	0	551969769
606	467	0	0	0	551969777
606	468	0	0	0	551969784
607	468	0	0	0	551969792
608	469	0	0	0	551969799
609	469	0	0	0	551969807
610	469	0	0	0	551969814
611	469	0	0	0	551969822
612	468	0	0	0	551969829
613	468	0	0	0	551969837
615	468	0	0	0	551969844
616	467	0	0	0	551969852
617	466	0	0	0	551969859
618	466	0	0	0	551969867
618	466	0	0	0	551969875
619	464	0	0	0	551969882
619	464	0	0	0	551969890
619	463	0	0	0	551969897
619	462	0	0	0	551969905
619	462	0	0	0	551969912
619	461	0	0	0	551969920
619	461	0	0	0	551969927
618	460	0	0	0	551969935
618	460	0	0	0	551969942
616	458	0	0	0	551969950
616	458	0	0	0	551969957
614	457	0	0	0	551969965
613	457	0	0	0	551969972
611	457	0	0	0	551969980
610	456	0	0	0	551969987
608	457	0	0	0	551969995
606	457	0	0	0	551970002
604	457	0	0	0	551970010
603	457	0	0	0	551970017
602	457	0	0	0	551970025
601	458	0	0	0	551970032
601	458	0	0	0	551970040
600	458	0	0	0	551970047
600	458	0	0	0	551970055
71	19
563	688	0	0	0	551970826
563	688	0	0	0	551970833
562	688	0	0	0	551970841
562	688	0	0	0	551970848
561	687	0	0	0	551970856
561	687	0	0	0	551970863
559	687	0	0	0	551970871
559	687	0	0	0	551970878
558	687	0	0	0	551970886
558	687	0	0	0	551970893
556	688	0	0	0	551970901
555	688	0	0	0	551970908
554	689	0	0	0	551970916
554	690	0	0	0	551970923
553	690	0	0	0	551970931
552	691	0	0	0	551970938
551	692	0	0	0	551970946
551	693	0	0	0	551970953
550	694	0	0	0	551970961
550	695	0	0	0	551970969
549	697	0	0	0	551970976
549	698	0	0	0	551970984
549	699	0	0	0	551970991
549	700	0	0	0	551970999
550	701	0	0	0	551971006
550	702	0	0	0	551971014
551	703	0	0	0	551971021
552	704	0	0	0	551971029
554	704	0	0	0	551971036
555	705	0	0	0	551971044
556	705	0	0	0	551971051
558	705	0	0	0	551971059
559	705	0	0	0	551971066
561	705	0	0	0	551971074
562	704	0	0	0	551971081
564	704	0	0	0	551971089
565	703	0	0	0	551971096
567	703	0	0	0	551971104
568	702	0	0	0	551971111
570	702	0	0	0	551971119
571	701	0	0	0	551971126
572	700	0	0	0	551971134
573	699	0	0	0	551971141
573	699	0	0	0	551971149
575	698	0	0	0	551971156
575	698	0	0	0	551971164
575	697	0	0	0	551971172
575	697	0	0	0	551971179
575	696	0	0	0	551971187
575	696	0	0	0	551971194
575	695	0	0	0	551971202
575	695	0	0	0	551971209
575	693	0	0	0	551971217
575	693	0	0	0	551971224
574	692	0	0	0	551971232
574	692	0	0	0	551971239
573	690	0	0	0	551971247
573	690	0	0	0	551971254
571	689	0	0	0	551971262
570	689	0	0	0	551971269
570	688	0	0	0	551971277
569	688	0	0	0	551971284
568	687	0	0	0	551971292
568	687	0	0	0	551971299
567	686	0	0	0	551971307
567	686	0	0	0	551971314
566	687	0	0	0	551971322
566	687	0	0	0	551971329
566	687	0	0	0	551971337
566	687	0	0	0	551971344
566	687	0	0	0	551971352
33	19
623	465	0	0	0	551972085
623	465	0	0	0	551972093
623	465	0	0	0	551972100
623	465	0	0	0	551972108
624	465	0	0	0	551972115
624	465	0	0	0	551972123
624	465	0	0	0	551972130
625	466	0	0	0	551972138
625	466	0	0	0	551972145
626	466	0	0	0	551972153
627	466	0	0	0	551972160
627	466	0	0	0	551972168
628	466	0	0	0	551972175
630	465	0	0	0	551972183
631	465	0	0	0	551972190
633	465	0	0	0	551972198
634	465	0	0	0	551972205
636	465	0	0	0	551972213
639	464	0	0	0	551972220
641	464	0	0	0	551972228
643	464	0	0	0	551972235
646	464	0	0	0	551972243
648	463	0	0	0	551972251
650	463	0	0	0	551972258
653	463	0	0	0	551972266
654	463	0	0	0	551972273
656	463	0	0	0	551972281
657	463	0	0	0	551972288
658	463	0	0	0	551972296
658	463	0	0	0	551972303
659	463	0	0	0	551972311
659	463	0	0	0	551972318
659	463	0	0	0	551972326
99	19
660	464	0	0	0	551972333
660	464	0	0	0	551972341
660	465	0	0	0	551972348
661	466	0	0	0	551972356
661	467	0	0	0	551972363
662	468	0	0	0	551972371
662	469	0	0	0	551972378
663	471	0	0	0	551972386
663	472	0	0	0	551972393
664	474	0	0	0	551972401
665	476	0	0	0	551972408
666	478	0	0	0	551972416
667	481	0	0	0	551972423
668	483	0	0	0	551972431
668	485	0	0	0	551972438
669	488	0	0	0	551972446
669	490	0	0	0	551972454
670	492	0	0	0	551972461
670	495	0	0	0	551972469
670	497	0	0	0	551972476
670	500	0	0	0	551972484
670	502	0	0	0	551972491
670	504	0	0	0	551972499
670	506	0	0	0	551972506
669	508	0	0	0	551972514
669	509	0	0	0	551972521
669	511	0	0	0	551972529
669	513	0	0	0	551972536
669	514	0	0	0	551972544
669	515	0	0	0	551972551
670	516	0	0	0	551972559
670	517	0	0	0	551972566
670	519	0	0	0	551972574
670	520	0	0	0	551972581
670	521	0	0	0	551972589
669	522	0	0	0	551972596
669	523	0	0	0	551972604
669	524	0	0	0	551972611
669	525	0	0	0	551972619
669	526	0	0	0	551972626
669	527	0	0	0	551972634
668	528	0	0	0	551972641
668	529	0	0	0	551972649
668	530	0	0	0	551972657
668	531	0	0	0	551972664
667	532	0	0	0	551972672
667	533	0	0	0	551972679
667	534	0	0	0	551972687
666	535	0	0	0	551972694
666	536	0	0	0	551972702
666	536	0	0	0	551972709
665	537	0	0	0	551972717
665	537	0	0	0	551972724
664	538	0	0	0	551972732
664	538	0	0	0	551972739
664	539	0	0	0	551972747
664	539	0	0	0	551972754
663	540	0	0	0	551972762
663	540	0	0	0	551972769
663	540	0	0	0	551972777
663	541	0	0	0	551972784
663	541	0	0	0	551972792
663	541	0	0	0	551972799
663	541	0	0	0	551972807
663	541	0	0	0	551972814
662	542	0	0	0	551972822
662	542	0	0	0	551972829
661	543	0	0	0	551972837
661	543	0	0	0	551972844
661	544	0	0	0	551972852
660	545	0	0	0	551972860
660	546	0	0	0	551972867
660	547	0	0	0	551972875
660	548	0	0	0	551972882
659	549	0	0	0	551972890
659	550	0	0	0	551972897
659	551	0	0	0	551972905
659	552	0	0	0	551972912
658	553	0	0	0	551972920
658	555	0	0	0	551972927
658	555	0	0	0	551972935
659	556	0	0	0	551972942
659	556	0	0	0	551972950
659	557	0	0	0	551972957
659	557	0	0	0	551972965
659	558	0	0	0	551972972
659	558	0	0	0	551972980
660	559	0	0	0	551972987
660	559	0	0	0	551972995
660	559	0	0	0	551973002
660	559	0	0	0	551973010
660	560	0	0	0	551973017
660	560	0	0	0	551973025
660	560	0	0	0	551973032
660	560	0	0	0	551973040
660	560	0	0	0	551973047
660	560	0	0	0	551973055
660	560	0	0	0	551973063
660	560	0	0	0	551973070
23	19
661	560	0	0	0	551973078
662	560	0	0	0	551973085
663	560	0	0	0	551973093
664	559	0	0	0	551973100
666	559	0	0	0	551973108
667	559	0	0	0	551973115
670	559	0	0	0	551973123
672	559	0	0	0	551973130
675	559	0	0	0	551973138
677	559	0	0	0	551973145
680	559	0	0	0	551973153
682	559	0	0	0	551973160
685	559	0	0	0	551973168
687	559	0	0	0	551973175
689	559	0	0	0	551973183
691	559	0	0	0	551973190
692	559	0	0	0	551973198
693	559	0	0	0	551973205
693	559	0	0	0	551973213
694	559	0	0	0	551973220
694	559	0	0	0	551973228
694	559	0	0	0	551973235
694	559	0	0	0	551973243
41	19
578	697	0	0	0	551973839
579	697	0	0	0	551973846
581	697	0	0	0	551973854
583	696	0	0	0	551973861
586	696	0	0	0	551973869
589	696	0	0	0	551973876
593	695	0	0	0	551973884
596	695	0	0	0	551973891
600	694	0	0	0	551973899
604	693	0	0	0	551973906
608	693	0	0	0	551973914
612	693	0	0	0	551973922
615	692	0	0	0	551973929
618	692	0	0	0	551973937
620	692	0	0	0	551973944
622	691	0	0	0	551973952
624	691	0	0	0	551973959
626	691	0	0	0	551973967
628	691	0	0	0	551973974
630	691	0	0	0	551973982
631	691	0	0	0	551973989
633	691	0	0	0	551973997
634	691	0	0	0	551974004
636	691	0	0	0	551974012
637	691	0	0	0	551974019
638	691	0	0	0	551974027
640	691	0	0	0	551974034
641	690	0	0	0	551974042
643	690	0	0	0	551974049
644	690	0	0	0	551974057
646	690	0	0	0	551974064
648	689	0	0	0	551974072
650	689	0	0	0	551974079
651	689	0	0	0	551974087
653	688	0	0	0	551974094
654	688	0	0	0	551974102
655	687	0	0	0	551974109
656	687	0	0	0	551974117
657	687	0	0	0	551974125
657	687	0	0	0	551974132
658	686	0	0	0	551974140
67	19
658	686	0	0	0	551974147
658	685	0	0	0	551974155
658	685	0	0	0	551974162
658	684	0	0	0	551974170
658	683	0	0	0	551974177
658	681	0	0	0	551974185
657	680	0	0	0	551974192
657	678	0	0	0	551974200
657	676	0	0	0	551974207
656	674	0	0	0	551974215
656	672	0	0	0	551974222
656	669	0	0	0	551974230
656	667	0	0	0	551974237
656	664	0	0	0	551974245
656	661	0	0	0	551974252
656	658	0	0	0	551974260
656	656	0	0	0	551974267
656	653	0	0	0	551974275
656	651	0	0	0	551974282
657	648	0	0	0	551974290
657	646	0	0	0	551974297
657	643	0	0	0	551974305
657	641	0	0	0	551974312
657	639	0	0	0	551974320
657	637	0	0	0	551974328
658	634	0	0	0	551974335
658	632	0	0	0	551974343
658	631	0	0	0	551974350
658	629	0	0	0	551974358
659	627	0	0	0	551974365
659	625	0	0	0	551974373
660	623	0	0	0	551974380
660	622	0	0	0	551974388
661	620	0	0	0	551974395
661	618	0	0	0	551974403
661	617	0	0	0	551974410
661	615	0	0	0	551974418
661	613	0	0	0	551974425
662	612	0	0	0	551974433
662	610	0	0	0	551974440
662	609	0	0	0	551974448
662	607	0	0	0	551974455
662	606	0	0	0	551974463
662	605	0	0	0	551974470
663	604	0	0	0	551974478
663	603	0	0	0	551974485
663	602	0	0	0	551974493
663	601	0	0	0	551974500
663	600	0	0	0	551974508
663	599	0	0	0	551974515
663	598	0	0	0	551974523
663	597	0	0	0	551974531
663	595	0	0	0	551974538
663	594	0	0	0	551974546
663	593	0	0	0	551974553
663	592	0	0	0	551974561
662	591	0	0	0	551974568
662	590	0	0	0	551974576
662	590	0	0	0	551974583
662	589	0	0	0	551974591
662	589	0	0	0	551974598
662	589	0	0	0	551974606
662	588	0	0	0	551974613
662	588	0	0	0	551974621
662	588	0	0	0	551974628
662	588	0	0	0	551974636
662	588	0	0	0	551974643
36	19
662	588	0	0	0	551974651
662	588	0	0	0	551974658
662	588	0	0	0	551974666
662	588	0	0	0	551974673
662	588	0	0	0	551974681
662	589	0	0	0	551974688
662	589	0	0	0	551974696
662	590	0	0	0	551974703
662	590	0	0	0	551974711
663	590	0	0	0	551974718
664	591	0	0	0	551974726
665	591	0	0	0	551974734
667	591	0	0	0	551974741
668	592	0	0	0	551974749
669	592	0	0	0	551974756
671	592	0	0	0	551974764
672	592	0	0	0	551974771
674	592	0	0	0	551974779
675	593	0	0	0	551974786
677	593	0	0	0	551974794
678	593	0	0	0	551974801
680	593	0	0	0	551974809
682	593	0	0	0	551974816
683	593	0	0	0	551974824
685	593	0	0	0	551974831
687	593	0	0	0	551974839
688	593	0	0	0	551974846
690	593	0	0	0	551974854
691	593	0	0	0	551974861
692	593	0	0	0	551974869
692	593	0	0	0	551974876
692	593	0	0	0	551974884
692	593	0	0	0	551974891
692	593	0	0	0	551974899
692	593	0	0	0	551974906
692	593	0	0	0	551974914
34	19
697	537	0	0	0	551975213
698	539	0	0	0	551975220
698	539	0	0	0	551975228
698	540	0	0	0	551975235
698	542	0	0	0	551975243
699	543	0	0	0	551975250
699	545	0	0	0	551975258
699	546	0	0	0	551975265
699	549	0	0	0	551975273
699	551	0	0	0	551975281
699	554	0	0	0	551975288
699	556	0	0	0	551975296
699	559	0	0	0	551975303
699	562	0	0	0	551975311
698	566	0	0	0	551975318
698	569	0	0	0	551975326
698	572	0	0	0	551975333
697	575	0	0	0	551975341
696	579	0	0	0	551975348
696	582	0	0	0	551975356
695	586	0	0	0	551975363
694	589	0	0	0	551975371
694	593	0	0	0	551975378
693	596	0	0	0	551975386
693	599	0	0	0	551975393
693	602	0	0	0	551975401
693	605	0	0	0	551975408
693	607	0	0	0	551975416
694	609	0	0	0	551975423
694	611	0	0	0	551975431
695	613	0	0	0	551975438
696	614	0	0	0	551975446
696	615	0	0	0	551975453
697	615	0	0	0	551975461
60	19
694	539	0	0	0	551975767
695	538	0	0	0	551975775
696	537	0	0	0	551975782
697	537	0	0	0	551975790
698	537	0	0	0	551975797
700	537	0	0	0	551975805
702	537	0	0	0	551975812
704	537	0	0	0	551975820
707	538	0	0	0	551975828
710	538	0	0	0	551975835
713	539	0	0	0	551975843
716	540	0	0	0	551975850
718	541	0	0	0	551975858
721	542	0	0	0	551975865
724	544	0	0	0	551975873
726	546	0	0	0	551975880
727	548	0	0	0	551975888
729	550	0	0	0	551975895
730	552	0	0	0	551975903
731	555	0	0	0	551975910
731	558	0	0	0	551975918
732	561	0	0	0	551975925
732	564	0	0	0	551975933
732	567	0	0	0	551975940
732	570	0	0	0	551975948
732	574	0	0	0	551975955
733	577	0	0	0	551975963
733	580	0	0	0	551975970
733	583	0	0	0	551975978
733	586	0	0	0	551975985
733	589	0	0	0	551975993
732	591	0	0	0	551976000
732	594	0	0	0	551976008
732	596	0	0	0	551976015
732	598	0	0	0	551976023
731	600	0	0	0	551976031
730	602	0	0	0	551976038
729	604	0	0	0	551976046
727	606	0	0	0	551976053
726	608	0	0	0	551976061
724	610	0	0	0	551976068
722	611	0	0	0	551976076
720	612	0	0	0	551976083
717	614	0	0	0	551976091
714	615	0	0	0	551976098
712	616	0	0	0	551976106
709	617	0	0	0	551976113
706	618	0	0	0	551976121
703	618	0	0	0	551976128
700	619	0	0	0	551976136
698	619	0	0	0	551976143
695	619	0	0	0	551976151
693	619	0	0	0	551976158
691	619	0	0	0	551976166
689	618	0	0	0	551976173
688	618	0	0	0	551976181
688	617	0	0	0	551976188
688	616	0	0	0	551976196
689	615	0	0	0	551976203
690	614	0	0	0	551976211
50	19
741	576	0	0	0	551976578
740	575	0	0	0	551976585
740	575	0	0	0	551976593
740	575	0	0	0	551976600
739	574	0	0	0	551976608
739	574	0	0	0	551976615
738	575	0	0	0	551976623
737	575	0	0	0	551976630
736	575	0	0	0	551976638
735	576	0	0	0	551976645
734	576	0	0	0	551976653
733	577	0	0	0	551976660
732	578	0	0	0	551976668
732	579	0	0	0	551976675
731	580	0	0	0	551976683
731	581	0	0	0	551976690
732	582	0	0	0	551976698
732	583	0	0	0	551976705
733	584	0	0	0	551976713
734	585	0	0	0	551976720
735	586	0	0	0	551976728
736	587	0	0	0	551976735
738	587	0	0	0	551976743
739	588	0	0	0	551976750
741	588	0	0	0	551976758
742	589	0	0	0	551976766
743	589	0	0	0	551976773
744	589	0	0	0	551976781
745	589	0	0	0	551976788
746	588	0	0	0	551976796
746	588	0	0	0	551976803
747	587	0	0	0	551976811
748	587	0	0	0	551976818
748	586	0	0	0	551976826
749	585	0	0	0	551976833
749	584	0	0	0	551976841
749	583	0	0	0	551976848
749	582	0	0	0	551976856
749	581	0	0	0	551976863
749	580	0	0	0	551976871
748	579	0	0	0	551976878
748	578	0	0	0	551976886
748	577	0	0	0	551976893
747	577	0	0	0	551976901
747	576	0	0	0	551976908
747	575	0	0	0	551976916
747	575	0	0	0	551976923
746	573	0	0	0	551976931
746	573	0	0	0	551976938
746	573	0	0	0	551976946
30	34
761	581	0	0	0	551977212
761	581	0	0	0	551977219
761	581	0	0	0	551977227
762	581	0	0	0	551977234
762	581	0	0	0	551977242
763	581	0	0	0	551977250
764	581	0	0	0	551977257
764	581	0	0	0	551977265
766	581	0	0	0	551977272
767	581	0	0	0	551977280
768	581	0	0	0	551977287
769	581	0	0	0	551977295
770	581	0	0	0	551977302
771	581	0	0	0	551977310
772	581	0	0	0	551977317
774	581	0	0	0	551977325
775	581	0	0	0	551977332
776	581	0	0	0	551977340
777	581	0	0	0	551977347
778	581	0	0	0	551977355
778	581	0	0	0	551977362
779	581	0	0	0	551977370
779	581	0	0	0	551977377
781	581	0	0	0	551977385
781	581	0	0	0	551977392
781	581	0	0	0	551977400
781	581	0	0	0	551977407
781	581	0	0	0	551977415
782	580	0	0	0	551977422
782	580	0	0	0	551977430
23	35
793	558	0	0	0	551977640
793	558	0	0	0	551977647
793	558	0	0	0	551977655
793	558	0	0	0	551977662
793	558	0	0	0	551977670
793	558	0	0	0	551977677
793	558	0	0	0	551977685
793	558	0	0	0	551977692
793	558	0	0	0	551977700
797	562	0	0	0	551977707
797	562	0	0	0	551977715
797	562	0	0	0	551977722
797	562	0	0	0	551977730
801	566	0	0	0	551977737
801	566	0	0	0	551977745
801	566	0	0	0	551977752
805	569	0	0	0	551977760
805	569	0	0	0	551977767
805	569	0	0	0	551977775
805	569	0	0	0	551977782
808	573	0	0	0	551977790
808	573	0	0	0	551977797
808	573	0	0	0	551977805
44	35
816	565	0	0	0	551977965
816	565	0	0	0	551977972
816	565	0	0	0	551977980
816	565	0	0	0	551977987
816	565	0	0	0	551977995
816	565	0	0	0	551978002
816	565	0	0	0	551978010
816	565	0	0	0	551978017
816	565	0	0	0	551978025
816	565	0	0	0	551978032
816	568	0	0	0	551978040
816	568	0	0	0	551978047
816	568	0	0	0	551978055
813	572	0	0	0	551978062
813	572	0	0	0	551978070
813	572	0	0	0	551978078
810	576	0	0	0	551978085
810	576	0	0	0	551978093
810	576	0	0	0	551978100
810	576	0	0	0	551978108
807	580	0	0	0	551978115
807	580	0	0	0	551978123
807	580	0	0	0	551978130
807	580	0	0	0	551978138
807	580	0	0	0	551978145
807	580	0	0	0	551978153
807	580	0	0	0	551978160
807	580	0	0	0	551978168
807	580	0	0	0	551978175
807	580	0	0	0	551978183
807	580	0	0	0	551978190
807	580	0	0	0	551978198
807	580	0	0	0	551978205
807	580	0	0	0	551978213
807	580	0	0	0	551978220
807	580	0	0	0	551978228
807	580	0	0	0	551978235
807	580	0	0	0	551978243
807	580	0	0	0	551978250
807	580	0	0	0	551978258
807	580	0	0	0	551978265
807	580	0	0	0	551978273
810	584	0	0	0	551978281
810	584	0	0	0	551978288
23	35
810	584	0	0	0	551978296
810	584	0	0	0	551978303
810	587	0	0	0	551978311
810	587	0	0	0	551978318
810	587	0	0	0	551978326
810	591	0	0	0	551978333
810	591	0	0	0	551978341
810	591	0	0	0	551978348
810	595	0	0	0	551978356
810	595	0	0	0	551978363
810	595	0	0	0	551978371
810	598	0	0	0	551978378
810	598	0	0	0	551978386
810	598	0	0	0	551978393
810	598	0	0	0	551978401
810	602	0	0	0	551978408
810	602	0	0	0	551978416
810	602	0	0	0	551978423
810	602	0	0	0	551978431
810	602	0	0	0	551978438
810	602	0	0	0	551978446
810	602	0	0	0	551978453
810	602	0	0	0	551978461
